[6.537s] Invoking command in '/home/ros2/turtlebot3_ws/build/turtlebot3_example': PYTHONPATH=/home/ros2/turtlebot3_ws/build/turtlebot3_example/prefix_override:/home/ros2/turtlebot3_ws/install/turtlebot3_example/lib/python3.10/site-packages:${PYTHONPATH} /usr/bin/python3 setup.py develop --editable --build-directory /home/ros2/turtlebot3_ws/build/turtlebot3_example/build --no-deps install_data
[8.100s] running develop
[8.102s] /usr/lib/python3/dist-packages/setuptools/command/easy_install.py:158: EasyInstallDeprecationWarning: easy_install command is deprecated. Use build and pip and other standards-based tools.
[8.102s]   warnings.warn(
[8.114s] /usr/lib/python3/dist-packages/setuptools/command/install.py:34: SetuptoolsDeprecationWarning: setup.py install is deprecated. Use build and pip and other standards-based tools.
[8.114s]   warnings.warn(
[9.317s] running egg_info
[9.318s] writing turtlebot3_example.egg-info/PKG-INFO
[9.321s] writing dependency_links to turtlebot3_example.egg-info/dependency_links.txt
[9.323s] writing entry points to turtlebot3_example.egg-info/entry_points.txt
[9.324s] writing requirements to turtlebot3_example.egg-info/requires.txt
[9.325s] writing top-level names to turtlebot3_example.egg-info/top_level.txt
[9.337s] reading manifest file 'turtlebot3_example.egg-info/SOURCES.txt'
[9.343s] writing manifest file 'turtlebot3_example.egg-info/SOURCES.txt'
[9.352s] running build_ext
[9.353s] Creating /home/ros2/turtlebot3_ws/install/turtlebot3_example/lib/python3.10/site-packages/turtlebot3-example.egg-link (link to .)
[9.360s] Installing turtlebot3_obstacle_detection script to /home/ros2/turtlebot3_ws/install/turtlebot3_example/lib/turtlebot3_example
[9.369s] Installing turtlebot3_patrol_client script to /home/ros2/turtlebot3_ws/install/turtlebot3_example/lib/turtlebot3_example
[9.371s] Installing turtlebot3_patrol_server script to /home/ros2/turtlebot3_ws/install/turtlebot3_example/lib/turtlebot3_example
[9.391s] Installing turtlebot3_position_control script to /home/ros2/turtlebot3_ws/install/turtlebot3_example/lib/turtlebot3_example
[9.392s] 
[9.394s] Installed /home/ros2/turtlebot3_ws/build/turtlebot3_example
[9.395s] running install_data
[9.608s] Invoked command in '/home/ros2/turtlebot3_ws/build/turtlebot3_example' returned '0': PYTHONPATH=/home/ros2/turtlebot3_ws/build/turtlebot3_example/prefix_override:/home/ros2/turtlebot3_ws/install/turtlebot3_example/lib/python3.10/site-packages:${PYTHONPATH} /usr/bin/python3 setup.py develop --editable --build-directory /home/ros2/turtlebot3_ws/build/turtlebot3_example/build --no-deps install_data
