[7.388s] Invoking command in '/home/maddy/turtlebot3_ws/src/image_pub': PYTHONPATH=/home/maddy/turtlebot3_ws/build/image_pub/prefix_override:/home/maddy/turtlebot3_ws/install/image_pub/lib/python3.10/site-packages:${PYTHONPATH} /usr/bin/python3 setup.py egg_info --egg-base ../../build/image_pub build --build-base /home/maddy/turtlebot3_ws/build/image_pub/build install --record /home/maddy/turtlebot3_ws/build/image_pub/install.log --single-version-externally-managed
[9.148s] running egg_info
[9.151s] writing ../../build/image_pub/image_pub.egg-info/PKG-INFO
[9.162s] writing dependency_links to ../../build/image_pub/image_pub.egg-info/dependency_links.txt
[9.163s] writing entry points to ../../build/image_pub/image_pub.egg-info/entry_points.txt
[9.164s] writing requirements to ../../build/image_pub/image_pub.egg-info/requires.txt
[9.166s] writing top-level names to ../../build/image_pub/image_pub.egg-info/top_level.txt
[9.181s] reading manifest file '../../build/image_pub/image_pub.egg-info/SOURCES.txt'
[9.189s] writing manifest file '../../build/image_pub/image_pub.egg-info/SOURCES.txt'
[9.189s] running build
[9.190s] running build_py
[9.192s] copying image_pub/pub.py -> /home/maddy/turtlebot3_ws/build/image_pub/build/lib/image_pub
[9.197s] copying image_pub/__init__.py -> /home/maddy/turtlebot3_ws/build/image_pub/build/lib/image_pub
[9.198s] running install
[9.200s] /usr/lib/python3/dist-packages/setuptools/command/install.py:34: SetuptoolsDeprecationWarning: setup.py install is deprecated. Use build and pip and other standards-based tools.
[9.204s]   warnings.warn(
[9.205s] running install_lib
[9.209s] running install_data
[9.211s] running install_egg_info
[9.222s] removing '/home/maddy/turtlebot3_ws/install/image_pub/lib/python3.10/site-packages/image_pub-0.0.0-py3.10.egg-info' (and everything under it)
[9.223s] Copying ../../build/image_pub/image_pub.egg-info to /home/maddy/turtlebot3_ws/install/image_pub/lib/python3.10/site-packages/image_pub-0.0.0-py3.10.egg-info
[9.233s] running install_scripts
[9.344s] Installing pub_vid script to /home/maddy/turtlebot3_ws/install/image_pub/lib/image_pub
[9.348s] writing list of installed files to '/home/maddy/turtlebot3_ws/build/image_pub/install.log'
[9.589s] Invoked command in '/home/maddy/turtlebot3_ws/src/image_pub' returned '0': PYTHONPATH=/home/maddy/turtlebot3_ws/build/image_pub/prefix_override:/home/maddy/turtlebot3_ws/install/image_pub/lib/python3.10/site-packages:${PYTHONPATH} /usr/bin/python3 setup.py egg_info --egg-base ../../build/image_pub build --build-base /home/maddy/turtlebot3_ws/build/image_pub/build install --record /home/maddy/turtlebot3_ws/build/image_pub/install.log --single-version-externally-managed
