[2.913s] Invoking command in '/home/maddy/turtlebot3_ws/src/sound_player': PYTHONPATH=/home/maddy/turtlebot3_ws/build/sound_player/prefix_override:/home/maddy/turtlebot3_ws/install/sound_player/lib/python3.10/site-packages:${PYTHONPATH} /usr/bin/python3 setup.py egg_info --egg-base ../../build/sound_player build --build-base /home/maddy/turtlebot3_ws/build/sound_player/build install --record /home/maddy/turtlebot3_ws/build/sound_player/install.log --single-version-externally-managed
[3.854s] running egg_info
[3.855s] writing ../../build/sound_player/sound_player.egg-info/PKG-INFO
[3.857s] writing dependency_links to ../../build/sound_player/sound_player.egg-info/dependency_links.txt
[3.857s] writing entry points to ../../build/sound_player/sound_player.egg-info/entry_points.txt
[3.858s] writing requirements to ../../build/sound_player/sound_player.egg-info/requires.txt
[3.859s] writing top-level names to ../../build/sound_player/sound_player.egg-info/top_level.txt
[3.867s] reading manifest file '../../build/sound_player/sound_player.egg-info/SOURCES.txt'
[3.871s] writing manifest file '../../build/sound_player/sound_player.egg-info/SOURCES.txt'
[3.871s] running build
[3.872s] running build_py
[3.872s] copying sound_player/play_sounds.py -> /home/maddy/turtlebot3_ws/build/sound_player/build/lib/sound_player
[3.873s] running install
[3.874s] /usr/lib/python3/dist-packages/setuptools/command/install.py:34: SetuptoolsDeprecationWarning: setup.py install is deprecated. Use build and pip and other standards-based tools.
[3.874s]   warnings.warn(
[3.875s] running install_lib
[3.879s] copying /home/maddy/turtlebot3_ws/build/sound_player/build/lib/sound_player/play_sounds.py -> /home/maddy/turtlebot3_ws/install/sound_player/lib/python3.10/site-packages/sound_player
[3.882s] byte-compiling /home/maddy/turtlebot3_ws/install/sound_player/lib/python3.10/site-packages/sound_player/play_sounds.py to play_sounds.cpython-310.pyc
[3.884s] running install_data
[3.886s] running install_egg_info
[3.893s] removing '/home/maddy/turtlebot3_ws/install/sound_player/lib/python3.10/site-packages/sound_player-0.0.0-py3.10.egg-info' (and everything under it)
[3.894s] Copying ../../build/sound_player/sound_player.egg-info to /home/maddy/turtlebot3_ws/install/sound_player/lib/python3.10/site-packages/sound_player-0.0.0-py3.10.egg-info
[3.899s] running install_scripts
[3.980s] Installing sound_player script to /home/maddy/turtlebot3_ws/install/sound_player/lib/sound_player
[3.982s] writing list of installed files to '/home/maddy/turtlebot3_ws/build/sound_player/install.log'
[4.094s] Invoked command in '/home/maddy/turtlebot3_ws/src/sound_player' returned '0': PYTHONPATH=/home/maddy/turtlebot3_ws/build/sound_player/prefix_override:/home/maddy/turtlebot3_ws/install/sound_player/lib/python3.10/site-packages:${PYTHONPATH} /usr/bin/python3 setup.py egg_info --egg-base ../../build/sound_player build --build-base /home/maddy/turtlebot3_ws/build/sound_player/build install --record /home/maddy/turtlebot3_ws/build/sound_player/install.log --single-version-externally-managed
