[0.502s] Invoking command in '/home/maddy/turtlebot3_ws/build/vision_opencv': CMAKE_PREFIX_PATH=/home/maddy/turtlebot3_ws/install/image_geometry:/home/maddy/turtlebot3_ws/install/cv_bridge:/home/maddy/turtlebot3_ws/install/vision_opencv:/home/maddy/turtlebot3_ws/install/turtlebot3:/home/maddy/turtlebot3_ws/install/turtlebot3_bringup:/home/maddy/turtlebot3_ws/install/turtlebot3_node:/home/maddy/turtlebot3_ws/install/turtlebot3_description:/home/maddy/turtlebot3_ws/install/ld08_driver:/home/maddy/turtlebot3_ws/install/audio_common_msgs:/home/maddy/turtlebot3_ws/install/turtlebot3_teleop:/home/maddy/turtlebot3_ws/install/turtlebot3_example:/home/maddy/turtlebot3_ws/install/sound_player:/home/maddy/turtlebot3_ws/install/ros2_camera_publish:/home/maddy/turtlebot3_ws/install/opencv_tests:/home/maddy/turtlebot3_ws/install/mic_startup:/home/maddy/turtlebot3_ws/install/image_pub:/home/maddy/turtlebot3_ws/install/cv_stuff:/opt/ros/humble /usr/bin/cmake --build /home/maddy/turtlebot3_ws/build/vision_opencv -- -j4 -l4
[0.722s] Invoked command in '/home/maddy/turtlebot3_ws/build/vision_opencv' returned '0': CMAKE_PREFIX_PATH=/home/maddy/turtlebot3_ws/install/image_geometry:/home/maddy/turtlebot3_ws/install/cv_bridge:/home/maddy/turtlebot3_ws/install/vision_opencv:/home/maddy/turtlebot3_ws/install/turtlebot3:/home/maddy/turtlebot3_ws/install/turtlebot3_bringup:/home/maddy/turtlebot3_ws/install/turtlebot3_node:/home/maddy/turtlebot3_ws/install/turtlebot3_description:/home/maddy/turtlebot3_ws/install/ld08_driver:/home/maddy/turtlebot3_ws/install/audio_common_msgs:/home/maddy/turtlebot3_ws/install/turtlebot3_teleop:/home/maddy/turtlebot3_ws/install/turtlebot3_example:/home/maddy/turtlebot3_ws/install/sound_player:/home/maddy/turtlebot3_ws/install/ros2_camera_publish:/home/maddy/turtlebot3_ws/install/opencv_tests:/home/maddy/turtlebot3_ws/install/mic_startup:/home/maddy/turtlebot3_ws/install/image_pub:/home/maddy/turtlebot3_ws/install/cv_stuff:/opt/ros/humble /usr/bin/cmake --build /home/maddy/turtlebot3_ws/build/vision_opencv -- -j4 -l4
[0.874s] Invoking command in '/home/maddy/turtlebot3_ws/build/vision_opencv': CMAKE_PREFIX_PATH=/home/maddy/turtlebot3_ws/install/image_geometry:/home/maddy/turtlebot3_ws/install/cv_bridge:/home/maddy/turtlebot3_ws/install/vision_opencv:/home/maddy/turtlebot3_ws/install/turtlebot3:/home/maddy/turtlebot3_ws/install/turtlebot3_bringup:/home/maddy/turtlebot3_ws/install/turtlebot3_node:/home/maddy/turtlebot3_ws/install/turtlebot3_description:/home/maddy/turtlebot3_ws/install/ld08_driver:/home/maddy/turtlebot3_ws/install/audio_common_msgs:/home/maddy/turtlebot3_ws/install/turtlebot3_teleop:/home/maddy/turtlebot3_ws/install/turtlebot3_example:/home/maddy/turtlebot3_ws/install/sound_player:/home/maddy/turtlebot3_ws/install/ros2_camera_publish:/home/maddy/turtlebot3_ws/install/opencv_tests:/home/maddy/turtlebot3_ws/install/mic_startup:/home/maddy/turtlebot3_ws/install/image_pub:/home/maddy/turtlebot3_ws/install/cv_stuff:/opt/ros/humble /usr/bin/cmake --install /home/maddy/turtlebot3_ws/build/vision_opencv
[0.930s] -- Install configuration: ""
[0.936s] -- Execute custom install script
[0.941s] -- Up-to-date symlink: /home/maddy/turtlebot3_ws/install/vision_opencv/share/ament_index/resource_index/package_run_dependencies/vision_opencv
[0.947s] -- Up-to-date symlink: /home/maddy/turtlebot3_ws/install/vision_opencv/share/ament_index/resource_index/parent_prefix_path/vision_opencv
[0.950s] -- Up-to-date symlink: /home/maddy/turtlebot3_ws/install/vision_opencv/share/vision_opencv/environment/ament_prefix_path.sh
[0.954s] -- Up-to-date symlink: /home/maddy/turtlebot3_ws/install/vision_opencv/share/vision_opencv/environment/ament_prefix_path.dsv
[0.957s] -- Up-to-date symlink: /home/maddy/turtlebot3_ws/install/vision_opencv/share/vision_opencv/environment/path.sh
[0.960s] -- Up-to-date symlink: /home/maddy/turtlebot3_ws/install/vision_opencv/share/vision_opencv/environment/path.dsv
[0.964s] -- Up-to-date symlink: /home/maddy/turtlebot3_ws/install/vision_opencv/share/vision_opencv/local_setup.bash
[0.967s] -- Up-to-date symlink: /home/maddy/turtlebot3_ws/install/vision_opencv/share/vision_opencv/local_setup.sh
[0.971s] -- Up-to-date symlink: /home/maddy/turtlebot3_ws/install/vision_opencv/share/vision_opencv/local_setup.zsh
[0.976s] -- Up-to-date symlink: /home/maddy/turtlebot3_ws/install/vision_opencv/share/vision_opencv/local_setup.dsv
[0.980s] -- Symlinking: /home/maddy/turtlebot3_ws/install/vision_opencv/share/vision_opencv/package.dsv
[1.032s] -- Up-to-date symlink: /home/maddy/turtlebot3_ws/install/vision_opencv/share/ament_index/resource_index/packages/vision_opencv
[1.036s] -- Up-to-date symlink: /home/maddy/turtlebot3_ws/install/vision_opencv/share/vision_opencv/cmake/vision_opencvConfig.cmake
[1.040s] -- Up-to-date symlink: /home/maddy/turtlebot3_ws/install/vision_opencv/share/vision_opencv/cmake/vision_opencvConfig-version.cmake
[1.043s] -- Up-to-date symlink: /home/maddy/turtlebot3_ws/install/vision_opencv/share/vision_opencv/package.xml
[1.062s] Invoked command in '/home/maddy/turtlebot3_ws/build/vision_opencv' returned '0': CMAKE_PREFIX_PATH=/home/maddy/turtlebot3_ws/install/image_geometry:/home/maddy/turtlebot3_ws/install/cv_bridge:/home/maddy/turtlebot3_ws/install/vision_opencv:/home/maddy/turtlebot3_ws/install/turtlebot3:/home/maddy/turtlebot3_ws/install/turtlebot3_bringup:/home/maddy/turtlebot3_ws/install/turtlebot3_node:/home/maddy/turtlebot3_ws/install/turtlebot3_description:/home/maddy/turtlebot3_ws/install/ld08_driver:/home/maddy/turtlebot3_ws/install/audio_common_msgs:/home/maddy/turtlebot3_ws/install/turtlebot3_teleop:/home/maddy/turtlebot3_ws/install/turtlebot3_example:/home/maddy/turtlebot3_ws/install/sound_player:/home/maddy/turtlebot3_ws/install/ros2_camera_publish:/home/maddy/turtlebot3_ws/install/opencv_tests:/home/maddy/turtlebot3_ws/install/mic_startup:/home/maddy/turtlebot3_ws/install/image_pub:/home/maddy/turtlebot3_ws/install/cv_stuff:/opt/ros/humble /usr/bin/cmake --install /home/maddy/turtlebot3_ws/build/vision_opencv
