[0.000000] (-) TimerEvent: {}
[0.001435] (-) JobUnselected: {'identifier': 'cv_bridge'}
[0.002013] (-) JobUnselected: {'identifier': 'cv_stuff'}
[0.002284] (-) JobUnselected: {'identifier': 'image_geometry'}
[0.002443] (-) JobUnselected: {'identifier': 'ld08_driver'}
[0.002752] (-) JobUnselected: {'identifier': 'opencv_tests'}
[0.002851] (-) JobUnselected: {'identifier': 'ros2_camera_publish'}
[0.002941] (-) JobUnselected: {'identifier': 'turtlebot3'}
[0.003109] (-) JobUnselected: {'identifier': 'turtlebot3_bringup'}
[0.003245] (-) JobUnselected: {'identifier': 'turtlebot3_description'}
[0.003469] (-) JobUnselected: {'identifier': 'turtlebot3_example'}
[0.003741] (-) JobUnselected: {'identifier': 'turtlebot3_node'}
[0.003996] (-) JobUnselected: {'identifier': 'turtlebot3_teleop'}
[0.004088] (-) JobUnselected: {'identifier': 'vision_opencv'}
[0.004183] (sound_player) JobQueued: {'identifier': 'sound_player', 'dependencies': OrderedDict()}
[0.004350] (sound_player) JobStarted: {'identifier': 'sound_player'}
[0.098893] (-) TimerEvent: {}
[0.199813] (-) TimerEvent: {}
[0.300494] (-) TimerEvent: {}
[0.401223] (-) TimerEvent: {}
[0.501841] (-) TimerEvent: {}
[0.602474] (-) TimerEvent: {}
[0.703089] (-) TimerEvent: {}
[0.803692] (-) TimerEvent: {}
[0.904287] (-) TimerEvent: {}
[1.004852] (-) TimerEvent: {}
[1.105475] (-) TimerEvent: {}
[1.206145] (-) TimerEvent: {}
[1.306899] (-) TimerEvent: {}
[1.408090] (-) TimerEvent: {}
[1.422721] (sound_player) StderrLine: {'line': b'Traceback (most recent call last):\n  File "/usr/lib/python3/dist-packages/colcon_core/executor/__init__.py", line 91, in __call__\n    rc = await self.task(*args, **kwargs)\n  File "/usr/lib/python3/dist-packages/colcon_core/task/__init__.py", line 93, in __call__\n    return await task_method(*args, **kwargs)\n  File "/usr/lib/python3/dist-packages/colcon_ros/task/ament_python/build.py", line 51, in build\n    setup_py_data = get_setup_data(self.context.pkg, env)\n  File "/usr/lib/python3/dist-packages/colcon_core/task/python/__init__.py", line 20, in get_setup_data\n    return dict(pkg.metadata[key](env))\n  File "/usr/lib/python3/dist-packages/colcon_ros/package_augmentation/ros_ament_python.py", line 57, in getter\n    return get_setup_information(\n  File "/usr/lib/python3/dist-packages/colcon_python_setup_py/package_identification/python_setup_py.py", line 241, in get_setup_information\n    _setup_information_cache[hashable_env] = _get_setup_information(\n  File "/usr/lib/python3/dist-packages/colcon_python_setup_py/package_identification/python_setup_py.py", line 288, in _get_setup_information\n    result = subprocess.run(\n  File "/usr/lib/python3.10/subprocess.py", line 526, in run\n    raise CalledProcessError(retcode, process.args,\nsubprocess.CalledProcessError: Command \'[\'/usr/bin/python3\', \'-c\', \'import sys;from contextlib import suppress;exec("with suppress(ImportError):    from setuptools.extern.packaging.specifiers    import SpecifierSet");exec("with suppress(ImportError):    from packaging.specifiers import SpecifierSet");from distutils.core import run_setup;dist = run_setup(    \\\'setup.py\\\', script_args=(\\\'--dry-run\\\',), stop_after=\\\'config\\\');skip_keys = (\\\'cmdclass\\\', \\\'distclass\\\', \\\'ext_modules\\\', \\\'metadata\\\');data = {    key: value for key, value in dist.__dict__.items()     if (        not key.startswith(\\\'_\\\') and         not callable(value) and         key not in skip_keys and         key not in dist.display_option_names    )};data[\\\'metadata\\\'] = {    k: v for k, v in dist.metadata.__dict__.items()     if k not in (\\\'license_files\\\', \\\'provides_extras\\\')};sys.stdout.buffer.write(repr(data).encode(\\\'utf-8\\\'))\']\' returned non-zero exit status 1.\n'}
[1.424335] (sound_player) JobEnded: {'identifier': 'sound_player', 'rc': 1}
[1.434413] (-) EventReactorShutdown: {}
