[4.133s] DEBUG:colcon:Command line arguments: ['/usr/bin/colcon', 'build', '--symlink-install', '--parallel-workers', '1']
[4.133s] DEBUG:colcon:Parsed command line arguments: Namespace(log_base=None, log_level=None, verb_name='build', build_base='build', install_base='install', merge_install=False, symlink_install=True, test_result_base=None, continue_on_error=False, executor='parallel', parallel_workers=1, event_handlers=None, ignore_user_meta=False, metas=['./colcon.meta'], base_paths=['.'], packages_ignore=None, packages_ignore_regex=None, paths=None, packages_up_to=None, packages_up_to_regex=None, packages_above=None, packages_above_and_dependencies=None, packages_above_depth=None, packages_select_by_dep=None, packages_skip_by_dep=None, packages_skip_up_to=None, packages_select_build_failed=False, packages_skip_build_finished=False, packages_select_test_failures=False, packages_skip_test_passed=False, packages_select=None, packages_skip=None, packages_select_regex=None, packages_skip_regex=None, packages_start=None, packages_end=None, allow_overriding=[], cmake_args=None, cmake_target=None, cmake_target_skip_unavailable=False, cmake_clean_cache=False, cmake_clean_first=False, cmake_force_configure=False, ament_cmake_args=None, catkin_cmake_args=None, catkin_skip_building_tests=False, verb_parser=<colcon_defaults.argument_parser.defaults.DefaultArgumentsDecorator object at 0xffff9f6c25c0>, verb_extension=<colcon_core.verb.build.BuildVerb object at 0xffff9fa0ab60>, main=<bound method BuildVerb.main of <colcon_core.verb.build.BuildVerb object at 0xffff9fa0ab60>>)
[4.515s] Level 1:colcon.colcon_core.package_discovery:discover_packages(colcon_meta) check parameters
[4.515s] Level 1:colcon.colcon_core.package_discovery:discover_packages(recursive) check parameters
[4.516s] Level 1:colcon.colcon_core.package_discovery:discover_packages(ignore) check parameters
[4.516s] Level 1:colcon.colcon_core.package_discovery:discover_packages(path) check parameters
[4.516s] Level 1:colcon.colcon_core.package_discovery:discover_packages(colcon_meta) discover
[4.516s] Level 1:colcon.colcon_core.package_discovery:discover_packages(recursive) discover
[4.516s] INFO:colcon.colcon_core.package_discovery:Crawling recursively for packages in '/home/ros2/turtlebot3_ws'
[4.517s] Level 1:colcon.colcon_core.package_identification:_identify(.) by extensions ['ignore', 'ignore_ament_install']
[4.517s] Level 1:colcon.colcon_core.package_identification:_identify(.) by extension 'ignore'
[4.517s] Level 1:colcon.colcon_core.package_identification:_identify(.) by extension 'ignore_ament_install'
[4.517s] Level 1:colcon.colcon_core.package_identification:_identify(.) by extensions ['colcon_pkg']
[4.518s] Level 1:colcon.colcon_core.package_identification:_identify(.) by extension 'colcon_pkg'
[4.518s] Level 1:colcon.colcon_core.package_identification:_identify(.) by extensions ['colcon_meta']
[4.518s] Level 1:colcon.colcon_core.package_identification:_identify(.) by extension 'colcon_meta'
[4.518s] Level 1:colcon.colcon_core.package_identification:_identify(.) by extensions ['ros']
[4.518s] Level 1:colcon.colcon_core.package_identification:_identify(.) by extension 'ros'
[4.584s] Level 1:colcon.colcon_core.package_identification:_identify(.) by extensions ['cmake', 'python']
[4.585s] Level 1:colcon.colcon_core.package_identification:_identify(.) by extension 'cmake'
[4.585s] Level 1:colcon.colcon_core.package_identification:_identify(.) by extension 'python'
[4.585s] Level 1:colcon.colcon_core.package_identification:_identify(.) by extensions ['python_setup_py']
[4.585s] Level 1:colcon.colcon_core.package_identification:_identify(.) by extension 'python_setup_py'
[4.586s] Level 1:colcon.colcon_core.package_identification:_identify(build) by extensions ['ignore', 'ignore_ament_install']
[4.586s] Level 1:colcon.colcon_core.package_identification:_identify(build) by extension 'ignore'
[4.586s] Level 1:colcon.colcon_core.package_identification:_identify(build) ignored
[4.587s] Level 1:colcon.colcon_core.package_identification:_identify(install) by extensions ['ignore', 'ignore_ament_install']
[4.587s] Level 1:colcon.colcon_core.package_identification:_identify(install) by extension 'ignore'
[4.587s] Level 1:colcon.colcon_core.package_identification:_identify(install) ignored
[4.588s] Level 1:colcon.colcon_core.package_identification:_identify(log) by extensions ['ignore', 'ignore_ament_install']
[4.588s] Level 1:colcon.colcon_core.package_identification:_identify(log) by extension 'ignore'
[4.588s] Level 1:colcon.colcon_core.package_identification:_identify(log) ignored
[4.589s] Level 1:colcon.colcon_core.package_identification:_identify(src) by extensions ['ignore', 'ignore_ament_install']
[4.589s] Level 1:colcon.colcon_core.package_identification:_identify(src) by extension 'ignore'
[4.589s] Level 1:colcon.colcon_core.package_identification:_identify(src) by extension 'ignore_ament_install'
[4.589s] Level 1:colcon.colcon_core.package_identification:_identify(src) by extensions ['colcon_pkg']
[4.589s] Level 1:colcon.colcon_core.package_identification:_identify(src) by extension 'colcon_pkg'
[4.590s] Level 1:colcon.colcon_core.package_identification:_identify(src) by extensions ['colcon_meta']
[4.590s] Level 1:colcon.colcon_core.package_identification:_identify(src) by extension 'colcon_meta'
[4.590s] Level 1:colcon.colcon_core.package_identification:_identify(src) by extensions ['ros']
[4.590s] Level 1:colcon.colcon_core.package_identification:_identify(src) by extension 'ros'
[4.590s] Level 1:colcon.colcon_core.package_identification:_identify(src) by extensions ['cmake', 'python']
[4.590s] Level 1:colcon.colcon_core.package_identification:_identify(src) by extension 'cmake'
[4.591s] Level 1:colcon.colcon_core.package_identification:_identify(src) by extension 'python'
[4.591s] Level 1:colcon.colcon_core.package_identification:_identify(src) by extensions ['python_setup_py']
[4.591s] Level 1:colcon.colcon_core.package_identification:_identify(src) by extension 'python_setup_py'
[4.591s] Level 1:colcon.colcon_core.package_identification:_identify(src/ld08_driver) by extensions ['ignore', 'ignore_ament_install']
[4.592s] Level 1:colcon.colcon_core.package_identification:_identify(src/ld08_driver) by extension 'ignore'
[4.592s] Level 1:colcon.colcon_core.package_identification:_identify(src/ld08_driver) by extension 'ignore_ament_install'
[4.592s] Level 1:colcon.colcon_core.package_identification:_identify(src/ld08_driver) by extensions ['colcon_pkg']
[4.592s] Level 1:colcon.colcon_core.package_identification:_identify(src/ld08_driver) by extension 'colcon_pkg'
[4.592s] Level 1:colcon.colcon_core.package_identification:_identify(src/ld08_driver) by extensions ['colcon_meta']
[4.593s] Level 1:colcon.colcon_core.package_identification:_identify(src/ld08_driver) by extension 'colcon_meta'
[4.593s] Level 1:colcon.colcon_core.package_identification:_identify(src/ld08_driver) by extensions ['ros']
[4.593s] Level 1:colcon.colcon_core.package_identification:_identify(src/ld08_driver) by extension 'ros'
[4.607s] DEBUG:colcon.colcon_core.package_identification:Package 'src/ld08_driver' with type 'ros.ament_cmake' and name 'ld08_driver'
[4.608s] Level 1:colcon.colcon_core.package_identification:_identify(src/turtlebot3) by extensions ['ignore', 'ignore_ament_install']
[4.608s] Level 1:colcon.colcon_core.package_identification:_identify(src/turtlebot3) by extension 'ignore'
[4.609s] Level 1:colcon.colcon_core.package_identification:_identify(src/turtlebot3) by extension 'ignore_ament_install'
[4.609s] Level 1:colcon.colcon_core.package_identification:_identify(src/turtlebot3) by extensions ['colcon_pkg']
[4.609s] Level 1:colcon.colcon_core.package_identification:_identify(src/turtlebot3) by extension 'colcon_pkg'
[4.609s] Level 1:colcon.colcon_core.package_identification:_identify(src/turtlebot3) by extensions ['colcon_meta']
[4.609s] Level 1:colcon.colcon_core.package_identification:_identify(src/turtlebot3) by extension 'colcon_meta'
[4.610s] Level 1:colcon.colcon_core.package_identification:_identify(src/turtlebot3) by extensions ['ros']
[4.610s] Level 1:colcon.colcon_core.package_identification:_identify(src/turtlebot3) by extension 'ros'
[4.610s] Level 1:colcon.colcon_core.package_identification:_identify(src/turtlebot3) by extensions ['cmake', 'python']
[4.610s] Level 1:colcon.colcon_core.package_identification:_identify(src/turtlebot3) by extension 'cmake'
[4.611s] Level 1:colcon.colcon_core.package_identification:_identify(src/turtlebot3) by extension 'python'
[4.611s] Level 1:colcon.colcon_core.package_identification:_identify(src/turtlebot3) by extensions ['python_setup_py']
[4.611s] Level 1:colcon.colcon_core.package_identification:_identify(src/turtlebot3) by extension 'python_setup_py'
[4.612s] Level 1:colcon.colcon_core.package_identification:_identify(src/turtlebot3/turtlebot3) by extensions ['ignore', 'ignore_ament_install']
[4.612s] Level 1:colcon.colcon_core.package_identification:_identify(src/turtlebot3/turtlebot3) by extension 'ignore'
[4.612s] Level 1:colcon.colcon_core.package_identification:_identify(src/turtlebot3/turtlebot3) by extension 'ignore_ament_install'
[4.612s] Level 1:colcon.colcon_core.package_identification:_identify(src/turtlebot3/turtlebot3) by extensions ['colcon_pkg']
[4.613s] Level 1:colcon.colcon_core.package_identification:_identify(src/turtlebot3/turtlebot3) by extension 'colcon_pkg'
[4.613s] Level 1:colcon.colcon_core.package_identification:_identify(src/turtlebot3/turtlebot3) by extensions ['colcon_meta']
[4.613s] Level 1:colcon.colcon_core.package_identification:_identify(src/turtlebot3/turtlebot3) by extension 'colcon_meta'
[4.613s] Level 1:colcon.colcon_core.package_identification:_identify(src/turtlebot3/turtlebot3) by extensions ['ros']
[4.613s] Level 1:colcon.colcon_core.package_identification:_identify(src/turtlebot3/turtlebot3) by extension 'ros'
[4.616s] DEBUG:colcon.colcon_core.package_identification:Package 'src/turtlebot3/turtlebot3' with type 'ros.ament_cmake' and name 'turtlebot3'
[4.617s] Level 1:colcon.colcon_core.package_identification:_identify(src/turtlebot3/turtlebot3_bringup) by extensions ['ignore', 'ignore_ament_install']
[4.617s] Level 1:colcon.colcon_core.package_identification:_identify(src/turtlebot3/turtlebot3_bringup) by extension 'ignore'
[4.618s] Level 1:colcon.colcon_core.package_identification:_identify(src/turtlebot3/turtlebot3_bringup) by extension 'ignore_ament_install'
[4.618s] Level 1:colcon.colcon_core.package_identification:_identify(src/turtlebot3/turtlebot3_bringup) by extensions ['colcon_pkg']
[4.618s] Level 1:colcon.colcon_core.package_identification:_identify(src/turtlebot3/turtlebot3_bringup) by extension 'colcon_pkg'
[4.618s] Level 1:colcon.colcon_core.package_identification:_identify(src/turtlebot3/turtlebot3_bringup) by extensions ['colcon_meta']
[4.618s] Level 1:colcon.colcon_core.package_identification:_identify(src/turtlebot3/turtlebot3_bringup) by extension 'colcon_meta'
[4.619s] Level 1:colcon.colcon_core.package_identification:_identify(src/turtlebot3/turtlebot3_bringup) by extensions ['ros']
[4.619s] Level 1:colcon.colcon_core.package_identification:_identify(src/turtlebot3/turtlebot3_bringup) by extension 'ros'
[4.622s] DEBUG:colcon.colcon_core.package_identification:Package 'src/turtlebot3/turtlebot3_bringup' with type 'ros.ament_cmake' and name 'turtlebot3_bringup'
[4.622s] Level 1:colcon.colcon_core.package_identification:_identify(src/turtlebot3/turtlebot3_description) by extensions ['ignore', 'ignore_ament_install']
[4.623s] Level 1:colcon.colcon_core.package_identification:_identify(src/turtlebot3/turtlebot3_description) by extension 'ignore'
[4.623s] Level 1:colcon.colcon_core.package_identification:_identify(src/turtlebot3/turtlebot3_description) by extension 'ignore_ament_install'
[4.623s] Level 1:colcon.colcon_core.package_identification:_identify(src/turtlebot3/turtlebot3_description) by extensions ['colcon_pkg']
[4.623s] Level 1:colcon.colcon_core.package_identification:_identify(src/turtlebot3/turtlebot3_description) by extension 'colcon_pkg'
[4.623s] Level 1:colcon.colcon_core.package_identification:_identify(src/turtlebot3/turtlebot3_description) by extensions ['colcon_meta']
[4.624s] Level 1:colcon.colcon_core.package_identification:_identify(src/turtlebot3/turtlebot3_description) by extension 'colcon_meta'
[4.624s] Level 1:colcon.colcon_core.package_identification:_identify(src/turtlebot3/turtlebot3_description) by extensions ['ros']
[4.624s] Level 1:colcon.colcon_core.package_identification:_identify(src/turtlebot3/turtlebot3_description) by extension 'ros'
[4.626s] DEBUG:colcon.colcon_core.package_identification:Package 'src/turtlebot3/turtlebot3_description' with type 'ros.ament_cmake' and name 'turtlebot3_description'
[4.627s] Level 1:colcon.colcon_core.package_identification:_identify(src/turtlebot3/turtlebot3_example) by extensions ['ignore', 'ignore_ament_install']
[4.628s] Level 1:colcon.colcon_core.package_identification:_identify(src/turtlebot3/turtlebot3_example) by extension 'ignore'
[4.628s] Level 1:colcon.colcon_core.package_identification:_identify(src/turtlebot3/turtlebot3_example) by extension 'ignore_ament_install'
[4.628s] Level 1:colcon.colcon_core.package_identification:_identify(src/turtlebot3/turtlebot3_example) by extensions ['colcon_pkg']
[4.628s] Level 1:colcon.colcon_core.package_identification:_identify(src/turtlebot3/turtlebot3_example) by extension 'colcon_pkg'
[4.629s] Level 1:colcon.colcon_core.package_identification:_identify(src/turtlebot3/turtlebot3_example) by extensions ['colcon_meta']
[4.629s] Level 1:colcon.colcon_core.package_identification:_identify(src/turtlebot3/turtlebot3_example) by extension 'colcon_meta'
[4.629s] Level 1:colcon.colcon_core.package_identification:_identify(src/turtlebot3/turtlebot3_example) by extensions ['ros']
[4.629s] Level 1:colcon.colcon_core.package_identification:_identify(src/turtlebot3/turtlebot3_example) by extension 'ros'
[4.633s] DEBUG:colcon.colcon_core.package_identification:Package 'src/turtlebot3/turtlebot3_example' with type 'ros.ament_python' and name 'turtlebot3_example'
[4.633s] Level 1:colcon.colcon_core.package_identification:_identify(src/turtlebot3/turtlebot3_node) by extensions ['ignore', 'ignore_ament_install']
[4.634s] Level 1:colcon.colcon_core.package_identification:_identify(src/turtlebot3/turtlebot3_node) by extension 'ignore'
[4.634s] Level 1:colcon.colcon_core.package_identification:_identify(src/turtlebot3/turtlebot3_node) by extension 'ignore_ament_install'
[4.634s] Level 1:colcon.colcon_core.package_identification:_identify(src/turtlebot3/turtlebot3_node) by extensions ['colcon_pkg']
[4.634s] Level 1:colcon.colcon_core.package_identification:_identify(src/turtlebot3/turtlebot3_node) by extension 'colcon_pkg'
[4.635s] Level 1:colcon.colcon_core.package_identification:_identify(src/turtlebot3/turtlebot3_node) by extensions ['colcon_meta']
[4.635s] Level 1:colcon.colcon_core.package_identification:_identify(src/turtlebot3/turtlebot3_node) by extension 'colcon_meta'
[4.635s] Level 1:colcon.colcon_core.package_identification:_identify(src/turtlebot3/turtlebot3_node) by extensions ['ros']
[4.635s] Level 1:colcon.colcon_core.package_identification:_identify(src/turtlebot3/turtlebot3_node) by extension 'ros'
[4.640s] DEBUG:colcon.colcon_core.package_identification:Package 'src/turtlebot3/turtlebot3_node' with type 'ros.ament_cmake' and name 'turtlebot3_node'
[4.641s] Level 1:colcon.colcon_core.package_identification:_identify(src/turtlebot3/turtlebot3_teleop) by extensions ['ignore', 'ignore_ament_install']
[4.641s] Level 1:colcon.colcon_core.package_identification:_identify(src/turtlebot3/turtlebot3_teleop) by extension 'ignore'
[4.642s] Level 1:colcon.colcon_core.package_identification:_identify(src/turtlebot3/turtlebot3_teleop) by extension 'ignore_ament_install'
[4.642s] Level 1:colcon.colcon_core.package_identification:_identify(src/turtlebot3/turtlebot3_teleop) by extensions ['colcon_pkg']
[4.642s] Level 1:colcon.colcon_core.package_identification:_identify(src/turtlebot3/turtlebot3_teleop) by extension 'colcon_pkg'
[4.642s] Level 1:colcon.colcon_core.package_identification:_identify(src/turtlebot3/turtlebot3_teleop) by extensions ['colcon_meta']
[4.642s] Level 1:colcon.colcon_core.package_identification:_identify(src/turtlebot3/turtlebot3_teleop) by extension 'colcon_meta'
[4.643s] Level 1:colcon.colcon_core.package_identification:_identify(src/turtlebot3/turtlebot3_teleop) by extensions ['ros']
[4.643s] Level 1:colcon.colcon_core.package_identification:_identify(src/turtlebot3/turtlebot3_teleop) by extension 'ros'
[4.645s] DEBUG:colcon.colcon_core.package_identification:Package 'src/turtlebot3/turtlebot3_teleop' with type 'ros.ament_python' and name 'turtlebot3_teleop'
[4.645s] Level 1:colcon.colcon_core.package_discovery:discover_packages(recursive) using defaults
[4.646s] Level 1:colcon.colcon_core.package_discovery:discover_packages(ignore) discover
[4.646s] Level 1:colcon.colcon_core.package_discovery:discover_packages(ignore) using defaults
[4.646s] Level 1:colcon.colcon_core.package_discovery:discover_packages(path) discover
[4.646s] Level 1:colcon.colcon_core.package_discovery:discover_packages(path) using defaults
[5.006s] Level 1:colcon.colcon_core.package_discovery:discover_packages(prefix_path) check parameters
[5.006s] Level 1:colcon.colcon_core.package_discovery:discover_packages(prefix_path) discover
[5.109s] DEBUG:colcon.colcon_installed_package_information.package_discovery:Found 183 installed packages in /opt/ros/humble
[5.113s] Level 1:colcon.colcon_core.package_discovery:discover_packages(prefix_path) using defaults
[5.385s] Level 5:colcon.colcon_core.verb:set package 'ld08_driver' build argument 'cmake_args' from command line to 'None'
[5.386s] Level 5:colcon.colcon_core.verb:set package 'ld08_driver' build argument 'cmake_target' from command line to 'None'
[5.386s] Level 5:colcon.colcon_core.verb:set package 'ld08_driver' build argument 'cmake_target_skip_unavailable' from command line to 'False'
[5.386s] Level 5:colcon.colcon_core.verb:set package 'ld08_driver' build argument 'cmake_clean_cache' from command line to 'False'
[5.386s] Level 5:colcon.colcon_core.verb:set package 'ld08_driver' build argument 'cmake_clean_first' from command line to 'False'
[5.386s] Level 5:colcon.colcon_core.verb:set package 'ld08_driver' build argument 'cmake_force_configure' from command line to 'False'
[5.386s] Level 5:colcon.colcon_core.verb:set package 'ld08_driver' build argument 'ament_cmake_args' from command line to 'None'
[5.386s] Level 5:colcon.colcon_core.verb:set package 'ld08_driver' build argument 'catkin_cmake_args' from command line to 'None'
[5.386s] Level 5:colcon.colcon_core.verb:set package 'ld08_driver' build argument 'catkin_skip_building_tests' from command line to 'False'
[5.387s] DEBUG:colcon.colcon_core.verb:Building package 'ld08_driver' with the following arguments: {'ament_cmake_args': None, 'build_base': '/home/ros2/turtlebot3_ws/build/ld08_driver', 'catkin_cmake_args': None, 'catkin_skip_building_tests': False, 'cmake_args': None, 'cmake_clean_cache': False, 'cmake_clean_first': False, 'cmake_force_configure': False, 'cmake_target': None, 'cmake_target_skip_unavailable': False, 'install_base': '/home/ros2/turtlebot3_ws/install/ld08_driver', 'merge_install': False, 'path': '/home/ros2/turtlebot3_ws/src/ld08_driver', 'symlink_install': True, 'test_result_base': None}
[5.434s] Level 5:colcon.colcon_core.verb:set package 'turtlebot3_description' build argument 'cmake_args' from command line to 'None'
[5.435s] Level 5:colcon.colcon_core.verb:set package 'turtlebot3_description' build argument 'cmake_target' from command line to 'None'
[5.435s] Level 5:colcon.colcon_core.verb:set package 'turtlebot3_description' build argument 'cmake_target_skip_unavailable' from command line to 'False'
[5.435s] Level 5:colcon.colcon_core.verb:set package 'turtlebot3_description' build argument 'cmake_clean_cache' from command line to 'False'
[5.435s] Level 5:colcon.colcon_core.verb:set package 'turtlebot3_description' build argument 'cmake_clean_first' from command line to 'False'
[5.435s] Level 5:colcon.colcon_core.verb:set package 'turtlebot3_description' build argument 'cmake_force_configure' from command line to 'False'
[5.435s] Level 5:colcon.colcon_core.verb:set package 'turtlebot3_description' build argument 'ament_cmake_args' from command line to 'None'
[5.435s] Level 5:colcon.colcon_core.verb:set package 'turtlebot3_description' build argument 'catkin_cmake_args' from command line to 'None'
[5.435s] Level 5:colcon.colcon_core.verb:set package 'turtlebot3_description' build argument 'catkin_skip_building_tests' from command line to 'False'
[5.436s] DEBUG:colcon.colcon_core.verb:Building package 'turtlebot3_description' with the following arguments: {'ament_cmake_args': None, 'build_base': '/home/ros2/turtlebot3_ws/build/turtlebot3_description', 'catkin_cmake_args': None, 'catkin_skip_building_tests': False, 'cmake_args': None, 'cmake_clean_cache': False, 'cmake_clean_first': False, 'cmake_force_configure': False, 'cmake_target': None, 'cmake_target_skip_unavailable': False, 'install_base': '/home/ros2/turtlebot3_ws/install/turtlebot3_description', 'merge_install': False, 'path': '/home/ros2/turtlebot3_ws/src/turtlebot3/turtlebot3_description', 'symlink_install': True, 'test_result_base': None}
[5.482s] Level 5:colcon.colcon_core.verb:set package 'turtlebot3_example' build argument 'cmake_args' from command line to 'None'
[5.482s] Level 5:colcon.colcon_core.verb:set package 'turtlebot3_example' build argument 'cmake_target' from command line to 'None'
[5.483s] Level 5:colcon.colcon_core.verb:set package 'turtlebot3_example' build argument 'cmake_target_skip_unavailable' from command line to 'False'
[5.483s] Level 5:colcon.colcon_core.verb:set package 'turtlebot3_example' build argument 'cmake_clean_cache' from command line to 'False'
[5.483s] Level 5:colcon.colcon_core.verb:set package 'turtlebot3_example' build argument 'cmake_clean_first' from command line to 'False'
[5.483s] Level 5:colcon.colcon_core.verb:set package 'turtlebot3_example' build argument 'cmake_force_configure' from command line to 'False'
[5.483s] Level 5:colcon.colcon_core.verb:set package 'turtlebot3_example' build argument 'ament_cmake_args' from command line to 'None'
[5.483s] Level 5:colcon.colcon_core.verb:set package 'turtlebot3_example' build argument 'catkin_cmake_args' from command line to 'None'
[5.483s] Level 5:colcon.colcon_core.verb:set package 'turtlebot3_example' build argument 'catkin_skip_building_tests' from command line to 'False'
[5.483s] DEBUG:colcon.colcon_core.verb:Building package 'turtlebot3_example' with the following arguments: {'ament_cmake_args': None, 'build_base': '/home/ros2/turtlebot3_ws/build/turtlebot3_example', 'catkin_cmake_args': None, 'catkin_skip_building_tests': False, 'cmake_args': None, 'cmake_clean_cache': False, 'cmake_clean_first': False, 'cmake_force_configure': False, 'cmake_target': None, 'cmake_target_skip_unavailable': False, 'install_base': '/home/ros2/turtlebot3_ws/install/turtlebot3_example', 'merge_install': False, 'path': '/home/ros2/turtlebot3_ws/src/turtlebot3/turtlebot3_example', 'symlink_install': True, 'test_result_base': None}
[5.529s] Level 5:colcon.colcon_core.verb:set package 'turtlebot3_node' build argument 'cmake_args' from command line to 'None'
[5.529s] Level 5:colcon.colcon_core.verb:set package 'turtlebot3_node' build argument 'cmake_target' from command line to 'None'
[5.530s] Level 5:colcon.colcon_core.verb:set package 'turtlebot3_node' build argument 'cmake_target_skip_unavailable' from command line to 'False'
[5.530s] Level 5:colcon.colcon_core.verb:set package 'turtlebot3_node' build argument 'cmake_clean_cache' from command line to 'False'
[5.530s] Level 5:colcon.colcon_core.verb:set package 'turtlebot3_node' build argument 'cmake_clean_first' from command line to 'False'
[5.530s] Level 5:colcon.colcon_core.verb:set package 'turtlebot3_node' build argument 'cmake_force_configure' from command line to 'False'
[5.530s] Level 5:colcon.colcon_core.verb:set package 'turtlebot3_node' build argument 'ament_cmake_args' from command line to 'None'
[5.530s] Level 5:colcon.colcon_core.verb:set package 'turtlebot3_node' build argument 'catkin_cmake_args' from command line to 'None'
[5.530s] Level 5:colcon.colcon_core.verb:set package 'turtlebot3_node' build argument 'catkin_skip_building_tests' from command line to 'False'
[5.531s] DEBUG:colcon.colcon_core.verb:Building package 'turtlebot3_node' with the following arguments: {'ament_cmake_args': None, 'build_base': '/home/ros2/turtlebot3_ws/build/turtlebot3_node', 'catkin_cmake_args': None, 'catkin_skip_building_tests': False, 'cmake_args': None, 'cmake_clean_cache': False, 'cmake_clean_first': False, 'cmake_force_configure': False, 'cmake_target': None, 'cmake_target_skip_unavailable': False, 'install_base': '/home/ros2/turtlebot3_ws/install/turtlebot3_node', 'merge_install': False, 'path': '/home/ros2/turtlebot3_ws/src/turtlebot3/turtlebot3_node', 'symlink_install': True, 'test_result_base': None}
[5.577s] Level 5:colcon.colcon_core.verb:set package 'turtlebot3_teleop' build argument 'cmake_args' from command line to 'None'
[5.577s] Level 5:colcon.colcon_core.verb:set package 'turtlebot3_teleop' build argument 'cmake_target' from command line to 'None'
[5.577s] Level 5:colcon.colcon_core.verb:set package 'turtlebot3_teleop' build argument 'cmake_target_skip_unavailable' from command line to 'False'
[5.578s] Level 5:colcon.colcon_core.verb:set package 'turtlebot3_teleop' build argument 'cmake_clean_cache' from command line to 'False'
[5.578s] Level 5:colcon.colcon_core.verb:set package 'turtlebot3_teleop' build argument 'cmake_clean_first' from command line to 'False'
[5.578s] Level 5:colcon.colcon_core.verb:set package 'turtlebot3_teleop' build argument 'cmake_force_configure' from command line to 'False'
[5.578s] Level 5:colcon.colcon_core.verb:set package 'turtlebot3_teleop' build argument 'ament_cmake_args' from command line to 'None'
[5.578s] Level 5:colcon.colcon_core.verb:set package 'turtlebot3_teleop' build argument 'catkin_cmake_args' from command line to 'None'
[5.578s] Level 5:colcon.colcon_core.verb:set package 'turtlebot3_teleop' build argument 'catkin_skip_building_tests' from command line to 'False'
[5.578s] DEBUG:colcon.colcon_core.verb:Building package 'turtlebot3_teleop' with the following arguments: {'ament_cmake_args': None, 'build_base': '/home/ros2/turtlebot3_ws/build/turtlebot3_teleop', 'catkin_cmake_args': None, 'catkin_skip_building_tests': False, 'cmake_args': None, 'cmake_clean_cache': False, 'cmake_clean_first': False, 'cmake_force_configure': False, 'cmake_target': None, 'cmake_target_skip_unavailable': False, 'install_base': '/home/ros2/turtlebot3_ws/install/turtlebot3_teleop', 'merge_install': False, 'path': '/home/ros2/turtlebot3_ws/src/turtlebot3/turtlebot3_teleop', 'symlink_install': True, 'test_result_base': None}
[5.625s] Level 5:colcon.colcon_core.verb:set package 'turtlebot3_bringup' build argument 'cmake_args' from command line to 'None'
[5.626s] Level 5:colcon.colcon_core.verb:set package 'turtlebot3_bringup' build argument 'cmake_target' from command line to 'None'
[5.626s] Level 5:colcon.colcon_core.verb:set package 'turtlebot3_bringup' build argument 'cmake_target_skip_unavailable' from command line to 'False'
[5.626s] Level 5:colcon.colcon_core.verb:set package 'turtlebot3_bringup' build argument 'cmake_clean_cache' from command line to 'False'
[5.626s] Level 5:colcon.colcon_core.verb:set package 'turtlebot3_bringup' build argument 'cmake_clean_first' from command line to 'False'
[5.626s] Level 5:colcon.colcon_core.verb:set package 'turtlebot3_bringup' build argument 'cmake_force_configure' from command line to 'False'
[5.626s] Level 5:colcon.colcon_core.verb:set package 'turtlebot3_bringup' build argument 'ament_cmake_args' from command line to 'None'
[5.626s] Level 5:colcon.colcon_core.verb:set package 'turtlebot3_bringup' build argument 'catkin_cmake_args' from command line to 'None'
[5.626s] Level 5:colcon.colcon_core.verb:set package 'turtlebot3_bringup' build argument 'catkin_skip_building_tests' from command line to 'False'
[5.627s] DEBUG:colcon.colcon_core.verb:Building package 'turtlebot3_bringup' with the following arguments: {'ament_cmake_args': None, 'build_base': '/home/ros2/turtlebot3_ws/build/turtlebot3_bringup', 'catkin_cmake_args': None, 'catkin_skip_building_tests': False, 'cmake_args': None, 'cmake_clean_cache': False, 'cmake_clean_first': False, 'cmake_force_configure': False, 'cmake_target': None, 'cmake_target_skip_unavailable': False, 'install_base': '/home/ros2/turtlebot3_ws/install/turtlebot3_bringup', 'merge_install': False, 'path': '/home/ros2/turtlebot3_ws/src/turtlebot3/turtlebot3_bringup', 'symlink_install': True, 'test_result_base': None}
[5.673s] Level 5:colcon.colcon_core.verb:set package 'turtlebot3' build argument 'cmake_args' from command line to 'None'
[5.674s] Level 5:colcon.colcon_core.verb:set package 'turtlebot3' build argument 'cmake_target' from command line to 'None'
[5.674s] Level 5:colcon.colcon_core.verb:set package 'turtlebot3' build argument 'cmake_target_skip_unavailable' from command line to 'False'
[5.674s] Level 5:colcon.colcon_core.verb:set package 'turtlebot3' build argument 'cmake_clean_cache' from command line to 'False'
[5.674s] Level 5:colcon.colcon_core.verb:set package 'turtlebot3' build argument 'cmake_clean_first' from command line to 'False'
[5.674s] Level 5:colcon.colcon_core.verb:set package 'turtlebot3' build argument 'cmake_force_configure' from command line to 'False'
[5.674s] Level 5:colcon.colcon_core.verb:set package 'turtlebot3' build argument 'ament_cmake_args' from command line to 'None'
[5.674s] Level 5:colcon.colcon_core.verb:set package 'turtlebot3' build argument 'catkin_cmake_args' from command line to 'None'
[5.674s] Level 5:colcon.colcon_core.verb:set package 'turtlebot3' build argument 'catkin_skip_building_tests' from command line to 'False'
[5.675s] DEBUG:colcon.colcon_core.verb:Building package 'turtlebot3' with the following arguments: {'ament_cmake_args': None, 'build_base': '/home/ros2/turtlebot3_ws/build/turtlebot3', 'catkin_cmake_args': None, 'catkin_skip_building_tests': False, 'cmake_args': None, 'cmake_clean_cache': False, 'cmake_clean_first': False, 'cmake_force_configure': False, 'cmake_target': None, 'cmake_target_skip_unavailable': False, 'install_base': '/home/ros2/turtlebot3_ws/install/turtlebot3', 'merge_install': False, 'path': '/home/ros2/turtlebot3_ws/src/turtlebot3/turtlebot3', 'symlink_install': True, 'test_result_base': None}
[5.722s] INFO:colcon.colcon_core.executor:Executing jobs using 'parallel' executor
[5.769s] DEBUG:colcon.colcon_parallel_executor.executor.parallel:run_until_complete
[5.771s] INFO:colcon.colcon_ros.task.ament_cmake.build:Building ROS package in '/home/ros2/turtlebot3_ws/src/turtlebot3/turtlebot3_description' with build type 'ament_cmake'
[5.771s] INFO:colcon.colcon_cmake.task.cmake.build:Building CMake package in '/home/ros2/turtlebot3_ws/src/turtlebot3/turtlebot3_description'
[5.838s] INFO:colcon.colcon_core.plugin_system:Skipping extension 'colcon_core.shell.bat': Not used on non-Windows systems
[5.839s] INFO:colcon.colcon_core.shell:Skip shell extension 'powershell' for command environment: Not usable outside of PowerShell
[5.839s] DEBUG:colcon.colcon_core.shell:Skip shell extension 'dsv' for command environment
[5.972s] DEBUG:colcon.colcon_core.event_handler.log_command:Invoking command in '/home/ros2/turtlebot3_ws/build/turtlebot3_description': CMAKE_PREFIX_PATH=/opt/ros/humble /usr/bin/cmake /home/ros2/turtlebot3_ws/src/turtlebot3/turtlebot3_description -DAMENT_CMAKE_SYMLINK_INSTALL=1 -DCMAKE_INSTALL_PREFIX=/home/ros2/turtlebot3_ws/install/turtlebot3_description
[11.467s] DEBUG:colcon.colcon_core.event_handler.log_command:Invoked command in '/home/ros2/turtlebot3_ws/build/turtlebot3_description' returned '0': CMAKE_PREFIX_PATH=/opt/ros/humble /usr/bin/cmake /home/ros2/turtlebot3_ws/src/turtlebot3/turtlebot3_description -DAMENT_CMAKE_SYMLINK_INSTALL=1 -DCMAKE_INSTALL_PREFIX=/home/ros2/turtlebot3_ws/install/turtlebot3_description
[11.478s] DEBUG:colcon.colcon_core.event_handler.log_command:Invoking command in '/home/ros2/turtlebot3_ws/build/turtlebot3_description': CMAKE_PREFIX_PATH=/opt/ros/humble /usr/bin/cmake --build /home/ros2/turtlebot3_ws/build/turtlebot3_description -- -j4 -l4
[11.649s] DEBUG:colcon.colcon_core.event_handler.log_command:Invoked command in '/home/ros2/turtlebot3_ws/build/turtlebot3_description' returned '0': CMAKE_PREFIX_PATH=/opt/ros/humble /usr/bin/cmake --build /home/ros2/turtlebot3_ws/build/turtlebot3_description -- -j4 -l4
[11.797s] DEBUG:colcon.colcon_core.event_handler.log_command:Invoking command in '/home/ros2/turtlebot3_ws/build/turtlebot3_description': CMAKE_PREFIX_PATH=/opt/ros/humble /usr/bin/cmake --install /home/ros2/turtlebot3_ws/build/turtlebot3_description
[12.828s] Level 1:colcon.colcon_core.environment:create_environment_scripts_only(turtlebot3_description)
[12.829s] DEBUG:colcon.colcon_core.event_handler.log_command:Invoked command in '/home/ros2/turtlebot3_ws/build/turtlebot3_description' returned '0': CMAKE_PREFIX_PATH=/opt/ros/humble /usr/bin/cmake --install /home/ros2/turtlebot3_ws/build/turtlebot3_description
[12.896s] Level 1:colcon.colcon_core.environment:checking '/home/ros2/turtlebot3_ws/install/turtlebot3_description' for CMake module files
[12.899s] Level 1:colcon.colcon_core.environment:checking '/home/ros2/turtlebot3_ws/install/turtlebot3_description' for CMake config files
[12.903s] Level 1:colcon.colcon_core.shell:create_environment_hook('turtlebot3_description', 'cmake_prefix_path')
[12.953s] INFO:colcon.colcon_core.shell:Creating environment hook '/home/ros2/turtlebot3_ws/install/turtlebot3_description/share/turtlebot3_description/hook/cmake_prefix_path.ps1'
[12.955s] INFO:colcon.colcon_core.shell:Creating environment descriptor '/home/ros2/turtlebot3_ws/install/turtlebot3_description/share/turtlebot3_description/hook/cmake_prefix_path.dsv'
[12.957s] INFO:colcon.colcon_core.shell:Creating environment hook '/home/ros2/turtlebot3_ws/install/turtlebot3_description/share/turtlebot3_description/hook/cmake_prefix_path.sh'
[12.961s] Level 1:colcon.colcon_core.environment:checking '/home/ros2/turtlebot3_ws/install/turtlebot3_description/bin'
[12.962s] Level 1:colcon.colcon_core.environment:checking '/home/ros2/turtlebot3_ws/install/turtlebot3_description/lib/pkgconfig/turtlebot3_description.pc'
[12.963s] Level 1:colcon.colcon_core.environment:checking '/home/ros2/turtlebot3_ws/install/turtlebot3_description/lib/python3.10/site-packages'
[12.964s] Level 1:colcon.colcon_core.environment:checking '/home/ros2/turtlebot3_ws/install/turtlebot3_description/bin'
[13.013s] INFO:colcon.colcon_core.shell:Creating package script '/home/ros2/turtlebot3_ws/install/turtlebot3_description/share/turtlebot3_description/package.ps1'
[13.017s] INFO:colcon.colcon_core.shell:Creating package descriptor '/home/ros2/turtlebot3_ws/install/turtlebot3_description/share/turtlebot3_description/package.dsv'
[13.019s] INFO:colcon.colcon_core.shell:Creating package script '/home/ros2/turtlebot3_ws/install/turtlebot3_description/share/turtlebot3_description/package.sh'
[13.022s] INFO:colcon.colcon_core.shell:Creating package script '/home/ros2/turtlebot3_ws/install/turtlebot3_description/share/turtlebot3_description/package.bash'
[13.025s] INFO:colcon.colcon_core.shell:Creating package script '/home/ros2/turtlebot3_ws/install/turtlebot3_description/share/turtlebot3_description/package.zsh'
[13.028s] Level 1:colcon.colcon_core.environment:create_file_with_runtime_dependencies(/home/ros2/turtlebot3_ws/install/turtlebot3_description/share/colcon-core/packages/turtlebot3_description)
[13.184s] Level 1:colcon.colcon_core.environment:create_environment_scripts_only(turtlebot3_description)
[13.232s] Level 1:colcon.colcon_core.environment:checking '/home/ros2/turtlebot3_ws/install/turtlebot3_description' for CMake module files
[13.234s] Level 1:colcon.colcon_core.environment:checking '/home/ros2/turtlebot3_ws/install/turtlebot3_description' for CMake config files
[13.239s] Level 1:colcon.colcon_core.shell:create_environment_hook('turtlebot3_description', 'cmake_prefix_path')
[13.289s] INFO:colcon.colcon_core.shell:Creating environment hook '/home/ros2/turtlebot3_ws/install/turtlebot3_description/share/turtlebot3_description/hook/cmake_prefix_path.ps1'
[13.291s] INFO:colcon.colcon_core.shell:Creating environment descriptor '/home/ros2/turtlebot3_ws/install/turtlebot3_description/share/turtlebot3_description/hook/cmake_prefix_path.dsv'
[13.292s] INFO:colcon.colcon_core.shell:Creating environment hook '/home/ros2/turtlebot3_ws/install/turtlebot3_description/share/turtlebot3_description/hook/cmake_prefix_path.sh'
[13.295s] Level 1:colcon.colcon_core.environment:checking '/home/ros2/turtlebot3_ws/install/turtlebot3_description/bin'
[13.296s] Level 1:colcon.colcon_core.environment:checking '/home/ros2/turtlebot3_ws/install/turtlebot3_description/lib/pkgconfig/turtlebot3_description.pc'
[13.297s] Level 1:colcon.colcon_core.environment:checking '/home/ros2/turtlebot3_ws/install/turtlebot3_description/lib/python3.10/site-packages'
[13.297s] Level 1:colcon.colcon_core.environment:checking '/home/ros2/turtlebot3_ws/install/turtlebot3_description/bin'
[13.344s] INFO:colcon.colcon_core.shell:Creating package script '/home/ros2/turtlebot3_ws/install/turtlebot3_description/share/turtlebot3_description/package.ps1'
[13.347s] INFO:colcon.colcon_core.shell:Creating package descriptor '/home/ros2/turtlebot3_ws/install/turtlebot3_description/share/turtlebot3_description/package.dsv'
[13.349s] INFO:colcon.colcon_core.shell:Creating package script '/home/ros2/turtlebot3_ws/install/turtlebot3_description/share/turtlebot3_description/package.sh'
[13.351s] INFO:colcon.colcon_core.shell:Creating package script '/home/ros2/turtlebot3_ws/install/turtlebot3_description/share/turtlebot3_description/package.bash'
[13.353s] INFO:colcon.colcon_core.shell:Creating package script '/home/ros2/turtlebot3_ws/install/turtlebot3_description/share/turtlebot3_description/package.zsh'
[13.356s] Level 1:colcon.colcon_core.environment:create_file_with_runtime_dependencies(/home/ros2/turtlebot3_ws/install/turtlebot3_description/share/colcon-core/packages/turtlebot3_description)
[13.357s] INFO:colcon.colcon_ros.task.ament_cmake.build:Building ROS package in '/home/ros2/turtlebot3_ws/src/turtlebot3/turtlebot3_node' with build type 'ament_cmake'
[13.358s] INFO:colcon.colcon_cmake.task.cmake.build:Building CMake package in '/home/ros2/turtlebot3_ws/src/turtlebot3/turtlebot3_node'
[13.417s] INFO:colcon.colcon_core.shell:Skip shell extension 'powershell' for command environment: Not usable outside of PowerShell
[13.417s] DEBUG:colcon.colcon_core.shell:Skip shell extension 'dsv' for command environment
[13.560s] DEBUG:colcon.colcon_core.event_handler.log_command:Invoking command in '/home/ros2/turtlebot3_ws/build/turtlebot3_node': CMAKE_PREFIX_PATH=/opt/ros/humble /usr/bin/cmake /home/ros2/turtlebot3_ws/src/turtlebot3/turtlebot3_node -DAMENT_CMAKE_SYMLINK_INSTALL=1 -DCMAKE_INSTALL_PREFIX=/home/ros2/turtlebot3_ws/install/turtlebot3_node
[23.800s] DEBUG:colcon.colcon_core.event_handler.log_command:Invoked command in '/home/ros2/turtlebot3_ws/build/turtlebot3_node' returned '0': CMAKE_PREFIX_PATH=/opt/ros/humble /usr/bin/cmake /home/ros2/turtlebot3_ws/src/turtlebot3/turtlebot3_node -DAMENT_CMAKE_SYMLINK_INSTALL=1 -DCMAKE_INSTALL_PREFIX=/home/ros2/turtlebot3_ws/install/turtlebot3_node
[23.809s] DEBUG:colcon.colcon_core.event_handler.log_command:Invoking command in '/home/ros2/turtlebot3_ws/build/turtlebot3_node': CMAKE_PREFIX_PATH=/opt/ros/humble /usr/bin/cmake --build /home/ros2/turtlebot3_ws/build/turtlebot3_node -- -j4 -l4
[249.034s] DEBUG:colcon.colcon_core.event_handler.log_command:Invoked command in '/home/ros2/turtlebot3_ws/build/turtlebot3_node' returned '0': CMAKE_PREFIX_PATH=/opt/ros/humble /usr/bin/cmake --build /home/ros2/turtlebot3_ws/build/turtlebot3_node -- -j4 -l4
[249.360s] DEBUG:colcon.colcon_core.event_handler.log_command:Invoking command in '/home/ros2/turtlebot3_ws/build/turtlebot3_node': CMAKE_PREFIX_PATH=/opt/ros/humble /usr/bin/cmake --install /home/ros2/turtlebot3_ws/build/turtlebot3_node
[250.185s] Level 1:colcon.colcon_core.environment:create_environment_scripts_only(turtlebot3_node)
[250.191s] DEBUG:colcon.colcon_core.event_handler.log_command:Invoked command in '/home/ros2/turtlebot3_ws/build/turtlebot3_node' returned '0': CMAKE_PREFIX_PATH=/opt/ros/humble /usr/bin/cmake --install /home/ros2/turtlebot3_ws/build/turtlebot3_node
[250.755s] Level 1:colcon.colcon_core.environment:checking '/home/ros2/turtlebot3_ws/install/turtlebot3_node' for CMake module files
[250.759s] Level 1:colcon.colcon_core.environment:checking '/home/ros2/turtlebot3_ws/install/turtlebot3_node' for CMake config files
[250.763s] Level 1:colcon.colcon_core.shell:create_environment_hook('turtlebot3_node', 'cmake_prefix_path')
[250.817s] INFO:colcon.colcon_core.shell:Creating environment hook '/home/ros2/turtlebot3_ws/install/turtlebot3_node/share/turtlebot3_node/hook/cmake_prefix_path.ps1'
[250.827s] INFO:colcon.colcon_core.shell:Creating environment descriptor '/home/ros2/turtlebot3_ws/install/turtlebot3_node/share/turtlebot3_node/hook/cmake_prefix_path.dsv'
[250.832s] INFO:colcon.colcon_core.shell:Creating environment hook '/home/ros2/turtlebot3_ws/install/turtlebot3_node/share/turtlebot3_node/hook/cmake_prefix_path.sh'
[250.842s] Level 1:colcon.colcon_core.environment:checking '/home/ros2/turtlebot3_ws/install/turtlebot3_node/lib'
[250.847s] Level 1:colcon.colcon_core.environment:checking '/home/ros2/turtlebot3_ws/install/turtlebot3_node/bin'
[250.848s] Level 1:colcon.colcon_core.environment:checking '/home/ros2/turtlebot3_ws/install/turtlebot3_node/lib/pkgconfig/turtlebot3_node.pc'
[250.852s] Level 1:colcon.colcon_core.environment:checking '/home/ros2/turtlebot3_ws/install/turtlebot3_node/lib/python3.10/site-packages'
[250.853s] Level 1:colcon.colcon_core.environment:checking '/home/ros2/turtlebot3_ws/install/turtlebot3_node/bin'
[250.903s] INFO:colcon.colcon_core.shell:Creating package script '/home/ros2/turtlebot3_ws/install/turtlebot3_node/share/turtlebot3_node/package.ps1'
[250.909s] INFO:colcon.colcon_core.shell:Creating package descriptor '/home/ros2/turtlebot3_ws/install/turtlebot3_node/share/turtlebot3_node/package.dsv'
[250.912s] INFO:colcon.colcon_core.shell:Creating package script '/home/ros2/turtlebot3_ws/install/turtlebot3_node/share/turtlebot3_node/package.sh'
[250.915s] INFO:colcon.colcon_core.shell:Creating package script '/home/ros2/turtlebot3_ws/install/turtlebot3_node/share/turtlebot3_node/package.bash'
[250.920s] INFO:colcon.colcon_core.shell:Creating package script '/home/ros2/turtlebot3_ws/install/turtlebot3_node/share/turtlebot3_node/package.zsh'
[250.926s] Level 1:colcon.colcon_core.environment:create_file_with_runtime_dependencies(/home/ros2/turtlebot3_ws/install/turtlebot3_node/share/colcon-core/packages/turtlebot3_node)
[251.257s] Level 1:colcon.colcon_core.environment:create_environment_scripts_only(turtlebot3_node)
[251.305s] Level 1:colcon.colcon_core.environment:checking '/home/ros2/turtlebot3_ws/install/turtlebot3_node' for CMake module files
[251.308s] Level 1:colcon.colcon_core.environment:checking '/home/ros2/turtlebot3_ws/install/turtlebot3_node' for CMake config files
[251.312s] Level 1:colcon.colcon_core.shell:create_environment_hook('turtlebot3_node', 'cmake_prefix_path')
[251.360s] INFO:colcon.colcon_core.shell:Creating environment hook '/home/ros2/turtlebot3_ws/install/turtlebot3_node/share/turtlebot3_node/hook/cmake_prefix_path.ps1'
[251.362s] INFO:colcon.colcon_core.shell:Creating environment descriptor '/home/ros2/turtlebot3_ws/install/turtlebot3_node/share/turtlebot3_node/hook/cmake_prefix_path.dsv'
[251.364s] INFO:colcon.colcon_core.shell:Creating environment hook '/home/ros2/turtlebot3_ws/install/turtlebot3_node/share/turtlebot3_node/hook/cmake_prefix_path.sh'
[251.367s] Level 1:colcon.colcon_core.environment:checking '/home/ros2/turtlebot3_ws/install/turtlebot3_node/lib'
[251.367s] Level 1:colcon.colcon_core.environment:checking '/home/ros2/turtlebot3_ws/install/turtlebot3_node/bin'
[251.367s] Level 1:colcon.colcon_core.environment:checking '/home/ros2/turtlebot3_ws/install/turtlebot3_node/lib/pkgconfig/turtlebot3_node.pc'
[251.368s] Level 1:colcon.colcon_core.environment:checking '/home/ros2/turtlebot3_ws/install/turtlebot3_node/lib/python3.10/site-packages'
[251.369s] Level 1:colcon.colcon_core.environment:checking '/home/ros2/turtlebot3_ws/install/turtlebot3_node/bin'
[251.424s] INFO:colcon.colcon_core.shell:Creating package script '/home/ros2/turtlebot3_ws/install/turtlebot3_node/share/turtlebot3_node/package.ps1'
[251.426s] INFO:colcon.colcon_core.shell:Creating package descriptor '/home/ros2/turtlebot3_ws/install/turtlebot3_node/share/turtlebot3_node/package.dsv'
[251.429s] INFO:colcon.colcon_core.shell:Creating package script '/home/ros2/turtlebot3_ws/install/turtlebot3_node/share/turtlebot3_node/package.sh'
[251.431s] INFO:colcon.colcon_core.shell:Creating package script '/home/ros2/turtlebot3_ws/install/turtlebot3_node/share/turtlebot3_node/package.bash'
[251.433s] INFO:colcon.colcon_core.shell:Creating package script '/home/ros2/turtlebot3_ws/install/turtlebot3_node/share/turtlebot3_node/package.zsh'
[251.435s] Level 1:colcon.colcon_core.environment:create_file_with_runtime_dependencies(/home/ros2/turtlebot3_ws/install/turtlebot3_node/share/colcon-core/packages/turtlebot3_node)
[251.438s] INFO:colcon.colcon_ros.task.ament_python.build:Building ROS package in '/home/ros2/turtlebot3_ws/src/turtlebot3/turtlebot3_example' with build type 'ament_python'
[251.439s] Level 1:colcon.colcon_core.shell:create_environment_hook('turtlebot3_example', 'ament_prefix_path')
[251.498s] INFO:colcon.colcon_core.shell:Creating environment hook '/home/ros2/turtlebot3_ws/install/turtlebot3_example/share/turtlebot3_example/hook/ament_prefix_path.ps1'
[251.501s] INFO:colcon.colcon_core.shell:Creating environment descriptor '/home/ros2/turtlebot3_ws/install/turtlebot3_example/share/turtlebot3_example/hook/ament_prefix_path.dsv'
[251.503s] INFO:colcon.colcon_core.shell:Creating environment hook '/home/ros2/turtlebot3_ws/install/turtlebot3_example/share/turtlebot3_example/hook/ament_prefix_path.sh'
[251.565s] INFO:colcon.colcon_core.shell:Skip shell extension 'powershell' for command environment: Not usable outside of PowerShell
[251.566s] DEBUG:colcon.colcon_core.shell:Skip shell extension 'dsv' for command environment
[253.544s] INFO:colcon.colcon_core.task.python.build:Building Python package in '/home/ros2/turtlebot3_ws/src/turtlebot3/turtlebot3_example'
[253.596s] INFO:colcon.colcon_core.shell:Skip shell extension 'powershell' for command environment: Not usable outside of PowerShell
[253.597s] DEBUG:colcon.colcon_core.shell:Skip shell extension 'dsv' for command environment
[255.406s] DEBUG:colcon.colcon_core.event_handler.log_command:Invoking command in '/home/ros2/turtlebot3_ws/build/turtlebot3_example': PYTHONPATH=/home/ros2/turtlebot3_ws/build/turtlebot3_example/prefix_override:/home/ros2/turtlebot3_ws/install/turtlebot3_example/lib/python3.10/site-packages:${PYTHONPATH} /usr/bin/python3 setup.py develop --editable --build-directory /home/ros2/turtlebot3_ws/build/turtlebot3_example/build --no-deps install_data
[257.187s] Level 1:colcon.colcon_core.shell:create_environment_hook('turtlebot3_example', 'pythonpath_develop')
[257.189s] DEBUG:colcon.colcon_core.event_handler.log_command:Invoked command in '/home/ros2/turtlebot3_ws/build/turtlebot3_example' returned '0': PYTHONPATH=/home/ros2/turtlebot3_ws/build/turtlebot3_example/prefix_override:/home/ros2/turtlebot3_ws/install/turtlebot3_example/lib/python3.10/site-packages:${PYTHONPATH} /usr/bin/python3 setup.py develop --editable --build-directory /home/ros2/turtlebot3_ws/build/turtlebot3_example/build --no-deps install_data
[257.241s] INFO:colcon.colcon_core.shell:Creating environment hook '/home/ros2/turtlebot3_ws/build/turtlebot3_example/share/turtlebot3_example/hook/pythonpath_develop.ps1'
[257.243s] INFO:colcon.colcon_core.shell:Creating environment descriptor '/home/ros2/turtlebot3_ws/build/turtlebot3_example/share/turtlebot3_example/hook/pythonpath_develop.dsv'
[257.244s] INFO:colcon.colcon_core.shell:Creating environment hook '/home/ros2/turtlebot3_ws/build/turtlebot3_example/share/turtlebot3_example/hook/pythonpath_develop.sh'
[257.297s] Level 1:colcon.colcon_core.environment:checking '/home/ros2/turtlebot3_ws/install/turtlebot3_example' for CMake module files
[257.299s] Level 1:colcon.colcon_core.environment:checking '/home/ros2/turtlebot3_ws/install/turtlebot3_example' for CMake config files
[257.302s] Level 1:colcon.colcon_core.environment:checking '/home/ros2/turtlebot3_ws/install/turtlebot3_example/lib'
[257.302s] Level 1:colcon.colcon_core.environment:checking '/home/ros2/turtlebot3_ws/install/turtlebot3_example/bin'
[257.302s] Level 1:colcon.colcon_core.environment:checking '/home/ros2/turtlebot3_ws/install/turtlebot3_example/lib/pkgconfig/turtlebot3_example.pc'
[257.303s] Level 1:colcon.colcon_core.environment:checking '/home/ros2/turtlebot3_ws/install/turtlebot3_example/lib/python3.10/site-packages'
[257.304s] Level 1:colcon.colcon_core.shell:create_environment_hook('turtlebot3_example', 'pythonpath')
[257.353s] INFO:colcon.colcon_core.shell:Creating environment hook '/home/ros2/turtlebot3_ws/install/turtlebot3_example/share/turtlebot3_example/hook/pythonpath.ps1'
[257.355s] INFO:colcon.colcon_core.shell:Creating environment descriptor '/home/ros2/turtlebot3_ws/install/turtlebot3_example/share/turtlebot3_example/hook/pythonpath.dsv'
[257.358s] INFO:colcon.colcon_core.shell:Creating environment hook '/home/ros2/turtlebot3_ws/install/turtlebot3_example/share/turtlebot3_example/hook/pythonpath.sh'
[257.361s] Level 1:colcon.colcon_core.environment:checking '/home/ros2/turtlebot3_ws/install/turtlebot3_example/bin'
[257.362s] Level 1:colcon.colcon_core.environment:create_environment_scripts_only(turtlebot3_example)
[257.410s] INFO:colcon.colcon_core.shell:Creating package script '/home/ros2/turtlebot3_ws/install/turtlebot3_example/share/turtlebot3_example/package.ps1'
[257.412s] INFO:colcon.colcon_core.shell:Creating package descriptor '/home/ros2/turtlebot3_ws/install/turtlebot3_example/share/turtlebot3_example/package.dsv'
[257.414s] INFO:colcon.colcon_core.shell:Creating package script '/home/ros2/turtlebot3_ws/install/turtlebot3_example/share/turtlebot3_example/package.sh'
[257.416s] INFO:colcon.colcon_core.shell:Creating package script '/home/ros2/turtlebot3_ws/install/turtlebot3_example/share/turtlebot3_example/package.bash'
[257.417s] INFO:colcon.colcon_core.shell:Creating package script '/home/ros2/turtlebot3_ws/install/turtlebot3_example/share/turtlebot3_example/package.zsh'
[257.419s] Level 1:colcon.colcon_core.environment:create_file_with_runtime_dependencies(/home/ros2/turtlebot3_ws/install/turtlebot3_example/share/colcon-core/packages/turtlebot3_example)
[257.420s] INFO:colcon.colcon_ros.task.ament_python.build:Building ROS package in '/home/ros2/turtlebot3_ws/src/turtlebot3/turtlebot3_teleop' with build type 'ament_python'
[257.421s] Level 1:colcon.colcon_core.shell:create_environment_hook('turtlebot3_teleop', 'ament_prefix_path')
[257.484s] INFO:colcon.colcon_core.shell:Creating environment hook '/home/ros2/turtlebot3_ws/install/turtlebot3_teleop/share/turtlebot3_teleop/hook/ament_prefix_path.ps1'
[257.487s] INFO:colcon.colcon_core.shell:Creating environment descriptor '/home/ros2/turtlebot3_ws/install/turtlebot3_teleop/share/turtlebot3_teleop/hook/ament_prefix_path.dsv'
[257.488s] INFO:colcon.colcon_core.shell:Creating environment hook '/home/ros2/turtlebot3_ws/install/turtlebot3_teleop/share/turtlebot3_teleop/hook/ament_prefix_path.sh'
[257.544s] INFO:colcon.colcon_core.shell:Skip shell extension 'powershell' for command environment: Not usable outside of PowerShell
[257.545s] DEBUG:colcon.colcon_core.shell:Skip shell extension 'dsv' for command environment
[258.700s] INFO:colcon.colcon_core.task.python.build:Building Python package in '/home/ros2/turtlebot3_ws/src/turtlebot3/turtlebot3_teleop'
[258.750s] INFO:colcon.colcon_core.shell:Skip shell extension 'powershell' for command environment: Not usable outside of PowerShell
[258.750s] DEBUG:colcon.colcon_core.shell:Skip shell extension 'dsv' for command environment
[260.193s] DEBUG:colcon.colcon_core.event_handler.log_command:Invoking command in '/home/ros2/turtlebot3_ws/build/turtlebot3_teleop': PYTHONPATH=/home/ros2/turtlebot3_ws/build/turtlebot3_teleop/prefix_override:/home/ros2/turtlebot3_ws/install/turtlebot3_teleop/lib/python3.10/site-packages:${PYTHONPATH} /usr/bin/python3 setup.py develop --editable --build-directory /home/ros2/turtlebot3_ws/build/turtlebot3_teleop/build --no-deps install_data
[261.951s] Level 1:colcon.colcon_core.shell:create_environment_hook('turtlebot3_teleop', 'pythonpath_develop')
[261.953s] DEBUG:colcon.colcon_core.event_handler.log_command:Invoked command in '/home/ros2/turtlebot3_ws/build/turtlebot3_teleop' returned '0': PYTHONPATH=/home/ros2/turtlebot3_ws/build/turtlebot3_teleop/prefix_override:/home/ros2/turtlebot3_ws/install/turtlebot3_teleop/lib/python3.10/site-packages:${PYTHONPATH} /usr/bin/python3 setup.py develop --editable --build-directory /home/ros2/turtlebot3_ws/build/turtlebot3_teleop/build --no-deps install_data
[262.005s] INFO:colcon.colcon_core.shell:Creating environment hook '/home/ros2/turtlebot3_ws/build/turtlebot3_teleop/share/turtlebot3_teleop/hook/pythonpath_develop.ps1'
[262.007s] INFO:colcon.colcon_core.shell:Creating environment descriptor '/home/ros2/turtlebot3_ws/build/turtlebot3_teleop/share/turtlebot3_teleop/hook/pythonpath_develop.dsv'
[262.009s] INFO:colcon.colcon_core.shell:Creating environment hook '/home/ros2/turtlebot3_ws/build/turtlebot3_teleop/share/turtlebot3_teleop/hook/pythonpath_develop.sh'
[262.059s] Level 1:colcon.colcon_core.environment:checking '/home/ros2/turtlebot3_ws/install/turtlebot3_teleop' for CMake module files
[262.062s] Level 1:colcon.colcon_core.environment:checking '/home/ros2/turtlebot3_ws/install/turtlebot3_teleop' for CMake config files
[262.065s] Level 1:colcon.colcon_core.environment:checking '/home/ros2/turtlebot3_ws/install/turtlebot3_teleop/lib'
[262.066s] Level 1:colcon.colcon_core.environment:checking '/home/ros2/turtlebot3_ws/install/turtlebot3_teleop/bin'
[262.066s] Level 1:colcon.colcon_core.environment:checking '/home/ros2/turtlebot3_ws/install/turtlebot3_teleop/lib/pkgconfig/turtlebot3_teleop.pc'
[262.067s] Level 1:colcon.colcon_core.environment:checking '/home/ros2/turtlebot3_ws/install/turtlebot3_teleop/lib/python3.10/site-packages'
[262.067s] Level 1:colcon.colcon_core.shell:create_environment_hook('turtlebot3_teleop', 'pythonpath')
[262.117s] INFO:colcon.colcon_core.shell:Creating environment hook '/home/ros2/turtlebot3_ws/install/turtlebot3_teleop/share/turtlebot3_teleop/hook/pythonpath.ps1'
[262.119s] INFO:colcon.colcon_core.shell:Creating environment descriptor '/home/ros2/turtlebot3_ws/install/turtlebot3_teleop/share/turtlebot3_teleop/hook/pythonpath.dsv'
[262.121s] INFO:colcon.colcon_core.shell:Creating environment hook '/home/ros2/turtlebot3_ws/install/turtlebot3_teleop/share/turtlebot3_teleop/hook/pythonpath.sh'
[262.123s] Level 1:colcon.colcon_core.environment:checking '/home/ros2/turtlebot3_ws/install/turtlebot3_teleop/bin'
[262.123s] Level 1:colcon.colcon_core.environment:create_environment_scripts_only(turtlebot3_teleop)
[262.172s] INFO:colcon.colcon_core.shell:Creating package script '/home/ros2/turtlebot3_ws/install/turtlebot3_teleop/share/turtlebot3_teleop/package.ps1'
[262.174s] INFO:colcon.colcon_core.shell:Creating package descriptor '/home/ros2/turtlebot3_ws/install/turtlebot3_teleop/share/turtlebot3_teleop/package.dsv'
[262.176s] INFO:colcon.colcon_core.shell:Creating package script '/home/ros2/turtlebot3_ws/install/turtlebot3_teleop/share/turtlebot3_teleop/package.sh'
[262.178s] INFO:colcon.colcon_core.shell:Creating package script '/home/ros2/turtlebot3_ws/install/turtlebot3_teleop/share/turtlebot3_teleop/package.bash'
[262.180s] INFO:colcon.colcon_core.shell:Creating package script '/home/ros2/turtlebot3_ws/install/turtlebot3_teleop/share/turtlebot3_teleop/package.zsh'
[262.182s] Level 1:colcon.colcon_core.environment:create_file_with_runtime_dependencies(/home/ros2/turtlebot3_ws/install/turtlebot3_teleop/share/colcon-core/packages/turtlebot3_teleop)
[262.184s] INFO:colcon.colcon_ros.task.ament_cmake.build:Building ROS package in '/home/ros2/turtlebot3_ws/src/turtlebot3/turtlebot3_bringup' with build type 'ament_cmake'
[262.185s] INFO:colcon.colcon_cmake.task.cmake.build:Building CMake package in '/home/ros2/turtlebot3_ws/src/turtlebot3/turtlebot3_bringup'
[262.245s] INFO:colcon.colcon_core.shell:Skip shell extension 'powershell' for command environment: Not usable outside of PowerShell
[262.246s] DEBUG:colcon.colcon_core.shell:Skip shell extension 'dsv' for command environment
[262.566s] DEBUG:colcon.colcon_core.event_handler.log_command:Invoking command in '/home/ros2/turtlebot3_ws/build/turtlebot3_bringup': AMENT_PREFIX_PATH=/home/ros2/turtlebot3_ws/install/turtlebot3_node:/home/ros2/turtlebot3_ws/install/turtlebot3_description:${AMENT_PREFIX_PATH} CMAKE_PREFIX_PATH=/home/ros2/turtlebot3_ws/install/turtlebot3_node:/home/ros2/turtlebot3_ws/install/turtlebot3_description:/opt/ros/humble /usr/bin/cmake /home/ros2/turtlebot3_ws/src/turtlebot3/turtlebot3_bringup -DAMENT_CMAKE_SYMLINK_INSTALL=1 -DCMAKE_INSTALL_PREFIX=/home/ros2/turtlebot3_ws/install/turtlebot3_bringup
[266.437s] DEBUG:colcon.colcon_core.event_handler.log_command:Invoked command in '/home/ros2/turtlebot3_ws/build/turtlebot3_bringup' returned '0': AMENT_PREFIX_PATH=/home/ros2/turtlebot3_ws/install/turtlebot3_node:/home/ros2/turtlebot3_ws/install/turtlebot3_description:${AMENT_PREFIX_PATH} CMAKE_PREFIX_PATH=/home/ros2/turtlebot3_ws/install/turtlebot3_node:/home/ros2/turtlebot3_ws/install/turtlebot3_description:/opt/ros/humble /usr/bin/cmake /home/ros2/turtlebot3_ws/src/turtlebot3/turtlebot3_bringup -DAMENT_CMAKE_SYMLINK_INSTALL=1 -DCMAKE_INSTALL_PREFIX=/home/ros2/turtlebot3_ws/install/turtlebot3_bringup
[266.445s] DEBUG:colcon.colcon_core.event_handler.log_command:Invoking command in '/home/ros2/turtlebot3_ws/build/turtlebot3_bringup': AMENT_PREFIX_PATH=/home/ros2/turtlebot3_ws/install/turtlebot3_node:/home/ros2/turtlebot3_ws/install/turtlebot3_description:${AMENT_PREFIX_PATH} CMAKE_PREFIX_PATH=/home/ros2/turtlebot3_ws/install/turtlebot3_node:/home/ros2/turtlebot3_ws/install/turtlebot3_description:/opt/ros/humble /usr/bin/cmake --build /home/ros2/turtlebot3_ws/build/turtlebot3_bringup -- -j4 -l4
[266.594s] DEBUG:colcon.colcon_core.event_handler.log_command:Invoked command in '/home/ros2/turtlebot3_ws/build/turtlebot3_bringup' returned '0': AMENT_PREFIX_PATH=/home/ros2/turtlebot3_ws/install/turtlebot3_node:/home/ros2/turtlebot3_ws/install/turtlebot3_description:${AMENT_PREFIX_PATH} CMAKE_PREFIX_PATH=/home/ros2/turtlebot3_ws/install/turtlebot3_node:/home/ros2/turtlebot3_ws/install/turtlebot3_description:/opt/ros/humble /usr/bin/cmake --build /home/ros2/turtlebot3_ws/build/turtlebot3_bringup -- -j4 -l4
[266.717s] DEBUG:colcon.colcon_core.event_handler.log_command:Invoking command in '/home/ros2/turtlebot3_ws/build/turtlebot3_bringup': AMENT_PREFIX_PATH=/home/ros2/turtlebot3_ws/install/turtlebot3_node:/home/ros2/turtlebot3_ws/install/turtlebot3_description:${AMENT_PREFIX_PATH} CMAKE_PREFIX_PATH=/home/ros2/turtlebot3_ws/install/turtlebot3_node:/home/ros2/turtlebot3_ws/install/turtlebot3_description:/opt/ros/humble /usr/bin/cmake --install /home/ros2/turtlebot3_ws/build/turtlebot3_bringup
[267.538s] Level 1:colcon.colcon_core.environment:create_environment_scripts_only(turtlebot3_bringup)
[267.539s] DEBUG:colcon.colcon_core.event_handler.log_command:Invoked command in '/home/ros2/turtlebot3_ws/build/turtlebot3_bringup' returned '0': AMENT_PREFIX_PATH=/home/ros2/turtlebot3_ws/install/turtlebot3_node:/home/ros2/turtlebot3_ws/install/turtlebot3_description:${AMENT_PREFIX_PATH} CMAKE_PREFIX_PATH=/home/ros2/turtlebot3_ws/install/turtlebot3_node:/home/ros2/turtlebot3_ws/install/turtlebot3_description:/opt/ros/humble /usr/bin/cmake --install /home/ros2/turtlebot3_ws/build/turtlebot3_bringup
[267.591s] Level 1:colcon.colcon_core.environment:checking '/home/ros2/turtlebot3_ws/install/turtlebot3_bringup' for CMake module files
[267.594s] Level 1:colcon.colcon_core.environment:checking '/home/ros2/turtlebot3_ws/install/turtlebot3_bringup' for CMake config files
[267.597s] Level 1:colcon.colcon_core.shell:create_environment_hook('turtlebot3_bringup', 'cmake_prefix_path')
[267.647s] INFO:colcon.colcon_core.shell:Creating environment hook '/home/ros2/turtlebot3_ws/install/turtlebot3_bringup/share/turtlebot3_bringup/hook/cmake_prefix_path.ps1'
[267.649s] INFO:colcon.colcon_core.shell:Creating environment descriptor '/home/ros2/turtlebot3_ws/install/turtlebot3_bringup/share/turtlebot3_bringup/hook/cmake_prefix_path.dsv'
[267.651s] INFO:colcon.colcon_core.shell:Creating environment hook '/home/ros2/turtlebot3_ws/install/turtlebot3_bringup/share/turtlebot3_bringup/hook/cmake_prefix_path.sh'
[267.653s] Level 1:colcon.colcon_core.environment:checking '/home/ros2/turtlebot3_ws/install/turtlebot3_bringup/bin'
[267.653s] Level 1:colcon.colcon_core.environment:checking '/home/ros2/turtlebot3_ws/install/turtlebot3_bringup/lib/pkgconfig/turtlebot3_bringup.pc'
[267.654s] Level 1:colcon.colcon_core.environment:checking '/home/ros2/turtlebot3_ws/install/turtlebot3_bringup/lib/python3.10/site-packages'
[267.655s] Level 1:colcon.colcon_core.environment:checking '/home/ros2/turtlebot3_ws/install/turtlebot3_bringup/bin'
[267.704s] INFO:colcon.colcon_core.shell:Creating package script '/home/ros2/turtlebot3_ws/install/turtlebot3_bringup/share/turtlebot3_bringup/package.ps1'
[267.707s] INFO:colcon.colcon_core.shell:Creating package descriptor '/home/ros2/turtlebot3_ws/install/turtlebot3_bringup/share/turtlebot3_bringup/package.dsv'
[267.708s] INFO:colcon.colcon_core.shell:Creating package script '/home/ros2/turtlebot3_ws/install/turtlebot3_bringup/share/turtlebot3_bringup/package.sh'
[267.710s] INFO:colcon.colcon_core.shell:Creating package script '/home/ros2/turtlebot3_ws/install/turtlebot3_bringup/share/turtlebot3_bringup/package.bash'
[267.712s] INFO:colcon.colcon_core.shell:Creating package script '/home/ros2/turtlebot3_ws/install/turtlebot3_bringup/share/turtlebot3_bringup/package.zsh'
[267.714s] Level 1:colcon.colcon_core.environment:create_file_with_runtime_dependencies(/home/ros2/turtlebot3_ws/install/turtlebot3_bringup/share/colcon-core/packages/turtlebot3_bringup)
[267.873s] Level 1:colcon.colcon_core.environment:create_environment_scripts_only(turtlebot3_bringup)
[267.927s] Level 1:colcon.colcon_core.environment:checking '/home/ros2/turtlebot3_ws/install/turtlebot3_bringup' for CMake module files
[267.930s] Level 1:colcon.colcon_core.environment:checking '/home/ros2/turtlebot3_ws/install/turtlebot3_bringup' for CMake config files
[267.932s] Level 1:colcon.colcon_core.shell:create_environment_hook('turtlebot3_bringup', 'cmake_prefix_path')
[267.979s] INFO:colcon.colcon_core.shell:Creating environment hook '/home/ros2/turtlebot3_ws/install/turtlebot3_bringup/share/turtlebot3_bringup/hook/cmake_prefix_path.ps1'
[267.981s] INFO:colcon.colcon_core.shell:Creating environment descriptor '/home/ros2/turtlebot3_ws/install/turtlebot3_bringup/share/turtlebot3_bringup/hook/cmake_prefix_path.dsv'
[267.983s] INFO:colcon.colcon_core.shell:Creating environment hook '/home/ros2/turtlebot3_ws/install/turtlebot3_bringup/share/turtlebot3_bringup/hook/cmake_prefix_path.sh'
[267.986s] Level 1:colcon.colcon_core.environment:checking '/home/ros2/turtlebot3_ws/install/turtlebot3_bringup/bin'
[267.986s] Level 1:colcon.colcon_core.environment:checking '/home/ros2/turtlebot3_ws/install/turtlebot3_bringup/lib/pkgconfig/turtlebot3_bringup.pc'
[267.987s] Level 1:colcon.colcon_core.environment:checking '/home/ros2/turtlebot3_ws/install/turtlebot3_bringup/lib/python3.10/site-packages'
[267.989s] Level 1:colcon.colcon_core.environment:checking '/home/ros2/turtlebot3_ws/install/turtlebot3_bringup/bin'
[268.040s] INFO:colcon.colcon_core.shell:Creating package script '/home/ros2/turtlebot3_ws/install/turtlebot3_bringup/share/turtlebot3_bringup/package.ps1'
[268.042s] INFO:colcon.colcon_core.shell:Creating package descriptor '/home/ros2/turtlebot3_ws/install/turtlebot3_bringup/share/turtlebot3_bringup/package.dsv'
[268.045s] INFO:colcon.colcon_core.shell:Creating package script '/home/ros2/turtlebot3_ws/install/turtlebot3_bringup/share/turtlebot3_bringup/package.sh'
[268.047s] INFO:colcon.colcon_core.shell:Creating package script '/home/ros2/turtlebot3_ws/install/turtlebot3_bringup/share/turtlebot3_bringup/package.bash'
[268.049s] INFO:colcon.colcon_core.shell:Creating package script '/home/ros2/turtlebot3_ws/install/turtlebot3_bringup/share/turtlebot3_bringup/package.zsh'
[268.051s] Level 1:colcon.colcon_core.environment:create_file_with_runtime_dependencies(/home/ros2/turtlebot3_ws/install/turtlebot3_bringup/share/colcon-core/packages/turtlebot3_bringup)
[268.053s] INFO:colcon.colcon_ros.task.ament_cmake.build:Building ROS package in '/home/ros2/turtlebot3_ws/src/ld08_driver' with build type 'ament_cmake'
[268.054s] INFO:colcon.colcon_cmake.task.cmake.build:Building CMake package in '/home/ros2/turtlebot3_ws/src/ld08_driver'
[268.121s] INFO:colcon.colcon_core.shell:Skip shell extension 'powershell' for command environment: Not usable outside of PowerShell
[268.121s] DEBUG:colcon.colcon_core.shell:Skip shell extension 'dsv' for command environment
[268.257s] DEBUG:colcon.colcon_core.event_handler.log_command:Invoking command in '/home/ros2/turtlebot3_ws/build/ld08_driver': CMAKE_PREFIX_PATH=/opt/ros/humble /usr/bin/cmake /home/ros2/turtlebot3_ws/src/ld08_driver -DAMENT_CMAKE_SYMLINK_INSTALL=1 -DCMAKE_INSTALL_PREFIX=/home/ros2/turtlebot3_ws/install/ld08_driver
[276.489s] DEBUG:colcon.colcon_core.event_handler.log_command:Invoked command in '/home/ros2/turtlebot3_ws/build/ld08_driver' returned '0': CMAKE_PREFIX_PATH=/opt/ros/humble /usr/bin/cmake /home/ros2/turtlebot3_ws/src/ld08_driver -DAMENT_CMAKE_SYMLINK_INSTALL=1 -DCMAKE_INSTALL_PREFIX=/home/ros2/turtlebot3_ws/install/ld08_driver
[276.498s] DEBUG:colcon.colcon_core.event_handler.log_command:Invoking command in '/home/ros2/turtlebot3_ws/build/ld08_driver': CMAKE_PREFIX_PATH=/opt/ros/humble /usr/bin/cmake --build /home/ros2/turtlebot3_ws/build/ld08_driver -- -j4 -l4
[306.360s] DEBUG:colcon.colcon_core.event_handler.log_command:Invoked command in '/home/ros2/turtlebot3_ws/build/ld08_driver' returned '0': CMAKE_PREFIX_PATH=/opt/ros/humble /usr/bin/cmake --build /home/ros2/turtlebot3_ws/build/ld08_driver -- -j4 -l4
[306.553s] DEBUG:colcon.colcon_core.event_handler.log_command:Invoking command in '/home/ros2/turtlebot3_ws/build/ld08_driver': CMAKE_PREFIX_PATH=/opt/ros/humble /usr/bin/cmake --install /home/ros2/turtlebot3_ws/build/ld08_driver
[307.224s] Level 1:colcon.colcon_core.environment:create_environment_scripts_only(ld08_driver)
[307.226s] DEBUG:colcon.colcon_core.event_handler.log_command:Invoked command in '/home/ros2/turtlebot3_ws/build/ld08_driver' returned '0': CMAKE_PREFIX_PATH=/opt/ros/humble /usr/bin/cmake --install /home/ros2/turtlebot3_ws/build/ld08_driver
[307.284s] Level 1:colcon.colcon_core.environment:checking '/home/ros2/turtlebot3_ws/install/ld08_driver' for CMake module files
[307.287s] Level 1:colcon.colcon_core.environment:checking '/home/ros2/turtlebot3_ws/install/ld08_driver' for CMake config files
[307.289s] Level 1:colcon.colcon_core.shell:create_environment_hook('ld08_driver', 'cmake_prefix_path')
[307.337s] INFO:colcon.colcon_core.shell:Creating environment hook '/home/ros2/turtlebot3_ws/install/ld08_driver/share/ld08_driver/hook/cmake_prefix_path.ps1'
[307.339s] INFO:colcon.colcon_core.shell:Creating environment descriptor '/home/ros2/turtlebot3_ws/install/ld08_driver/share/ld08_driver/hook/cmake_prefix_path.dsv'
[307.341s] INFO:colcon.colcon_core.shell:Creating environment hook '/home/ros2/turtlebot3_ws/install/ld08_driver/share/ld08_driver/hook/cmake_prefix_path.sh'
[307.343s] Level 1:colcon.colcon_core.environment:checking '/home/ros2/turtlebot3_ws/install/ld08_driver/lib'
[307.344s] Level 1:colcon.colcon_core.environment:checking '/home/ros2/turtlebot3_ws/install/ld08_driver/bin'
[307.345s] Level 1:colcon.colcon_core.environment:checking '/home/ros2/turtlebot3_ws/install/ld08_driver/lib/pkgconfig/ld08_driver.pc'
[307.346s] Level 1:colcon.colcon_core.environment:checking '/home/ros2/turtlebot3_ws/install/ld08_driver/lib/python3.10/site-packages'
[307.347s] Level 1:colcon.colcon_core.environment:checking '/home/ros2/turtlebot3_ws/install/ld08_driver/bin'
[307.398s] INFO:colcon.colcon_core.shell:Creating package script '/home/ros2/turtlebot3_ws/install/ld08_driver/share/ld08_driver/package.ps1'
[307.400s] INFO:colcon.colcon_core.shell:Creating package descriptor '/home/ros2/turtlebot3_ws/install/ld08_driver/share/ld08_driver/package.dsv'
[307.402s] INFO:colcon.colcon_core.shell:Creating package script '/home/ros2/turtlebot3_ws/install/ld08_driver/share/ld08_driver/package.sh'
[307.404s] INFO:colcon.colcon_core.shell:Creating package script '/home/ros2/turtlebot3_ws/install/ld08_driver/share/ld08_driver/package.bash'
[307.405s] INFO:colcon.colcon_core.shell:Creating package script '/home/ros2/turtlebot3_ws/install/ld08_driver/share/ld08_driver/package.zsh'
[307.406s] Level 1:colcon.colcon_core.environment:create_file_with_runtime_dependencies(/home/ros2/turtlebot3_ws/install/ld08_driver/share/colcon-core/packages/ld08_driver)
[307.647s] Level 1:colcon.colcon_core.environment:create_environment_scripts_only(ld08_driver)
[307.699s] Level 1:colcon.colcon_core.environment:checking '/home/ros2/turtlebot3_ws/install/ld08_driver' for CMake module files
[307.702s] Level 1:colcon.colcon_core.environment:checking '/home/ros2/turtlebot3_ws/install/ld08_driver' for CMake config files
[307.705s] Level 1:colcon.colcon_core.shell:create_environment_hook('ld08_driver', 'cmake_prefix_path')
[307.754s] INFO:colcon.colcon_core.shell:Creating environment hook '/home/ros2/turtlebot3_ws/install/ld08_driver/share/ld08_driver/hook/cmake_prefix_path.ps1'
[307.756s] INFO:colcon.colcon_core.shell:Creating environment descriptor '/home/ros2/turtlebot3_ws/install/ld08_driver/share/ld08_driver/hook/cmake_prefix_path.dsv'
[307.758s] INFO:colcon.colcon_core.shell:Creating environment hook '/home/ros2/turtlebot3_ws/install/ld08_driver/share/ld08_driver/hook/cmake_prefix_path.sh'
[307.762s] Level 1:colcon.colcon_core.environment:checking '/home/ros2/turtlebot3_ws/install/ld08_driver/lib'
[307.763s] Level 1:colcon.colcon_core.environment:checking '/home/ros2/turtlebot3_ws/install/ld08_driver/bin'
[307.763s] Level 1:colcon.colcon_core.environment:checking '/home/ros2/turtlebot3_ws/install/ld08_driver/lib/pkgconfig/ld08_driver.pc'
[307.764s] Level 1:colcon.colcon_core.environment:checking '/home/ros2/turtlebot3_ws/install/ld08_driver/lib/python3.10/site-packages'
[307.765s] Level 1:colcon.colcon_core.environment:checking '/home/ros2/turtlebot3_ws/install/ld08_driver/bin'
[307.812s] INFO:colcon.colcon_core.shell:Creating package script '/home/ros2/turtlebot3_ws/install/ld08_driver/share/ld08_driver/package.ps1'
[307.815s] INFO:colcon.colcon_core.shell:Creating package descriptor '/home/ros2/turtlebot3_ws/install/ld08_driver/share/ld08_driver/package.dsv'
[307.817s] INFO:colcon.colcon_core.shell:Creating package script '/home/ros2/turtlebot3_ws/install/ld08_driver/share/ld08_driver/package.sh'
[307.819s] INFO:colcon.colcon_core.shell:Creating package script '/home/ros2/turtlebot3_ws/install/ld08_driver/share/ld08_driver/package.bash'
[307.821s] INFO:colcon.colcon_core.shell:Creating package script '/home/ros2/turtlebot3_ws/install/ld08_driver/share/ld08_driver/package.zsh'
[307.824s] Level 1:colcon.colcon_core.environment:create_file_with_runtime_dependencies(/home/ros2/turtlebot3_ws/install/ld08_driver/share/colcon-core/packages/ld08_driver)
[307.825s] INFO:colcon.colcon_ros.task.ament_cmake.build:Building ROS package in '/home/ros2/turtlebot3_ws/src/turtlebot3/turtlebot3' with build type 'ament_cmake'
[307.826s] INFO:colcon.colcon_cmake.task.cmake.build:Building CMake package in '/home/ros2/turtlebot3_ws/src/turtlebot3/turtlebot3'
[307.890s] INFO:colcon.colcon_core.shell:Skip shell extension 'powershell' for command environment: Not usable outside of PowerShell
[307.890s] DEBUG:colcon.colcon_core.shell:Skip shell extension 'dsv' for command environment
[308.080s] DEBUG:colcon.colcon_core.event_handler.log_command:Invoking command in '/home/ros2/turtlebot3_ws/build/turtlebot3': AMENT_PREFIX_PATH=/home/ros2/turtlebot3_ws/install/turtlebot3_bringup:/home/ros2/turtlebot3_ws/install/turtlebot3_teleop:/home/ros2/turtlebot3_ws/install/turtlebot3_node:/home/ros2/turtlebot3_ws/install/turtlebot3_example:/home/ros2/turtlebot3_ws/install/turtlebot3_description:${AMENT_PREFIX_PATH} CMAKE_PREFIX_PATH=/home/ros2/turtlebot3_ws/install/turtlebot3_bringup:/home/ros2/turtlebot3_ws/install/turtlebot3_node:/home/ros2/turtlebot3_ws/install/turtlebot3_description:/opt/ros/humble PYTHONPATH=/home/ros2/turtlebot3_ws/build/turtlebot3_teleop:/home/ros2/turtlebot3_ws/install/turtlebot3_teleop/lib/python3.10/site-packages:/home/ros2/turtlebot3_ws/build/turtlebot3_example:/home/ros2/turtlebot3_ws/install/turtlebot3_example/lib/python3.10/site-packages:${PYTHONPATH} /usr/bin/cmake /home/ros2/turtlebot3_ws/src/turtlebot3/turtlebot3 -DAMENT_CMAKE_SYMLINK_INSTALL=1 -DCMAKE_INSTALL_PREFIX=/home/ros2/turtlebot3_ws/install/turtlebot3
[311.386s] DEBUG:colcon.colcon_core.event_handler.log_command:Invoked command in '/home/ros2/turtlebot3_ws/build/turtlebot3' returned '0': AMENT_PREFIX_PATH=/home/ros2/turtlebot3_ws/install/turtlebot3_bringup:/home/ros2/turtlebot3_ws/install/turtlebot3_teleop:/home/ros2/turtlebot3_ws/install/turtlebot3_node:/home/ros2/turtlebot3_ws/install/turtlebot3_example:/home/ros2/turtlebot3_ws/install/turtlebot3_description:${AMENT_PREFIX_PATH} CMAKE_PREFIX_PATH=/home/ros2/turtlebot3_ws/install/turtlebot3_bringup:/home/ros2/turtlebot3_ws/install/turtlebot3_node:/home/ros2/turtlebot3_ws/install/turtlebot3_description:/opt/ros/humble PYTHONPATH=/home/ros2/turtlebot3_ws/build/turtlebot3_teleop:/home/ros2/turtlebot3_ws/install/turtlebot3_teleop/lib/python3.10/site-packages:/home/ros2/turtlebot3_ws/build/turtlebot3_example:/home/ros2/turtlebot3_ws/install/turtlebot3_example/lib/python3.10/site-packages:${PYTHONPATH} /usr/bin/cmake /home/ros2/turtlebot3_ws/src/turtlebot3/turtlebot3 -DAMENT_CMAKE_SYMLINK_INSTALL=1 -DCMAKE_INSTALL_PREFIX=/home/ros2/turtlebot3_ws/install/turtlebot3
[311.398s] DEBUG:colcon.colcon_core.event_handler.log_command:Invoking command in '/home/ros2/turtlebot3_ws/build/turtlebot3': AMENT_PREFIX_PATH=/home/ros2/turtlebot3_ws/install/turtlebot3_bringup:/home/ros2/turtlebot3_ws/install/turtlebot3_teleop:/home/ros2/turtlebot3_ws/install/turtlebot3_node:/home/ros2/turtlebot3_ws/install/turtlebot3_example:/home/ros2/turtlebot3_ws/install/turtlebot3_description:${AMENT_PREFIX_PATH} CMAKE_PREFIX_PATH=/home/ros2/turtlebot3_ws/install/turtlebot3_bringup:/home/ros2/turtlebot3_ws/install/turtlebot3_node:/home/ros2/turtlebot3_ws/install/turtlebot3_description:/opt/ros/humble PYTHONPATH=/home/ros2/turtlebot3_ws/build/turtlebot3_teleop:/home/ros2/turtlebot3_ws/install/turtlebot3_teleop/lib/python3.10/site-packages:/home/ros2/turtlebot3_ws/build/turtlebot3_example:/home/ros2/turtlebot3_ws/install/turtlebot3_example/lib/python3.10/site-packages:${PYTHONPATH} /usr/bin/cmake --build /home/ros2/turtlebot3_ws/build/turtlebot3 -- -j4 -l4
[311.540s] DEBUG:colcon.colcon_core.event_handler.log_command:Invoked command in '/home/ros2/turtlebot3_ws/build/turtlebot3' returned '0': AMENT_PREFIX_PATH=/home/ros2/turtlebot3_ws/install/turtlebot3_bringup:/home/ros2/turtlebot3_ws/install/turtlebot3_teleop:/home/ros2/turtlebot3_ws/install/turtlebot3_node:/home/ros2/turtlebot3_ws/install/turtlebot3_example:/home/ros2/turtlebot3_ws/install/turtlebot3_description:${AMENT_PREFIX_PATH} CMAKE_PREFIX_PATH=/home/ros2/turtlebot3_ws/install/turtlebot3_bringup:/home/ros2/turtlebot3_ws/install/turtlebot3_node:/home/ros2/turtlebot3_ws/install/turtlebot3_description:/opt/ros/humble PYTHONPATH=/home/ros2/turtlebot3_ws/build/turtlebot3_teleop:/home/ros2/turtlebot3_ws/install/turtlebot3_teleop/lib/python3.10/site-packages:/home/ros2/turtlebot3_ws/build/turtlebot3_example:/home/ros2/turtlebot3_ws/install/turtlebot3_example/lib/python3.10/site-packages:${PYTHONPATH} /usr/bin/cmake --build /home/ros2/turtlebot3_ws/build/turtlebot3 -- -j4 -l4
[311.661s] DEBUG:colcon.colcon_core.event_handler.log_command:Invoking command in '/home/ros2/turtlebot3_ws/build/turtlebot3': AMENT_PREFIX_PATH=/home/ros2/turtlebot3_ws/install/turtlebot3_bringup:/home/ros2/turtlebot3_ws/install/turtlebot3_teleop:/home/ros2/turtlebot3_ws/install/turtlebot3_node:/home/ros2/turtlebot3_ws/install/turtlebot3_example:/home/ros2/turtlebot3_ws/install/turtlebot3_description:${AMENT_PREFIX_PATH} CMAKE_PREFIX_PATH=/home/ros2/turtlebot3_ws/install/turtlebot3_bringup:/home/ros2/turtlebot3_ws/install/turtlebot3_node:/home/ros2/turtlebot3_ws/install/turtlebot3_description:/opt/ros/humble PYTHONPATH=/home/ros2/turtlebot3_ws/build/turtlebot3_teleop:/home/ros2/turtlebot3_ws/install/turtlebot3_teleop/lib/python3.10/site-packages:/home/ros2/turtlebot3_ws/build/turtlebot3_example:/home/ros2/turtlebot3_ws/install/turtlebot3_example/lib/python3.10/site-packages:${PYTHONPATH} /usr/bin/cmake --install /home/ros2/turtlebot3_ws/build/turtlebot3
[312.203s] Level 1:colcon.colcon_core.environment:create_environment_scripts_only(turtlebot3)
[312.205s] DEBUG:colcon.colcon_core.event_handler.log_command:Invoked command in '/home/ros2/turtlebot3_ws/build/turtlebot3' returned '0': AMENT_PREFIX_PATH=/home/ros2/turtlebot3_ws/install/turtlebot3_bringup:/home/ros2/turtlebot3_ws/install/turtlebot3_teleop:/home/ros2/turtlebot3_ws/install/turtlebot3_node:/home/ros2/turtlebot3_ws/install/turtlebot3_example:/home/ros2/turtlebot3_ws/install/turtlebot3_description:${AMENT_PREFIX_PATH} CMAKE_PREFIX_PATH=/home/ros2/turtlebot3_ws/install/turtlebot3_bringup:/home/ros2/turtlebot3_ws/install/turtlebot3_node:/home/ros2/turtlebot3_ws/install/turtlebot3_description:/opt/ros/humble PYTHONPATH=/home/ros2/turtlebot3_ws/build/turtlebot3_teleop:/home/ros2/turtlebot3_ws/install/turtlebot3_teleop/lib/python3.10/site-packages:/home/ros2/turtlebot3_ws/build/turtlebot3_example:/home/ros2/turtlebot3_ws/install/turtlebot3_example/lib/python3.10/site-packages:${PYTHONPATH} /usr/bin/cmake --install /home/ros2/turtlebot3_ws/build/turtlebot3
[312.256s] Level 1:colcon.colcon_core.environment:checking '/home/ros2/turtlebot3_ws/install/turtlebot3' for CMake module files
[312.258s] Level 1:colcon.colcon_core.environment:checking '/home/ros2/turtlebot3_ws/install/turtlebot3' for CMake config files
[312.260s] Level 1:colcon.colcon_core.shell:create_environment_hook('turtlebot3', 'cmake_prefix_path')
[312.311s] INFO:colcon.colcon_core.shell:Creating environment hook '/home/ros2/turtlebot3_ws/install/turtlebot3/share/turtlebot3/hook/cmake_prefix_path.ps1'
[312.313s] INFO:colcon.colcon_core.shell:Creating environment descriptor '/home/ros2/turtlebot3_ws/install/turtlebot3/share/turtlebot3/hook/cmake_prefix_path.dsv'
[312.314s] INFO:colcon.colcon_core.shell:Creating environment hook '/home/ros2/turtlebot3_ws/install/turtlebot3/share/turtlebot3/hook/cmake_prefix_path.sh'
[312.316s] Level 1:colcon.colcon_core.environment:checking '/home/ros2/turtlebot3_ws/install/turtlebot3/bin'
[312.317s] Level 1:colcon.colcon_core.environment:checking '/home/ros2/turtlebot3_ws/install/turtlebot3/lib/pkgconfig/turtlebot3.pc'
[312.318s] Level 1:colcon.colcon_core.environment:checking '/home/ros2/turtlebot3_ws/install/turtlebot3/lib/python3.10/site-packages'
[312.319s] Level 1:colcon.colcon_core.environment:checking '/home/ros2/turtlebot3_ws/install/turtlebot3/bin'
[312.366s] INFO:colcon.colcon_core.shell:Creating package script '/home/ros2/turtlebot3_ws/install/turtlebot3/share/turtlebot3/package.ps1'
[312.368s] INFO:colcon.colcon_core.shell:Creating package descriptor '/home/ros2/turtlebot3_ws/install/turtlebot3/share/turtlebot3/package.dsv'
[312.371s] INFO:colcon.colcon_core.shell:Creating package script '/home/ros2/turtlebot3_ws/install/turtlebot3/share/turtlebot3/package.sh'
[312.373s] INFO:colcon.colcon_core.shell:Creating package script '/home/ros2/turtlebot3_ws/install/turtlebot3/share/turtlebot3/package.bash'
[312.374s] INFO:colcon.colcon_core.shell:Creating package script '/home/ros2/turtlebot3_ws/install/turtlebot3/share/turtlebot3/package.zsh'
[312.376s] Level 1:colcon.colcon_core.environment:create_file_with_runtime_dependencies(/home/ros2/turtlebot3_ws/install/turtlebot3/share/colcon-core/packages/turtlebot3)
[312.532s] Level 1:colcon.colcon_core.environment:create_environment_scripts_only(turtlebot3)
[312.582s] Level 1:colcon.colcon_core.environment:checking '/home/ros2/turtlebot3_ws/install/turtlebot3' for CMake module files
[312.585s] Level 1:colcon.colcon_core.environment:checking '/home/ros2/turtlebot3_ws/install/turtlebot3' for CMake config files
[312.589s] Level 1:colcon.colcon_core.shell:create_environment_hook('turtlebot3', 'cmake_prefix_path')
[312.636s] INFO:colcon.colcon_core.shell:Creating environment hook '/home/ros2/turtlebot3_ws/install/turtlebot3/share/turtlebot3/hook/cmake_prefix_path.ps1'
[312.638s] INFO:colcon.colcon_core.shell:Creating environment descriptor '/home/ros2/turtlebot3_ws/install/turtlebot3/share/turtlebot3/hook/cmake_prefix_path.dsv'
[312.640s] INFO:colcon.colcon_core.shell:Creating environment hook '/home/ros2/turtlebot3_ws/install/turtlebot3/share/turtlebot3/hook/cmake_prefix_path.sh'
[312.642s] Level 1:colcon.colcon_core.environment:checking '/home/ros2/turtlebot3_ws/install/turtlebot3/bin'
[312.643s] Level 1:colcon.colcon_core.environment:checking '/home/ros2/turtlebot3_ws/install/turtlebot3/lib/pkgconfig/turtlebot3.pc'
[312.644s] Level 1:colcon.colcon_core.environment:checking '/home/ros2/turtlebot3_ws/install/turtlebot3/lib/python3.10/site-packages'
[312.645s] Level 1:colcon.colcon_core.environment:checking '/home/ros2/turtlebot3_ws/install/turtlebot3/bin'
[312.700s] INFO:colcon.colcon_core.shell:Creating package script '/home/ros2/turtlebot3_ws/install/turtlebot3/share/turtlebot3/package.ps1'
[312.702s] INFO:colcon.colcon_core.shell:Creating package descriptor '/home/ros2/turtlebot3_ws/install/turtlebot3/share/turtlebot3/package.dsv'
[312.705s] INFO:colcon.colcon_core.shell:Creating package script '/home/ros2/turtlebot3_ws/install/turtlebot3/share/turtlebot3/package.sh'
[312.707s] INFO:colcon.colcon_core.shell:Creating package script '/home/ros2/turtlebot3_ws/install/turtlebot3/share/turtlebot3/package.bash'
[312.709s] INFO:colcon.colcon_core.shell:Creating package script '/home/ros2/turtlebot3_ws/install/turtlebot3/share/turtlebot3/package.zsh'
[312.710s] Level 1:colcon.colcon_core.environment:create_file_with_runtime_dependencies(/home/ros2/turtlebot3_ws/install/turtlebot3/share/colcon-core/packages/turtlebot3)
[312.712s] DEBUG:colcon.colcon_parallel_executor.executor.parallel:closing loop
[312.713s] DEBUG:colcon.colcon_parallel_executor.executor.parallel:loop closed
[312.714s] DEBUG:colcon.colcon_parallel_executor.executor.parallel:run_until_complete finished with '0'
[312.714s] DEBUG:colcon.colcon_core.event_reactor:joining thread
[312.892s] INFO:colcon.colcon_core.plugin_system:Skipping extension 'colcon_notification.desktop_notification.terminal_notifier': Not used on non-Darwin systems
[312.893s] INFO:colcon.colcon_core.plugin_system:Skipping extension 'colcon_notification.desktop_notification.win32': Not used on non-Windows systems
[312.893s] INFO:colcon.colcon_notification.desktop_notification:Sending desktop notification using 'notify2'
[314.020s] DEBUG:colcon.colcon_core.event_reactor:joined thread
[314.101s] INFO:colcon.colcon_core.shell:Creating prefix script '/home/ros2/turtlebot3_ws/install/local_setup.ps1'
[314.108s] INFO:colcon.colcon_core.shell:Creating prefix util module '/home/ros2/turtlebot3_ws/install/_local_setup_util_ps1.py'
[314.117s] INFO:colcon.colcon_core.shell:Creating prefix chain script '/home/ros2/turtlebot3_ws/install/setup.ps1'
[314.218s] INFO:colcon.colcon_core.shell:Creating prefix script '/home/ros2/turtlebot3_ws/install/local_setup.sh'
[314.223s] INFO:colcon.colcon_core.shell:Creating prefix util module '/home/ros2/turtlebot3_ws/install/_local_setup_util_sh.py'
[314.226s] INFO:colcon.colcon_core.shell:Creating prefix chain script '/home/ros2/turtlebot3_ws/install/setup.sh'
[314.279s] INFO:colcon.colcon_core.shell:Creating prefix script '/home/ros2/turtlebot3_ws/install/local_setup.bash'
[314.282s] INFO:colcon.colcon_core.shell:Creating prefix chain script '/home/ros2/turtlebot3_ws/install/setup.bash'
[314.335s] INFO:colcon.colcon_core.shell:Creating prefix script '/home/ros2/turtlebot3_ws/install/local_setup.zsh'
[314.339s] INFO:colcon.colcon_core.shell:Creating prefix chain script '/home/ros2/turtlebot3_ws/install/setup.zsh'
