[0.603s] Invoking command in '/home/ros2/turtlebot3_ws/build/image_geometry': CMAKE_PREFIX_PATH=${CMAKE_PREFIX_PATH}:/home/ros2/turtlebot3_ws/install/turtlebot3_teleop:/home/ros2/turtlebot3_ws/install/turtlebot3_example:/home/ros2/turtlebot3_ws/install/cv_stuff:/opt/ros/humble /usr/bin/cmake /home/ros2/turtlebot3_ws/src/vision_opencv/image_geometry -DCMAKE_INSTALL_PREFIX=/home/ros2/turtlebot3_ws/install/image_geometry
[0.731s] -- Found ament_cmake_python: 1.3.5 (/opt/ros/humble/share/ament_cmake_python/cmake)
[0.749s] -- Found ament_cmake_ros: 0.10.0 (/opt/ros/humble/share/ament_cmake_ros/cmake)
[1.826s] -- Override CMake install command with custom implementation using symlinks instead of copying resources
[2.445s] -- Found sensor_msgs: 4.2.3 (/opt/ros/humble/share/sensor_msgs/cmake)
[2.768s] -- Found rosidl_generator_c: 3.1.5 (/opt/ros/humble/share/rosidl_generator_c/cmake)
[2.800s] -- Found rosidl_adapter: 3.1.5 (/opt/ros/humble/share/rosidl_adapter/cmake)
[3.642s] -- Found rosidl_generator_cpp: 3.1.5 (/opt/ros/humble/share/rosidl_generator_cpp/cmake)
[3.811s] -- Using all available rosidl_typesupport_c: rosidl_typesupport_fastrtps_c;rosidl_typesupport_introspection_c
[3.964s] -- Using all available rosidl_typesupport_cpp: rosidl_typesupport_fastrtps_cpp;rosidl_typesupport_introspection_cpp
[4.928s] -- Found gtest sources under '/opt/ros/humble/src/gtest_vendor': C++ tests using 'Google Test' will be built
[5.420s] -- Configuring done
[5.591s] -- Generating done
[5.602s] -- Build files have been written to: /home/ros2/turtlebot3_ws/build/image_geometry
[5.630s] Invoked command in '/home/ros2/turtlebot3_ws/build/image_geometry' returned '0': CMAKE_PREFIX_PATH=${CMAKE_PREFIX_PATH}:/home/ros2/turtlebot3_ws/install/turtlebot3_teleop:/home/ros2/turtlebot3_ws/install/turtlebot3_example:/home/ros2/turtlebot3_ws/install/cv_stuff:/opt/ros/humble /usr/bin/cmake /home/ros2/turtlebot3_ws/src/vision_opencv/image_geometry -DCMAKE_INSTALL_PREFIX=/home/ros2/turtlebot3_ws/install/image_geometry
[5.642s] Invoking command in '/home/ros2/turtlebot3_ws/build/image_geometry': CMAKE_PREFIX_PATH=${CMAKE_PREFIX_PATH}:/home/ros2/turtlebot3_ws/install/turtlebot3_teleop:/home/ros2/turtlebot3_ws/install/turtlebot3_example:/home/ros2/turtlebot3_ws/install/cv_stuff:/opt/ros/humble /usr/bin/cmake --build /home/ros2/turtlebot3_ws/build/image_geometry -- -j4 -l4
[5.823s] [35m[1mConsolidate compiler generated dependencies of target image_geometry[0m
[5.827s] [35m[1mConsolidate compiler generated dependencies of target gtest[0m
[5.854s] [35m[1mConsolidate compiler generated dependencies of target gtest_main[0m
[5.937s] [ 22%] Built target gtest
[5.942s] [ 44%] Built target gtest_main
[5.950s] [ 44%] Built target ament_cmake_python_symlink_image_geometry
[5.953s] [ 77%] Built target image_geometry
[6.006s] [35m[1mConsolidate compiler generated dependencies of target image_geometry-utest[0m
[6.085s] [100%] Built target image_geometry-utest
[6.979s] running egg_info
[6.982s] writing image_geometry.egg-info/PKG-INFO
[6.984s] writing dependency_links to image_geometry.egg-info/dependency_links.txt
[6.985s] writing top-level names to image_geometry.egg-info/top_level.txt
[7.000s] reading manifest file 'image_geometry.egg-info/SOURCES.txt'
[7.034s] writing manifest file 'image_geometry.egg-info/SOURCES.txt'
[7.170s] [100%] Built target ament_cmake_python_build_image_geometry_egg
[7.215s] Invoked command in '/home/ros2/turtlebot3_ws/build/image_geometry' returned '0': CMAKE_PREFIX_PATH=${CMAKE_PREFIX_PATH}:/home/ros2/turtlebot3_ws/install/turtlebot3_teleop:/home/ros2/turtlebot3_ws/install/turtlebot3_example:/home/ros2/turtlebot3_ws/install/cv_stuff:/opt/ros/humble /usr/bin/cmake --build /home/ros2/turtlebot3_ws/build/image_geometry -- -j4 -l4
[7.451s] Invoking command in '/home/ros2/turtlebot3_ws/build/image_geometry': CMAKE_PREFIX_PATH=${CMAKE_PREFIX_PATH}:/home/ros2/turtlebot3_ws/install/turtlebot3_teleop:/home/ros2/turtlebot3_ws/install/turtlebot3_example:/home/ros2/turtlebot3_ws/install/cv_stuff:/opt/ros/humble /usr/bin/cmake --install /home/ros2/turtlebot3_ws/build/image_geometry
[7.481s] -- Install configuration: ""
[7.484s] -- Execute custom install script
[7.486s] -- Up-to-date symlink: /home/ros2/turtlebot3_ws/install/image_geometry/share/image_geometry/environment/pythonpath.sh
[7.487s] -- Up-to-date symlink: /home/ros2/turtlebot3_ws/install/image_geometry/share/image_geometry/environment/pythonpath.dsv
[7.490s] -- Up-to-date symlink: /home/ros2/turtlebot3_ws/install/image_geometry/local/lib/python3.10/dist-packages/image_geometry-3.4.0-py3.10.egg-info/PKG-INFO
[7.491s] -- Up-to-date symlink: /home/ros2/turtlebot3_ws/install/image_geometry/local/lib/python3.10/dist-packages/image_geometry-3.4.0-py3.10.egg-info/SOURCES.txt
[7.493s] -- Up-to-date symlink: /home/ros2/turtlebot3_ws/install/image_geometry/local/lib/python3.10/dist-packages/image_geometry-3.4.0-py3.10.egg-info/dependency_links.txt
[7.495s] -- Up-to-date symlink: /home/ros2/turtlebot3_ws/install/image_geometry/local/lib/python3.10/dist-packages/image_geometry-3.4.0-py3.10.egg-info/top_level.txt
[7.499s] -- Up-to-date symlink: /home/ros2/turtlebot3_ws/install/image_geometry/local/lib/python3.10/dist-packages/image_geometry/__init__.py
[7.501s] -- Up-to-date symlink: /home/ros2/turtlebot3_ws/install/image_geometry/local/lib/python3.10/dist-packages/image_geometry/cameramodels.py
[7.505s] -- Up-to-date symlink: /home/ros2/turtlebot3_ws/install/image_geometry/include/image_geometry/image_geometry/pinhole_camera_model.hpp
[7.507s] -- Up-to-date symlink: /home/ros2/turtlebot3_ws/install/image_geometry/include/image_geometry/image_geometry/stereo_camera_model.hpp
[7.508s] -- Up-to-date symlink: /home/ros2/turtlebot3_ws/install/image_geometry/include/image_geometry/image_geometry/visibility_control.hpp
[7.510s] -- Up-to-date symlink: /home/ros2/turtlebot3_ws/install/image_geometry/share/ament_index/resource_index/package_run_dependencies/image_geometry
[7.512s] -- Up-to-date symlink: /home/ros2/turtlebot3_ws/install/image_geometry/share/ament_index/resource_index/parent_prefix_path/image_geometry
[7.514s] -- Up-to-date symlink: /home/ros2/turtlebot3_ws/install/image_geometry/share/image_geometry/environment/ament_prefix_path.sh
[7.515s] -- Up-to-date symlink: /home/ros2/turtlebot3_ws/install/image_geometry/share/image_geometry/environment/ament_prefix_path.dsv
[7.517s] -- Up-to-date symlink: /home/ros2/turtlebot3_ws/install/image_geometry/share/image_geometry/environment/path.sh
[7.518s] -- Up-to-date symlink: /home/ros2/turtlebot3_ws/install/image_geometry/share/image_geometry/environment/path.dsv
[7.520s] -- Up-to-date symlink: /home/ros2/turtlebot3_ws/install/image_geometry/share/image_geometry/local_setup.bash
[7.523s] -- Up-to-date symlink: /home/ros2/turtlebot3_ws/install/image_geometry/share/image_geometry/local_setup.sh
[7.525s] -- Up-to-date symlink: /home/ros2/turtlebot3_ws/install/image_geometry/share/image_geometry/local_setup.zsh
[7.526s] -- Up-to-date symlink: /home/ros2/turtlebot3_ws/install/image_geometry/share/image_geometry/local_setup.dsv
[7.527s] -- Symlinking: /home/ros2/turtlebot3_ws/install/image_geometry/share/image_geometry/package.dsv
[7.565s] -- Up-to-date symlink: /home/ros2/turtlebot3_ws/install/image_geometry/share/ament_index/resource_index/packages/image_geometry
[7.567s] -- Up-to-date symlink: /home/ros2/turtlebot3_ws/install/image_geometry/share/image_geometry/cmake/ament_cmake_export_targets-extras.cmake
[7.569s] -- Up-to-date symlink: /home/ros2/turtlebot3_ws/install/image_geometry/share/image_geometry/cmake/ament_cmake_export_dependencies-extras.cmake
[7.571s] -- Up-to-date symlink: /home/ros2/turtlebot3_ws/install/image_geometry/share/image_geometry/cmake/image_geometryConfig.cmake
[7.573s] -- Up-to-date symlink: /home/ros2/turtlebot3_ws/install/image_geometry/share/image_geometry/cmake/image_geometryConfig-version.cmake
[7.575s] -- Up-to-date symlink: /home/ros2/turtlebot3_ws/install/image_geometry/share/image_geometry/package.xml
[7.744s] Listing '/home/ros2/turtlebot3_ws/install/image_geometry/local/lib/python3.10/dist-packages/image_geometry'...
[7.773s] -- Up-to-date: /home/ros2/turtlebot3_ws/install/image_geometry/lib/libimage_geometry.so
[7.776s] -- Up-to-date: /home/ros2/turtlebot3_ws/install/image_geometry/share/image_geometry/cmake/export_image_geometryExport.cmake
[7.776s] -- Up-to-date: /home/ros2/turtlebot3_ws/install/image_geometry/share/image_geometry/cmake/export_image_geometryExport-noconfig.cmake
[7.785s] Invoked command in '/home/ros2/turtlebot3_ws/build/image_geometry' returned '0': CMAKE_PREFIX_PATH=${CMAKE_PREFIX_PATH}:/home/ros2/turtlebot3_ws/install/turtlebot3_teleop:/home/ros2/turtlebot3_ws/install/turtlebot3_example:/home/ros2/turtlebot3_ws/install/cv_stuff:/opt/ros/humble /usr/bin/cmake --install /home/ros2/turtlebot3_ws/build/image_geometry
