[0.368s] Invoking command in '/home/ros2/turtlebot3_ws/build/turtlebot3': AMENT_PREFIX_PATH=/home/ros2/turtlebot3_ws/install/turtlebot3_teleop:/home/ros2/turtlebot3_ws/install/turtlebot3_example:/home/ros2/turtlebot3_ws/install/turtlebot3:/home/ros2/turtlebot3_ws/install/turtlebot3_bringup:/home/ros2/turtlebot3_ws/install/turtlebot3_node:/home/ros2/turtlebot3_ws/install/turtlebot3_description:/home/ros2/turtlebot3_ws/install/ld08_driver:/opt/ros/humble CMAKE_PREFIX_PATH=/home/ros2/turtlebot3_ws/install/turtlebot3_bringup:/home/ros2/turtlebot3_ws/install/turtlebot3_node:/home/ros2/turtlebot3_ws/install/turtlebot3_description:/home/ros2/turtlebot3_ws/install/turtlebot3:/home/ros2/turtlebot3_ws/install/ld08_driver:/home/ros2/turtlebot3_ws/install/turtlebot3_teleop:/home/ros2/turtlebot3_ws/install/turtlebot3_example:/opt/ros/humble /usr/bin/cmake --build /home/ros2/turtlebot3_ws/build/turtlebot3 -- -j4 -l4
[0.555s] Invoked command in '/home/ros2/turtlebot3_ws/build/turtlebot3' returned '0': AMENT_PREFIX_PATH=/home/ros2/turtlebot3_ws/install/turtlebot3_teleop:/home/ros2/turtlebot3_ws/install/turtlebot3_example:/home/ros2/turtlebot3_ws/install/turtlebot3:/home/ros2/turtlebot3_ws/install/turtlebot3_bringup:/home/ros2/turtlebot3_ws/install/turtlebot3_node:/home/ros2/turtlebot3_ws/install/turtlebot3_description:/home/ros2/turtlebot3_ws/install/ld08_driver:/opt/ros/humble CMAKE_PREFIX_PATH=/home/ros2/turtlebot3_ws/install/turtlebot3_bringup:/home/ros2/turtlebot3_ws/install/turtlebot3_node:/home/ros2/turtlebot3_ws/install/turtlebot3_description:/home/ros2/turtlebot3_ws/install/turtlebot3:/home/ros2/turtlebot3_ws/install/ld08_driver:/home/ros2/turtlebot3_ws/install/turtlebot3_teleop:/home/ros2/turtlebot3_ws/install/turtlebot3_example:/opt/ros/humble /usr/bin/cmake --build /home/ros2/turtlebot3_ws/build/turtlebot3 -- -j4 -l4
[0.719s] Invoking command in '/home/ros2/turtlebot3_ws/build/turtlebot3': AMENT_PREFIX_PATH=/home/ros2/turtlebot3_ws/install/turtlebot3_teleop:/home/ros2/turtlebot3_ws/install/turtlebot3_example:/home/ros2/turtlebot3_ws/install/turtlebot3:/home/ros2/turtlebot3_ws/install/turtlebot3_bringup:/home/ros2/turtlebot3_ws/install/turtlebot3_node:/home/ros2/turtlebot3_ws/install/turtlebot3_description:/home/ros2/turtlebot3_ws/install/ld08_driver:/opt/ros/humble CMAKE_PREFIX_PATH=/home/ros2/turtlebot3_ws/install/turtlebot3_bringup:/home/ros2/turtlebot3_ws/install/turtlebot3_node:/home/ros2/turtlebot3_ws/install/turtlebot3_description:/home/ros2/turtlebot3_ws/install/turtlebot3:/home/ros2/turtlebot3_ws/install/ld08_driver:/home/ros2/turtlebot3_ws/install/turtlebot3_teleop:/home/ros2/turtlebot3_ws/install/turtlebot3_example:/opt/ros/humble /usr/bin/cmake --install /home/ros2/turtlebot3_ws/build/turtlebot3
[0.768s] -- Install configuration: ""
[0.775s] -- Execute custom install script
[0.778s] -- Up-to-date symlink: /home/ros2/turtlebot3_ws/install/turtlebot3/share/ament_index/resource_index/package_run_dependencies/turtlebot3
[0.782s] -- Up-to-date symlink: /home/ros2/turtlebot3_ws/install/turtlebot3/share/ament_index/resource_index/parent_prefix_path/turtlebot3
[0.786s] -- Up-to-date symlink: /home/ros2/turtlebot3_ws/install/turtlebot3/share/turtlebot3/environment/ament_prefix_path.sh
[0.789s] -- Up-to-date symlink: /home/ros2/turtlebot3_ws/install/turtlebot3/share/turtlebot3/environment/ament_prefix_path.dsv
[0.792s] -- Up-to-date symlink: /home/ros2/turtlebot3_ws/install/turtlebot3/share/turtlebot3/environment/path.sh
[0.795s] -- Up-to-date symlink: /home/ros2/turtlebot3_ws/install/turtlebot3/share/turtlebot3/environment/path.dsv
[0.798s] -- Up-to-date symlink: /home/ros2/turtlebot3_ws/install/turtlebot3/share/turtlebot3/local_setup.bash
[0.800s] -- Up-to-date symlink: /home/ros2/turtlebot3_ws/install/turtlebot3/share/turtlebot3/local_setup.sh
[0.803s] -- Up-to-date symlink: /home/ros2/turtlebot3_ws/install/turtlebot3/share/turtlebot3/local_setup.zsh
[0.805s] -- Up-to-date symlink: /home/ros2/turtlebot3_ws/install/turtlebot3/share/turtlebot3/local_setup.dsv
[0.806s] -- Symlinking: /home/ros2/turtlebot3_ws/install/turtlebot3/share/turtlebot3/package.dsv
[0.862s] -- Up-to-date symlink: /home/ros2/turtlebot3_ws/install/turtlebot3/share/ament_index/resource_index/packages/turtlebot3
[0.863s] -- Up-to-date symlink: /home/ros2/turtlebot3_ws/install/turtlebot3/share/turtlebot3/cmake/turtlebot3Config.cmake
[0.866s] -- Up-to-date symlink: /home/ros2/turtlebot3_ws/install/turtlebot3/share/turtlebot3/cmake/turtlebot3Config-version.cmake
[0.867s] -- Up-to-date symlink: /home/ros2/turtlebot3_ws/install/turtlebot3/share/turtlebot3/package.xml
[0.882s] Invoked command in '/home/ros2/turtlebot3_ws/build/turtlebot3' returned '0': AMENT_PREFIX_PATH=/home/ros2/turtlebot3_ws/install/turtlebot3_teleop:/home/ros2/turtlebot3_ws/install/turtlebot3_example:/home/ros2/turtlebot3_ws/install/turtlebot3:/home/ros2/turtlebot3_ws/install/turtlebot3_bringup:/home/ros2/turtlebot3_ws/install/turtlebot3_node:/home/ros2/turtlebot3_ws/install/turtlebot3_description:/home/ros2/turtlebot3_ws/install/ld08_driver:/opt/ros/humble CMAKE_PREFIX_PATH=/home/ros2/turtlebot3_ws/install/turtlebot3_bringup:/home/ros2/turtlebot3_ws/install/turtlebot3_node:/home/ros2/turtlebot3_ws/install/turtlebot3_description:/home/ros2/turtlebot3_ws/install/turtlebot3:/home/ros2/turtlebot3_ws/install/ld08_driver:/home/ros2/turtlebot3_ws/install/turtlebot3_teleop:/home/ros2/turtlebot3_ws/install/turtlebot3_example:/opt/ros/humble /usr/bin/cmake --install /home/ros2/turtlebot3_ws/build/turtlebot3
