[0.279s] Invoking command in '/home/ros2/turtlebot3_ws/build/vision_opencv': CMAKE_PREFIX_PATH=/home/ros2/turtlebot3_ws/install/image_geometry:/home/ros2/turtlebot3_ws/install/cv_bridge:/home/ros2/turtlebot3_ws/install/turtlebot3:/home/ros2/turtlebot3_ws/install/turtlebot3_bringup:/home/ros2/turtlebot3_ws/install/turtlebot3_node:/home/ros2/turtlebot3_ws/install/turtlebot3_description:/home/ros2/turtlebot3_ws/install/ld08_driver:/home/ros2/turtlebot3_ws/install/turtlebot3_teleop:/home/ros2/turtlebot3_ws/install/turtlebot3_example:/home/ros2/turtlebot3_ws/install/cv_stuff:/opt/ros/humble LD_LIBRARY_PATH=/home/ros2/turtlebot3_ws/install/image_geometry/lib:/home/ros2/turtlebot3_ws/install/cv_bridge/lib:/opt/ros/humble/lib/aarch64-linux-gnu:/opt/ros/humble/lib /usr/bin/cmake /home/ros2/turtlebot3_ws/src/vision_opencv/vision_opencv -DCMAKE_INSTALL_PREFIX=/home/ros2/turtlebot3_ws/install/vision_opencv
[1.041s] -- The C compiler identification is GNU 11.4.0
[1.320s] -- The CXX compiler identification is GNU 11.4.0
[1.360s] -- Detecting C compiler ABI info
[1.730s] -- Detecting C compiler ABI info - done
[1.757s] -- Check for working C compiler: /usr/bin/cc - skipped
[1.760s] -- Detecting C compile features
[1.762s] -- Detecting C compile features - done
[1.775s] -- Detecting CXX compiler ABI info
[2.162s] -- Detecting CXX compiler ABI info - done
[2.189s] -- Check for working CXX compiler: /usr/bin/c++ - skipped
[2.189s] -- Detecting CXX compile features
[2.191s] -- Detecting CXX compile features - done
[2.232s] -- Found ament_cmake: 1.3.5 (/opt/ros/humble/share/ament_cmake/cmake)
[3.083s] -- Found Python3: /usr/bin/python3.10 (found version "3.10.12") found components: Interpreter 
[4.046s] -- Configuring done
[4.063s] -- Generating done
[4.067s] -- Build files have been written to: /home/ros2/turtlebot3_ws/build/vision_opencv
[4.083s] Invoked command in '/home/ros2/turtlebot3_ws/build/vision_opencv' returned '0': CMAKE_PREFIX_PATH=/home/ros2/turtlebot3_ws/install/image_geometry:/home/ros2/turtlebot3_ws/install/cv_bridge:/home/ros2/turtlebot3_ws/install/turtlebot3:/home/ros2/turtlebot3_ws/install/turtlebot3_bringup:/home/ros2/turtlebot3_ws/install/turtlebot3_node:/home/ros2/turtlebot3_ws/install/turtlebot3_description:/home/ros2/turtlebot3_ws/install/ld08_driver:/home/ros2/turtlebot3_ws/install/turtlebot3_teleop:/home/ros2/turtlebot3_ws/install/turtlebot3_example:/home/ros2/turtlebot3_ws/install/cv_stuff:/opt/ros/humble LD_LIBRARY_PATH=/home/ros2/turtlebot3_ws/install/image_geometry/lib:/home/ros2/turtlebot3_ws/install/cv_bridge/lib:/opt/ros/humble/lib/aarch64-linux-gnu:/opt/ros/humble/lib /usr/bin/cmake /home/ros2/turtlebot3_ws/src/vision_opencv/vision_opencv -DCMAKE_INSTALL_PREFIX=/home/ros2/turtlebot3_ws/install/vision_opencv
[4.091s] Invoking command in '/home/ros2/turtlebot3_ws/build/vision_opencv': CMAKE_PREFIX_PATH=/home/ros2/turtlebot3_ws/install/image_geometry:/home/ros2/turtlebot3_ws/install/cv_bridge:/home/ros2/turtlebot3_ws/install/turtlebot3:/home/ros2/turtlebot3_ws/install/turtlebot3_bringup:/home/ros2/turtlebot3_ws/install/turtlebot3_node:/home/ros2/turtlebot3_ws/install/turtlebot3_description:/home/ros2/turtlebot3_ws/install/ld08_driver:/home/ros2/turtlebot3_ws/install/turtlebot3_teleop:/home/ros2/turtlebot3_ws/install/turtlebot3_example:/home/ros2/turtlebot3_ws/install/cv_stuff:/opt/ros/humble LD_LIBRARY_PATH=/home/ros2/turtlebot3_ws/install/image_geometry/lib:/home/ros2/turtlebot3_ws/install/cv_bridge/lib:/opt/ros/humble/lib/aarch64-linux-gnu:/opt/ros/humble/lib /usr/bin/cmake --build /home/ros2/turtlebot3_ws/build/vision_opencv -- -j4 -l4
[4.249s] Invoked command in '/home/ros2/turtlebot3_ws/build/vision_opencv' returned '0': CMAKE_PREFIX_PATH=/home/ros2/turtlebot3_ws/install/image_geometry:/home/ros2/turtlebot3_ws/install/cv_bridge:/home/ros2/turtlebot3_ws/install/turtlebot3:/home/ros2/turtlebot3_ws/install/turtlebot3_bringup:/home/ros2/turtlebot3_ws/install/turtlebot3_node:/home/ros2/turtlebot3_ws/install/turtlebot3_description:/home/ros2/turtlebot3_ws/install/ld08_driver:/home/ros2/turtlebot3_ws/install/turtlebot3_teleop:/home/ros2/turtlebot3_ws/install/turtlebot3_example:/home/ros2/turtlebot3_ws/install/cv_stuff:/opt/ros/humble LD_LIBRARY_PATH=/home/ros2/turtlebot3_ws/install/image_geometry/lib:/home/ros2/turtlebot3_ws/install/cv_bridge/lib:/opt/ros/humble/lib/aarch64-linux-gnu:/opt/ros/humble/lib /usr/bin/cmake --build /home/ros2/turtlebot3_ws/build/vision_opencv -- -j4 -l4
[4.382s] Invoking command in '/home/ros2/turtlebot3_ws/build/vision_opencv': CMAKE_PREFIX_PATH=/home/ros2/turtlebot3_ws/install/image_geometry:/home/ros2/turtlebot3_ws/install/cv_bridge:/home/ros2/turtlebot3_ws/install/turtlebot3:/home/ros2/turtlebot3_ws/install/turtlebot3_bringup:/home/ros2/turtlebot3_ws/install/turtlebot3_node:/home/ros2/turtlebot3_ws/install/turtlebot3_description:/home/ros2/turtlebot3_ws/install/ld08_driver:/home/ros2/turtlebot3_ws/install/turtlebot3_teleop:/home/ros2/turtlebot3_ws/install/turtlebot3_example:/home/ros2/turtlebot3_ws/install/cv_stuff:/opt/ros/humble LD_LIBRARY_PATH=/home/ros2/turtlebot3_ws/install/image_geometry/lib:/home/ros2/turtlebot3_ws/install/cv_bridge/lib:/opt/ros/humble/lib/aarch64-linux-gnu:/opt/ros/humble/lib /usr/bin/cmake --install /home/ros2/turtlebot3_ws/build/vision_opencv
[4.412s] -- Install configuration: ""
[4.413s] -- Installing: /home/ros2/turtlebot3_ws/install/vision_opencv/share/ament_index/resource_index/package_run_dependencies/vision_opencv
[4.414s] -- Installing: /home/ros2/turtlebot3_ws/install/vision_opencv/share/ament_index/resource_index/parent_prefix_path/vision_opencv
[4.416s] -- Installing: /home/ros2/turtlebot3_ws/install/vision_opencv/share/vision_opencv/environment/ament_prefix_path.sh
[4.417s] -- Installing: /home/ros2/turtlebot3_ws/install/vision_opencv/share/vision_opencv/environment/ament_prefix_path.dsv
[4.419s] -- Installing: /home/ros2/turtlebot3_ws/install/vision_opencv/share/vision_opencv/environment/path.sh
[4.420s] -- Installing: /home/ros2/turtlebot3_ws/install/vision_opencv/share/vision_opencv/environment/path.dsv
[4.421s] -- Installing: /home/ros2/turtlebot3_ws/install/vision_opencv/share/vision_opencv/local_setup.bash
[4.422s] -- Installing: /home/ros2/turtlebot3_ws/install/vision_opencv/share/vision_opencv/local_setup.sh
[4.424s] -- Installing: /home/ros2/turtlebot3_ws/install/vision_opencv/share/vision_opencv/local_setup.zsh
[4.425s] -- Installing: /home/ros2/turtlebot3_ws/install/vision_opencv/share/vision_opencv/local_setup.dsv
[4.427s] -- Installing: /home/ros2/turtlebot3_ws/install/vision_opencv/share/vision_opencv/package.dsv
[4.429s] -- Installing: /home/ros2/turtlebot3_ws/install/vision_opencv/share/ament_index/resource_index/packages/vision_opencv
[4.431s] -- Installing: /home/ros2/turtlebot3_ws/install/vision_opencv/share/vision_opencv/cmake/vision_opencvConfig.cmake
[4.432s] -- Installing: /home/ros2/turtlebot3_ws/install/vision_opencv/share/vision_opencv/cmake/vision_opencvConfig-version.cmake
[4.434s] -- Installing: /home/ros2/turtlebot3_ws/install/vision_opencv/share/vision_opencv/package.xml
[4.440s] Invoked command in '/home/ros2/turtlebot3_ws/build/vision_opencv' returned '0': CMAKE_PREFIX_PATH=/home/ros2/turtlebot3_ws/install/image_geometry:/home/ros2/turtlebot3_ws/install/cv_bridge:/home/ros2/turtlebot3_ws/install/turtlebot3:/home/ros2/turtlebot3_ws/install/turtlebot3_bringup:/home/ros2/turtlebot3_ws/install/turtlebot3_node:/home/ros2/turtlebot3_ws/install/turtlebot3_description:/home/ros2/turtlebot3_ws/install/ld08_driver:/home/ros2/turtlebot3_ws/install/turtlebot3_teleop:/home/ros2/turtlebot3_ws/install/turtlebot3_example:/home/ros2/turtlebot3_ws/install/cv_stuff:/opt/ros/humble LD_LIBRARY_PATH=/home/ros2/turtlebot3_ws/install/image_geometry/lib:/home/ros2/turtlebot3_ws/install/cv_bridge/lib:/opt/ros/humble/lib/aarch64-linux-gnu:/opt/ros/humble/lib /usr/bin/cmake --install /home/ros2/turtlebot3_ws/build/vision_opencv
