[0.200s] Invoking command in '/home/ros2/turtlebot3_ws/build/ld08_driver': CMAKE_PREFIX_PATH=/opt/ros/humble /usr/bin/cmake /home/ros2/turtlebot3_ws/src/ld08_driver -DAMENT_CMAKE_SYMLINK_INSTALL=1 -DCMAKE_INSTALL_PREFIX=/home/ros2/turtlebot3_ws/install/ld08_driver
[0.467s] -- The C compiler identification is GNU 11.4.0
[0.729s] -- The CXX compiler identification is GNU 11.4.0
[0.761s] -- Detecting C compiler ABI info
[1.089s] -- Detecting C compiler ABI info - done
[1.117s] -- Check for working C compiler: /usr/bin/cc - skipped
[1.117s] -- Detecting C compile features
[1.119s] -- Detecting C compile features - done
[1.130s] -- Detecting CXX compiler ABI info
[1.485s] -- Detecting CXX compiler ABI info - done
[1.512s] -- Check for working CXX compiler: /usr/bin/c++ - skipped
[1.513s] -- Detecting CXX compile features
[1.515s] -- Detecting CXX compile features - done
[1.535s] -- Found ament_cmake: 1.3.5 (/opt/ros/humble/share/ament_cmake/cmake)
[2.246s] -- Found Python3: /usr/bin/python3.10 (found version "3.10.12") found components: Interpreter 
[2.536s] -- Override CMake install command with custom implementation using symlinks instead of copying resources
[2.739s] -- Found rclcpp: 16.0.6 (/opt/ros/humble/share/rclcpp/cmake)
[3.135s] -- Found rosidl_generator_c: 3.1.5 (/opt/ros/humble/share/rosidl_generator_c/cmake)
[3.182s] -- Found rosidl_adapter: 3.1.5 (/opt/ros/humble/share/rosidl_adapter/cmake)
[3.250s] -- Found rosidl_generator_cpp: 3.1.5 (/opt/ros/humble/share/rosidl_generator_cpp/cmake)
[3.355s] -- Using all available rosidl_typesupport_c: rosidl_typesupport_fastrtps_c;rosidl_typesupport_introspection_c
[3.495s] -- Using all available rosidl_typesupport_cpp: rosidl_typesupport_fastrtps_cpp;rosidl_typesupport_introspection_cpp
[3.942s] -- Found rmw_implementation_cmake: 6.1.1 (/opt/ros/humble/share/rmw_implementation_cmake/cmake)
[3.968s] -- Found rmw_fastrtps_cpp: 6.2.4 (/opt/ros/humble/share/rmw_fastrtps_cpp/cmake)
[4.647s] -- Found OpenSSL: /usr/lib/aarch64-linux-gnu/libcrypto.so (found version "3.0.2")  
[4.817s] -- Found FastRTPS: /opt/ros/humble/include  
[5.114s] -- Using RMW implementation 'rmw_fastrtps_cpp' as default
[5.217s] -- Looking for pthread.h
[5.569s] -- Looking for pthread.h - found
[5.572s] -- Performing Test CMAKE_HAVE_LIBC_PTHREAD
[5.935s] -- Performing Test CMAKE_HAVE_LIBC_PTHREAD - Success
[5.940s] -- Found Threads: TRUE  
[6.704s] -- Found sensor_msgs: 4.2.3 (/opt/ros/humble/share/sensor_msgs/cmake)
[7.320s] -- Found Boost: /usr/lib/aarch64-linux-gnu/cmake/Boost-1.74.0/BoostConfig.cmake (found version "1.74.0") found components: system 
[7.966s] -- Found ament_lint_auto: 0.12.8 (/opt/ros/humble/share/ament_lint_auto/cmake)
[8.317s] -- Configuring done
[8.380s] -- Generating done
[8.387s] -- Build files have been written to: /home/ros2/turtlebot3_ws/build/ld08_driver
[8.432s] Invoked command in '/home/ros2/turtlebot3_ws/build/ld08_driver' returned '0': CMAKE_PREFIX_PATH=/opt/ros/humble /usr/bin/cmake /home/ros2/turtlebot3_ws/src/ld08_driver -DAMENT_CMAKE_SYMLINK_INSTALL=1 -DCMAKE_INSTALL_PREFIX=/home/ros2/turtlebot3_ws/install/ld08_driver
[8.440s] Invoking command in '/home/ros2/turtlebot3_ws/build/ld08_driver': CMAKE_PREFIX_PATH=/opt/ros/humble /usr/bin/cmake --build /home/ros2/turtlebot3_ws/build/ld08_driver -- -j4 -l4
[8.658s] [ 33%] [32mBuilding CXX object CMakeFiles/ld08_driver.dir/src/cmd_interface_linux.cpp.o[0m
[8.660s] [ 33%] [32mBuilding CXX object CMakeFiles/ld08_driver.dir/src/lipkg.cpp.o[0m
[8.668s] [ 50%] [32mBuilding CXX object CMakeFiles/ld08_driver.dir/src/main.cpp.o[0m
[8.675s] [ 66%] [32mBuilding CXX object CMakeFiles/ld08_driver.dir/src/slbf.cpp.o[0m
[13.653s] [ 83%] [32mBuilding CXX object CMakeFiles/ld08_driver.dir/src/transform.cpp.o[0m
[31.516s] [01m[K/home/ros2/turtlebot3_ws/src/ld08_driver/src/transform.cpp:[m[K In constructor ‘[01m[KSlTransform::SlTransform(LDVersion, bool)[m[K’:
[31.517s] [01m[K/home/ros2/turtlebot3_ws/src/ld08_driver/src/transform.cpp:30:50:[m[K [01;35m[Kwarning: [m[Kunused parameter ‘[01m[Kto_right_hand[m[K’ [[01;35m[K]8;;https://gcc.gnu.org/onlinedocs/gcc/Warning-Options.html#index-Wunused-parameter-Wunused-parameter]8;;[m[K]
[31.518s]    30 | SlTransform::SlTransform(LDVersion version, [01;35m[Kbool to_right_hand[m[K)
[31.519s]       |                                             [01;35m[K~~~~~^~~~~~~~~~~~~[m[K
[36.865s] [100%] [32m[1mLinking CXX executable ld08_driver[0m
[38.255s] [100%] Built target ld08_driver
[38.301s] Invoked command in '/home/ros2/turtlebot3_ws/build/ld08_driver' returned '0': CMAKE_PREFIX_PATH=/opt/ros/humble /usr/bin/cmake --build /home/ros2/turtlebot3_ws/build/ld08_driver -- -j4 -l4
[38.495s] Invoking command in '/home/ros2/turtlebot3_ws/build/ld08_driver': CMAKE_PREFIX_PATH=/opt/ros/humble /usr/bin/cmake --install /home/ros2/turtlebot3_ws/build/ld08_driver
[38.523s] -- Install configuration: ""
[38.526s] -- Execute custom install script
[38.529s] -- Symlinking: /home/ros2/turtlebot3_ws/install/ld08_driver/share/ld08_driver/launch/ld08.launch.py
[38.564s] -- Symlinking: /home/ros2/turtlebot3_ws/install/ld08_driver/lib/ld08_driver/ld08_driver
[38.599s] -- Symlinking: /home/ros2/turtlebot3_ws/install/ld08_driver/share/ament_index/resource_index/package_run_dependencies/ld08_driver
[38.632s] -- Symlinking: /home/ros2/turtlebot3_ws/install/ld08_driver/share/ament_index/resource_index/parent_prefix_path/ld08_driver
[38.666s] -- Symlinking: /home/ros2/turtlebot3_ws/install/ld08_driver/share/ld08_driver/environment/ament_prefix_path.sh
[38.699s] -- Symlinking: /home/ros2/turtlebot3_ws/install/ld08_driver/share/ld08_driver/environment/ament_prefix_path.dsv
[38.732s] -- Symlinking: /home/ros2/turtlebot3_ws/install/ld08_driver/share/ld08_driver/environment/path.sh
[38.765s] -- Symlinking: /home/ros2/turtlebot3_ws/install/ld08_driver/share/ld08_driver/environment/path.dsv
[38.800s] -- Symlinking: /home/ros2/turtlebot3_ws/install/ld08_driver/share/ld08_driver/local_setup.bash
[38.832s] -- Symlinking: /home/ros2/turtlebot3_ws/install/ld08_driver/share/ld08_driver/local_setup.sh
[38.864s] -- Symlinking: /home/ros2/turtlebot3_ws/install/ld08_driver/share/ld08_driver/local_setup.zsh
[38.899s] -- Symlinking: /home/ros2/turtlebot3_ws/install/ld08_driver/share/ld08_driver/local_setup.dsv
[38.931s] -- Symlinking: /home/ros2/turtlebot3_ws/install/ld08_driver/share/ld08_driver/package.dsv
[38.963s] -- Symlinking: /home/ros2/turtlebot3_ws/install/ld08_driver/share/ament_index/resource_index/packages/ld08_driver
[38.999s] -- Symlinking: /home/ros2/turtlebot3_ws/install/ld08_driver/share/ld08_driver/cmake/ament_cmake_export_dependencies-extras.cmake
[39.031s] -- Symlinking: /home/ros2/turtlebot3_ws/install/ld08_driver/share/ld08_driver/cmake/ament_cmake_export_include_directories-extras.cmake
[39.065s] -- Symlinking: /home/ros2/turtlebot3_ws/install/ld08_driver/share/ld08_driver/cmake/ld08_driverConfig.cmake
[39.099s] -- Symlinking: /home/ros2/turtlebot3_ws/install/ld08_driver/share/ld08_driver/cmake/ld08_driverConfig-version.cmake
[39.131s] -- Symlinking: /home/ros2/turtlebot3_ws/install/ld08_driver/share/ld08_driver/package.xml
[39.169s] Invoked command in '/home/ros2/turtlebot3_ws/build/ld08_driver' returned '0': CMAKE_PREFIX_PATH=/opt/ros/humble /usr/bin/cmake --install /home/ros2/turtlebot3_ws/build/ld08_driver
