[3.478s] DEBUG:colcon:Command line arguments: ['/usr/bin/colcon', 'build', '--packages-select', 'sound_player']
[3.478s] DEBUG:colcon:Parsed command line arguments: Namespace(log_base=None, log_level=None, verb_name='build', build_base='build', install_base='install', merge_install=False, symlink_install=False, test_result_base=None, continue_on_error=False, executor='parallel', parallel_workers=4, event_handlers=None, ignore_user_meta=False, metas=['./colcon.meta'], base_paths=['.'], packages_ignore=None, packages_ignore_regex=None, paths=None, packages_up_to=None, packages_up_to_regex=None, packages_above=None, packages_above_and_dependencies=None, packages_above_depth=None, packages_select_by_dep=None, packages_skip_by_dep=None, packages_skip_up_to=None, packages_select_build_failed=False, packages_skip_build_finished=False, packages_select_test_failures=False, packages_skip_test_passed=False, packages_select=['sound_player'], packages_skip=None, packages_select_regex=None, packages_skip_regex=None, packages_start=None, packages_end=None, allow_overriding=[], cmake_args=None, cmake_target=None, cmake_target_skip_unavailable=False, cmake_clean_cache=False, cmake_clean_first=False, cmake_force_configure=False, ament_cmake_args=None, catkin_cmake_args=None, catkin_skip_building_tests=False, verb_parser=<colcon_defaults.argument_parser.defaults.DefaultArgumentsDecorator object at 0xffff8995fa30>, verb_extension=<colcon_core.verb.build.BuildVerb object at 0xffff89eac4c0>, main=<bound method BuildVerb.main of <colcon_core.verb.build.BuildVerb object at 0xffff89eac4c0>>)
[3.654s] Level 1:colcon.colcon_core.package_discovery:discover_packages(colcon_meta) check parameters
[3.655s] Level 1:colcon.colcon_core.package_discovery:discover_packages(recursive) check parameters
[3.655s] Level 1:colcon.colcon_core.package_discovery:discover_packages(ignore) check parameters
[3.655s] Level 1:colcon.colcon_core.package_discovery:discover_packages(path) check parameters
[3.655s] Level 1:colcon.colcon_core.package_discovery:discover_packages(colcon_meta) discover
[3.655s] Level 1:colcon.colcon_core.package_discovery:discover_packages(recursive) discover
[3.655s] INFO:colcon.colcon_core.package_discovery:Crawling recursively for packages in '/home/maddy/turtlebot3_ws'
[3.656s] Level 1:colcon.colcon_core.package_identification:_identify(.) by extensions ['ignore', 'ignore_ament_install']
[3.656s] Level 1:colcon.colcon_core.package_identification:_identify(.) by extension 'ignore'
[3.657s] Level 1:colcon.colcon_core.package_identification:_identify(.) by extension 'ignore_ament_install'
[3.657s] Level 1:colcon.colcon_core.package_identification:_identify(.) by extensions ['colcon_pkg']
[3.657s] Level 1:colcon.colcon_core.package_identification:_identify(.) by extension 'colcon_pkg'
[3.657s] Level 1:colcon.colcon_core.package_identification:_identify(.) by extensions ['colcon_meta']
[3.657s] Level 1:colcon.colcon_core.package_identification:_identify(.) by extension 'colcon_meta'
[3.657s] Level 1:colcon.colcon_core.package_identification:_identify(.) by extensions ['ros']
[3.657s] Level 1:colcon.colcon_core.package_identification:_identify(.) by extension 'ros'
[3.704s] Level 1:colcon.colcon_core.package_identification:_identify(.) by extensions ['cmake', 'python']
[3.704s] Level 1:colcon.colcon_core.package_identification:_identify(.) by extension 'cmake'
[3.704s] Level 1:colcon.colcon_core.package_identification:_identify(.) by extension 'python'
[3.705s] Level 1:colcon.colcon_core.package_identification:_identify(.) by extensions ['python_setup_py']
[3.705s] Level 1:colcon.colcon_core.package_identification:_identify(.) by extension 'python_setup_py'
[3.705s] Level 1:colcon.colcon_core.package_identification:_identify(build) by extensions ['ignore', 'ignore_ament_install']
[3.706s] Level 1:colcon.colcon_core.package_identification:_identify(build) by extension 'ignore'
[3.706s] Level 1:colcon.colcon_core.package_identification:_identify(build) ignored
[3.707s] Level 1:colcon.colcon_core.package_identification:_identify(install) by extensions ['ignore', 'ignore_ament_install']
[3.707s] Level 1:colcon.colcon_core.package_identification:_identify(install) by extension 'ignore'
[3.707s] Level 1:colcon.colcon_core.package_identification:_identify(install) ignored
[3.708s] Level 1:colcon.colcon_core.package_identification:_identify(log) by extensions ['ignore', 'ignore_ament_install']
[3.708s] Level 1:colcon.colcon_core.package_identification:_identify(log) by extension 'ignore'
[3.709s] Level 1:colcon.colcon_core.package_identification:_identify(log) ignored
[3.709s] Level 1:colcon.colcon_core.package_identification:_identify(src) by extensions ['ignore', 'ignore_ament_install']
[3.709s] Level 1:colcon.colcon_core.package_identification:_identify(src) by extension 'ignore'
[3.709s] Level 1:colcon.colcon_core.package_identification:_identify(src) by extension 'ignore_ament_install'
[3.710s] Level 1:colcon.colcon_core.package_identification:_identify(src) by extensions ['colcon_pkg']
[3.710s] Level 1:colcon.colcon_core.package_identification:_identify(src) by extension 'colcon_pkg'
[3.710s] Level 1:colcon.colcon_core.package_identification:_identify(src) by extensions ['colcon_meta']
[3.710s] Level 1:colcon.colcon_core.package_identification:_identify(src) by extension 'colcon_meta'
[3.710s] Level 1:colcon.colcon_core.package_identification:_identify(src) by extensions ['ros']
[3.710s] Level 1:colcon.colcon_core.package_identification:_identify(src) by extension 'ros'
[3.711s] Level 1:colcon.colcon_core.package_identification:_identify(src) by extensions ['cmake', 'python']
[3.711s] Level 1:colcon.colcon_core.package_identification:_identify(src) by extension 'cmake'
[3.711s] Level 1:colcon.colcon_core.package_identification:_identify(src) by extension 'python'
[3.711s] Level 1:colcon.colcon_core.package_identification:_identify(src) by extensions ['python_setup_py']
[3.711s] Level 1:colcon.colcon_core.package_identification:_identify(src) by extension 'python_setup_py'
[3.712s] Level 1:colcon.colcon_core.package_identification:_identify(src/cv_stuff) by extensions ['ignore', 'ignore_ament_install']
[3.712s] Level 1:colcon.colcon_core.package_identification:_identify(src/cv_stuff) by extension 'ignore'
[3.712s] Level 1:colcon.colcon_core.package_identification:_identify(src/cv_stuff) by extension 'ignore_ament_install'
[3.712s] Level 1:colcon.colcon_core.package_identification:_identify(src/cv_stuff) by extensions ['colcon_pkg']
[3.712s] Level 1:colcon.colcon_core.package_identification:_identify(src/cv_stuff) by extension 'colcon_pkg'
[3.713s] Level 1:colcon.colcon_core.package_identification:_identify(src/cv_stuff) by extensions ['colcon_meta']
[3.713s] Level 1:colcon.colcon_core.package_identification:_identify(src/cv_stuff) by extension 'colcon_meta'
[3.713s] Level 1:colcon.colcon_core.package_identification:_identify(src/cv_stuff) by extensions ['ros']
[3.713s] Level 1:colcon.colcon_core.package_identification:_identify(src/cv_stuff) by extension 'ros'
[3.723s] DEBUG:colcon.colcon_core.package_identification:Package 'src/cv_stuff' with type 'ros.ament_python' and name 'cv_stuff'
[3.723s] Level 1:colcon.colcon_core.package_identification:_identify(src/image_pub) by extensions ['ignore', 'ignore_ament_install']
[3.724s] Level 1:colcon.colcon_core.package_identification:_identify(src/image_pub) by extension 'ignore'
[3.724s] Level 1:colcon.colcon_core.package_identification:_identify(src/image_pub) by extension 'ignore_ament_install'
[3.724s] Level 1:colcon.colcon_core.package_identification:_identify(src/image_pub) by extensions ['colcon_pkg']
[3.724s] Level 1:colcon.colcon_core.package_identification:_identify(src/image_pub) by extension 'colcon_pkg'
[3.725s] Level 1:colcon.colcon_core.package_identification:_identify(src/image_pub) by extensions ['colcon_meta']
[3.725s] Level 1:colcon.colcon_core.package_identification:_identify(src/image_pub) by extension 'colcon_meta'
[3.725s] Level 1:colcon.colcon_core.package_identification:_identify(src/image_pub) by extensions ['ros']
[3.725s] Level 1:colcon.colcon_core.package_identification:_identify(src/image_pub) by extension 'ros'
[3.727s] DEBUG:colcon.colcon_core.package_identification:Package 'src/image_pub' with type 'ros.ament_python' and name 'image_pub'
[3.727s] Level 1:colcon.colcon_core.package_identification:_identify(src/ld08_driver) by extensions ['ignore', 'ignore_ament_install']
[3.728s] Level 1:colcon.colcon_core.package_identification:_identify(src/ld08_driver) by extension 'ignore'
[3.728s] Level 1:colcon.colcon_core.package_identification:_identify(src/ld08_driver) by extension 'ignore_ament_install'
[3.728s] Level 1:colcon.colcon_core.package_identification:_identify(src/ld08_driver) by extensions ['colcon_pkg']
[3.728s] Level 1:colcon.colcon_core.package_identification:_identify(src/ld08_driver) by extension 'colcon_pkg'
[3.729s] Level 1:colcon.colcon_core.package_identification:_identify(src/ld08_driver) by extensions ['colcon_meta']
[3.729s] Level 1:colcon.colcon_core.package_identification:_identify(src/ld08_driver) by extension 'colcon_meta'
[3.729s] Level 1:colcon.colcon_core.package_identification:_identify(src/ld08_driver) by extensions ['ros']
[3.729s] Level 1:colcon.colcon_core.package_identification:_identify(src/ld08_driver) by extension 'ros'
[3.731s] DEBUG:colcon.colcon_core.package_identification:Package 'src/ld08_driver' with type 'ros.ament_cmake' and name 'ld08_driver'
[3.732s] Level 1:colcon.colcon_core.package_identification:_identify(src/sound_player) by extensions ['ignore', 'ignore_ament_install']
[3.732s] Level 1:colcon.colcon_core.package_identification:_identify(src/sound_player) by extension 'ignore'
[3.733s] Level 1:colcon.colcon_core.package_identification:_identify(src/sound_player) by extension 'ignore_ament_install'
[3.733s] Level 1:colcon.colcon_core.package_identification:_identify(src/sound_player) by extensions ['colcon_pkg']
[3.733s] Level 1:colcon.colcon_core.package_identification:_identify(src/sound_player) by extension 'colcon_pkg'
[3.733s] Level 1:colcon.colcon_core.package_identification:_identify(src/sound_player) by extensions ['colcon_meta']
[3.733s] Level 1:colcon.colcon_core.package_identification:_identify(src/sound_player) by extension 'colcon_meta'
[3.733s] Level 1:colcon.colcon_core.package_identification:_identify(src/sound_player) by extensions ['ros']
[3.734s] Level 1:colcon.colcon_core.package_identification:_identify(src/sound_player) by extension 'ros'
[3.736s] DEBUG:colcon.colcon_core.package_identification:Package 'src/sound_player' with type 'ros.ament_python' and name 'sound_player'
[3.737s] Level 1:colcon.colcon_core.package_identification:_identify(src/turtlebot3) by extensions ['ignore', 'ignore_ament_install']
[3.737s] Level 1:colcon.colcon_core.package_identification:_identify(src/turtlebot3) by extension 'ignore'
[3.737s] Level 1:colcon.colcon_core.package_identification:_identify(src/turtlebot3) by extension 'ignore_ament_install'
[3.737s] Level 1:colcon.colcon_core.package_identification:_identify(src/turtlebot3) by extensions ['colcon_pkg']
[3.737s] Level 1:colcon.colcon_core.package_identification:_identify(src/turtlebot3) by extension 'colcon_pkg'
[3.738s] Level 1:colcon.colcon_core.package_identification:_identify(src/turtlebot3) by extensions ['colcon_meta']
[3.738s] Level 1:colcon.colcon_core.package_identification:_identify(src/turtlebot3) by extension 'colcon_meta'
[3.738s] Level 1:colcon.colcon_core.package_identification:_identify(src/turtlebot3) by extensions ['ros']
[3.738s] Level 1:colcon.colcon_core.package_identification:_identify(src/turtlebot3) by extension 'ros'
[3.738s] Level 1:colcon.colcon_core.package_identification:_identify(src/turtlebot3) by extensions ['cmake', 'python']
[3.738s] Level 1:colcon.colcon_core.package_identification:_identify(src/turtlebot3) by extension 'cmake'
[3.739s] Level 1:colcon.colcon_core.package_identification:_identify(src/turtlebot3) by extension 'python'
[3.739s] Level 1:colcon.colcon_core.package_identification:_identify(src/turtlebot3) by extensions ['python_setup_py']
[3.739s] Level 1:colcon.colcon_core.package_identification:_identify(src/turtlebot3) by extension 'python_setup_py'
[3.739s] Level 1:colcon.colcon_core.package_identification:_identify(src/turtlebot3/turtlebot3) by extensions ['ignore', 'ignore_ament_install']
[3.740s] Level 1:colcon.colcon_core.package_identification:_identify(src/turtlebot3/turtlebot3) by extension 'ignore'
[3.740s] Level 1:colcon.colcon_core.package_identification:_identify(src/turtlebot3/turtlebot3) by extension 'ignore_ament_install'
[3.740s] Level 1:colcon.colcon_core.package_identification:_identify(src/turtlebot3/turtlebot3) by extensions ['colcon_pkg']
[3.740s] Level 1:colcon.colcon_core.package_identification:_identify(src/turtlebot3/turtlebot3) by extension 'colcon_pkg'
[3.740s] Level 1:colcon.colcon_core.package_identification:_identify(src/turtlebot3/turtlebot3) by extensions ['colcon_meta']
[3.741s] Level 1:colcon.colcon_core.package_identification:_identify(src/turtlebot3/turtlebot3) by extension 'colcon_meta'
[3.741s] Level 1:colcon.colcon_core.package_identification:_identify(src/turtlebot3/turtlebot3) by extensions ['ros']
[3.741s] Level 1:colcon.colcon_core.package_identification:_identify(src/turtlebot3/turtlebot3) by extension 'ros'
[3.743s] DEBUG:colcon.colcon_core.package_identification:Package 'src/turtlebot3/turtlebot3' with type 'ros.ament_cmake' and name 'turtlebot3'
[3.744s] Level 1:colcon.colcon_core.package_identification:_identify(src/turtlebot3/turtlebot3_bringup) by extensions ['ignore', 'ignore_ament_install']
[3.744s] Level 1:colcon.colcon_core.package_identification:_identify(src/turtlebot3/turtlebot3_bringup) by extension 'ignore'
[3.745s] Level 1:colcon.colcon_core.package_identification:_identify(src/turtlebot3/turtlebot3_bringup) by extension 'ignore_ament_install'
[3.745s] Level 1:colcon.colcon_core.package_identification:_identify(src/turtlebot3/turtlebot3_bringup) by extensions ['colcon_pkg']
[3.745s] Level 1:colcon.colcon_core.package_identification:_identify(src/turtlebot3/turtlebot3_bringup) by extension 'colcon_pkg'
[3.745s] Level 1:colcon.colcon_core.package_identification:_identify(src/turtlebot3/turtlebot3_bringup) by extensions ['colcon_meta']
[3.745s] Level 1:colcon.colcon_core.package_identification:_identify(src/turtlebot3/turtlebot3_bringup) by extension 'colcon_meta'
[3.745s] Level 1:colcon.colcon_core.package_identification:_identify(src/turtlebot3/turtlebot3_bringup) by extensions ['ros']
[3.746s] Level 1:colcon.colcon_core.package_identification:_identify(src/turtlebot3/turtlebot3_bringup) by extension 'ros'
[3.748s] DEBUG:colcon.colcon_core.package_identification:Package 'src/turtlebot3/turtlebot3_bringup' with type 'ros.ament_cmake' and name 'turtlebot3_bringup'
[3.748s] Level 1:colcon.colcon_core.package_identification:_identify(src/turtlebot3/turtlebot3_description) by extensions ['ignore', 'ignore_ament_install']
[3.749s] Level 1:colcon.colcon_core.package_identification:_identify(src/turtlebot3/turtlebot3_description) by extension 'ignore'
[3.749s] Level 1:colcon.colcon_core.package_identification:_identify(src/turtlebot3/turtlebot3_description) by extension 'ignore_ament_install'
[3.749s] Level 1:colcon.colcon_core.package_identification:_identify(src/turtlebot3/turtlebot3_description) by extensions ['colcon_pkg']
[3.749s] Level 1:colcon.colcon_core.package_identification:_identify(src/turtlebot3/turtlebot3_description) by extension 'colcon_pkg'
[3.749s] Level 1:colcon.colcon_core.package_identification:_identify(src/turtlebot3/turtlebot3_description) by extensions ['colcon_meta']
[3.750s] Level 1:colcon.colcon_core.package_identification:_identify(src/turtlebot3/turtlebot3_description) by extension 'colcon_meta'
[3.750s] Level 1:colcon.colcon_core.package_identification:_identify(src/turtlebot3/turtlebot3_description) by extensions ['ros']
[3.750s] Level 1:colcon.colcon_core.package_identification:_identify(src/turtlebot3/turtlebot3_description) by extension 'ros'
[3.752s] DEBUG:colcon.colcon_core.package_identification:Package 'src/turtlebot3/turtlebot3_description' with type 'ros.ament_cmake' and name 'turtlebot3_description'
[3.753s] Level 1:colcon.colcon_core.package_identification:_identify(src/turtlebot3/turtlebot3_example) by extensions ['ignore', 'ignore_ament_install']
[3.753s] Level 1:colcon.colcon_core.package_identification:_identify(src/turtlebot3/turtlebot3_example) by extension 'ignore'
[3.753s] Level 1:colcon.colcon_core.package_identification:_identify(src/turtlebot3/turtlebot3_example) by extension 'ignore_ament_install'
[3.754s] Level 1:colcon.colcon_core.package_identification:_identify(src/turtlebot3/turtlebot3_example) by extensions ['colcon_pkg']
[3.754s] Level 1:colcon.colcon_core.package_identification:_identify(src/turtlebot3/turtlebot3_example) by extension 'colcon_pkg'
[3.754s] Level 1:colcon.colcon_core.package_identification:_identify(src/turtlebot3/turtlebot3_example) by extensions ['colcon_meta']
[3.754s] Level 1:colcon.colcon_core.package_identification:_identify(src/turtlebot3/turtlebot3_example) by extension 'colcon_meta'
[3.754s] Level 1:colcon.colcon_core.package_identification:_identify(src/turtlebot3/turtlebot3_example) by extensions ['ros']
[3.754s] Level 1:colcon.colcon_core.package_identification:_identify(src/turtlebot3/turtlebot3_example) by extension 'ros'
[3.758s] DEBUG:colcon.colcon_core.package_identification:Package 'src/turtlebot3/turtlebot3_example' with type 'ros.ament_python' and name 'turtlebot3_example'
[3.758s] Level 1:colcon.colcon_core.package_identification:_identify(src/turtlebot3/turtlebot3_node) by extensions ['ignore', 'ignore_ament_install']
[3.759s] Level 1:colcon.colcon_core.package_identification:_identify(src/turtlebot3/turtlebot3_node) by extension 'ignore'
[3.759s] Level 1:colcon.colcon_core.package_identification:_identify(src/turtlebot3/turtlebot3_node) by extension 'ignore_ament_install'
[3.759s] Level 1:colcon.colcon_core.package_identification:_identify(src/turtlebot3/turtlebot3_node) by extensions ['colcon_pkg']
[3.759s] Level 1:colcon.colcon_core.package_identification:_identify(src/turtlebot3/turtlebot3_node) by extension 'colcon_pkg'
[3.759s] Level 1:colcon.colcon_core.package_identification:_identify(src/turtlebot3/turtlebot3_node) by extensions ['colcon_meta']
[3.759s] Level 1:colcon.colcon_core.package_identification:_identify(src/turtlebot3/turtlebot3_node) by extension 'colcon_meta'
[3.760s] Level 1:colcon.colcon_core.package_identification:_identify(src/turtlebot3/turtlebot3_node) by extensions ['ros']
[3.760s] Level 1:colcon.colcon_core.package_identification:_identify(src/turtlebot3/turtlebot3_node) by extension 'ros'
[3.765s] DEBUG:colcon.colcon_core.package_identification:Package 'src/turtlebot3/turtlebot3_node' with type 'ros.ament_cmake' and name 'turtlebot3_node'
[3.766s] Level 1:colcon.colcon_core.package_identification:_identify(src/turtlebot3/turtlebot3_teleop) by extensions ['ignore', 'ignore_ament_install']
[3.766s] Level 1:colcon.colcon_core.package_identification:_identify(src/turtlebot3/turtlebot3_teleop) by extension 'ignore'
[3.767s] Level 1:colcon.colcon_core.package_identification:_identify(src/turtlebot3/turtlebot3_teleop) by extension 'ignore_ament_install'
[3.767s] Level 1:colcon.colcon_core.package_identification:_identify(src/turtlebot3/turtlebot3_teleop) by extensions ['colcon_pkg']
[3.767s] Level 1:colcon.colcon_core.package_identification:_identify(src/turtlebot3/turtlebot3_teleop) by extension 'colcon_pkg'
[3.767s] Level 1:colcon.colcon_core.package_identification:_identify(src/turtlebot3/turtlebot3_teleop) by extensions ['colcon_meta']
[3.767s] Level 1:colcon.colcon_core.package_identification:_identify(src/turtlebot3/turtlebot3_teleop) by extension 'colcon_meta'
[3.767s] Level 1:colcon.colcon_core.package_identification:_identify(src/turtlebot3/turtlebot3_teleop) by extensions ['ros']
[3.768s] Level 1:colcon.colcon_core.package_identification:_identify(src/turtlebot3/turtlebot3_teleop) by extension 'ros'
[3.769s] DEBUG:colcon.colcon_core.package_identification:Package 'src/turtlebot3/turtlebot3_teleop' with type 'ros.ament_python' and name 'turtlebot3_teleop'
[3.770s] Level 1:colcon.colcon_core.package_identification:_identify(src/vision_opencv) by extensions ['ignore', 'ignore_ament_install']
[3.770s] Level 1:colcon.colcon_core.package_identification:_identify(src/vision_opencv) by extension 'ignore'
[3.771s] Level 1:colcon.colcon_core.package_identification:_identify(src/vision_opencv) by extension 'ignore_ament_install'
[3.771s] Level 1:colcon.colcon_core.package_identification:_identify(src/vision_opencv) by extensions ['colcon_pkg']
[3.771s] Level 1:colcon.colcon_core.package_identification:_identify(src/vision_opencv) by extension 'colcon_pkg'
[3.771s] Level 1:colcon.colcon_core.package_identification:_identify(src/vision_opencv) by extensions ['colcon_meta']
[3.771s] Level 1:colcon.colcon_core.package_identification:_identify(src/vision_opencv) by extension 'colcon_meta'
[3.771s] Level 1:colcon.colcon_core.package_identification:_identify(src/vision_opencv) by extensions ['ros']
[3.772s] Level 1:colcon.colcon_core.package_identification:_identify(src/vision_opencv) by extension 'ros'
[3.772s] Level 1:colcon.colcon_core.package_identification:_identify(src/vision_opencv) by extensions ['cmake', 'python']
[3.772s] Level 1:colcon.colcon_core.package_identification:_identify(src/vision_opencv) by extension 'cmake'
[3.772s] Level 1:colcon.colcon_core.package_identification:_identify(src/vision_opencv) by extension 'python'
[3.772s] Level 1:colcon.colcon_core.package_identification:_identify(src/vision_opencv) by extensions ['python_setup_py']
[3.773s] Level 1:colcon.colcon_core.package_identification:_identify(src/vision_opencv) by extension 'python_setup_py'
[3.773s] Level 1:colcon.colcon_core.package_identification:_identify(src/vision_opencv/cv_bridge) by extensions ['ignore', 'ignore_ament_install']
[3.773s] Level 1:colcon.colcon_core.package_identification:_identify(src/vision_opencv/cv_bridge) by extension 'ignore'
[3.774s] Level 1:colcon.colcon_core.package_identification:_identify(src/vision_opencv/cv_bridge) by extension 'ignore_ament_install'
[3.774s] Level 1:colcon.colcon_core.package_identification:_identify(src/vision_opencv/cv_bridge) by extensions ['colcon_pkg']
[3.774s] Level 1:colcon.colcon_core.package_identification:_identify(src/vision_opencv/cv_bridge) by extension 'colcon_pkg'
[3.774s] Level 1:colcon.colcon_core.package_identification:_identify(src/vision_opencv/cv_bridge) by extensions ['colcon_meta']
[3.774s] Level 1:colcon.colcon_core.package_identification:_identify(src/vision_opencv/cv_bridge) by extension 'colcon_meta'
[3.774s] Level 1:colcon.colcon_core.package_identification:_identify(src/vision_opencv/cv_bridge) by extensions ['ros']
[3.774s] Level 1:colcon.colcon_core.package_identification:_identify(src/vision_opencv/cv_bridge) by extension 'ros'
[3.778s] DEBUG:colcon.colcon_core.package_identification:Package 'src/vision_opencv/cv_bridge' with type 'ros.ament_cmake' and name 'cv_bridge'
[3.779s] Level 1:colcon.colcon_core.package_identification:_identify(src/vision_opencv/image_geometry) by extensions ['ignore', 'ignore_ament_install']
[3.779s] Level 1:colcon.colcon_core.package_identification:_identify(src/vision_opencv/image_geometry) by extension 'ignore'
[3.780s] Level 1:colcon.colcon_core.package_identification:_identify(src/vision_opencv/image_geometry) by extension 'ignore_ament_install'
[3.780s] Level 1:colcon.colcon_core.package_identification:_identify(src/vision_opencv/image_geometry) by extensions ['colcon_pkg']
[3.780s] Level 1:colcon.colcon_core.package_identification:_identify(src/vision_opencv/image_geometry) by extension 'colcon_pkg'
[3.780s] Level 1:colcon.colcon_core.package_identification:_identify(src/vision_opencv/image_geometry) by extensions ['colcon_meta']
[3.780s] Level 1:colcon.colcon_core.package_identification:_identify(src/vision_opencv/image_geometry) by extension 'colcon_meta'
[3.781s] Level 1:colcon.colcon_core.package_identification:_identify(src/vision_opencv/image_geometry) by extensions ['ros']
[3.781s] Level 1:colcon.colcon_core.package_identification:_identify(src/vision_opencv/image_geometry) by extension 'ros'
[3.783s] DEBUG:colcon.colcon_core.package_identification:Package 'src/vision_opencv/image_geometry' with type 'ros.ament_cmake' and name 'image_geometry'
[3.784s] Level 1:colcon.colcon_core.package_identification:_identify(src/vision_opencv/opencv_tests) by extensions ['ignore', 'ignore_ament_install']
[3.784s] Level 1:colcon.colcon_core.package_identification:_identify(src/vision_opencv/opencv_tests) by extension 'ignore'
[3.784s] Level 1:colcon.colcon_core.package_identification:_identify(src/vision_opencv/opencv_tests) by extension 'ignore_ament_install'
[3.785s] Level 1:colcon.colcon_core.package_identification:_identify(src/vision_opencv/opencv_tests) by extensions ['colcon_pkg']
[3.785s] Level 1:colcon.colcon_core.package_identification:_identify(src/vision_opencv/opencv_tests) by extension 'colcon_pkg'
[3.785s] Level 1:colcon.colcon_core.package_identification:_identify(src/vision_opencv/opencv_tests) by extensions ['colcon_meta']
[3.785s] Level 1:colcon.colcon_core.package_identification:_identify(src/vision_opencv/opencv_tests) by extension 'colcon_meta'
[3.785s] Level 1:colcon.colcon_core.package_identification:_identify(src/vision_opencv/opencv_tests) by extensions ['ros']
[3.785s] Level 1:colcon.colcon_core.package_identification:_identify(src/vision_opencv/opencv_tests) by extension 'ros'
[3.788s] DEBUG:colcon.colcon_core.package_identification:Package 'src/vision_opencv/opencv_tests' with type 'ros.ament_python' and name 'opencv_tests'
[3.788s] Level 1:colcon.colcon_core.package_identification:_identify(src/vision_opencv/vision_opencv) by extensions ['ignore', 'ignore_ament_install']
[3.789s] Level 1:colcon.colcon_core.package_identification:_identify(src/vision_opencv/vision_opencv) by extension 'ignore'
[3.789s] Level 1:colcon.colcon_core.package_identification:_identify(src/vision_opencv/vision_opencv) by extension 'ignore_ament_install'
[3.789s] Level 1:colcon.colcon_core.package_identification:_identify(src/vision_opencv/vision_opencv) by extensions ['colcon_pkg']
[3.789s] Level 1:colcon.colcon_core.package_identification:_identify(src/vision_opencv/vision_opencv) by extension 'colcon_pkg'
[3.789s] Level 1:colcon.colcon_core.package_identification:_identify(src/vision_opencv/vision_opencv) by extensions ['colcon_meta']
[3.789s] Level 1:colcon.colcon_core.package_identification:_identify(src/vision_opencv/vision_opencv) by extension 'colcon_meta'
[3.790s] Level 1:colcon.colcon_core.package_identification:_identify(src/vision_opencv/vision_opencv) by extensions ['ros']
[3.790s] Level 1:colcon.colcon_core.package_identification:_identify(src/vision_opencv/vision_opencv) by extension 'ros'
[3.792s] DEBUG:colcon.colcon_core.package_identification:Package 'src/vision_opencv/vision_opencv' with type 'ros.ament_cmake' and name 'vision_opencv'
[3.792s] Level 1:colcon.colcon_core.package_discovery:discover_packages(recursive) using defaults
[3.792s] Level 1:colcon.colcon_core.package_discovery:discover_packages(ignore) discover
[3.793s] Level 1:colcon.colcon_core.package_discovery:discover_packages(ignore) using defaults
[3.793s] Level 1:colcon.colcon_core.package_discovery:discover_packages(path) discover
[3.793s] Level 1:colcon.colcon_core.package_discovery:discover_packages(path) using defaults
[4.024s] INFO:colcon.colcon_core.package_selection:Skipping not selected package 'cv_bridge' in 'src/vision_opencv/cv_bridge'
[4.025s] INFO:colcon.colcon_core.package_selection:Skipping not selected package 'image_geometry' in 'src/vision_opencv/image_geometry'
[4.025s] INFO:colcon.colcon_core.package_selection:Skipping not selected package 'image_pub' in 'src/image_pub'
[4.025s] INFO:colcon.colcon_core.package_selection:Skipping not selected package 'ld08_driver' in 'src/ld08_driver'
[4.025s] INFO:colcon.colcon_core.package_selection:Skipping not selected package 'turtlebot3_description' in 'src/turtlebot3/turtlebot3_description'
[4.025s] INFO:colcon.colcon_core.package_selection:Skipping not selected package 'turtlebot3_example' in 'src/turtlebot3/turtlebot3_example'
[4.025s] INFO:colcon.colcon_core.package_selection:Skipping not selected package 'turtlebot3_node' in 'src/turtlebot3/turtlebot3_node'
[4.025s] INFO:colcon.colcon_core.package_selection:Skipping not selected package 'turtlebot3_teleop' in 'src/turtlebot3/turtlebot3_teleop'
[4.025s] INFO:colcon.colcon_core.package_selection:Skipping not selected package 'cv_stuff' in 'src/cv_stuff'
[4.026s] INFO:colcon.colcon_core.package_selection:Skipping not selected package 'opencv_tests' in 'src/vision_opencv/opencv_tests'
[4.026s] INFO:colcon.colcon_core.package_selection:Skipping not selected package 'turtlebot3_bringup' in 'src/turtlebot3/turtlebot3_bringup'
[4.026s] INFO:colcon.colcon_core.package_selection:Skipping not selected package 'vision_opencv' in 'src/vision_opencv/vision_opencv'
[4.026s] INFO:colcon.colcon_core.package_selection:Skipping not selected package 'turtlebot3' in 'src/turtlebot3/turtlebot3'
[4.120s] Level 1:colcon.colcon_core.package_discovery:discover_packages(prefix_path) check parameters
[4.120s] Level 1:colcon.colcon_core.package_discovery:discover_packages(prefix_path) discover
[4.227s] DEBUG:colcon.colcon_installed_package_information.package_discovery:Found 20 installed packages in /home/maddy/turtlebot3_ws/install
[4.281s] DEBUG:colcon.colcon_installed_package_information.package_discovery:Found 184 installed packages in /opt/ros/humble
[4.286s] Level 1:colcon.colcon_core.package_discovery:discover_packages(prefix_path) using defaults
[4.507s] WARNING:colcon.colcon_core.package_selection:Some selected packages are already built in one or more underlay workspaces:
	'sound_player' is in: /home/maddy/turtlebot3_ws/install/sound_player
If a package in a merged underlay workspace is overridden and it installs headers, then all packages in the overlay must sort their include directories by workspace order. Failure to do so may result in build failures or undefined behavior at run time.
If the overridden package is used by another package in any underlay, then the overriding package in the overlay must be API and ABI compatible or undefined behavior at run time may occur.

If you understand the risks and want to override a package anyways, add the following to the command line:
	--allow-overriding sound_player

This may be promoted to an error in a future release of colcon-override-check.
[4.558s] Level 5:colcon.colcon_core.verb:set package 'sound_player' build argument 'cmake_args' from command line to 'None'
[4.558s] Level 5:colcon.colcon_core.verb:set package 'sound_player' build argument 'cmake_target' from command line to 'None'
[4.558s] Level 5:colcon.colcon_core.verb:set package 'sound_player' build argument 'cmake_target_skip_unavailable' from command line to 'False'
[4.558s] Level 5:colcon.colcon_core.verb:set package 'sound_player' build argument 'cmake_clean_cache' from command line to 'False'
[4.558s] Level 5:colcon.colcon_core.verb:set package 'sound_player' build argument 'cmake_clean_first' from command line to 'False'
[4.559s] Level 5:colcon.colcon_core.verb:set package 'sound_player' build argument 'cmake_force_configure' from command line to 'False'
[4.559s] Level 5:colcon.colcon_core.verb:set package 'sound_player' build argument 'ament_cmake_args' from command line to 'None'
[4.559s] Level 5:colcon.colcon_core.verb:set package 'sound_player' build argument 'catkin_cmake_args' from command line to 'None'
[4.559s] Level 5:colcon.colcon_core.verb:set package 'sound_player' build argument 'catkin_skip_building_tests' from command line to 'False'
[4.559s] DEBUG:colcon.colcon_core.verb:Building package 'sound_player' with the following arguments: {'ament_cmake_args': None, 'build_base': '/home/maddy/turtlebot3_ws/build/sound_player', 'catkin_cmake_args': None, 'catkin_skip_building_tests': False, 'cmake_args': None, 'cmake_clean_cache': False, 'cmake_clean_first': False, 'cmake_force_configure': False, 'cmake_target': None, 'cmake_target_skip_unavailable': False, 'install_base': '/home/maddy/turtlebot3_ws/install/sound_player', 'merge_install': False, 'path': '/home/maddy/turtlebot3_ws/src/sound_player', 'symlink_install': False, 'test_result_base': None}
[4.606s] INFO:colcon.colcon_core.executor:Executing jobs using 'parallel' executor
[4.656s] DEBUG:colcon.colcon_parallel_executor.executor.parallel:run_until_complete
[4.657s] INFO:colcon.colcon_ros.task.ament_python.build:Building ROS package in '/home/maddy/turtlebot3_ws/src/sound_player' with build type 'ament_python'
[4.658s] Level 1:colcon.colcon_core.shell:create_environment_hook('sound_player', 'ament_prefix_path')
[4.717s] INFO:colcon.colcon_core.plugin_system:Skipping extension 'colcon_core.shell.bat': Not used on non-Windows systems
[4.718s] INFO:colcon.colcon_core.shell:Creating environment hook '/home/maddy/turtlebot3_ws/install/sound_player/share/sound_player/hook/ament_prefix_path.ps1'
[4.721s] INFO:colcon.colcon_core.shell:Creating environment descriptor '/home/maddy/turtlebot3_ws/install/sound_player/share/sound_player/hook/ament_prefix_path.dsv'
[4.722s] INFO:colcon.colcon_core.shell:Creating environment hook '/home/maddy/turtlebot3_ws/install/sound_player/share/sound_player/hook/ament_prefix_path.sh'
[4.774s] INFO:colcon.colcon_core.shell:Skip shell extension 'powershell' for command environment: Not usable outside of PowerShell
[4.774s] DEBUG:colcon.colcon_core.shell:Skip shell extension 'dsv' for command environment
[5.989s] INFO:colcon.colcon_core.task.python.build:Building Python package in '/home/maddy/turtlebot3_ws/src/sound_player'
[6.041s] INFO:colcon.colcon_core.shell:Skip shell extension 'powershell' for command environment: Not usable outside of PowerShell
[6.041s] DEBUG:colcon.colcon_core.shell:Skip shell extension 'dsv' for command environment
[7.663s] DEBUG:colcon.colcon_core.event_handler.log_command:Invoking command in '/home/maddy/turtlebot3_ws/src/sound_player': PYTHONPATH=/home/maddy/turtlebot3_ws/build/sound_player/prefix_override:/home/maddy/turtlebot3_ws/install/sound_player/lib/python3.10/site-packages:${PYTHONPATH} /usr/bin/python3 setup.py egg_info --egg-base ../../build/sound_player build --build-base /home/maddy/turtlebot3_ws/build/sound_player/build install --record /home/maddy/turtlebot3_ws/build/sound_player/install.log --single-version-externally-managed
[8.876s] DEBUG:colcon.colcon_core.event_handler.log_command:Invoked command in '/home/maddy/turtlebot3_ws/src/sound_player' returned '0': PYTHONPATH=/home/maddy/turtlebot3_ws/build/sound_player/prefix_override:/home/maddy/turtlebot3_ws/install/sound_player/lib/python3.10/site-packages:${PYTHONPATH} /usr/bin/python3 setup.py egg_info --egg-base ../../build/sound_player build --build-base /home/maddy/turtlebot3_ws/build/sound_player/build install --record /home/maddy/turtlebot3_ws/build/sound_player/install.log --single-version-externally-managed
[8.941s] Level 1:colcon.colcon_core.environment:checking '/home/maddy/turtlebot3_ws/install/sound_player' for CMake module files
[8.944s] Level 1:colcon.colcon_core.environment:checking '/home/maddy/turtlebot3_ws/install/sound_player' for CMake config files
[8.947s] Level 1:colcon.colcon_core.environment:checking '/home/maddy/turtlebot3_ws/install/sound_player/lib'
[8.948s] Level 1:colcon.colcon_core.environment:checking '/home/maddy/turtlebot3_ws/install/sound_player/bin'
[8.949s] Level 1:colcon.colcon_core.environment:checking '/home/maddy/turtlebot3_ws/install/sound_player/lib/pkgconfig/sound_player.pc'
[8.950s] Level 1:colcon.colcon_core.environment:checking '/home/maddy/turtlebot3_ws/install/sound_player/lib/python3.10/site-packages'
[8.950s] Level 1:colcon.colcon_core.shell:create_environment_hook('sound_player', 'pythonpath')
[8.999s] INFO:colcon.colcon_core.shell:Creating environment hook '/home/maddy/turtlebot3_ws/install/sound_player/share/sound_player/hook/pythonpath.ps1'
[9.001s] INFO:colcon.colcon_core.shell:Creating environment descriptor '/home/maddy/turtlebot3_ws/install/sound_player/share/sound_player/hook/pythonpath.dsv'
[9.003s] INFO:colcon.colcon_core.shell:Creating environment hook '/home/maddy/turtlebot3_ws/install/sound_player/share/sound_player/hook/pythonpath.sh'
[9.005s] Level 1:colcon.colcon_core.environment:checking '/home/maddy/turtlebot3_ws/install/sound_player/bin'
[9.006s] Level 1:colcon.colcon_core.environment:create_environment_scripts_only(sound_player)
[9.054s] INFO:colcon.colcon_core.shell:Creating package script '/home/maddy/turtlebot3_ws/install/sound_player/share/sound_player/package.ps1'
[9.057s] INFO:colcon.colcon_core.shell:Creating package descriptor '/home/maddy/turtlebot3_ws/install/sound_player/share/sound_player/package.dsv'
[9.060s] INFO:colcon.colcon_core.shell:Creating package script '/home/maddy/turtlebot3_ws/install/sound_player/share/sound_player/package.sh'
[9.063s] INFO:colcon.colcon_core.shell:Creating package script '/home/maddy/turtlebot3_ws/install/sound_player/share/sound_player/package.bash'
[9.066s] INFO:colcon.colcon_core.shell:Creating package script '/home/maddy/turtlebot3_ws/install/sound_player/share/sound_player/package.zsh'
[9.069s] Level 1:colcon.colcon_core.environment:create_file_with_runtime_dependencies(/home/maddy/turtlebot3_ws/install/sound_player/share/colcon-core/packages/sound_player)
[9.071s] DEBUG:colcon.colcon_parallel_executor.executor.parallel:closing loop
[9.072s] DEBUG:colcon.colcon_parallel_executor.executor.parallel:loop closed
[9.072s] DEBUG:colcon.colcon_parallel_executor.executor.parallel:run_until_complete finished with '0'
[9.073s] DEBUG:colcon.colcon_core.event_reactor:joining thread
[9.144s] INFO:colcon.colcon_core.plugin_system:Skipping extension 'colcon_notification.desktop_notification.notify_send': Could not find 'notify-send'
[9.144s] INFO:colcon.colcon_core.plugin_system:Skipping extension 'colcon_notification.desktop_notification.terminal_notifier': Not used on non-Darwin systems
[9.145s] INFO:colcon.colcon_core.plugin_system:Skipping extension 'colcon_notification.desktop_notification.win32': Not used on non-Windows systems
[9.145s] INFO:colcon.colcon_notification.desktop_notification:Sending desktop notification using 'notify2'
[9.148s] DEBUG:colcon.colcon_notification.desktop_notification.notify2:Failed to initialize notify2: org.freedesktop.DBus.Error.ServiceUnknown: The name org.freedesktop.Notifications was not provided by any .service files
[9.148s] DEBUG:colcon.colcon_core.event_reactor:joined thread
[9.201s] INFO:colcon.colcon_core.shell:Creating prefix script '/home/maddy/turtlebot3_ws/install/local_setup.ps1'
[9.205s] INFO:colcon.colcon_core.shell:Creating prefix util module '/home/maddy/turtlebot3_ws/install/_local_setup_util_ps1.py'
[9.210s] INFO:colcon.colcon_core.shell:Creating prefix chain script '/home/maddy/turtlebot3_ws/install/setup.ps1'
[9.265s] INFO:colcon.colcon_core.shell:Creating prefix script '/home/maddy/turtlebot3_ws/install/local_setup.sh'
[9.268s] INFO:colcon.colcon_core.shell:Creating prefix util module '/home/maddy/turtlebot3_ws/install/_local_setup_util_sh.py'
[9.270s] INFO:colcon.colcon_core.shell:Creating prefix chain script '/home/maddy/turtlebot3_ws/install/setup.sh'
[9.326s] INFO:colcon.colcon_core.shell:Creating prefix script '/home/maddy/turtlebot3_ws/install/local_setup.bash'
[9.328s] INFO:colcon.colcon_core.shell:Creating prefix chain script '/home/maddy/turtlebot3_ws/install/setup.bash'
[9.383s] INFO:colcon.colcon_core.shell:Creating prefix script '/home/maddy/turtlebot3_ws/install/local_setup.zsh'
[9.385s] INFO:colcon.colcon_core.shell:Creating prefix chain script '/home/maddy/turtlebot3_ws/install/setup.zsh'
