[4.008s] Invoking command in '/home/maddy/turtlebot3_ws/src/mic_startup': PYTHONPATH=/home/maddy/turtlebot3_ws/build/mic_startup/prefix_override:/home/maddy/turtlebot3_ws/install/mic_startup/lib/python3.10/site-packages:${PYTHONPATH} /usr/bin/python3 setup.py egg_info --egg-base ../../build/mic_startup build --build-base /home/maddy/turtlebot3_ws/build/mic_startup/build install --record /home/maddy/turtlebot3_ws/build/mic_startup/install.log --single-version-externally-managed
[5.119s] running egg_info
[5.122s] writing ../../build/mic_startup/mic_startup.egg-info/PKG-INFO
[5.124s] writing dependency_links to ../../build/mic_startup/mic_startup.egg-info/dependency_links.txt
[5.125s] writing entry points to ../../build/mic_startup/mic_startup.egg-info/entry_points.txt
[5.126s] writing requirements to ../../build/mic_startup/mic_startup.egg-info/requires.txt
[5.126s] writing top-level names to ../../build/mic_startup/mic_startup.egg-info/top_level.txt
[5.135s] reading manifest file '../../build/mic_startup/mic_startup.egg-info/SOURCES.txt'
[5.141s] writing manifest file '../../build/mic_startup/mic_startup.egg-info/SOURCES.txt'
[5.141s] running build
[5.142s] running build_py
[5.146s] copying mic_startup/speech_converter.py -> /home/maddy/turtlebot3_ws/build/mic_startup/build/lib/mic_startup
[5.149s] running install
[5.151s] /usr/lib/python3/dist-packages/setuptools/command/install.py:34: SetuptoolsDeprecationWarning: setup.py install is deprecated. Use build and pip and other standards-based tools.
[5.151s]   warnings.warn(
[5.152s] running install_lib
[5.157s] copying /home/maddy/turtlebot3_ws/build/mic_startup/build/lib/mic_startup/speech_converter.py -> /home/maddy/turtlebot3_ws/install/mic_startup/lib/python3.10/site-packages/mic_startup
[5.161s] byte-compiling /home/maddy/turtlebot3_ws/install/mic_startup/lib/python3.10/site-packages/mic_startup/speech_converter.py to speech_converter.cpython-310.pyc
[5.165s] running install_data
[5.167s] running install_egg_info
[5.174s] removing '/home/maddy/turtlebot3_ws/install/mic_startup/lib/python3.10/site-packages/mic_startup-0.0.0-py3.10.egg-info' (and everything under it)
[5.176s] Copying ../../build/mic_startup/mic_startup.egg-info to /home/maddy/turtlebot3_ws/install/mic_startup/lib/python3.10/site-packages/mic_startup-0.0.0-py3.10.egg-info
[5.182s] running install_scripts
[5.266s] Installing mic_access script to /home/maddy/turtlebot3_ws/install/mic_startup/lib/mic_startup
[5.268s] writing list of installed files to '/home/maddy/turtlebot3_ws/build/mic_startup/install.log'
[5.384s] Invoked command in '/home/maddy/turtlebot3_ws/src/mic_startup' returned '0': PYTHONPATH=/home/maddy/turtlebot3_ws/build/mic_startup/prefix_override:/home/maddy/turtlebot3_ws/install/mic_startup/lib/python3.10/site-packages:${PYTHONPATH} /usr/bin/python3 setup.py egg_info --egg-base ../../build/mic_startup build --build-base /home/maddy/turtlebot3_ws/build/mic_startup/build install --record /home/maddy/turtlebot3_ws/build/mic_startup/install.log --single-version-externally-managed
