[0.244s] Invoking command in '/home/maddy/turtlebot3_ws/build/sound_play': AMENT_PREFIX_PATH=/home/maddy/turtlebot3_ws/install/audio_common_msgs:${AMENT_PREFIX_PATH} CMAKE_PREFIX_PATH=/home/maddy/turtlebot3_ws/install/audio_common_msgs:/home/maddy/turtlebot3_ws/install/vision_opencv:/home/maddy/turtlebot3_ws/install/turtlebot3:/home/maddy/turtlebot3_ws/install/turtlebot3_bringup:/home/maddy/turtlebot3_ws/install/turtlebot3_node:/home/maddy/turtlebot3_ws/install/turtlebot3_description:/home/maddy/turtlebot3_ws/install/ld08_driver:/home/maddy/turtlebot3_ws/install/image_geometry:/home/maddy/turtlebot3_ws/install/cv_bridge:/home/maddy/turtlebot3_ws/install/turtlebot3_teleop:/home/maddy/turtlebot3_ws/install/turtlebot3_example:/home/maddy/turtlebot3_ws/install/opencv_tests:/home/maddy/turtlebot3_ws/install/cv_stuff:/opt/ros/humble LD_LIBRARY_PATH=/home/maddy/turtlebot3_ws/install/audio_common_msgs/lib:${LD_LIBRARY_PATH} PYTHONPATH=/home/maddy/turtlebot3_ws/install/audio_common_msgs/local/lib/python3.10/dist-packages:${PYTHONPATH} /usr/bin/cmake /home/maddy/turtlebot3_ws/src/audio_common/sound_play -DCMAKE_INSTALL_PREFIX=/home/maddy/turtlebot3_ws/install/sound_play
[0.288s] -- Found ament_cmake: 1.3.5 (/opt/ros/humble/share/ament_cmake/cmake)
[1.075s] -- Found rosidl_default_generators: 1.2.0 (/opt/ros/humble/share/rosidl_default_generators/cmake)
[1.088s] -- Using all available rosidl_typesupport_c: rosidl_typesupport_fastrtps_c;rosidl_typesupport_introspection_c
[1.099s] -- Found rosidl_adapter: 3.1.5 (/opt/ros/humble/share/rosidl_adapter/cmake)
[1.248s] -- Using all available rosidl_typesupport_cpp: rosidl_typesupport_fastrtps_cpp;rosidl_typesupport_introspection_cpp
[1.360s] -- Found audio_common_msgs: 0.3.12 (/home/maddy/turtlebot3_ws/install/audio_common_msgs/share/audio_common_msgs/cmake)
[1.820s] -- Found action_msgs: 1.2.1 (/opt/ros/humble/share/action_msgs/cmake)
[3.401s] -- Found ament_cmake_ros: 0.10.0 (/opt/ros/humble/share/ament_cmake_ros/cmake)
[4.473s] -- Using all available rosidl_typesupport_c: rosidl_typesupport_fastrtps_c;rosidl_typesupport_introspection_c
[5.863s] -- Using all available rosidl_typesupport_cpp: rosidl_typesupport_fastrtps_cpp;rosidl_typesupport_introspection_cpp
[5.973s] -- Found python_cmake_module: 0.10.0 (/opt/ros/humble/share/python_cmake_module/cmake)
[6.082s] -- Using PYTHON_EXECUTABLE: /usr/bin/python3
[6.082s] -- Using PYTHON_INCLUDE_DIRS: /usr/include/python3.10
[6.082s] -- Using PYTHON_LIBRARIES: /usr/lib/aarch64-linux-gnu/libpython3.10.so
[6.239s] [31mCMake Error at /opt/ros/humble/share/ament_cmake_python/cmake/ament_python_install_package.cmake:122 (add_custom_target):
[6.239s]   add_custom_target cannot create target "ament_cmake_python_copy_sound_play"
[6.240s]   because another target with the same name already exists.  The existing
[6.240s]   target is a custom target created in source directory
[6.240s]   "/home/maddy/turtlebot3_ws/src/audio_common/sound_play".  See documentation
[6.241s]   for policy CMP0002 for more details.
[6.241s] Call Stack (most recent call first):
[6.241s]   /opt/ros/humble/share/ament_cmake_python/cmake/ament_python_install_package.cmake:39 (_ament_cmake_python_install_package)
[6.242s]   CMakeLists.txt:36 (ament_python_install_package)
[6.242s] 
[6.242s] [0m
[6.243s] [31mCMake Error at /opt/ros/humble/share/ament_cmake_python/cmake/ament_python_install_package.cmake:141 (add_custom_target):
[6.243s]   add_custom_target cannot create target
[6.243s]   "ament_cmake_python_build_sound_play_egg" because another target with the
[6.243s]   same name already exists.  The existing target is a custom target created
[6.244s]   in source directory
[6.244s]   "/home/maddy/turtlebot3_ws/src/audio_common/sound_play".  See documentation
[6.244s]   for policy CMP0002 for more details.
[6.245s] Call Stack (most recent call first):
[6.245s]   /opt/ros/humble/share/ament_cmake_python/cmake/ament_python_install_package.cmake:39 (_ament_cmake_python_install_package)
[6.245s]   CMakeLists.txt:36 (ament_python_install_package)
[6.246s] 
[6.246s] [0m
[6.266s] -- Configuring incomplete, errors occurred!
[6.267s] See also "/home/maddy/turtlebot3_ws/build/sound_play/CMakeFiles/CMakeOutput.log".
