[0.168s] Invoking command in '/home/maddy/turtlebot3_ws/build/turtlebot3_bringup': AMENT_PREFIX_PATH=/home/maddy/turtlebot3_ws/install/turtlebot3_node:/home/maddy/turtlebot3_ws/install/turtlebot3_description:${AMENT_PREFIX_PATH} CMAKE_PREFIX_PATH=/home/maddy/turtlebot3_ws/install/turtlebot3_node:/home/maddy/turtlebot3_ws/install/turtlebot3_description:/opt/ros/humble /usr/bin/cmake /home/maddy/turtlebot3_ws/src/turtlebot3/turtlebot3_bringup -DAMENT_CMAKE_SYMLINK_INSTALL=1 -DCMAKE_INSTALL_PREFIX=/home/maddy/turtlebot3_ws/install/turtlebot3_bringup
[0.468s] -- The C compiler identification is GNU 11.4.0
[0.728s] -- The CXX compiler identification is GNU 11.4.0
[0.757s] -- Detecting C compiler ABI info
[1.109s] -- Detecting C compiler ABI info - done
[1.136s] -- Check for working C compiler: /usr/bin/cc - skipped
[1.137s] -- Detecting C compile features
[1.138s] -- Detecting C compile features - done
[1.149s] -- Detecting CXX compiler ABI info
[1.540s] -- Detecting CXX compiler ABI info - done
[1.566s] -- Check for working CXX compiler: /usr/bin/c++ - skipped
[1.567s] -- Detecting CXX compile features
[1.569s] -- Detecting CXX compile features - done
[1.589s] -- Found ament_cmake: 1.3.5 (/opt/ros/humble/share/ament_cmake/cmake)
[2.343s] -- Found Python3: /usr/bin/python3.10 (found version "3.10.12") found components: Interpreter 
[2.601s] -- Override CMake install command with custom implementation using symlinks instead of copying resources
[3.073s] -- Configuring done
[3.090s] -- Generating done
[3.094s] -- Build files have been written to: /home/maddy/turtlebot3_ws/build/turtlebot3_bringup
[3.109s] Invoked command in '/home/maddy/turtlebot3_ws/build/turtlebot3_bringup' returned '0': AMENT_PREFIX_PATH=/home/maddy/turtlebot3_ws/install/turtlebot3_node:/home/maddy/turtlebot3_ws/install/turtlebot3_description:${AMENT_PREFIX_PATH} CMAKE_PREFIX_PATH=/home/maddy/turtlebot3_ws/install/turtlebot3_node:/home/maddy/turtlebot3_ws/install/turtlebot3_description:/opt/ros/humble /usr/bin/cmake /home/maddy/turtlebot3_ws/src/turtlebot3/turtlebot3_bringup -DAMENT_CMAKE_SYMLINK_INSTALL=1 -DCMAKE_INSTALL_PREFIX=/home/maddy/turtlebot3_ws/install/turtlebot3_bringup
[3.117s] Invoking command in '/home/maddy/turtlebot3_ws/build/turtlebot3_bringup': AMENT_PREFIX_PATH=/home/maddy/turtlebot3_ws/install/turtlebot3_node:/home/maddy/turtlebot3_ws/install/turtlebot3_description:${AMENT_PREFIX_PATH} CMAKE_PREFIX_PATH=/home/maddy/turtlebot3_ws/install/turtlebot3_node:/home/maddy/turtlebot3_ws/install/turtlebot3_description:/opt/ros/humble /usr/bin/cmake --build /home/maddy/turtlebot3_ws/build/turtlebot3_bringup -- -j4 -l4
[3.252s] Invoked command in '/home/maddy/turtlebot3_ws/build/turtlebot3_bringup' returned '0': AMENT_PREFIX_PATH=/home/maddy/turtlebot3_ws/install/turtlebot3_node:/home/maddy/turtlebot3_ws/install/turtlebot3_description:${AMENT_PREFIX_PATH} CMAKE_PREFIX_PATH=/home/maddy/turtlebot3_ws/install/turtlebot3_node:/home/maddy/turtlebot3_ws/install/turtlebot3_description:/opt/ros/humble /usr/bin/cmake --build /home/maddy/turtlebot3_ws/build/turtlebot3_bringup -- -j4 -l4
[3.362s] Invoking command in '/home/maddy/turtlebot3_ws/build/turtlebot3_bringup': AMENT_PREFIX_PATH=/home/maddy/turtlebot3_ws/install/turtlebot3_node:/home/maddy/turtlebot3_ws/install/turtlebot3_description:${AMENT_PREFIX_PATH} CMAKE_PREFIX_PATH=/home/maddy/turtlebot3_ws/install/turtlebot3_node:/home/maddy/turtlebot3_ws/install/turtlebot3_description:/opt/ros/humble /usr/bin/cmake --install /home/maddy/turtlebot3_ws/build/turtlebot3_bringup
[3.387s] -- Install configuration: ""
[3.389s] -- Execute custom install script
[3.391s] -- Symlinking: /home/maddy/turtlebot3_ws/install/turtlebot3_bringup/share/turtlebot3_bringup/launch/robot.launch.py
[3.421s] -- Symlinking: /home/maddy/turtlebot3_ws/install/turtlebot3_bringup/share/turtlebot3_bringup/launch/rviz2.launch.py
[3.450s] -- Symlinking: /home/maddy/turtlebot3_ws/install/turtlebot3_bringup/share/turtlebot3_bringup/launch/turtlebot3_state_publisher.launch.py
[3.479s] -- Symlinking: /home/maddy/turtlebot3_ws/install/turtlebot3_bringup/share/turtlebot3_bringup/param/burger.yaml
[3.510s] -- Symlinking: /home/maddy/turtlebot3_ws/install/turtlebot3_bringup/share/turtlebot3_bringup/param/waffle.yaml
[3.539s] -- Symlinking: /home/maddy/turtlebot3_ws/install/turtlebot3_bringup/share/turtlebot3_bringup/param/waffle_pi.yaml
[3.570s] -- Symlinking: /home/maddy/turtlebot3_ws/install/turtlebot3_bringup/share/turtlebot3_bringup/script/99-turtlebot3-cdc.rules
[3.600s] -- Symlinking: /home/maddy/turtlebot3_ws/install/turtlebot3_bringup/share/turtlebot3_bringup/script/create_udev_rules
[3.630s] -- Symlinking: /home/maddy/turtlebot3_ws/install/turtlebot3_bringup/share/ament_index/resource_index/package_run_dependencies/turtlebot3_bringup
[3.661s] -- Symlinking: /home/maddy/turtlebot3_ws/install/turtlebot3_bringup/share/ament_index/resource_index/parent_prefix_path/turtlebot3_bringup
[3.692s] -- Symlinking: /home/maddy/turtlebot3_ws/install/turtlebot3_bringup/share/turtlebot3_bringup/environment/ament_prefix_path.sh
[3.722s] -- Symlinking: /home/maddy/turtlebot3_ws/install/turtlebot3_bringup/share/turtlebot3_bringup/environment/ament_prefix_path.dsv
[3.752s] -- Symlinking: /home/maddy/turtlebot3_ws/install/turtlebot3_bringup/share/turtlebot3_bringup/environment/path.sh
[3.781s] -- Symlinking: /home/maddy/turtlebot3_ws/install/turtlebot3_bringup/share/turtlebot3_bringup/environment/path.dsv
[3.811s] -- Symlinking: /home/maddy/turtlebot3_ws/install/turtlebot3_bringup/share/turtlebot3_bringup/local_setup.bash
[3.841s] -- Symlinking: /home/maddy/turtlebot3_ws/install/turtlebot3_bringup/share/turtlebot3_bringup/local_setup.sh
[3.871s] -- Symlinking: /home/maddy/turtlebot3_ws/install/turtlebot3_bringup/share/turtlebot3_bringup/local_setup.zsh
[3.901s] -- Symlinking: /home/maddy/turtlebot3_ws/install/turtlebot3_bringup/share/turtlebot3_bringup/local_setup.dsv
[3.932s] -- Symlinking: /home/maddy/turtlebot3_ws/install/turtlebot3_bringup/share/turtlebot3_bringup/package.dsv
[3.964s] -- Symlinking: /home/maddy/turtlebot3_ws/install/turtlebot3_bringup/share/ament_index/resource_index/packages/turtlebot3_bringup
[3.993s] -- Symlinking: /home/maddy/turtlebot3_ws/install/turtlebot3_bringup/share/turtlebot3_bringup/cmake/turtlebot3_bringupConfig.cmake
[4.025s] -- Symlinking: /home/maddy/turtlebot3_ws/install/turtlebot3_bringup/share/turtlebot3_bringup/cmake/turtlebot3_bringupConfig-version.cmake
[4.055s] -- Symlinking: /home/maddy/turtlebot3_ws/install/turtlebot3_bringup/share/turtlebot3_bringup/package.xml
[4.090s] Invoked command in '/home/maddy/turtlebot3_ws/build/turtlebot3_bringup' returned '0': AMENT_PREFIX_PATH=/home/maddy/turtlebot3_ws/install/turtlebot3_node:/home/maddy/turtlebot3_ws/install/turtlebot3_description:${AMENT_PREFIX_PATH} CMAKE_PREFIX_PATH=/home/maddy/turtlebot3_ws/install/turtlebot3_node:/home/maddy/turtlebot3_ws/install/turtlebot3_description:/opt/ros/humble /usr/bin/cmake --install /home/maddy/turtlebot3_ws/build/turtlebot3_bringup
