[4.428s] Invoking command in '/home/maddy/turtlebot3_ws/build/cv_stuff': AMENT_PREFIX_PATH=/home/maddy/turtlebot3_ws/install/cv_bridge:${AMENT_PREFIX_PATH} CMAKE_PREFIX_PATH=/home/maddy/turtlebot3_ws/install/cv_bridge LD_LIBRARY_PATH=/home/maddy/turtlebot3_ws/install/cv_bridge/lib:${LD_LIBRARY_PATH} PYTHONPATH=/home/maddy/turtlebot3_ws/build/cv_stuff/prefix_override:/home/maddy/turtlebot3_ws/install/cv_stuff/lib/python3.10/site-packages:/home/maddy/turtlebot3_ws/install/cv_bridge/local/lib/python3.10/dist-packages:${PYTHONPATH} /usr/bin/python3 setup.py develop --editable --build-directory /home/maddy/turtlebot3_ws/build/cv_stuff/build --no-deps install_data
[4.433s] running develop
[4.434s] /usr/lib/python3/dist-packages/setuptools/command/easy_install.py:158: EasyInstallDeprecationWarning: easy_install command is deprecated. Use build and pip and other standards-based tools.
[4.434s]   warnings.warn(
[4.436s] /usr/lib/python3/dist-packages/setuptools/command/install.py:34: SetuptoolsDeprecationWarning: setup.py install is deprecated. Use build and pip and other standards-based tools.
[4.437s]   warnings.warn(
[4.437s] running egg_info
[4.437s] creating cv_stuff.egg-info
[4.438s] writing cv_stuff.egg-info/PKG-INFO
[4.438s] writing dependency_links to cv_stuff.egg-info/dependency_links.txt
[4.438s] writing entry points to cv_stuff.egg-info/entry_points.txt
[4.439s] writing requirements to cv_stuff.egg-info/requires.txt
[4.439s] writing top-level names to cv_stuff.egg-info/top_level.txt
[4.439s] writing manifest file 'cv_stuff.egg-info/SOURCES.txt'
[4.443s] reading manifest file 'cv_stuff.egg-info/SOURCES.txt'
[4.446s] writing manifest file 'cv_stuff.egg-info/SOURCES.txt'
[4.451s] running build_ext
[4.452s] Creating /home/maddy/turtlebot3_ws/install/cv_stuff/lib/python3.10/site-packages/cv-stuff.egg-link (link to .)
[4.455s] Installing img_publisher script to /home/maddy/turtlebot3_ws/install/cv_stuff/lib/cv_stuff
[4.456s] Installing img_subscriber script to /home/maddy/turtlebot3_ws/install/cv_stuff/lib/cv_stuff
[4.457s] 
[4.458s] Installed /home/maddy/turtlebot3_ws/build/cv_stuff
[4.458s] running install_data
[4.459s] creating /home/maddy/turtlebot3_ws/install/cv_stuff/share/ament_index
[4.459s] creating /home/maddy/turtlebot3_ws/install/cv_stuff/share/ament_index/resource_index
[4.460s] creating /home/maddy/turtlebot3_ws/install/cv_stuff/share/ament_index/resource_index/packages
[4.460s] copying resource/cv_stuff -> /home/maddy/turtlebot3_ws/install/cv_stuff/share/ament_index/resource_index/packages
[4.461s] copying package.xml -> /home/maddy/turtlebot3_ws/install/cv_stuff/share/cv_stuff
[4.583s] Invoked command in '/home/maddy/turtlebot3_ws/build/cv_stuff' returned '0': AMENT_PREFIX_PATH=/home/maddy/turtlebot3_ws/install/cv_bridge:${AMENT_PREFIX_PATH} CMAKE_PREFIX_PATH=/home/maddy/turtlebot3_ws/install/cv_bridge LD_LIBRARY_PATH=/home/maddy/turtlebot3_ws/install/cv_bridge/lib:${LD_LIBRARY_PATH} PYTHONPATH=/home/maddy/turtlebot3_ws/build/cv_stuff/prefix_override:/home/maddy/turtlebot3_ws/install/cv_stuff/lib/python3.10/site-packages:/home/maddy/turtlebot3_ws/install/cv_bridge/local/lib/python3.10/dist-packages:${PYTHONPATH} /usr/bin/python3 setup.py develop --editable --build-directory /home/maddy/turtlebot3_ws/build/cv_stuff/build --no-deps install_data
