[0.303s] Invoking command in '/home/ros2/turtlebot3_ws/build/vision_opencv': CMAKE_PREFIX_PATH=/home/ros2/turtlebot3_ws/install/image_geometry:/home/ros2/turtlebot3_ws/install/cv_bridge:/home/ros2/turtlebot3_ws/install/vision_opencv:/home/ros2/turtlebot3_ws/install/turtlebot3:/home/ros2/turtlebot3_ws/install/turtlebot3_bringup:/home/ros2/turtlebot3_ws/install/turtlebot3_node:/home/ros2/turtlebot3_ws/install/turtlebot3_description:/home/ros2/turtlebot3_ws/install/ld08_driver:/home/ros2/turtlebot3_ws/install/opencv_tests:/home/ros2/turtlebot3_ws/install/turtlebot3_teleop:/home/ros2/turtlebot3_ws/install/turtlebot3_example:/home/ros2/turtlebot3_ws/install/cv_stuff:/opt/ros/humble LD_LIBRARY_PATH=/home/ros2/turtlebot3_ws/install/image_geometry/lib:/home/ros2/turtlebot3_ws/install/cv_bridge/lib:/opt/ros/humble/lib/aarch64-linux-gnu:/opt/ros/humble/lib /usr/bin/cmake --build /home/ros2/turtlebot3_ws/build/vision_opencv -- -j4 -l4
[0.473s] Invoked command in '/home/ros2/turtlebot3_ws/build/vision_opencv' returned '0': CMAKE_PREFIX_PATH=/home/ros2/turtlebot3_ws/install/image_geometry:/home/ros2/turtlebot3_ws/install/cv_bridge:/home/ros2/turtlebot3_ws/install/vision_opencv:/home/ros2/turtlebot3_ws/install/turtlebot3:/home/ros2/turtlebot3_ws/install/turtlebot3_bringup:/home/ros2/turtlebot3_ws/install/turtlebot3_node:/home/ros2/turtlebot3_ws/install/turtlebot3_description:/home/ros2/turtlebot3_ws/install/ld08_driver:/home/ros2/turtlebot3_ws/install/opencv_tests:/home/ros2/turtlebot3_ws/install/turtlebot3_teleop:/home/ros2/turtlebot3_ws/install/turtlebot3_example:/home/ros2/turtlebot3_ws/install/cv_stuff:/opt/ros/humble LD_LIBRARY_PATH=/home/ros2/turtlebot3_ws/install/image_geometry/lib:/home/ros2/turtlebot3_ws/install/cv_bridge/lib:/opt/ros/humble/lib/aarch64-linux-gnu:/opt/ros/humble/lib /usr/bin/cmake --build /home/ros2/turtlebot3_ws/build/vision_opencv -- -j4 -l4
[0.642s] Invoking command in '/home/ros2/turtlebot3_ws/build/vision_opencv': CMAKE_PREFIX_PATH=/home/ros2/turtlebot3_ws/install/image_geometry:/home/ros2/turtlebot3_ws/install/cv_bridge:/home/ros2/turtlebot3_ws/install/vision_opencv:/home/ros2/turtlebot3_ws/install/turtlebot3:/home/ros2/turtlebot3_ws/install/turtlebot3_bringup:/home/ros2/turtlebot3_ws/install/turtlebot3_node:/home/ros2/turtlebot3_ws/install/turtlebot3_description:/home/ros2/turtlebot3_ws/install/ld08_driver:/home/ros2/turtlebot3_ws/install/opencv_tests:/home/ros2/turtlebot3_ws/install/turtlebot3_teleop:/home/ros2/turtlebot3_ws/install/turtlebot3_example:/home/ros2/turtlebot3_ws/install/cv_stuff:/opt/ros/humble LD_LIBRARY_PATH=/home/ros2/turtlebot3_ws/install/image_geometry/lib:/home/ros2/turtlebot3_ws/install/cv_bridge/lib:/opt/ros/humble/lib/aarch64-linux-gnu:/opt/ros/humble/lib /usr/bin/cmake --install /home/ros2/turtlebot3_ws/build/vision_opencv
[0.670s] -- Install configuration: ""
[0.670s] -- Up-to-date: /home/ros2/turtlebot3_ws/install/vision_opencv/share/ament_index/resource_index/package_run_dependencies/vision_opencv
[0.671s] -- Up-to-date: /home/ros2/turtlebot3_ws/install/vision_opencv/share/ament_index/resource_index/parent_prefix_path/vision_opencv
[0.671s] -- Up-to-date: /home/ros2/turtlebot3_ws/install/vision_opencv/share/vision_opencv/environment/ament_prefix_path.sh
[0.672s] -- Up-to-date: /home/ros2/turtlebot3_ws/install/vision_opencv/share/vision_opencv/environment/ament_prefix_path.dsv
[0.672s] -- Up-to-date: /home/ros2/turtlebot3_ws/install/vision_opencv/share/vision_opencv/environment/path.sh
[0.673s] -- Up-to-date: /home/ros2/turtlebot3_ws/install/vision_opencv/share/vision_opencv/environment/path.dsv
[0.673s] -- Up-to-date: /home/ros2/turtlebot3_ws/install/vision_opencv/share/vision_opencv/local_setup.bash
[0.673s] -- Up-to-date: /home/ros2/turtlebot3_ws/install/vision_opencv/share/vision_opencv/local_setup.sh
[0.674s] -- Up-to-date: /home/ros2/turtlebot3_ws/install/vision_opencv/share/vision_opencv/local_setup.zsh
[0.674s] -- Up-to-date: /home/ros2/turtlebot3_ws/install/vision_opencv/share/vision_opencv/local_setup.dsv
[0.675s] -- Up-to-date: /home/ros2/turtlebot3_ws/install/vision_opencv/share/vision_opencv/package.dsv
[0.675s] -- Up-to-date: /home/ros2/turtlebot3_ws/install/vision_opencv/share/ament_index/resource_index/packages/vision_opencv
[0.676s] -- Up-to-date: /home/ros2/turtlebot3_ws/install/vision_opencv/share/vision_opencv/cmake/vision_opencvConfig.cmake
[0.676s] -- Up-to-date: /home/ros2/turtlebot3_ws/install/vision_opencv/share/vision_opencv/cmake/vision_opencvConfig-version.cmake
[0.676s] -- Up-to-date: /home/ros2/turtlebot3_ws/install/vision_opencv/share/vision_opencv/package.xml
[0.682s] Invoked command in '/home/ros2/turtlebot3_ws/build/vision_opencv' returned '0': CMAKE_PREFIX_PATH=/home/ros2/turtlebot3_ws/install/image_geometry:/home/ros2/turtlebot3_ws/install/cv_bridge:/home/ros2/turtlebot3_ws/install/vision_opencv:/home/ros2/turtlebot3_ws/install/turtlebot3:/home/ros2/turtlebot3_ws/install/turtlebot3_bringup:/home/ros2/turtlebot3_ws/install/turtlebot3_node:/home/ros2/turtlebot3_ws/install/turtlebot3_description:/home/ros2/turtlebot3_ws/install/ld08_driver:/home/ros2/turtlebot3_ws/install/opencv_tests:/home/ros2/turtlebot3_ws/install/turtlebot3_teleop:/home/ros2/turtlebot3_ws/install/turtlebot3_example:/home/ros2/turtlebot3_ws/install/cv_stuff:/opt/ros/humble LD_LIBRARY_PATH=/home/ros2/turtlebot3_ws/install/image_geometry/lib:/home/ros2/turtlebot3_ws/install/cv_bridge/lib:/opt/ros/humble/lib/aarch64-linux-gnu:/opt/ros/humble/lib /usr/bin/cmake --install /home/ros2/turtlebot3_ws/build/vision_opencv
