[0.182s] Invoking command in '/home/maddy/turtlebot3_ws/build/turtlebot3': AMENT_PREFIX_PATH=/home/maddy/turtlebot3_ws/install/turtlebot3_bringup:/home/maddy/turtlebot3_ws/install/turtlebot3_teleop:/home/maddy/turtlebot3_ws/install/turtlebot3_node:/home/maddy/turtlebot3_ws/install/turtlebot3_example:/home/maddy/turtlebot3_ws/install/turtlebot3_description:${AMENT_PREFIX_PATH} CMAKE_PREFIX_PATH=/home/maddy/turtlebot3_ws/install/turtlebot3_bringup:/home/maddy/turtlebot3_ws/install/turtlebot3_node:/home/maddy/turtlebot3_ws/install/turtlebot3_description:/opt/ros/humble PYTHONPATH=/home/maddy/turtlebot3_ws/build/turtlebot3_teleop:/home/maddy/turtlebot3_ws/install/turtlebot3_teleop/lib/python3.10/site-packages:/home/maddy/turtlebot3_ws/build/turtlebot3_example:/home/maddy/turtlebot3_ws/install/turtlebot3_example/lib/python3.10/site-packages:${PYTHONPATH} /usr/bin/cmake /home/maddy/turtlebot3_ws/src/turtlebot3/turtlebot3 -DAMENT_CMAKE_SYMLINK_INSTALL=1 -DCMAKE_INSTALL_PREFIX=/home/maddy/turtlebot3_ws/install/turtlebot3
[0.712s] -- The C compiler identification is GNU 11.4.0
[0.962s] -- The CXX compiler identification is GNU 11.4.0
[0.991s] -- Detecting C compiler ABI info
[1.446s] -- Detecting C compiler ABI info - done
[1.473s] -- Check for working C compiler: /usr/bin/cc - skipped
[1.474s] -- Detecting C compile features
[1.475s] -- Detecting C compile features - done
[1.486s] -- Detecting CXX compiler ABI info
[1.875s] -- Detecting CXX compiler ABI info - done
[1.902s] -- Check for working CXX compiler: /usr/bin/c++ - skipped
[1.903s] -- Detecting CXX compile features
[1.905s] -- Detecting CXX compile features - done
[1.927s] -- Found ament_cmake: 1.3.5 (/opt/ros/humble/share/ament_cmake/cmake)
[2.732s] -- Found Python3: /usr/bin/python3.10 (found version "3.10.12") found components: Interpreter 
[3.010s] -- Override CMake install command with custom implementation using symlinks instead of copying resources
[3.527s] -- Configuring done
[3.543s] -- Generating done
[3.547s] -- Build files have been written to: /home/maddy/turtlebot3_ws/build/turtlebot3
[3.561s] Invoked command in '/home/maddy/turtlebot3_ws/build/turtlebot3' returned '0': AMENT_PREFIX_PATH=/home/maddy/turtlebot3_ws/install/turtlebot3_bringup:/home/maddy/turtlebot3_ws/install/turtlebot3_teleop:/home/maddy/turtlebot3_ws/install/turtlebot3_node:/home/maddy/turtlebot3_ws/install/turtlebot3_example:/home/maddy/turtlebot3_ws/install/turtlebot3_description:${AMENT_PREFIX_PATH} CMAKE_PREFIX_PATH=/home/maddy/turtlebot3_ws/install/turtlebot3_bringup:/home/maddy/turtlebot3_ws/install/turtlebot3_node:/home/maddy/turtlebot3_ws/install/turtlebot3_description:/opt/ros/humble PYTHONPATH=/home/maddy/turtlebot3_ws/build/turtlebot3_teleop:/home/maddy/turtlebot3_ws/install/turtlebot3_teleop/lib/python3.10/site-packages:/home/maddy/turtlebot3_ws/build/turtlebot3_example:/home/maddy/turtlebot3_ws/install/turtlebot3_example/lib/python3.10/site-packages:${PYTHONPATH} /usr/bin/cmake /home/maddy/turtlebot3_ws/src/turtlebot3/turtlebot3 -DAMENT_CMAKE_SYMLINK_INSTALL=1 -DCMAKE_INSTALL_PREFIX=/home/maddy/turtlebot3_ws/install/turtlebot3
[3.569s] Invoking command in '/home/maddy/turtlebot3_ws/build/turtlebot3': AMENT_PREFIX_PATH=/home/maddy/turtlebot3_ws/install/turtlebot3_bringup:/home/maddy/turtlebot3_ws/install/turtlebot3_teleop:/home/maddy/turtlebot3_ws/install/turtlebot3_node:/home/maddy/turtlebot3_ws/install/turtlebot3_example:/home/maddy/turtlebot3_ws/install/turtlebot3_description:${AMENT_PREFIX_PATH} CMAKE_PREFIX_PATH=/home/maddy/turtlebot3_ws/install/turtlebot3_bringup:/home/maddy/turtlebot3_ws/install/turtlebot3_node:/home/maddy/turtlebot3_ws/install/turtlebot3_description:/opt/ros/humble PYTHONPATH=/home/maddy/turtlebot3_ws/build/turtlebot3_teleop:/home/maddy/turtlebot3_ws/install/turtlebot3_teleop/lib/python3.10/site-packages:/home/maddy/turtlebot3_ws/build/turtlebot3_example:/home/maddy/turtlebot3_ws/install/turtlebot3_example/lib/python3.10/site-packages:${PYTHONPATH} /usr/bin/cmake --build /home/maddy/turtlebot3_ws/build/turtlebot3 -- -j4 -l4
[3.707s] Invoked command in '/home/maddy/turtlebot3_ws/build/turtlebot3' returned '0': AMENT_PREFIX_PATH=/home/maddy/turtlebot3_ws/install/turtlebot3_bringup:/home/maddy/turtlebot3_ws/install/turtlebot3_teleop:/home/maddy/turtlebot3_ws/install/turtlebot3_node:/home/maddy/turtlebot3_ws/install/turtlebot3_example:/home/maddy/turtlebot3_ws/install/turtlebot3_description:${AMENT_PREFIX_PATH} CMAKE_PREFIX_PATH=/home/maddy/turtlebot3_ws/install/turtlebot3_bringup:/home/maddy/turtlebot3_ws/install/turtlebot3_node:/home/maddy/turtlebot3_ws/install/turtlebot3_description:/opt/ros/humble PYTHONPATH=/home/maddy/turtlebot3_ws/build/turtlebot3_teleop:/home/maddy/turtlebot3_ws/install/turtlebot3_teleop/lib/python3.10/site-packages:/home/maddy/turtlebot3_ws/build/turtlebot3_example:/home/maddy/turtlebot3_ws/install/turtlebot3_example/lib/python3.10/site-packages:${PYTHONPATH} /usr/bin/cmake --build /home/maddy/turtlebot3_ws/build/turtlebot3 -- -j4 -l4
[3.812s] Invoking command in '/home/maddy/turtlebot3_ws/build/turtlebot3': AMENT_PREFIX_PATH=/home/maddy/turtlebot3_ws/install/turtlebot3_bringup:/home/maddy/turtlebot3_ws/install/turtlebot3_teleop:/home/maddy/turtlebot3_ws/install/turtlebot3_node:/home/maddy/turtlebot3_ws/install/turtlebot3_example:/home/maddy/turtlebot3_ws/install/turtlebot3_description:${AMENT_PREFIX_PATH} CMAKE_PREFIX_PATH=/home/maddy/turtlebot3_ws/install/turtlebot3_bringup:/home/maddy/turtlebot3_ws/install/turtlebot3_node:/home/maddy/turtlebot3_ws/install/turtlebot3_description:/opt/ros/humble PYTHONPATH=/home/maddy/turtlebot3_ws/build/turtlebot3_teleop:/home/maddy/turtlebot3_ws/install/turtlebot3_teleop/lib/python3.10/site-packages:/home/maddy/turtlebot3_ws/build/turtlebot3_example:/home/maddy/turtlebot3_ws/install/turtlebot3_example/lib/python3.10/site-packages:${PYTHONPATH} /usr/bin/cmake --install /home/maddy/turtlebot3_ws/build/turtlebot3
[3.838s] -- Install configuration: ""
[3.840s] -- Execute custom install script
[3.841s] -- Symlinking: /home/maddy/turtlebot3_ws/install/turtlebot3/share/ament_index/resource_index/package_run_dependencies/turtlebot3
[3.871s] -- Symlinking: /home/maddy/turtlebot3_ws/install/turtlebot3/share/ament_index/resource_index/parent_prefix_path/turtlebot3
[3.901s] -- Symlinking: /home/maddy/turtlebot3_ws/install/turtlebot3/share/turtlebot3/environment/ament_prefix_path.sh
[3.931s] -- Symlinking: /home/maddy/turtlebot3_ws/install/turtlebot3/share/turtlebot3/environment/ament_prefix_path.dsv
[3.961s] -- Symlinking: /home/maddy/turtlebot3_ws/install/turtlebot3/share/turtlebot3/environment/path.sh
[3.991s] -- Symlinking: /home/maddy/turtlebot3_ws/install/turtlebot3/share/turtlebot3/environment/path.dsv
[4.021s] -- Symlinking: /home/maddy/turtlebot3_ws/install/turtlebot3/share/turtlebot3/local_setup.bash
[4.051s] -- Symlinking: /home/maddy/turtlebot3_ws/install/turtlebot3/share/turtlebot3/local_setup.sh
[4.081s] -- Symlinking: /home/maddy/turtlebot3_ws/install/turtlebot3/share/turtlebot3/local_setup.zsh
[4.112s] -- Symlinking: /home/maddy/turtlebot3_ws/install/turtlebot3/share/turtlebot3/local_setup.dsv
[4.141s] -- Symlinking: /home/maddy/turtlebot3_ws/install/turtlebot3/share/turtlebot3/package.dsv
[4.174s] -- Symlinking: /home/maddy/turtlebot3_ws/install/turtlebot3/share/ament_index/resource_index/packages/turtlebot3
[4.204s] -- Symlinking: /home/maddy/turtlebot3_ws/install/turtlebot3/share/turtlebot3/cmake/turtlebot3Config.cmake
[4.235s] -- Symlinking: /home/maddy/turtlebot3_ws/install/turtlebot3/share/turtlebot3/cmake/turtlebot3Config-version.cmake
[4.265s] -- Symlinking: /home/maddy/turtlebot3_ws/install/turtlebot3/share/turtlebot3/package.xml
[4.300s] Invoked command in '/home/maddy/turtlebot3_ws/build/turtlebot3' returned '0': AMENT_PREFIX_PATH=/home/maddy/turtlebot3_ws/install/turtlebot3_bringup:/home/maddy/turtlebot3_ws/install/turtlebot3_teleop:/home/maddy/turtlebot3_ws/install/turtlebot3_node:/home/maddy/turtlebot3_ws/install/turtlebot3_example:/home/maddy/turtlebot3_ws/install/turtlebot3_description:${AMENT_PREFIX_PATH} CMAKE_PREFIX_PATH=/home/maddy/turtlebot3_ws/install/turtlebot3_bringup:/home/maddy/turtlebot3_ws/install/turtlebot3_node:/home/maddy/turtlebot3_ws/install/turtlebot3_description:/opt/ros/humble PYTHONPATH=/home/maddy/turtlebot3_ws/build/turtlebot3_teleop:/home/maddy/turtlebot3_ws/install/turtlebot3_teleop/lib/python3.10/site-packages:/home/maddy/turtlebot3_ws/build/turtlebot3_example:/home/maddy/turtlebot3_ws/install/turtlebot3_example/lib/python3.10/site-packages:${PYTHONPATH} /usr/bin/cmake --install /home/maddy/turtlebot3_ws/build/turtlebot3
