[0.225s] Invoking command in '/home/maddy/turtlebot3_ws/build/audio_common_msgs': CMAKE_PREFIX_PATH=${CMAKE_PREFIX_PATH}:/home/maddy/turtlebot3_ws/install/turtlebot3_teleop:/home/maddy/turtlebot3_ws/install/turtlebot3_example:/home/maddy/turtlebot3_ws/install/opencv_tests:/home/maddy/turtlebot3_ws/install/cv_stuff:/opt/ros/humble /usr/bin/cmake /home/maddy/turtlebot3_ws/src/audio_common/audio_common_msgs -DCMAKE_INSTALL_PREFIX=/home/maddy/turtlebot3_ws/install/audio_common_msgs
[1.320s] -- The C compiler identification is GNU 11.4.0
[2.051s] -- The CXX compiler identification is GNU 11.4.0
[2.098s] -- Detecting C compiler ABI info
[2.484s] -- Detecting C compiler ABI info - done
[2.510s] -- Check for working C compiler: /usr/bin/cc - skipped
[2.512s] -- Detecting C compile features
[2.517s] -- Detecting C compile features - done
[2.531s] -- Detecting CXX compiler ABI info
[2.892s] -- Detecting CXX compiler ABI info - done
[2.920s] -- Check for working CXX compiler: /usr/bin/c++ - skipped
[2.921s] -- Detecting CXX compile features
[2.923s] -- Detecting CXX compile features - done
[2.972s] -- Found ament_cmake: 1.3.5 (/opt/ros/humble/share/ament_cmake/cmake)
[3.920s] -- Found Python3: /usr/bin/python3.10 (found version "3.10.12") found components: Interpreter 
[4.679s] -- Found rosidl_default_generators: 1.2.0 (/opt/ros/humble/share/rosidl_default_generators/cmake)
[4.727s] -- Using all available rosidl_typesupport_c: rosidl_typesupport_fastrtps_c;rosidl_typesupport_introspection_c
[4.826s] -- Found rosidl_adapter: 3.1.5 (/opt/ros/humble/share/rosidl_adapter/cmake)
[5.271s] -- Using all available rosidl_typesupport_cpp: rosidl_typesupport_fastrtps_cpp;rosidl_typesupport_introspection_cpp
[5.609s] -- Found std_msgs: 4.2.3 (/opt/ros/humble/share/std_msgs/cmake)
[7.246s] -- Found ament_cmake_ros: 0.10.0 (/opt/ros/humble/share/ament_cmake_ros/cmake)
[8.373s] -- Using all available rosidl_typesupport_c: rosidl_typesupport_fastrtps_c;rosidl_typesupport_introspection_c
[9.738s] -- Using all available rosidl_typesupport_cpp: rosidl_typesupport_fastrtps_cpp;rosidl_typesupport_introspection_cpp
[9.855s] -- Found PythonInterp: /usr/bin/python3 (found suitable version "3.10.12", minimum required is "3.6") 
[9.884s] -- Found python_cmake_module: 0.10.0 (/opt/ros/humble/share/python_cmake_module/cmake)
[10.022s] -- Found PythonLibs: /usr/lib/aarch64-linux-gnu/libpython3.10.so (found suitable version "3.10.12", minimum required is "3.5") 
[10.023s] -- Using PYTHON_EXECUTABLE: /usr/bin/python3
[10.023s] -- Using PYTHON_INCLUDE_DIRS: /usr/include/python3.10
[10.024s] -- Using PYTHON_LIBRARIES: /usr/lib/aarch64-linux-gnu/libpython3.10.so
[10.133s] -- Found PythonExtra: .so  
[10.427s] -- Configuring done
[10.610s] -- Generating done
[10.623s] -- Build files have been written to: /home/maddy/turtlebot3_ws/build/audio_common_msgs
[10.642s] Invoked command in '/home/maddy/turtlebot3_ws/build/audio_common_msgs' returned '0': CMAKE_PREFIX_PATH=${CMAKE_PREFIX_PATH}:/home/maddy/turtlebot3_ws/install/turtlebot3_teleop:/home/maddy/turtlebot3_ws/install/turtlebot3_example:/home/maddy/turtlebot3_ws/install/opencv_tests:/home/maddy/turtlebot3_ws/install/cv_stuff:/opt/ros/humble /usr/bin/cmake /home/maddy/turtlebot3_ws/src/audio_common/audio_common_msgs -DCMAKE_INSTALL_PREFIX=/home/maddy/turtlebot3_ws/install/audio_common_msgs
[10.653s] Invoking command in '/home/maddy/turtlebot3_ws/build/audio_common_msgs': CMAKE_PREFIX_PATH=${CMAKE_PREFIX_PATH}:/home/maddy/turtlebot3_ws/install/turtlebot3_teleop:/home/maddy/turtlebot3_ws/install/turtlebot3_example:/home/maddy/turtlebot3_ws/install/opencv_tests:/home/maddy/turtlebot3_ws/install/cv_stuff:/opt/ros/humble /usr/bin/cmake --build /home/maddy/turtlebot3_ws/build/audio_common_msgs -- -j4 -l4
[10.818s] [  2%] [34m[1mGenerating C code for ROS interfaces[0m
[10.859s] [  4%] [34m[1mGenerating C++ code for ROS interfaces[0m
[10.895s] [  4%] Built target ament_cmake_python_copy_audio_common_msgs
[12.087s] running egg_info
[12.090s] creating audio_common_msgs.egg-info
[12.090s] writing audio_common_msgs.egg-info/PKG-INFO
[12.091s] writing dependency_links to audio_common_msgs.egg-info/dependency_links.txt
[12.092s] writing top-level names to audio_common_msgs.egg-info/top_level.txt
[12.093s] writing manifest file 'audio_common_msgs.egg-info/SOURCES.txt'
[12.106s] reading manifest file 'audio_common_msgs.egg-info/SOURCES.txt'
[12.109s] writing manifest file 'audio_common_msgs.egg-info/SOURCES.txt'
[12.242s] [  4%] Built target ament_cmake_python_build_audio_common_msgs_egg
[12.811s] [  4%] Built target audio_common_msgs__cpp
[12.858s] [  6%] [34m[1mGenerating C++ type support dispatch for ROS interfaces[0m
[12.889s] [  8%] [34m[1mGenerating C++ type support for eProsima Fast-RTPS[0m
[12.894s] [ 10%] [34m[1mGenerating C++ introspection for ROS interfaces[0m
[12.951s] [ 12%] [32mBuilding C object CMakeFiles/audio_common_msgs__rosidl_generator_c.dir/rosidl_generator_c/audio_common_msgs/msg/detail/audio_data__functions.c.o[0m
[13.358s] [ 14%] [32mBuilding C object CMakeFiles/audio_common_msgs__rosidl_generator_c.dir/rosidl_generator_c/audio_common_msgs/msg/detail/audio_data_stamped__functions.c.o[0m
[13.647s] [ 17%] [32mBuilding C object CMakeFiles/audio_common_msgs__rosidl_generator_c.dir/rosidl_generator_c/audio_common_msgs/msg/detail/audio_info__functions.c.o[0m
[13.939s] [ 19%] [32m[1mLinking C shared library libaudio_common_msgs__rosidl_generator_c.so[0m
[14.123s] [ 19%] Built target audio_common_msgs__rosidl_generator_c
[14.172s] [ 21%] [34m[1mGenerating C type support for eProsima Fast-RTPS[0m
[14.642s] [ 23%] [32mBuilding CXX object CMakeFiles/audio_common_msgs__rosidl_typesupport_cpp.dir/rosidl_typesupport_cpp/audio_common_msgs/msg/audio_data__type_support.cpp.o[0m
[14.900s] [ 25%] [32mBuilding CXX object CMakeFiles/audio_common_msgs__rosidl_typesupport_introspection_cpp.dir/rosidl_typesupport_introspection_cpp/audio_common_msgs/msg/detail/audio_data__type_support.cpp.o[0m
[15.037s] [ 27%] [32mBuilding CXX object CMakeFiles/audio_common_msgs__rosidl_typesupport_fastrtps_cpp.dir/rosidl_typesupport_fastrtps_cpp/audio_common_msgs/msg/detail/dds_fastrtps/audio_data__type_support.cpp.o[0m
[16.440s] [ 29%] [32mBuilding CXX object CMakeFiles/audio_common_msgs__rosidl_typesupport_fastrtps_c.dir/rosidl_typesupport_fastrtps_c/audio_common_msgs/msg/detail/audio_data__type_support_c.cpp.o[0m
[16.451s] [ 31%] [32mBuilding CXX object CMakeFiles/audio_common_msgs__rosidl_typesupport_cpp.dir/rosidl_typesupport_cpp/audio_common_msgs/msg/audio_data_stamped__type_support.cpp.o[0m
[17.395s] [ 34%] [32mBuilding CXX object CMakeFiles/audio_common_msgs__rosidl_typesupport_introspection_cpp.dir/rosidl_typesupport_introspection_cpp/audio_common_msgs/msg/detail/audio_data_stamped__type_support.cpp.o[0m
[17.742s] [ 36%] [32mBuilding CXX object CMakeFiles/audio_common_msgs__rosidl_typesupport_fastrtps_cpp.dir/rosidl_typesupport_fastrtps_cpp/audio_common_msgs/msg/detail/dds_fastrtps/audio_data_stamped__type_support.cpp.o[0m
[18.066s] [ 38%] [32mBuilding CXX object CMakeFiles/audio_common_msgs__rosidl_typesupport_cpp.dir/rosidl_typesupport_cpp/audio_common_msgs/msg/audio_info__type_support.cpp.o[0m
[18.434s] [ 40%] [32mBuilding CXX object CMakeFiles/audio_common_msgs__rosidl_typesupport_fastrtps_c.dir/rosidl_typesupport_fastrtps_c/audio_common_msgs/msg/detail/audio_data_stamped__type_support_c.cpp.o[0m
[19.687s] [ 42%] [32m[1mLinking CXX shared library libaudio_common_msgs__rosidl_typesupport_cpp.so[0m
[19.721s] [ 44%] [32mBuilding CXX object CMakeFiles/audio_common_msgs__rosidl_typesupport_introspection_cpp.dir/rosidl_typesupport_introspection_cpp/audio_common_msgs/msg/detail/audio_info__type_support.cpp.o[0m
[19.891s] [ 44%] Built target audio_common_msgs__rosidl_typesupport_cpp
[19.933s] [ 46%] [32mBuilding CXX object CMakeFiles/audio_common_msgs__rosidl_typesupport_fastrtps_c.dir/rosidl_typesupport_fastrtps_c/audio_common_msgs/msg/detail/audio_info__type_support_c.cpp.o[0m
[20.096s] [ 48%] [32mBuilding CXX object CMakeFiles/audio_common_msgs__rosidl_typesupport_fastrtps_cpp.dir/rosidl_typesupport_fastrtps_cpp/audio_common_msgs/msg/detail/dds_fastrtps/audio_info__type_support.cpp.o[0m
[20.452s] [ 51%] [34m[1mGenerating C introspection for ROS interfaces[0m
[21.965s] [ 53%] [32m[1mLinking CXX shared library libaudio_common_msgs__rosidl_typesupport_introspection_cpp.so[0m
[22.008s] [ 55%] [32m[1mLinking CXX shared library libaudio_common_msgs__rosidl_typesupport_fastrtps_c.so[0m
[22.370s] [ 55%] Built target audio_common_msgs__rosidl_typesupport_introspection_cpp
[22.388s] [ 55%] Built target audio_common_msgs__rosidl_typesupport_fastrtps_c
[22.426s] [ 57%] [34m[1mGenerating C type support dispatch for ROS interfaces[0m
[22.610s] [ 59%] [32m[1mLinking CXX shared library libaudio_common_msgs__rosidl_typesupport_fastrtps_cpp.so[0m
[22.704s] [ 61%] [32mBuilding C object CMakeFiles/audio_common_msgs__rosidl_typesupport_introspection_c.dir/rosidl_typesupport_introspection_c/audio_common_msgs/msg/detail/audio_data__type_support.c.o[0m
[22.706s] [ 63%] [32mBuilding C object CMakeFiles/audio_common_msgs__rosidl_typesupport_introspection_c.dir/rosidl_typesupport_introspection_c/audio_common_msgs/msg/detail/audio_data_stamped__type_support.c.o[0m
[22.933s] [ 65%] [32mBuilding C object CMakeFiles/audio_common_msgs__rosidl_typesupport_introspection_c.dir/rosidl_typesupport_introspection_c/audio_common_msgs/msg/detail/audio_info__type_support.c.o[0m
[22.966s] [ 65%] Built target audio_common_msgs__rosidl_typesupport_fastrtps_cpp
[23.106s] [ 68%] [32m[1mLinking C shared library libaudio_common_msgs__rosidl_typesupport_introspection_c.so[0m
[23.237s] [ 68%] Built target audio_common_msgs__rosidl_typesupport_introspection_c
[23.970s] [ 70%] [32mBuilding CXX object CMakeFiles/audio_common_msgs__rosidl_typesupport_c.dir/rosidl_typesupport_c/audio_common_msgs/msg/audio_data__type_support.cpp.o[0m
[23.973s] [ 72%] [32mBuilding CXX object CMakeFiles/audio_common_msgs__rosidl_typesupport_c.dir/rosidl_typesupport_c/audio_common_msgs/msg/audio_data_stamped__type_support.cpp.o[0m
[23.975s] [ 74%] [32mBuilding CXX object CMakeFiles/audio_common_msgs__rosidl_typesupport_c.dir/rosidl_typesupport_c/audio_common_msgs/msg/audio_info__type_support.cpp.o[0m
[24.125s] [ 76%] [32m[1mLinking CXX shared library libaudio_common_msgs__rosidl_typesupport_c.so[0m
[24.287s] [ 76%] Built target audio_common_msgs__rosidl_typesupport_c
[24.377s] [ 76%] Built target audio_common_msgs
[24.463s] [ 78%] [34m[1mGenerating Python code for ROS interfaces[0m
[26.841s] [ 78%] Built target audio_common_msgs__py
[26.928s] [ 80%] [32mBuilding C object CMakeFiles/audio_common_msgs__rosidl_generator_py.dir/rosidl_generator_py/audio_common_msgs/msg/_audio_data_s.c.o[0m
[26.931s] [ 82%] [32mBuilding C object CMakeFiles/audio_common_msgs__rosidl_generator_py.dir/rosidl_generator_py/audio_common_msgs/msg/_audio_data_stamped_s.c.o[0m
[26.933s] [ 85%] [32mBuilding C object CMakeFiles/audio_common_msgs__rosidl_generator_py.dir/rosidl_generator_py/audio_common_msgs/msg/_audio_info_s.c.o[0m
[27.607s] [ 87%] [32m[1mLinking C shared library rosidl_generator_py/audio_common_msgs/libaudio_common_msgs__rosidl_generator_py.so[0m
[27.798s] [ 87%] Built target audio_common_msgs__rosidl_generator_py
[27.887s] [ 91%] [32mBuilding C object CMakeFiles/audio_common_msgs__rosidl_typesupport_fastrtps_c__pyext.dir/rosidl_generator_py/audio_common_msgs/_audio_common_msgs_s.ep.rosidl_typesupport_fastrtps_c.c.o[0m
[27.888s] [ 91%] [32mBuilding C object CMakeFiles/audio_common_msgs__rosidl_typesupport_introspection_c__pyext.dir/rosidl_generator_py/audio_common_msgs/_audio_common_msgs_s.ep.rosidl_typesupport_introspection_c.c.o[0m
[27.893s] [ 93%] [32mBuilding C object CMakeFiles/audio_common_msgs__rosidl_typesupport_c__pyext.dir/rosidl_generator_py/audio_common_msgs/_audio_common_msgs_s.ep.rosidl_typesupport_c.c.o[0m
[28.447s] [100%] [32m[1mLinking C shared library rosidl_generator_py/audio_common_msgs/audio_common_msgs_s__rosidl_typesupport_introspection_c.cpython-310-aarch64-linux-gnu.so[0m
[28.448s] [100%] [32m[1mLinking C shared library rosidl_generator_py/audio_common_msgs/audio_common_msgs_s__rosidl_typesupport_c.cpython-310-aarch64-linux-gnu.so[0m
[28.448s] [100%] [32m[1mLinking C shared library rosidl_generator_py/audio_common_msgs/audio_common_msgs_s__rosidl_typesupport_fastrtps_c.cpython-310-aarch64-linux-gnu.so[0m
[28.692s] [100%] Built target audio_common_msgs__rosidl_typesupport_fastrtps_c__pyext
[28.693s] [100%] Built target audio_common_msgs__rosidl_typesupport_introspection_c__pyext
[28.696s] [100%] Built target audio_common_msgs__rosidl_typesupport_c__pyext
[28.740s] Invoked command in '/home/maddy/turtlebot3_ws/build/audio_common_msgs' returned '0': CMAKE_PREFIX_PATH=${CMAKE_PREFIX_PATH}:/home/maddy/turtlebot3_ws/install/turtlebot3_teleop:/home/maddy/turtlebot3_ws/install/turtlebot3_example:/home/maddy/turtlebot3_ws/install/opencv_tests:/home/maddy/turtlebot3_ws/install/cv_stuff:/opt/ros/humble /usr/bin/cmake --build /home/maddy/turtlebot3_ws/build/audio_common_msgs -- -j4 -l4
[29.478s] Invoking command in '/home/maddy/turtlebot3_ws/build/audio_common_msgs': CMAKE_PREFIX_PATH=${CMAKE_PREFIX_PATH}:/home/maddy/turtlebot3_ws/install/turtlebot3_teleop:/home/maddy/turtlebot3_ws/install/turtlebot3_example:/home/maddy/turtlebot3_ws/install/opencv_tests:/home/maddy/turtlebot3_ws/install/cv_stuff:/opt/ros/humble /usr/bin/cmake --install /home/maddy/turtlebot3_ws/build/audio_common_msgs
[29.505s] -- Install configuration: ""
[29.506s] -- Installing: /home/maddy/turtlebot3_ws/install/audio_common_msgs/share/ament_index/resource_index/rosidl_interfaces/audio_common_msgs
[29.507s] -- Installing: /home/maddy/turtlebot3_ws/install/audio_common_msgs/include/audio_common_msgs/audio_common_msgs
[29.508s] -- Installing: /home/maddy/turtlebot3_ws/install/audio_common_msgs/include/audio_common_msgs/audio_common_msgs/msg
[29.509s] -- Installing: /home/maddy/turtlebot3_ws/install/audio_common_msgs/include/audio_common_msgs/audio_common_msgs/msg/detail
[29.510s] -- Installing: /home/maddy/turtlebot3_ws/install/audio_common_msgs/include/audio_common_msgs/audio_common_msgs/msg/detail/audio_info__functions.c
[29.511s] -- Installing: /home/maddy/turtlebot3_ws/install/audio_common_msgs/include/audio_common_msgs/audio_common_msgs/msg/detail/audio_data__struct.h
[29.512s] -- Installing: /home/maddy/turtlebot3_ws/install/audio_common_msgs/include/audio_common_msgs/audio_common_msgs/msg/detail/audio_info__struct.h
[29.513s] -- Installing: /home/maddy/turtlebot3_ws/install/audio_common_msgs/include/audio_common_msgs/audio_common_msgs/msg/detail/audio_data__functions.h
[29.514s] -- Installing: /home/maddy/turtlebot3_ws/install/audio_common_msgs/include/audio_common_msgs/audio_common_msgs/msg/detail/audio_data__functions.c
[29.515s] -- Installing: /home/maddy/turtlebot3_ws/install/audio_common_msgs/include/audio_common_msgs/audio_common_msgs/msg/detail/audio_data_stamped__functions.h
[29.516s] -- Installing: /home/maddy/turtlebot3_ws/install/audio_common_msgs/include/audio_common_msgs/audio_common_msgs/msg/detail/audio_data_stamped__type_support.h
[29.518s] -- Installing: /home/maddy/turtlebot3_ws/install/audio_common_msgs/include/audio_common_msgs/audio_common_msgs/msg/detail/audio_info__type_support.h
[29.519s] -- Installing: /home/maddy/turtlebot3_ws/install/audio_common_msgs/include/audio_common_msgs/audio_common_msgs/msg/detail/audio_data_stamped__functions.c
[29.520s] -- Installing: /home/maddy/turtlebot3_ws/install/audio_common_msgs/include/audio_common_msgs/audio_common_msgs/msg/detail/audio_info__functions.h
[29.521s] -- Installing: /home/maddy/turtlebot3_ws/install/audio_common_msgs/include/audio_common_msgs/audio_common_msgs/msg/detail/audio_data_stamped__struct.h
[29.522s] -- Installing: /home/maddy/turtlebot3_ws/install/audio_common_msgs/include/audio_common_msgs/audio_common_msgs/msg/detail/audio_data__type_support.h
[29.523s] -- Installing: /home/maddy/turtlebot3_ws/install/audio_common_msgs/include/audio_common_msgs/audio_common_msgs/msg/audio_data_stamped.h
[29.524s] -- Installing: /home/maddy/turtlebot3_ws/install/audio_common_msgs/include/audio_common_msgs/audio_common_msgs/msg/audio_info.h
[29.525s] -- Installing: /home/maddy/turtlebot3_ws/install/audio_common_msgs/include/audio_common_msgs/audio_common_msgs/msg/audio_data.h
[29.526s] -- Installing: /home/maddy/turtlebot3_ws/install/audio_common_msgs/include/audio_common_msgs/audio_common_msgs/msg/rosidl_generator_c__visibility_control.h
[29.528s] -- Installing: /home/maddy/turtlebot3_ws/install/audio_common_msgs/share/audio_common_msgs/environment/library_path.sh
[29.529s] -- Installing: /home/maddy/turtlebot3_ws/install/audio_common_msgs/share/audio_common_msgs/environment/library_path.dsv
[29.531s] -- Installing: /home/maddy/turtlebot3_ws/install/audio_common_msgs/lib/libaudio_common_msgs__rosidl_generator_c.so
[29.534s] -- Set runtime path of "/home/maddy/turtlebot3_ws/install/audio_common_msgs/lib/libaudio_common_msgs__rosidl_generator_c.so" to ""
[29.534s] -- Up-to-date: /home/maddy/turtlebot3_ws/install/audio_common_msgs/include/audio_common_msgs/audio_common_msgs
[29.534s] -- Up-to-date: /home/maddy/turtlebot3_ws/install/audio_common_msgs/include/audio_common_msgs/audio_common_msgs/msg
[29.535s] -- Installing: /home/maddy/turtlebot3_ws/install/audio_common_msgs/include/audio_common_msgs/audio_common_msgs/msg/rosidl_typesupport_fastrtps_c__visibility_control.h
[29.536s] -- Up-to-date: /home/maddy/turtlebot3_ws/install/audio_common_msgs/include/audio_common_msgs/audio_common_msgs/msg/detail
[29.536s] -- Installing: /home/maddy/turtlebot3_ws/install/audio_common_msgs/include/audio_common_msgs/audio_common_msgs/msg/detail/audio_info__rosidl_typesupport_fastrtps_c.h
[29.537s] -- Installing: /home/maddy/turtlebot3_ws/install/audio_common_msgs/include/audio_common_msgs/audio_common_msgs/msg/detail/audio_data__rosidl_typesupport_fastrtps_c.h
[29.539s] -- Installing: /home/maddy/turtlebot3_ws/install/audio_common_msgs/include/audio_common_msgs/audio_common_msgs/msg/detail/audio_data_stamped__rosidl_typesupport_fastrtps_c.h
[29.540s] -- Installing: /home/maddy/turtlebot3_ws/install/audio_common_msgs/lib/libaudio_common_msgs__rosidl_typesupport_fastrtps_c.so
[29.543s] -- Set runtime path of "/home/maddy/turtlebot3_ws/install/audio_common_msgs/lib/libaudio_common_msgs__rosidl_typesupport_fastrtps_c.so" to ""
[29.543s] -- Up-to-date: /home/maddy/turtlebot3_ws/install/audio_common_msgs/include/audio_common_msgs/audio_common_msgs
[29.544s] -- Up-to-date: /home/maddy/turtlebot3_ws/install/audio_common_msgs/include/audio_common_msgs/audio_common_msgs/msg
[29.544s] -- Up-to-date: /home/maddy/turtlebot3_ws/install/audio_common_msgs/include/audio_common_msgs/audio_common_msgs/msg/detail
[29.544s] -- Installing: /home/maddy/turtlebot3_ws/install/audio_common_msgs/include/audio_common_msgs/audio_common_msgs/msg/detail/audio_data__rosidl_typesupport_introspection_c.h
[29.546s] -- Installing: /home/maddy/turtlebot3_ws/install/audio_common_msgs/include/audio_common_msgs/audio_common_msgs/msg/detail/audio_data_stamped__type_support.c
[29.547s] -- Installing: /home/maddy/turtlebot3_ws/install/audio_common_msgs/include/audio_common_msgs/audio_common_msgs/msg/detail/audio_data_stamped__rosidl_typesupport_introspection_c.h
[29.548s] -- Installing: /home/maddy/turtlebot3_ws/install/audio_common_msgs/include/audio_common_msgs/audio_common_msgs/msg/detail/audio_info__type_support.c
[29.549s] -- Installing: /home/maddy/turtlebot3_ws/install/audio_common_msgs/include/audio_common_msgs/audio_common_msgs/msg/detail/audio_info__rosidl_typesupport_introspection_c.h
[29.550s] -- Installing: /home/maddy/turtlebot3_ws/install/audio_common_msgs/include/audio_common_msgs/audio_common_msgs/msg/detail/audio_data__type_support.c
[29.552s] -- Installing: /home/maddy/turtlebot3_ws/install/audio_common_msgs/include/audio_common_msgs/audio_common_msgs/msg/rosidl_typesupport_introspection_c__visibility_control.h
[29.553s] -- Installing: /home/maddy/turtlebot3_ws/install/audio_common_msgs/lib/libaudio_common_msgs__rosidl_typesupport_introspection_c.so
[29.556s] -- Set runtime path of "/home/maddy/turtlebot3_ws/install/audio_common_msgs/lib/libaudio_common_msgs__rosidl_typesupport_introspection_c.so" to ""
[29.556s] -- Installing: /home/maddy/turtlebot3_ws/install/audio_common_msgs/lib/libaudio_common_msgs__rosidl_typesupport_c.so
[29.558s] -- Set runtime path of "/home/maddy/turtlebot3_ws/install/audio_common_msgs/lib/libaudio_common_msgs__rosidl_typesupport_c.so" to ""
[29.559s] -- Up-to-date: /home/maddy/turtlebot3_ws/install/audio_common_msgs/include/audio_common_msgs/audio_common_msgs
[29.559s] -- Up-to-date: /home/maddy/turtlebot3_ws/install/audio_common_msgs/include/audio_common_msgs/audio_common_msgs/msg
[29.559s] -- Installing: /home/maddy/turtlebot3_ws/install/audio_common_msgs/include/audio_common_msgs/audio_common_msgs/msg/audio_data_stamped.hpp
[29.560s] -- Up-to-date: /home/maddy/turtlebot3_ws/install/audio_common_msgs/include/audio_common_msgs/audio_common_msgs/msg/detail
[29.561s] -- Installing: /home/maddy/turtlebot3_ws/install/audio_common_msgs/include/audio_common_msgs/audio_common_msgs/msg/detail/audio_data__traits.hpp
[29.562s] -- Installing: /home/maddy/turtlebot3_ws/install/audio_common_msgs/include/audio_common_msgs/audio_common_msgs/msg/detail/audio_data_stamped__builder.hpp
[29.563s] -- Installing: /home/maddy/turtlebot3_ws/install/audio_common_msgs/include/audio_common_msgs/audio_common_msgs/msg/detail/audio_data__struct.hpp
[29.564s] -- Installing: /home/maddy/turtlebot3_ws/install/audio_common_msgs/include/audio_common_msgs/audio_common_msgs/msg/detail/audio_info__builder.hpp
[29.565s] -- Installing: /home/maddy/turtlebot3_ws/install/audio_common_msgs/include/audio_common_msgs/audio_common_msgs/msg/detail/audio_data__builder.hpp
[29.566s] -- Installing: /home/maddy/turtlebot3_ws/install/audio_common_msgs/include/audio_common_msgs/audio_common_msgs/msg/detail/audio_info__struct.hpp
[29.567s] -- Installing: /home/maddy/turtlebot3_ws/install/audio_common_msgs/include/audio_common_msgs/audio_common_msgs/msg/detail/audio_data_stamped__traits.hpp
[29.569s] -- Installing: /home/maddy/turtlebot3_ws/install/audio_common_msgs/include/audio_common_msgs/audio_common_msgs/msg/detail/audio_info__traits.hpp
[29.570s] -- Installing: /home/maddy/turtlebot3_ws/install/audio_common_msgs/include/audio_common_msgs/audio_common_msgs/msg/detail/audio_data_stamped__struct.hpp
[29.571s] -- Installing: /home/maddy/turtlebot3_ws/install/audio_common_msgs/include/audio_common_msgs/audio_common_msgs/msg/audio_info.hpp
[29.572s] -- Installing: /home/maddy/turtlebot3_ws/install/audio_common_msgs/include/audio_common_msgs/audio_common_msgs/msg/audio_data.hpp
[29.573s] -- Up-to-date: /home/maddy/turtlebot3_ws/install/audio_common_msgs/include/audio_common_msgs/audio_common_msgs
[29.574s] -- Up-to-date: /home/maddy/turtlebot3_ws/install/audio_common_msgs/include/audio_common_msgs/audio_common_msgs/msg
[29.574s] -- Up-to-date: /home/maddy/turtlebot3_ws/install/audio_common_msgs/include/audio_common_msgs/audio_common_msgs/msg/detail
[29.574s] -- Installing: /home/maddy/turtlebot3_ws/install/audio_common_msgs/include/audio_common_msgs/audio_common_msgs/msg/detail/audio_data_stamped__rosidl_typesupport_fastrtps_cpp.hpp
[29.576s] -- Installing: /home/maddy/turtlebot3_ws/install/audio_common_msgs/include/audio_common_msgs/audio_common_msgs/msg/detail/dds_fastrtps
[29.576s] -- Installing: /home/maddy/turtlebot3_ws/install/audio_common_msgs/include/audio_common_msgs/audio_common_msgs/msg/detail/audio_data__rosidl_typesupport_fastrtps_cpp.hpp
[29.578s] -- Installing: /home/maddy/turtlebot3_ws/install/audio_common_msgs/include/audio_common_msgs/audio_common_msgs/msg/detail/audio_info__rosidl_typesupport_fastrtps_cpp.hpp
[29.579s] -- Installing: /home/maddy/turtlebot3_ws/install/audio_common_msgs/include/audio_common_msgs/audio_common_msgs/msg/rosidl_typesupport_fastrtps_cpp__visibility_control.h
[29.580s] -- Installing: /home/maddy/turtlebot3_ws/install/audio_common_msgs/lib/libaudio_common_msgs__rosidl_typesupport_fastrtps_cpp.so
[29.583s] -- Set runtime path of "/home/maddy/turtlebot3_ws/install/audio_common_msgs/lib/libaudio_common_msgs__rosidl_typesupport_fastrtps_cpp.so" to ""
[29.584s] -- Up-to-date: /home/maddy/turtlebot3_ws/install/audio_common_msgs/include/audio_common_msgs/audio_common_msgs
[29.584s] -- Up-to-date: /home/maddy/turtlebot3_ws/install/audio_common_msgs/include/audio_common_msgs/audio_common_msgs/msg
[29.584s] -- Up-to-date: /home/maddy/turtlebot3_ws/install/audio_common_msgs/include/audio_common_msgs/audio_common_msgs/msg/detail
[29.585s] -- Installing: /home/maddy/turtlebot3_ws/install/audio_common_msgs/include/audio_common_msgs/audio_common_msgs/msg/detail/audio_data__type_support.cpp
[29.586s] -- Installing: /home/maddy/turtlebot3_ws/install/audio_common_msgs/include/audio_common_msgs/audio_common_msgs/msg/detail/audio_info__rosidl_typesupport_introspection_cpp.hpp
[29.587s] -- Installing: /home/maddy/turtlebot3_ws/install/audio_common_msgs/include/audio_common_msgs/audio_common_msgs/msg/detail/audio_data_stamped__type_support.cpp
[29.588s] -- Installing: /home/maddy/turtlebot3_ws/install/audio_common_msgs/include/audio_common_msgs/audio_common_msgs/msg/detail/audio_data__rosidl_typesupport_introspection_cpp.hpp
[29.590s] -- Installing: /home/maddy/turtlebot3_ws/install/audio_common_msgs/include/audio_common_msgs/audio_common_msgs/msg/detail/audio_info__type_support.cpp
[29.591s] -- Installing: /home/maddy/turtlebot3_ws/install/audio_common_msgs/include/audio_common_msgs/audio_common_msgs/msg/detail/audio_data_stamped__rosidl_typesupport_introspection_cpp.hpp
[29.592s] -- Installing: /home/maddy/turtlebot3_ws/install/audio_common_msgs/lib/libaudio_common_msgs__rosidl_typesupport_introspection_cpp.so
[29.595s] -- Set runtime path of "/home/maddy/turtlebot3_ws/install/audio_common_msgs/lib/libaudio_common_msgs__rosidl_typesupport_introspection_cpp.so" to ""
[29.596s] -- Installing: /home/maddy/turtlebot3_ws/install/audio_common_msgs/lib/libaudio_common_msgs__rosidl_typesupport_cpp.so
[29.598s] -- Set runtime path of "/home/maddy/turtlebot3_ws/install/audio_common_msgs/lib/libaudio_common_msgs__rosidl_typesupport_cpp.so" to ""
[29.598s] -- Installing: /home/maddy/turtlebot3_ws/install/audio_common_msgs/share/audio_common_msgs/environment/pythonpath.sh
[29.599s] -- Installing: /home/maddy/turtlebot3_ws/install/audio_common_msgs/share/audio_common_msgs/environment/pythonpath.dsv
[29.600s] -- Installing: /home/maddy/turtlebot3_ws/install/audio_common_msgs/local/lib/python3.10/dist-packages/audio_common_msgs-0.3.12-py3.10.egg-info
[29.602s] -- Installing: /home/maddy/turtlebot3_ws/install/audio_common_msgs/local/lib/python3.10/dist-packages/audio_common_msgs-0.3.12-py3.10.egg-info/SOURCES.txt
[29.603s] -- Installing: /home/maddy/turtlebot3_ws/install/audio_common_msgs/local/lib/python3.10/dist-packages/audio_common_msgs-0.3.12-py3.10.egg-info/dependency_links.txt
[29.604s] -- Installing: /home/maddy/turtlebot3_ws/install/audio_common_msgs/local/lib/python3.10/dist-packages/audio_common_msgs-0.3.12-py3.10.egg-info/PKG-INFO
[29.605s] -- Installing: /home/maddy/turtlebot3_ws/install/audio_common_msgs/local/lib/python3.10/dist-packages/audio_common_msgs-0.3.12-py3.10.egg-info/top_level.txt
[29.606s] -- Installing: /home/maddy/turtlebot3_ws/install/audio_common_msgs/local/lib/python3.10/dist-packages/audio_common_msgs
[29.607s] -- Installing: /home/maddy/turtlebot3_ws/install/audio_common_msgs/local/lib/python3.10/dist-packages/audio_common_msgs/_audio_common_msgs_s.ep.rosidl_typesupport_fastrtps_c.c
[29.608s] -- Installing: /home/maddy/turtlebot3_ws/install/audio_common_msgs/local/lib/python3.10/dist-packages/audio_common_msgs/msg
[29.609s] -- Installing: /home/maddy/turtlebot3_ws/install/audio_common_msgs/local/lib/python3.10/dist-packages/audio_common_msgs/msg/_audio_info_s.c
[29.610s] -- Installing: /home/maddy/turtlebot3_ws/install/audio_common_msgs/local/lib/python3.10/dist-packages/audio_common_msgs/msg/_audio_data.py
[29.611s] -- Installing: /home/maddy/turtlebot3_ws/install/audio_common_msgs/local/lib/python3.10/dist-packages/audio_common_msgs/msg/_audio_data_s.c
[29.612s] -- Installing: /home/maddy/turtlebot3_ws/install/audio_common_msgs/local/lib/python3.10/dist-packages/audio_common_msgs/msg/_audio_info.py
[29.613s] -- Installing: /home/maddy/turtlebot3_ws/install/audio_common_msgs/local/lib/python3.10/dist-packages/audio_common_msgs/msg/_audio_data_stamped_s.c
[29.614s] -- Installing: /home/maddy/turtlebot3_ws/install/audio_common_msgs/local/lib/python3.10/dist-packages/audio_common_msgs/msg/__init__.py
[29.615s] -- Installing: /home/maddy/turtlebot3_ws/install/audio_common_msgs/local/lib/python3.10/dist-packages/audio_common_msgs/msg/_audio_data_stamped.py
[29.616s] -- Installing: /home/maddy/turtlebot3_ws/install/audio_common_msgs/local/lib/python3.10/dist-packages/audio_common_msgs/_audio_common_msgs_s.ep.rosidl_typesupport_c.c
[29.618s] -- Installing: /home/maddy/turtlebot3_ws/install/audio_common_msgs/local/lib/python3.10/dist-packages/audio_common_msgs/libaudio_common_msgs__rosidl_generator_py.so
[29.619s] -- Installing: /home/maddy/turtlebot3_ws/install/audio_common_msgs/local/lib/python3.10/dist-packages/audio_common_msgs/__init__.py
[29.620s] -- Installing: /home/maddy/turtlebot3_ws/install/audio_common_msgs/local/lib/python3.10/dist-packages/audio_common_msgs/audio_common_msgs_s__rosidl_typesupport_fastrtps_c.cpython-310-aarch64-linux-gnu.so
[29.622s] -- Installing: /home/maddy/turtlebot3_ws/install/audio_common_msgs/local/lib/python3.10/dist-packages/audio_common_msgs/audio_common_msgs_s__rosidl_typesupport_c.cpython-310-aarch64-linux-gnu.so
[29.623s] -- Installing: /home/maddy/turtlebot3_ws/install/audio_common_msgs/local/lib/python3.10/dist-packages/audio_common_msgs/audio_common_msgs_s__rosidl_typesupport_introspection_c.cpython-310-aarch64-linux-gnu.so
[29.625s] -- Installing: /home/maddy/turtlebot3_ws/install/audio_common_msgs/local/lib/python3.10/dist-packages/audio_common_msgs/_audio_common_msgs_s.ep.rosidl_typesupport_introspection_c.c
[29.802s] Listing '/home/maddy/turtlebot3_ws/install/audio_common_msgs/local/lib/python3.10/dist-packages/audio_common_msgs'...
[29.803s] Compiling '/home/maddy/turtlebot3_ws/install/audio_common_msgs/local/lib/python3.10/dist-packages/audio_common_msgs/__init__.py'...
[29.804s] Listing '/home/maddy/turtlebot3_ws/install/audio_common_msgs/local/lib/python3.10/dist-packages/audio_common_msgs/msg'...
[29.804s] Compiling '/home/maddy/turtlebot3_ws/install/audio_common_msgs/local/lib/python3.10/dist-packages/audio_common_msgs/msg/__init__.py'...
[29.805s] Compiling '/home/maddy/turtlebot3_ws/install/audio_common_msgs/local/lib/python3.10/dist-packages/audio_common_msgs/msg/_audio_data.py'...
[29.806s] Compiling '/home/maddy/turtlebot3_ws/install/audio_common_msgs/local/lib/python3.10/dist-packages/audio_common_msgs/msg/_audio_data_stamped.py'...
[29.807s] Compiling '/home/maddy/turtlebot3_ws/install/audio_common_msgs/local/lib/python3.10/dist-packages/audio_common_msgs/msg/_audio_info.py'...
[29.825s] -- Installing: /home/maddy/turtlebot3_ws/install/audio_common_msgs/local/lib/python3.10/dist-packages/audio_common_msgs/audio_common_msgs_s__rosidl_typesupport_fastrtps_c.cpython-310-aarch64-linux-gnu.so
[29.828s] -- Set runtime path of "/home/maddy/turtlebot3_ws/install/audio_common_msgs/local/lib/python3.10/dist-packages/audio_common_msgs/audio_common_msgs_s__rosidl_typesupport_fastrtps_c.cpython-310-aarch64-linux-gnu.so" to ""
[29.829s] -- Installing: /home/maddy/turtlebot3_ws/install/audio_common_msgs/local/lib/python3.10/dist-packages/audio_common_msgs/audio_common_msgs_s__rosidl_typesupport_introspection_c.cpython-310-aarch64-linux-gnu.so
[29.832s] -- Set runtime path of "/home/maddy/turtlebot3_ws/install/audio_common_msgs/local/lib/python3.10/dist-packages/audio_common_msgs/audio_common_msgs_s__rosidl_typesupport_introspection_c.cpython-310-aarch64-linux-gnu.so" to ""
[29.833s] -- Installing: /home/maddy/turtlebot3_ws/install/audio_common_msgs/local/lib/python3.10/dist-packages/audio_common_msgs/audio_common_msgs_s__rosidl_typesupport_c.cpython-310-aarch64-linux-gnu.so
[29.836s] -- Set runtime path of "/home/maddy/turtlebot3_ws/install/audio_common_msgs/local/lib/python3.10/dist-packages/audio_common_msgs/audio_common_msgs_s__rosidl_typesupport_c.cpython-310-aarch64-linux-gnu.so" to ""
[29.837s] -- Installing: /home/maddy/turtlebot3_ws/install/audio_common_msgs/lib/libaudio_common_msgs__rosidl_generator_py.so
[29.840s] -- Set runtime path of "/home/maddy/turtlebot3_ws/install/audio_common_msgs/lib/libaudio_common_msgs__rosidl_generator_py.so" to ""
[29.840s] -- Installing: /home/maddy/turtlebot3_ws/install/audio_common_msgs/share/audio_common_msgs/msg/AudioData.idl
[29.842s] -- Installing: /home/maddy/turtlebot3_ws/install/audio_common_msgs/share/audio_common_msgs/msg/AudioDataStamped.idl
[29.843s] -- Installing: /home/maddy/turtlebot3_ws/install/audio_common_msgs/share/audio_common_msgs/msg/AudioInfo.idl
[29.844s] -- Installing: /home/maddy/turtlebot3_ws/install/audio_common_msgs/share/audio_common_msgs/msg/AudioData.msg
[29.845s] -- Installing: /home/maddy/turtlebot3_ws/install/audio_common_msgs/share/audio_common_msgs/msg/AudioDataStamped.msg
[29.846s] -- Installing: /home/maddy/turtlebot3_ws/install/audio_common_msgs/share/audio_common_msgs/msg/AudioInfo.msg
[29.848s] -- Installing: /home/maddy/turtlebot3_ws/install/audio_common_msgs/share/ament_index/resource_index/package_run_dependencies/audio_common_msgs
[29.849s] -- Installing: /home/maddy/turtlebot3_ws/install/audio_common_msgs/share/ament_index/resource_index/parent_prefix_path/audio_common_msgs
[29.851s] -- Installing: /home/maddy/turtlebot3_ws/install/audio_common_msgs/share/audio_common_msgs/environment/ament_prefix_path.sh
[29.852s] -- Installing: /home/maddy/turtlebot3_ws/install/audio_common_msgs/share/audio_common_msgs/environment/ament_prefix_path.dsv
[29.853s] -- Installing: /home/maddy/turtlebot3_ws/install/audio_common_msgs/share/audio_common_msgs/environment/path.sh
[29.854s] -- Installing: /home/maddy/turtlebot3_ws/install/audio_common_msgs/share/audio_common_msgs/environment/path.dsv
[29.855s] -- Installing: /home/maddy/turtlebot3_ws/install/audio_common_msgs/share/audio_common_msgs/local_setup.bash
[29.856s] -- Installing: /home/maddy/turtlebot3_ws/install/audio_common_msgs/share/audio_common_msgs/local_setup.sh
[29.858s] -- Installing: /home/maddy/turtlebot3_ws/install/audio_common_msgs/share/audio_common_msgs/local_setup.zsh
[29.859s] -- Installing: /home/maddy/turtlebot3_ws/install/audio_common_msgs/share/audio_common_msgs/local_setup.dsv
[29.860s] -- Installing: /home/maddy/turtlebot3_ws/install/audio_common_msgs/share/audio_common_msgs/package.dsv
[29.861s] -- Installing: /home/maddy/turtlebot3_ws/install/audio_common_msgs/share/ament_index/resource_index/packages/audio_common_msgs
[29.863s] -- Installing: /home/maddy/turtlebot3_ws/install/audio_common_msgs/share/audio_common_msgs/cmake/export_audio_common_msgs__rosidl_generator_cExport.cmake
[29.864s] -- Installing: /home/maddy/turtlebot3_ws/install/audio_common_msgs/share/audio_common_msgs/cmake/export_audio_common_msgs__rosidl_generator_cExport-noconfig.cmake
[29.866s] -- Installing: /home/maddy/turtlebot3_ws/install/audio_common_msgs/share/audio_common_msgs/cmake/export_audio_common_msgs__rosidl_typesupport_fastrtps_cExport.cmake
[29.867s] -- Installing: /home/maddy/turtlebot3_ws/install/audio_common_msgs/share/audio_common_msgs/cmake/export_audio_common_msgs__rosidl_typesupport_fastrtps_cExport-noconfig.cmake
[29.869s] -- Installing: /home/maddy/turtlebot3_ws/install/audio_common_msgs/share/audio_common_msgs/cmake/audio_common_msgs__rosidl_typesupport_introspection_cExport.cmake
[29.870s] -- Installing: /home/maddy/turtlebot3_ws/install/audio_common_msgs/share/audio_common_msgs/cmake/audio_common_msgs__rosidl_typesupport_introspection_cExport-noconfig.cmake
[29.872s] -- Installing: /home/maddy/turtlebot3_ws/install/audio_common_msgs/share/audio_common_msgs/cmake/audio_common_msgs__rosidl_typesupport_cExport.cmake
[29.873s] -- Installing: /home/maddy/turtlebot3_ws/install/audio_common_msgs/share/audio_common_msgs/cmake/audio_common_msgs__rosidl_typesupport_cExport-noconfig.cmake
[29.875s] -- Installing: /home/maddy/turtlebot3_ws/install/audio_common_msgs/share/audio_common_msgs/cmake/export_audio_common_msgs__rosidl_generator_cppExport.cmake
[29.876s] -- Installing: /home/maddy/turtlebot3_ws/install/audio_common_msgs/share/audio_common_msgs/cmake/export_audio_common_msgs__rosidl_typesupport_fastrtps_cppExport.cmake
[29.877s] -- Installing: /home/maddy/turtlebot3_ws/install/audio_common_msgs/share/audio_common_msgs/cmake/export_audio_common_msgs__rosidl_typesupport_fastrtps_cppExport-noconfig.cmake
[29.879s] -- Installing: /home/maddy/turtlebot3_ws/install/audio_common_msgs/share/audio_common_msgs/cmake/audio_common_msgs__rosidl_typesupport_introspection_cppExport.cmake
[29.880s] -- Installing: /home/maddy/turtlebot3_ws/install/audio_common_msgs/share/audio_common_msgs/cmake/audio_common_msgs__rosidl_typesupport_introspection_cppExport-noconfig.cmake
[29.882s] -- Installing: /home/maddy/turtlebot3_ws/install/audio_common_msgs/share/audio_common_msgs/cmake/audio_common_msgs__rosidl_typesupport_cppExport.cmake
[29.883s] -- Installing: /home/maddy/turtlebot3_ws/install/audio_common_msgs/share/audio_common_msgs/cmake/audio_common_msgs__rosidl_typesupport_cppExport-noconfig.cmake
[29.885s] -- Installing: /home/maddy/turtlebot3_ws/install/audio_common_msgs/share/audio_common_msgs/cmake/export_audio_common_msgs__rosidl_generator_pyExport.cmake
[29.886s] -- Installing: /home/maddy/turtlebot3_ws/install/audio_common_msgs/share/audio_common_msgs/cmake/export_audio_common_msgs__rosidl_generator_pyExport-noconfig.cmake
[29.888s] -- Installing: /home/maddy/turtlebot3_ws/install/audio_common_msgs/share/audio_common_msgs/cmake/rosidl_cmake-extras.cmake
[29.889s] -- Installing: /home/maddy/turtlebot3_ws/install/audio_common_msgs/share/audio_common_msgs/cmake/ament_cmake_export_dependencies-extras.cmake
[29.890s] -- Installing: /home/maddy/turtlebot3_ws/install/audio_common_msgs/share/audio_common_msgs/cmake/ament_cmake_export_include_directories-extras.cmake
[29.891s] -- Installing: /home/maddy/turtlebot3_ws/install/audio_common_msgs/share/audio_common_msgs/cmake/ament_cmake_export_libraries-extras.cmake
[29.893s] -- Installing: /home/maddy/turtlebot3_ws/install/audio_common_msgs/share/audio_common_msgs/cmake/ament_cmake_export_targets-extras.cmake
[29.894s] -- Installing: /home/maddy/turtlebot3_ws/install/audio_common_msgs/share/audio_common_msgs/cmake/rosidl_cmake_export_typesupport_targets-extras.cmake
[29.895s] -- Installing: /home/maddy/turtlebot3_ws/install/audio_common_msgs/share/audio_common_msgs/cmake/rosidl_cmake_export_typesupport_libraries-extras.cmake
[29.896s] -- Installing: /home/maddy/turtlebot3_ws/install/audio_common_msgs/share/audio_common_msgs/cmake/audio_common_msgsConfig.cmake
[29.898s] -- Installing: /home/maddy/turtlebot3_ws/install/audio_common_msgs/share/audio_common_msgs/cmake/audio_common_msgsConfig-version.cmake
[29.899s] -- Installing: /home/maddy/turtlebot3_ws/install/audio_common_msgs/share/audio_common_msgs/package.xml
[29.906s] Invoked command in '/home/maddy/turtlebot3_ws/build/audio_common_msgs' returned '0': CMAKE_PREFIX_PATH=${CMAKE_PREFIX_PATH}:/home/maddy/turtlebot3_ws/install/turtlebot3_teleop:/home/maddy/turtlebot3_ws/install/turtlebot3_example:/home/maddy/turtlebot3_ws/install/opencv_tests:/home/maddy/turtlebot3_ws/install/cv_stuff:/opt/ros/humble /usr/bin/cmake --install /home/maddy/turtlebot3_ws/build/audio_common_msgs
