[9.525s] Invoking command in '/home/ros2/turtlebot3_ws/src/cv_stuff': CMAKE_PREFIX_PATH=/home/ros2/turtlebot3_ws/install/cv_bridge:/home/ros2/turtlebot3_ws/install/vision_opencv:/home/ros2/turtlebot3_ws/install/turtlebot3:/home/ros2/turtlebot3_ws/install/turtlebot3_bringup:/home/ros2/turtlebot3_ws/install/turtlebot3_node:/home/ros2/turtlebot3_ws/install/turtlebot3_description:/home/ros2/turtlebot3_ws/install/ld08_driver:/home/ros2/turtlebot3_ws/install/image_geometry PYTHONPATH=/home/ros2/turtlebot3_ws/build/cv_stuff/prefix_override:/home/ros2/turtlebot3_ws/install/cv_stuff/lib/python3.10/site-packages:${PYTHONPATH} /usr/bin/python3 setup.py egg_info --egg-base ../../build/cv_stuff build --build-base /home/ros2/turtlebot3_ws/build/cv_stuff/build install --record /home/ros2/turtlebot3_ws/build/cv_stuff/install.log --single-version-externally-managed
[12.714s] running egg_info
[12.730s] writing ../../build/cv_stuff/cv_stuff.egg-info/PKG-INFO
[12.734s] writing dependency_links to ../../build/cv_stuff/cv_stuff.egg-info/dependency_links.txt
[12.744s] writing entry points to ../../build/cv_stuff/cv_stuff.egg-info/entry_points.txt
[12.746s] writing requirements to ../../build/cv_stuff/cv_stuff.egg-info/requires.txt
[12.747s] writing top-level names to ../../build/cv_stuff/cv_stuff.egg-info/top_level.txt
[12.777s] reading manifest file '../../build/cv_stuff/cv_stuff.egg-info/SOURCES.txt'
[12.789s] writing manifest file '../../build/cv_stuff/cv_stuff.egg-info/SOURCES.txt'
[12.793s] running build
[12.797s] running build_py
[12.802s] copying cv_stuff/webcam_pub.py -> /home/ros2/turtlebot3_ws/build/cv_stuff/build/lib/cv_stuff
[12.809s] running install
[12.815s] /usr/lib/python3/dist-packages/setuptools/command/install.py:34: SetuptoolsDeprecationWarning: setup.py install is deprecated. Use build and pip and other standards-based tools.
[12.822s]   warnings.warn(
[12.827s] running install_lib
[12.833s] copying /home/ros2/turtlebot3_ws/build/cv_stuff/build/lib/cv_stuff/webcam_pub.py -> /home/ros2/turtlebot3_ws/install/cv_stuff/lib/python3.10/site-packages/cv_stuff
[12.841s] byte-compiling /home/ros2/turtlebot3_ws/install/cv_stuff/lib/python3.10/site-packages/cv_stuff/webcam_pub.py to webcam_pub.cpython-310.pyc
[12.847s] running install_data
[12.861s] running install_egg_info
[12.879s] removing '/home/ros2/turtlebot3_ws/install/cv_stuff/lib/python3.10/site-packages/cv_stuff-0.0.0-py3.10.egg-info' (and everything under it)
[12.883s] Copying ../../build/cv_stuff/cv_stuff.egg-info to /home/ros2/turtlebot3_ws/install/cv_stuff/lib/python3.10/site-packages/cv_stuff-0.0.0-py3.10.egg-info
[12.890s] running install_scripts
[13.127s] Installing img_publisher script to /home/ros2/turtlebot3_ws/install/cv_stuff/lib/cv_stuff
[13.130s] Installing img_subscriber script to /home/ros2/turtlebot3_ws/install/cv_stuff/lib/cv_stuff
[13.134s] writing list of installed files to '/home/ros2/turtlebot3_ws/build/cv_stuff/install.log'
[13.590s] Invoked command in '/home/ros2/turtlebot3_ws/src/cv_stuff' returned '0': CMAKE_PREFIX_PATH=/home/ros2/turtlebot3_ws/install/cv_bridge:/home/ros2/turtlebot3_ws/install/vision_opencv:/home/ros2/turtlebot3_ws/install/turtlebot3:/home/ros2/turtlebot3_ws/install/turtlebot3_bringup:/home/ros2/turtlebot3_ws/install/turtlebot3_node:/home/ros2/turtlebot3_ws/install/turtlebot3_description:/home/ros2/turtlebot3_ws/install/ld08_driver:/home/ros2/turtlebot3_ws/install/image_geometry PYTHONPATH=/home/ros2/turtlebot3_ws/build/cv_stuff/prefix_override:/home/ros2/turtlebot3_ws/install/cv_stuff/lib/python3.10/site-packages:${PYTHONPATH} /usr/bin/python3 setup.py egg_info --egg-base ../../build/cv_stuff build --build-base /home/ros2/turtlebot3_ws/build/cv_stuff/build install --record /home/ros2/turtlebot3_ws/build/cv_stuff/install.log --single-version-externally-managed
