running egg_info
creating ../../build/sound_player/sound_player.egg-info
writing ../../build/sound_player/sound_player.egg-info/PKG-INFO
writing dependency_links to ../../build/sound_player/sound_player.egg-info/dependency_links.txt
writing entry points to ../../build/sound_player/sound_player.egg-info/entry_points.txt
writing requirements to ../../build/sound_player/sound_player.egg-info/requires.txt
writing top-level names to ../../build/sound_player/sound_player.egg-info/top_level.txt
writing manifest file '../../build/sound_player/sound_player.egg-info/SOURCES.txt'
reading manifest file '../../build/sound_player/sound_player.egg-info/SOURCES.txt'
writing manifest file '../../build/sound_player/sound_player.egg-info/SOURCES.txt'
running build
running build_py
creating /home/maddy/turtlebot3_ws/build/sound_player/build
creating /home/maddy/turtlebot3_ws/build/sound_player/build/lib
creating /home/maddy/turtlebot3_ws/build/sound_player/build/lib/sound_player
copying sound_player/__init__.py -> /home/maddy/turtlebot3_ws/build/sound_player/build/lib/sound_player
copying sound_player/sound_player.py -> /home/maddy/turtlebot3_ws/build/sound_player/build/lib/sound_player
running install
running install_lib
creating /home/maddy/turtlebot3_ws/install/sound_player/lib/python3.10/site-packages/sound_player
copying /home/maddy/turtlebot3_ws/build/sound_player/build/lib/sound_player/__init__.py -> /home/maddy/turtlebot3_ws/install/sound_player/lib/python3.10/site-packages/sound_player
copying /home/maddy/turtlebot3_ws/build/sound_player/build/lib/sound_player/sound_player.py -> /home/maddy/turtlebot3_ws/install/sound_player/lib/python3.10/site-packages/sound_player
byte-compiling /home/maddy/turtlebot3_ws/install/sound_player/lib/python3.10/site-packages/sound_player/__init__.py to __init__.cpython-310.pyc
byte-compiling /home/maddy/turtlebot3_ws/install/sound_player/lib/python3.10/site-packages/sound_player/sound_player.py to sound_player.cpython-310.pyc
running install_data
creating /home/maddy/turtlebot3_ws/install/sound_player/share/ament_index
creating /home/maddy/turtlebot3_ws/install/sound_player/share/ament_index/resource_index
creating /home/maddy/turtlebot3_ws/install/sound_player/share/ament_index/resource_index/packages
copying resource/sound_player -> /home/maddy/turtlebot3_ws/install/sound_player/share/ament_index/resource_index/packages
copying package.xml -> /home/maddy/turtlebot3_ws/install/sound_player/share/sound_player
running install_egg_info
Copying ../../build/sound_player/sound_player.egg-info to /home/maddy/turtlebot3_ws/install/sound_player/lib/python3.10/site-packages/sound_player-0.0.0-py3.10.egg-info
running install_scripts
writing list of installed files to '/home/maddy/turtlebot3_ws/build/sound_player/install.log'
