[0.329s] Invoking command in '/home/maddy/turtlebot3_ws/build/image_geometry': CMAKE_PREFIX_PATH=/opt/ros/humble /usr/bin/cmake /home/maddy/turtlebot3_ws/src/vision_opencv/image_geometry -DAMENT_CMAKE_SYMLINK_INSTALL=1 -DCMAKE_INSTALL_PREFIX=/home/maddy/turtlebot3_ws/install/image_geometry
[0.630s] -- The C compiler identification is GNU 11.4.0
[0.896s] -- The CXX compiler identification is GNU 11.4.0
[0.928s] -- Detecting C compiler ABI info
[1.291s] -- Detecting C compiler ABI info - done
[1.319s] -- Check for working C compiler: /usr/bin/cc - skipped
[1.320s] -- Detecting C compile features
[1.321s] -- Detecting C compile features - done
[1.332s] -- Detecting CXX compiler ABI info
[1.682s] -- Detecting CXX compiler ABI info - done
[1.709s] -- Check for working CXX compiler: /usr/bin/c++ - skipped
[1.709s] -- Detecting CXX compile features
[1.711s] -- Detecting CXX compile features - done
[1.725s] -- Found ament_cmake_python: 1.3.5 (/opt/ros/humble/share/ament_cmake_python/cmake)
[1.738s] -- Found ament_cmake_ros: 0.10.0 (/opt/ros/humble/share/ament_cmake_ros/cmake)
[2.556s] -- Found Python3: /usr/bin/python3.10 (found version "3.10.12") found components: Interpreter 
[2.828s] -- Override CMake install command with custom implementation using symlinks instead of copying resources
[3.404s] -- Found OpenCV: /usr (found version "4.5.4") found components: calib3d core highgui imgproc 
[3.415s] -- Found sensor_msgs: 4.2.3 (/opt/ros/humble/share/sensor_msgs/cmake)
[3.621s] -- Found rosidl_generator_c: 3.1.5 (/opt/ros/humble/share/rosidl_generator_c/cmake)
[3.652s] -- Found rosidl_adapter: 3.1.5 (/opt/ros/humble/share/rosidl_adapter/cmake)
[3.697s] -- Found rosidl_generator_cpp: 3.1.5 (/opt/ros/humble/share/rosidl_generator_cpp/cmake)
[3.762s] -- Using all available rosidl_typesupport_c: rosidl_typesupport_fastrtps_c;rosidl_typesupport_introspection_c
[3.856s] -- Using all available rosidl_typesupport_cpp: rosidl_typesupport_fastrtps_cpp;rosidl_typesupport_introspection_cpp
[4.670s] -- Found gtest sources under '/opt/ros/humble/src/gtest_vendor': C++ tests using 'Google Test' will be built
[4.679s] -- Looking for pthread.h
[8.050s] -- Looking for pthread.h - found
[8.051s] -- Performing Test CMAKE_HAVE_LIBC_PTHREAD
[8.417s] -- Performing Test CMAKE_HAVE_LIBC_PTHREAD - Success
[8.421s] -- Found Threads: TRUE  
[8.711s] -- Configuring done
[8.789s] -- Generating done
[8.797s] -- Build files have been written to: /home/maddy/turtlebot3_ws/build/image_geometry
[8.823s] Invoked command in '/home/maddy/turtlebot3_ws/build/image_geometry' returned '0': CMAKE_PREFIX_PATH=/opt/ros/humble /usr/bin/cmake /home/maddy/turtlebot3_ws/src/vision_opencv/image_geometry -DAMENT_CMAKE_SYMLINK_INSTALL=1 -DCMAKE_INSTALL_PREFIX=/home/maddy/turtlebot3_ws/install/image_geometry
[8.830s] Invoking command in '/home/maddy/turtlebot3_ws/build/image_geometry': CMAKE_PREFIX_PATH=/opt/ros/humble /usr/bin/cmake --build /home/maddy/turtlebot3_ws/build/image_geometry -- -j4 -l4
[9.029s] [ 11%] [32mBuilding CXX object gtest/CMakeFiles/gtest_main.dir/src/gtest_main.cc.o[0m
[9.037s] [ 22%] [32mBuilding CXX object gtest/CMakeFiles/gtest.dir/src/gtest-all.cc.o[0m
[9.040s] [ 33%] [32mBuilding CXX object CMakeFiles/image_geometry.dir/src/pinhole_camera_model.cpp.o[0m
[9.060s] [ 33%] Built target ament_cmake_python_symlink_image_geometry
[10.935s] running egg_info
[10.938s] creating image_geometry.egg-info
[10.939s] writing image_geometry.egg-info/PKG-INFO
[10.941s] writing dependency_links to image_geometry.egg-info/dependency_links.txt
[10.942s] writing top-level names to image_geometry.egg-info/top_level.txt
[10.944s] writing manifest file 'image_geometry.egg-info/SOURCES.txt'
[10.962s] reading manifest file 'image_geometry.egg-info/SOURCES.txt'
[10.966s] writing manifest file 'image_geometry.egg-info/SOURCES.txt'
[11.157s] [ 33%] Built target ament_cmake_python_build_image_geometry_egg
[11.206s] [ 44%] [32mBuilding CXX object CMakeFiles/image_geometry.dir/src/stereo_camera_model.cpp.o[0m
[17.075s] [ 55%] [32m[1mLinking CXX static library libgtest_main.a[0m
[17.297s] [ 55%] Built target gtest_main
[21.152s] [ 66%] [32m[1mLinking CXX shared library libimage_geometry.so[0m
[21.696s] [ 66%] Built target image_geometry
[27.168s] [ 77%] [32m[1mLinking CXX static library libgtest.a[0m
[27.560s] [ 77%] Built target gtest
[27.695s] [ 88%] [32mBuilding CXX object CMakeFiles/image_geometry-utest.dir/test/utest.cpp.o[0m
[36.326s] [100%] [32m[1mLinking CXX executable image_geometry-utest[0m
[37.171s] [100%] Built target image_geometry-utest
[37.339s] Invoked command in '/home/maddy/turtlebot3_ws/build/image_geometry' returned '0': CMAKE_PREFIX_PATH=/opt/ros/humble /usr/bin/cmake --build /home/maddy/turtlebot3_ws/build/image_geometry -- -j4 -l4
[37.516s] Invoking command in '/home/maddy/turtlebot3_ws/build/image_geometry': CMAKE_PREFIX_PATH=/opt/ros/humble /usr/bin/cmake --install /home/maddy/turtlebot3_ws/build/image_geometry
[37.541s] -- Install configuration: ""
[37.543s] -- Execute custom install script
[37.544s] -- Symlinking: /home/maddy/turtlebot3_ws/install/image_geometry/share/image_geometry/environment/pythonpath.sh
[37.575s] -- Symlinking: /home/maddy/turtlebot3_ws/install/image_geometry/share/image_geometry/environment/pythonpath.dsv
[37.607s] -- Symlinking: /home/maddy/turtlebot3_ws/install/image_geometry/local/lib/python3.10/dist-packages/image_geometry-3.4.0-py3.10.egg-info/PKG-INFO
[37.638s] -- Symlinking: /home/maddy/turtlebot3_ws/install/image_geometry/local/lib/python3.10/dist-packages/image_geometry-3.4.0-py3.10.egg-info/SOURCES.txt
[37.667s] -- Symlinking: /home/maddy/turtlebot3_ws/install/image_geometry/local/lib/python3.10/dist-packages/image_geometry-3.4.0-py3.10.egg-info/dependency_links.txt
[37.700s] -- Symlinking: /home/maddy/turtlebot3_ws/install/image_geometry/local/lib/python3.10/dist-packages/image_geometry-3.4.0-py3.10.egg-info/top_level.txt
[37.896s] -- Symlinking: /home/maddy/turtlebot3_ws/install/image_geometry/local/lib/python3.10/dist-packages/image_geometry/__init__.py
[37.928s] -- Symlinking: /home/maddy/turtlebot3_ws/install/image_geometry/local/lib/python3.10/dist-packages/image_geometry/cameramodels.py
[37.960s] -- Symlinking: /home/maddy/turtlebot3_ws/install/image_geometry/include/image_geometry/image_geometry/pinhole_camera_model.hpp
[37.990s] -- Symlinking: /home/maddy/turtlebot3_ws/install/image_geometry/include/image_geometry/image_geometry/stereo_camera_model.hpp
[38.019s] -- Symlinking: /home/maddy/turtlebot3_ws/install/image_geometry/include/image_geometry/image_geometry/visibility_control.hpp
[38.049s] -- Symlinking: /home/maddy/turtlebot3_ws/install/image_geometry/share/ament_index/resource_index/package_run_dependencies/image_geometry
[38.081s] -- Symlinking: /home/maddy/turtlebot3_ws/install/image_geometry/share/ament_index/resource_index/parent_prefix_path/image_geometry
[38.111s] -- Symlinking: /home/maddy/turtlebot3_ws/install/image_geometry/share/image_geometry/environment/ament_prefix_path.sh
[38.141s] -- Symlinking: /home/maddy/turtlebot3_ws/install/image_geometry/share/image_geometry/environment/ament_prefix_path.dsv
[38.172s] -- Symlinking: /home/maddy/turtlebot3_ws/install/image_geometry/share/image_geometry/environment/path.sh
[38.202s] -- Symlinking: /home/maddy/turtlebot3_ws/install/image_geometry/share/image_geometry/environment/path.dsv
[38.233s] -- Symlinking: /home/maddy/turtlebot3_ws/install/image_geometry/share/image_geometry/local_setup.bash
[38.262s] -- Symlinking: /home/maddy/turtlebot3_ws/install/image_geometry/share/image_geometry/local_setup.sh
[38.294s] -- Symlinking: /home/maddy/turtlebot3_ws/install/image_geometry/share/image_geometry/local_setup.zsh
[38.324s] -- Symlinking: /home/maddy/turtlebot3_ws/install/image_geometry/share/image_geometry/local_setup.dsv
[38.354s] -- Symlinking: /home/maddy/turtlebot3_ws/install/image_geometry/share/image_geometry/package.dsv
[38.383s] -- Symlinking: /home/maddy/turtlebot3_ws/install/image_geometry/share/ament_index/resource_index/packages/image_geometry
[38.415s] -- Symlinking: /home/maddy/turtlebot3_ws/install/image_geometry/share/image_geometry/cmake/ament_cmake_export_targets-extras.cmake
[38.447s] -- Symlinking: /home/maddy/turtlebot3_ws/install/image_geometry/share/image_geometry/cmake/ament_cmake_export_dependencies-extras.cmake
[38.477s] -- Symlinking: /home/maddy/turtlebot3_ws/install/image_geometry/share/image_geometry/cmake/image_geometryConfig.cmake
[38.508s] -- Symlinking: /home/maddy/turtlebot3_ws/install/image_geometry/share/image_geometry/cmake/image_geometryConfig-version.cmake
[38.537s] -- Symlinking: /home/maddy/turtlebot3_ws/install/image_geometry/share/image_geometry/package.xml
[38.710s] Listing '/home/maddy/turtlebot3_ws/install/image_geometry/local/lib/python3.10/dist-packages/image_geometry'...
[38.711s] Compiling '/home/maddy/turtlebot3_ws/install/image_geometry/local/lib/python3.10/dist-packages/image_geometry/__init__.py'...
[38.712s] Compiling '/home/maddy/turtlebot3_ws/install/image_geometry/local/lib/python3.10/dist-packages/image_geometry/cameramodels.py'...
[38.734s] -- Installing: /home/maddy/turtlebot3_ws/install/image_geometry/lib/libimage_geometry.so
[38.738s] -- Set runtime path of "/home/maddy/turtlebot3_ws/install/image_geometry/lib/libimage_geometry.so" to ""
[38.739s] -- Installing: /home/maddy/turtlebot3_ws/install/image_geometry/share/image_geometry/cmake/export_image_geometryExport.cmake
[38.740s] -- Installing: /home/maddy/turtlebot3_ws/install/image_geometry/share/image_geometry/cmake/export_image_geometryExport-noconfig.cmake
[38.747s] Invoked command in '/home/maddy/turtlebot3_ws/build/image_geometry' returned '0': CMAKE_PREFIX_PATH=/opt/ros/humble /usr/bin/cmake --install /home/maddy/turtlebot3_ws/build/image_geometry
