[1.165s] Invoking command in '/home/maddy/turtlebot3_ws/build/ld08_driver': CMAKE_PREFIX_PATH=${CMAKE_PREFIX_PATH}:/home/maddy/turtlebot3_ws/install/turtlebot3_teleop:/home/maddy/turtlebot3_ws/install/turtlebot3_example:/home/maddy/turtlebot3_ws/install/sound_player:/home/maddy/turtlebot3_ws/install/ros2_camera_publish:/home/maddy/turtlebot3_ws/install/opencv_tests:/home/maddy/turtlebot3_ws/install/mic_startup:/home/maddy/turtlebot3_ws/install/image_pub:/home/maddy/turtlebot3_ws/install/cv_stuff:/opt/ros/humble /usr/bin/cmake /home/maddy/turtlebot3_ws/src/ld08_driver -DCMAKE_INSTALL_PREFIX=/home/maddy/turtlebot3_ws/install/ld08_driver
[1.255s] -- Found ament_cmake: 1.3.6 (/opt/ros/humble/share/ament_cmake/cmake)
[2.317s] -- Override CMake install command with custom implementation using symlinks instead of copying resources
[2.428s] -- Found rclcpp: 16.0.7 (/opt/ros/humble/share/rclcpp/cmake)
[2.712s] -- Found rosidl_generator_c: 3.1.5 (/opt/ros/humble/share/rosidl_generator_c/cmake)
[2.736s] -- Found rosidl_adapter: 3.1.5 (/opt/ros/humble/share/rosidl_adapter/cmake)
[2.791s] -- Found rosidl_generator_cpp: 3.1.5 (/opt/ros/humble/share/rosidl_generator_cpp/cmake)
[2.975s] -- Using all available rosidl_typesupport_c: rosidl_typesupport_fastrtps_c;rosidl_typesupport_introspection_c
[3.113s] -- Using all available rosidl_typesupport_cpp: rosidl_typesupport_fastrtps_cpp;rosidl_typesupport_introspection_cpp
[3.578s] -- Found rmw_implementation_cmake: 6.1.1 (/opt/ros/humble/share/rmw_implementation_cmake/cmake)
[3.627s] -- Found rmw_cyclonedds_cpp: 1.3.4 (/opt/ros/humble/share/rmw_cyclonedds_cpp/cmake)
[3.929s] -- Using RMW implementation 'rmw_cyclonedds_cpp' as default
[4.660s] -- Found sensor_msgs: 4.2.3 (/opt/ros/humble/share/sensor_msgs/cmake)
[5.267s] -- Found ament_lint_auto: 0.12.9 (/opt/ros/humble/share/ament_lint_auto/cmake)
[5.731s] -- Configuring done
[5.825s] -- Generating done
[5.835s] -- Build files have been written to: /home/maddy/turtlebot3_ws/build/ld08_driver
[6.587s] Invoked command in '/home/maddy/turtlebot3_ws/build/ld08_driver' returned '0': CMAKE_PREFIX_PATH=${CMAKE_PREFIX_PATH}:/home/maddy/turtlebot3_ws/install/turtlebot3_teleop:/home/maddy/turtlebot3_ws/install/turtlebot3_example:/home/maddy/turtlebot3_ws/install/sound_player:/home/maddy/turtlebot3_ws/install/ros2_camera_publish:/home/maddy/turtlebot3_ws/install/opencv_tests:/home/maddy/turtlebot3_ws/install/mic_startup:/home/maddy/turtlebot3_ws/install/image_pub:/home/maddy/turtlebot3_ws/install/cv_stuff:/opt/ros/humble /usr/bin/cmake /home/maddy/turtlebot3_ws/src/ld08_driver -DCMAKE_INSTALL_PREFIX=/home/maddy/turtlebot3_ws/install/ld08_driver
[6.605s] Invoking command in '/home/maddy/turtlebot3_ws/build/ld08_driver': CMAKE_PREFIX_PATH=${CMAKE_PREFIX_PATH}:/home/maddy/turtlebot3_ws/install/turtlebot3_teleop:/home/maddy/turtlebot3_ws/install/turtlebot3_example:/home/maddy/turtlebot3_ws/install/sound_player:/home/maddy/turtlebot3_ws/install/ros2_camera_publish:/home/maddy/turtlebot3_ws/install/opencv_tests:/home/maddy/turtlebot3_ws/install/mic_startup:/home/maddy/turtlebot3_ws/install/image_pub:/home/maddy/turtlebot3_ws/install/cv_stuff:/opt/ros/humble /usr/bin/cmake --build /home/maddy/turtlebot3_ws/build/ld08_driver -- -j4 -l4
[8.156s] [35m[1mConsolidate compiler generated dependencies of target ld08_driver[0m
[8.157s] [100%] Built target ld08_driver
[8.183s] Invoked command in '/home/maddy/turtlebot3_ws/build/ld08_driver' returned '0': CMAKE_PREFIX_PATH=${CMAKE_PREFIX_PATH}:/home/maddy/turtlebot3_ws/install/turtlebot3_teleop:/home/maddy/turtlebot3_ws/install/turtlebot3_example:/home/maddy/turtlebot3_ws/install/sound_player:/home/maddy/turtlebot3_ws/install/ros2_camera_publish:/home/maddy/turtlebot3_ws/install/opencv_tests:/home/maddy/turtlebot3_ws/install/mic_startup:/home/maddy/turtlebot3_ws/install/image_pub:/home/maddy/turtlebot3_ws/install/cv_stuff:/opt/ros/humble /usr/bin/cmake --build /home/maddy/turtlebot3_ws/build/ld08_driver -- -j4 -l4
[8.436s] Invoking command in '/home/maddy/turtlebot3_ws/build/ld08_driver': CMAKE_PREFIX_PATH=${CMAKE_PREFIX_PATH}:/home/maddy/turtlebot3_ws/install/turtlebot3_teleop:/home/maddy/turtlebot3_ws/install/turtlebot3_example:/home/maddy/turtlebot3_ws/install/sound_player:/home/maddy/turtlebot3_ws/install/ros2_camera_publish:/home/maddy/turtlebot3_ws/install/opencv_tests:/home/maddy/turtlebot3_ws/install/mic_startup:/home/maddy/turtlebot3_ws/install/image_pub:/home/maddy/turtlebot3_ws/install/cv_stuff:/opt/ros/humble /usr/bin/cmake --install /home/maddy/turtlebot3_ws/build/ld08_driver
[8.478s] -- Install configuration: ""
[8.482s] -- Execute custom install script
[8.826s] -- Up-to-date symlink: /home/maddy/turtlebot3_ws/install/ld08_driver/share/ld08_driver/launch/ld08.launch.py
[8.831s] -- Up-to-date symlink: /home/maddy/turtlebot3_ws/install/ld08_driver/lib/ld08_driver/ld08_driver
[8.834s] -- Up-to-date symlink: /home/maddy/turtlebot3_ws/install/ld08_driver/share/ament_index/resource_index/package_run_dependencies/ld08_driver
[8.843s] -- Up-to-date symlink: /home/maddy/turtlebot3_ws/install/ld08_driver/share/ament_index/resource_index/parent_prefix_path/ld08_driver
[8.849s] -- Up-to-date symlink: /home/maddy/turtlebot3_ws/install/ld08_driver/share/ld08_driver/environment/ament_prefix_path.sh
[8.851s] -- Up-to-date symlink: /home/maddy/turtlebot3_ws/install/ld08_driver/share/ld08_driver/environment/ament_prefix_path.dsv
[8.854s] -- Up-to-date symlink: /home/maddy/turtlebot3_ws/install/ld08_driver/share/ld08_driver/environment/path.sh
[8.856s] -- Up-to-date symlink: /home/maddy/turtlebot3_ws/install/ld08_driver/share/ld08_driver/environment/path.dsv
[8.861s] -- Up-to-date symlink: /home/maddy/turtlebot3_ws/install/ld08_driver/share/ld08_driver/local_setup.bash
[8.867s] -- Up-to-date symlink: /home/maddy/turtlebot3_ws/install/ld08_driver/share/ld08_driver/local_setup.sh
[8.872s] -- Up-to-date symlink: /home/maddy/turtlebot3_ws/install/ld08_driver/share/ld08_driver/local_setup.zsh
[8.874s] -- Up-to-date symlink: /home/maddy/turtlebot3_ws/install/ld08_driver/share/ld08_driver/local_setup.dsv
[8.876s] -- Symlinking: /home/maddy/turtlebot3_ws/install/ld08_driver/share/ld08_driver/package.dsv
[8.921s] -- Up-to-date symlink: /home/maddy/turtlebot3_ws/install/ld08_driver/share/ament_index/resource_index/packages/ld08_driver
[8.929s] -- Up-to-date symlink: /home/maddy/turtlebot3_ws/install/ld08_driver/share/ld08_driver/cmake/ament_cmake_export_dependencies-extras.cmake
[8.934s] -- Up-to-date symlink: /home/maddy/turtlebot3_ws/install/ld08_driver/share/ld08_driver/cmake/ament_cmake_export_include_directories-extras.cmake
[8.941s] -- Up-to-date symlink: /home/maddy/turtlebot3_ws/install/ld08_driver/share/ld08_driver/cmake/ld08_driverConfig.cmake
[8.947s] -- Up-to-date symlink: /home/maddy/turtlebot3_ws/install/ld08_driver/share/ld08_driver/cmake/ld08_driverConfig-version.cmake
[8.949s] -- Up-to-date symlink: /home/maddy/turtlebot3_ws/install/ld08_driver/share/ld08_driver/package.xml
[8.967s] Invoked command in '/home/maddy/turtlebot3_ws/build/ld08_driver' returned '0': CMAKE_PREFIX_PATH=${CMAKE_PREFIX_PATH}:/home/maddy/turtlebot3_ws/install/turtlebot3_teleop:/home/maddy/turtlebot3_ws/install/turtlebot3_example:/home/maddy/turtlebot3_ws/install/sound_player:/home/maddy/turtlebot3_ws/install/ros2_camera_publish:/home/maddy/turtlebot3_ws/install/opencv_tests:/home/maddy/turtlebot3_ws/install/mic_startup:/home/maddy/turtlebot3_ws/install/image_pub:/home/maddy/turtlebot3_ws/install/cv_stuff:/opt/ros/humble /usr/bin/cmake --install /home/maddy/turtlebot3_ws/build/ld08_driver
