[1.164s] Invoking command in '/home/maddy/turtlebot3_ws/build/ld08_driver': CMAKE_PREFIX_PATH=${CMAKE_PREFIX_PATH}:/home/maddy/turtlebot3_ws/install/turtlebot3_teleop:/home/maddy/turtlebot3_ws/install/turtlebot3_example:/home/maddy/turtlebot3_ws/install/sound_player:/home/maddy/turtlebot3_ws/install/ros2_camera_publish:/home/maddy/turtlebot3_ws/install/opencv_tests:/home/maddy/turtlebot3_ws/install/mic_startup:/home/maddy/turtlebot3_ws/install/image_pub:/home/maddy/turtlebot3_ws/install/cv_stuff:/opt/ros/humble /usr/bin/cmake --build /home/maddy/turtlebot3_ws/build/ld08_driver -- -j4 -l4
[1.538s] [100%] Built target ld08_driver
[3.433s] Invoked command in '/home/maddy/turtlebot3_ws/build/ld08_driver' returned '0': CMAKE_PREFIX_PATH=${CMAKE_PREFIX_PATH}:/home/maddy/turtlebot3_ws/install/turtlebot3_teleop:/home/maddy/turtlebot3_ws/install/turtlebot3_example:/home/maddy/turtlebot3_ws/install/sound_player:/home/maddy/turtlebot3_ws/install/ros2_camera_publish:/home/maddy/turtlebot3_ws/install/opencv_tests:/home/maddy/turtlebot3_ws/install/mic_startup:/home/maddy/turtlebot3_ws/install/image_pub:/home/maddy/turtlebot3_ws/install/cv_stuff:/opt/ros/humble /usr/bin/cmake --build /home/maddy/turtlebot3_ws/build/ld08_driver -- -j4 -l4
[4.338s] Invoking command in '/home/maddy/turtlebot3_ws/build/ld08_driver': CMAKE_PREFIX_PATH=${CMAKE_PREFIX_PATH}:/home/maddy/turtlebot3_ws/install/turtlebot3_teleop:/home/maddy/turtlebot3_ws/install/turtlebot3_example:/home/maddy/turtlebot3_ws/install/sound_player:/home/maddy/turtlebot3_ws/install/ros2_camera_publish:/home/maddy/turtlebot3_ws/install/opencv_tests:/home/maddy/turtlebot3_ws/install/mic_startup:/home/maddy/turtlebot3_ws/install/image_pub:/home/maddy/turtlebot3_ws/install/cv_stuff:/opt/ros/humble /usr/bin/cmake --install /home/maddy/turtlebot3_ws/build/ld08_driver
[6.012s] -- Install configuration: ""
[6.015s] -- Execute custom install script
[6.017s] -- Up-to-date symlink: /home/maddy/turtlebot3_ws/install/ld08_driver/share/ld08_driver/launch/ld08.launch.py
[6.020s] -- Up-to-date symlink: /home/maddy/turtlebot3_ws/install/ld08_driver/lib/ld08_driver/ld08_driver
[6.024s] -- Up-to-date symlink: /home/maddy/turtlebot3_ws/install/ld08_driver/share/ament_index/resource_index/package_run_dependencies/ld08_driver
[6.025s] -- Up-to-date symlink: /home/maddy/turtlebot3_ws/install/ld08_driver/share/ament_index/resource_index/parent_prefix_path/ld08_driver
[6.027s] -- Up-to-date symlink: /home/maddy/turtlebot3_ws/install/ld08_driver/share/ld08_driver/environment/ament_prefix_path.sh
[6.028s] -- Up-to-date symlink: /home/maddy/turtlebot3_ws/install/ld08_driver/share/ld08_driver/environment/ament_prefix_path.dsv
[6.029s] -- Up-to-date symlink: /home/maddy/turtlebot3_ws/install/ld08_driver/share/ld08_driver/environment/path.sh
[6.030s] -- Up-to-date symlink: /home/maddy/turtlebot3_ws/install/ld08_driver/share/ld08_driver/environment/path.dsv
[6.031s] -- Up-to-date symlink: /home/maddy/turtlebot3_ws/install/ld08_driver/share/ld08_driver/local_setup.bash
[6.032s] -- Up-to-date symlink: /home/maddy/turtlebot3_ws/install/ld08_driver/share/ld08_driver/local_setup.sh
[6.033s] -- Up-to-date symlink: /home/maddy/turtlebot3_ws/install/ld08_driver/share/ld08_driver/local_setup.zsh
[6.035s] -- Up-to-date symlink: /home/maddy/turtlebot3_ws/install/ld08_driver/share/ld08_driver/local_setup.dsv
[6.037s] -- Symlinking: /home/maddy/turtlebot3_ws/install/ld08_driver/share/ld08_driver/package.dsv
[6.039s] -- Up-to-date symlink: /home/maddy/turtlebot3_ws/install/ld08_driver/share/ament_index/resource_index/packages/ld08_driver
[6.040s] -- Up-to-date symlink: /home/maddy/turtlebot3_ws/install/ld08_driver/share/ld08_driver/cmake/ament_cmake_export_dependencies-extras.cmake
[6.042s] -- Up-to-date symlink: /home/maddy/turtlebot3_ws/install/ld08_driver/share/ld08_driver/cmake/ament_cmake_export_include_directories-extras.cmake
[6.043s] -- Up-to-date symlink: /home/maddy/turtlebot3_ws/install/ld08_driver/share/ld08_driver/cmake/ld08_driverConfig.cmake
[6.044s] -- Up-to-date symlink: /home/maddy/turtlebot3_ws/install/ld08_driver/share/ld08_driver/cmake/ld08_driverConfig-version.cmake
[6.045s] -- Up-to-date symlink: /home/maddy/turtlebot3_ws/install/ld08_driver/share/ld08_driver/package.xml
[7.506s] Invoked command in '/home/maddy/turtlebot3_ws/build/ld08_driver' returned '0': CMAKE_PREFIX_PATH=${CMAKE_PREFIX_PATH}:/home/maddy/turtlebot3_ws/install/turtlebot3_teleop:/home/maddy/turtlebot3_ws/install/turtlebot3_example:/home/maddy/turtlebot3_ws/install/sound_player:/home/maddy/turtlebot3_ws/install/ros2_camera_publish:/home/maddy/turtlebot3_ws/install/opencv_tests:/home/maddy/turtlebot3_ws/install/mic_startup:/home/maddy/turtlebot3_ws/install/image_pub:/home/maddy/turtlebot3_ws/install/cv_stuff:/opt/ros/humble /usr/bin/cmake --install /home/maddy/turtlebot3_ws/build/ld08_driver
