[4.582s] Invoking command in '/home/maddy/turtlebot3_ws/src/sound_player': PYTHONPATH=/home/maddy/turtlebot3_ws/build/sound_player/prefix_override:/home/maddy/turtlebot3_ws/install/sound_player/lib/python3.10/site-packages:${PYTHONPATH} /usr/bin/python3 setup.py egg_info --egg-base ../../build/sound_player build --build-base /home/maddy/turtlebot3_ws/build/sound_player/build install --record /home/maddy/turtlebot3_ws/build/sound_player/install.log --single-version-externally-managed
[5.695s] running egg_info
[5.698s] writing ../../build/sound_player/sound_player.egg-info/PKG-INFO
[5.701s] writing dependency_links to ../../build/sound_player/sound_player.egg-info/dependency_links.txt
[5.702s] writing entry points to ../../build/sound_player/sound_player.egg-info/entry_points.txt
[5.702s] writing requirements to ../../build/sound_player/sound_player.egg-info/requires.txt
[5.703s] writing top-level names to ../../build/sound_player/sound_player.egg-info/top_level.txt
[5.712s] reading manifest file '../../build/sound_player/sound_player.egg-info/SOURCES.txt'
[5.858s] writing manifest file '../../build/sound_player/sound_player.egg-info/SOURCES.txt'
[5.859s] running build
[5.860s] running build_py
[6.073s] copying sound_player/sound_publisher.py -> /home/maddy/turtlebot3_ws/build/sound_player/build/lib/sound_player
[6.075s] copying sound_player/player.py -> /home/maddy/turtlebot3_ws/build/sound_player/build/lib/sound_player
[6.079s] copying sound_player/__init__.py -> /home/maddy/turtlebot3_ws/build/sound_player/build/lib/sound_player
[6.081s] copying sound_player/play_sounds.py -> /home/maddy/turtlebot3_ws/build/sound_player/build/lib/sound_player
[6.083s] running install
[6.085s] /usr/lib/python3/dist-packages/setuptools/command/install.py:34: SetuptoolsDeprecationWarning: setup.py install is deprecated. Use build and pip and other standards-based tools.
[6.085s]   warnings.warn(
[6.086s] running install_lib
[6.091s] copying /home/maddy/turtlebot3_ws/build/sound_player/build/lib/sound_player/sound_publisher.py -> /home/maddy/turtlebot3_ws/install/sound_player/lib/python3.10/site-packages/sound_player
[6.096s] byte-compiling /home/maddy/turtlebot3_ws/install/sound_player/lib/python3.10/site-packages/sound_player/sound_publisher.py to sound_publisher.cpython-310.pyc
[6.099s] running install_data
[6.102s] running install_egg_info
[6.109s] removing '/home/maddy/turtlebot3_ws/install/sound_player/lib/python3.10/site-packages/sound_player-0.0.0-py3.10.egg-info' (and everything under it)
[6.111s] Copying ../../build/sound_player/sound_player.egg-info to /home/maddy/turtlebot3_ws/install/sound_player/lib/python3.10/site-packages/sound_player-0.0.0-py3.10.egg-info
[6.117s] running install_scripts
[6.202s] Installing sound_player script to /home/maddy/turtlebot3_ws/install/sound_player/lib/sound_player
[6.204s] Installing sound_publisher script to /home/maddy/turtlebot3_ws/install/sound_player/lib/sound_player
[6.206s] writing list of installed files to '/home/maddy/turtlebot3_ws/build/sound_player/install.log'
[6.322s] Invoked command in '/home/maddy/turtlebot3_ws/src/sound_player' returned '0': PYTHONPATH=/home/maddy/turtlebot3_ws/build/sound_player/prefix_override:/home/maddy/turtlebot3_ws/install/sound_player/lib/python3.10/site-packages:${PYTHONPATH} /usr/bin/python3 setup.py egg_info --egg-base ../../build/sound_player build --build-base /home/maddy/turtlebot3_ws/build/sound_player/build install --record /home/maddy/turtlebot3_ws/build/sound_player/install.log --single-version-externally-managed
