[0.829s] Invoking command in '/home/ros2/turtlebot3_ws/build/turtlebot3_bringup': CMAKE_PREFIX_PATH=/home/ros2/turtlebot3_ws/install/turtlebot3_node:/home/ros2/turtlebot3_ws/install/turtlebot3_description:/home/ros2/turtlebot3_ws/install/turtlebot3:/home/ros2/turtlebot3_ws/install/turtlebot3_bringup:/home/ros2/turtlebot3_ws/install/ld08_driver:/home/ros2/turtlebot3_ws/install/cv_stuff:/home/ros2/turtlebot3_ws/install/turtlebot3_teleop:/home/ros2/turtlebot3_ws/install/turtlebot3_example:/opt/ros/humble /usr/bin/cmake --build /home/ros2/turtlebot3_ws/build/turtlebot3_bringup -- -j4 -l4
[1.305s] Invoked command in '/home/ros2/turtlebot3_ws/build/turtlebot3_bringup' returned '0': CMAKE_PREFIX_PATH=/home/ros2/turtlebot3_ws/install/turtlebot3_node:/home/ros2/turtlebot3_ws/install/turtlebot3_description:/home/ros2/turtlebot3_ws/install/turtlebot3:/home/ros2/turtlebot3_ws/install/turtlebot3_bringup:/home/ros2/turtlebot3_ws/install/ld08_driver:/home/ros2/turtlebot3_ws/install/cv_stuff:/home/ros2/turtlebot3_ws/install/turtlebot3_teleop:/home/ros2/turtlebot3_ws/install/turtlebot3_example:/opt/ros/humble /usr/bin/cmake --build /home/ros2/turtlebot3_ws/build/turtlebot3_bringup -- -j4 -l4
[1.585s] Invoking command in '/home/ros2/turtlebot3_ws/build/turtlebot3_bringup': CMAKE_PREFIX_PATH=/home/ros2/turtlebot3_ws/install/turtlebot3_node:/home/ros2/turtlebot3_ws/install/turtlebot3_description:/home/ros2/turtlebot3_ws/install/turtlebot3:/home/ros2/turtlebot3_ws/install/turtlebot3_bringup:/home/ros2/turtlebot3_ws/install/ld08_driver:/home/ros2/turtlebot3_ws/install/cv_stuff:/home/ros2/turtlebot3_ws/install/turtlebot3_teleop:/home/ros2/turtlebot3_ws/install/turtlebot3_example:/opt/ros/humble /usr/bin/cmake --install /home/ros2/turtlebot3_ws/build/turtlebot3_bringup
[1.655s] -- Install configuration: ""
[1.658s] -- Execute custom install script
[1.666s] -- Up-to-date symlink: /home/ros2/turtlebot3_ws/install/turtlebot3_bringup/share/turtlebot3_bringup/launch/robot.launch.py
[1.667s] -- Up-to-date symlink: /home/ros2/turtlebot3_ws/install/turtlebot3_bringup/share/turtlebot3_bringup/launch/rviz2.launch.py
[1.668s] -- Up-to-date symlink: /home/ros2/turtlebot3_ws/install/turtlebot3_bringup/share/turtlebot3_bringup/launch/turtlebot3_state_publisher.launch.py
[1.670s] -- Up-to-date symlink: /home/ros2/turtlebot3_ws/install/turtlebot3_bringup/share/turtlebot3_bringup/param/burger.yaml
[1.671s] -- Up-to-date symlink: /home/ros2/turtlebot3_ws/install/turtlebot3_bringup/share/turtlebot3_bringup/param/waffle.yaml
[1.672s] -- Up-to-date symlink: /home/ros2/turtlebot3_ws/install/turtlebot3_bringup/share/turtlebot3_bringup/param/waffle_pi.yaml
[1.675s] -- Up-to-date symlink: /home/ros2/turtlebot3_ws/install/turtlebot3_bringup/share/turtlebot3_bringup/script/99-turtlebot3-cdc.rules
[1.676s] -- Up-to-date symlink: /home/ros2/turtlebot3_ws/install/turtlebot3_bringup/share/turtlebot3_bringup/script/create_udev_rules
[1.688s] -- Up-to-date symlink: /home/ros2/turtlebot3_ws/install/turtlebot3_bringup/share/ament_index/resource_index/package_run_dependencies/turtlebot3_bringup
[1.692s] -- Up-to-date symlink: /home/ros2/turtlebot3_ws/install/turtlebot3_bringup/share/ament_index/resource_index/parent_prefix_path/turtlebot3_bringup
[1.693s] -- Up-to-date symlink: /home/ros2/turtlebot3_ws/install/turtlebot3_bringup/share/turtlebot3_bringup/environment/ament_prefix_path.sh
[1.696s] -- Up-to-date symlink: /home/ros2/turtlebot3_ws/install/turtlebot3_bringup/share/turtlebot3_bringup/environment/ament_prefix_path.dsv
[1.699s] -- Up-to-date symlink: /home/ros2/turtlebot3_ws/install/turtlebot3_bringup/share/turtlebot3_bringup/environment/path.sh
[1.702s] -- Up-to-date symlink: /home/ros2/turtlebot3_ws/install/turtlebot3_bringup/share/turtlebot3_bringup/environment/path.dsv
[1.705s] -- Up-to-date symlink: /home/ros2/turtlebot3_ws/install/turtlebot3_bringup/share/turtlebot3_bringup/local_setup.bash
[1.708s] -- Up-to-date symlink: /home/ros2/turtlebot3_ws/install/turtlebot3_bringup/share/turtlebot3_bringup/local_setup.sh
[1.711s] -- Up-to-date symlink: /home/ros2/turtlebot3_ws/install/turtlebot3_bringup/share/turtlebot3_bringup/local_setup.zsh
[1.714s] -- Up-to-date symlink: /home/ros2/turtlebot3_ws/install/turtlebot3_bringup/share/turtlebot3_bringup/local_setup.dsv
[1.722s] -- Symlinking: /home/ros2/turtlebot3_ws/install/turtlebot3_bringup/share/turtlebot3_bringup/package.dsv
[1.848s] -- Up-to-date symlink: /home/ros2/turtlebot3_ws/install/turtlebot3_bringup/share/ament_index/resource_index/packages/turtlebot3_bringup
[1.849s] -- Up-to-date symlink: /home/ros2/turtlebot3_ws/install/turtlebot3_bringup/share/turtlebot3_bringup/cmake/turtlebot3_bringupConfig.cmake
[1.853s] -- Up-to-date symlink: /home/ros2/turtlebot3_ws/install/turtlebot3_bringup/share/turtlebot3_bringup/cmake/turtlebot3_bringupConfig-version.cmake
[1.857s] -- Up-to-date symlink: /home/ros2/turtlebot3_ws/install/turtlebot3_bringup/share/turtlebot3_bringup/package.xml
[1.882s] Invoked command in '/home/ros2/turtlebot3_ws/build/turtlebot3_bringup' returned '0': CMAKE_PREFIX_PATH=/home/ros2/turtlebot3_ws/install/turtlebot3_node:/home/ros2/turtlebot3_ws/install/turtlebot3_description:/home/ros2/turtlebot3_ws/install/turtlebot3:/home/ros2/turtlebot3_ws/install/turtlebot3_bringup:/home/ros2/turtlebot3_ws/install/ld08_driver:/home/ros2/turtlebot3_ws/install/cv_stuff:/home/ros2/turtlebot3_ws/install/turtlebot3_teleop:/home/ros2/turtlebot3_ws/install/turtlebot3_example:/opt/ros/humble /usr/bin/cmake --install /home/ros2/turtlebot3_ws/build/turtlebot3_bringup
