[0.338s] Invoking command in '/home/ros2/turtlebot3_ws/build/image_geometry': CMAKE_PREFIX_PATH=${CMAKE_PREFIX_PATH}:/home/ros2/turtlebot3_ws/install/cv_stuff:/home/ros2/turtlebot3_ws/install/turtlebot3_teleop:/home/ros2/turtlebot3_ws/install/turtlebot3_example:/opt/ros/humble /usr/bin/cmake /home/ros2/turtlebot3_ws/src/vision_opencv/image_geometry -DAMENT_CMAKE_SYMLINK_INSTALL=1 -DCMAKE_INSTALL_PREFIX=/home/ros2/turtlebot3_ws/install/image_geometry
[1.372s] -- The C compiler identification is GNU 11.4.0
[2.152s] -- The CXX compiler identification is GNU 11.4.0
[2.215s] -- Detecting C compiler ABI info
[2.652s] -- Detecting C compiler ABI info - done
[2.678s] -- Check for working C compiler: /usr/bin/cc - skipped
[2.679s] -- Detecting C compile features
[2.681s] -- Detecting C compile features - done
[2.699s] -- Detecting CXX compiler ABI info
[3.137s] -- Detecting CXX compiler ABI info - done
[3.168s] -- Check for working CXX compiler: /usr/bin/c++ - skipped
[3.169s] -- Detecting CXX compile features
[3.171s] -- Detecting CXX compile features - done
[3.202s] -- Found ament_cmake_python: 1.3.5 (/opt/ros/humble/share/ament_cmake_python/cmake)
[3.229s] -- Found ament_cmake_ros: 0.10.0 (/opt/ros/humble/share/ament_cmake_ros/cmake)
[4.467s] -- Found Python3: /usr/bin/python3.10 (found version "3.10.12") found components: Interpreter 
[4.951s] -- Override CMake install command with custom implementation using symlinks instead of copying resources
[6.305s] -- Found OpenCV: /usr (found version "4.5.4") found components: calib3d core highgui imgproc 
[6.344s] -- Found sensor_msgs: 4.2.3 (/opt/ros/humble/share/sensor_msgs/cmake)
[6.910s] -- Found rosidl_generator_c: 3.1.5 (/opt/ros/humble/share/rosidl_generator_c/cmake)
[6.978s] -- Found rosidl_adapter: 3.1.5 (/opt/ros/humble/share/rosidl_adapter/cmake)
[7.087s] -- Found rosidl_generator_cpp: 3.1.5 (/opt/ros/humble/share/rosidl_generator_cpp/cmake)
[7.232s] -- Using all available rosidl_typesupport_c: rosidl_typesupport_fastrtps_c;rosidl_typesupport_introspection_c
[7.456s] -- Using all available rosidl_typesupport_cpp: rosidl_typesupport_fastrtps_cpp;rosidl_typesupport_introspection_cpp
[8.749s] -- Found gtest sources under '/opt/ros/humble/src/gtest_vendor': C++ tests using 'Google Test' will be built
[8.767s] -- Looking for pthread.h
[9.405s] -- Looking for pthread.h - found
[9.408s] -- Performing Test CMAKE_HAVE_LIBC_PTHREAD
[9.884s] -- Performing Test CMAKE_HAVE_LIBC_PTHREAD - Success
[9.903s] -- Found Threads: TRUE  
[10.517s] -- Configuring done
[10.663s] -- Generating done
[10.679s] -- Build files have been written to: /home/ros2/turtlebot3_ws/build/image_geometry
[10.742s] Invoked command in '/home/ros2/turtlebot3_ws/build/image_geometry' returned '0': CMAKE_PREFIX_PATH=${CMAKE_PREFIX_PATH}:/home/ros2/turtlebot3_ws/install/cv_stuff:/home/ros2/turtlebot3_ws/install/turtlebot3_teleop:/home/ros2/turtlebot3_ws/install/turtlebot3_example:/opt/ros/humble /usr/bin/cmake /home/ros2/turtlebot3_ws/src/vision_opencv/image_geometry -DAMENT_CMAKE_SYMLINK_INSTALL=1 -DCMAKE_INSTALL_PREFIX=/home/ros2/turtlebot3_ws/install/image_geometry
[10.774s] Invoking command in '/home/ros2/turtlebot3_ws/build/image_geometry': CMAKE_PREFIX_PATH=${CMAKE_PREFIX_PATH}:/home/ros2/turtlebot3_ws/install/cv_stuff:/home/ros2/turtlebot3_ws/install/turtlebot3_teleop:/home/ros2/turtlebot3_ws/install/turtlebot3_example:/opt/ros/humble /usr/bin/cmake --build /home/ros2/turtlebot3_ws/build/image_geometry -- -j4 -l4
[11.292s] [  0%] Built target ament_cmake_python_symlink_image_geometry
[11.300s] [ 11%] [32mBuilding CXX object gtest/CMakeFiles/gtest_main.dir/src/gtest_main.cc.o[0m
[11.315s] [ 22%] [32mBuilding CXX object gtest/CMakeFiles/gtest.dir/src/gtest-all.cc.o[0m
[11.351s] [ 33%] [32mBuilding CXX object CMakeFiles/image_geometry.dir/src/pinhole_camera_model.cpp.o[0m
[14.279s] running egg_info
[14.282s] creating image_geometry.egg-info
[14.284s] writing image_geometry.egg-info/PKG-INFO
[14.308s] writing dependency_links to image_geometry.egg-info/dependency_links.txt
[14.310s] writing top-level names to image_geometry.egg-info/top_level.txt
[14.313s] writing manifest file 'image_geometry.egg-info/SOURCES.txt'
[14.316s] reading manifest file 'image_geometry.egg-info/SOURCES.txt'
[14.318s] writing manifest file 'image_geometry.egg-info/SOURCES.txt'
[14.742s] [ 33%] Built target ament_cmake_python_build_image_geometry_egg
[14.876s] [ 44%] [32mBuilding CXX object CMakeFiles/image_geometry.dir/src/stereo_camera_model.cpp.o[0m
[29.644s] [ 55%] [32m[1mLinking CXX static library libgtest_main.a[0m
[30.515s] [ 55%] Built target gtest_main
[37.530s] [ 66%] [32m[1mLinking CXX shared library libimage_geometry.so[0m
[39.832s] [ 66%] Built target image_geometry
[49.194s] [ 77%] [32m[1mLinking CXX static library libgtest.a[0m
[49.687s] [ 77%] Built target gtest
[49.798s] [ 88%] [32mBuilding CXX object CMakeFiles/image_geometry-utest.dir/test/utest.cpp.o[0m
[62.044s] [100%] [32m[1mLinking CXX executable image_geometry-utest[0m
[63.088s] [100%] Built target image_geometry-utest
[63.137s] Invoked command in '/home/ros2/turtlebot3_ws/build/image_geometry' returned '0': CMAKE_PREFIX_PATH=${CMAKE_PREFIX_PATH}:/home/ros2/turtlebot3_ws/install/cv_stuff:/home/ros2/turtlebot3_ws/install/turtlebot3_teleop:/home/ros2/turtlebot3_ws/install/turtlebot3_example:/opt/ros/humble /usr/bin/cmake --build /home/ros2/turtlebot3_ws/build/image_geometry -- -j4 -l4
[63.346s] Invoking command in '/home/ros2/turtlebot3_ws/build/image_geometry': CMAKE_PREFIX_PATH=${CMAKE_PREFIX_PATH}:/home/ros2/turtlebot3_ws/install/cv_stuff:/home/ros2/turtlebot3_ws/install/turtlebot3_teleop:/home/ros2/turtlebot3_ws/install/turtlebot3_example:/opt/ros/humble /usr/bin/cmake --install /home/ros2/turtlebot3_ws/build/image_geometry
[63.374s] -- Install configuration: ""
[63.393s] -- Execute custom install script
[63.394s] -- Symlinking: /home/ros2/turtlebot3_ws/install/image_geometry/share/image_geometry/environment/pythonpath.sh
[63.422s] -- Symlinking: /home/ros2/turtlebot3_ws/install/image_geometry/share/image_geometry/environment/pythonpath.dsv
[63.458s] -- Symlinking: /home/ros2/turtlebot3_ws/install/image_geometry/local/lib/python3.10/dist-packages/image_geometry-3.4.0-py3.10.egg-info/PKG-INFO
[63.493s] -- Symlinking: /home/ros2/turtlebot3_ws/install/image_geometry/local/lib/python3.10/dist-packages/image_geometry-3.4.0-py3.10.egg-info/SOURCES.txt
[63.529s] -- Symlinking: /home/ros2/turtlebot3_ws/install/image_geometry/local/lib/python3.10/dist-packages/image_geometry-3.4.0-py3.10.egg-info/dependency_links.txt
[63.563s] -- Symlinking: /home/ros2/turtlebot3_ws/install/image_geometry/local/lib/python3.10/dist-packages/image_geometry-3.4.0-py3.10.egg-info/top_level.txt
[63.603s] -- Symlinking: /home/ros2/turtlebot3_ws/install/image_geometry/local/lib/python3.10/dist-packages/image_geometry/__init__.py
[63.638s] -- Symlinking: /home/ros2/turtlebot3_ws/install/image_geometry/local/lib/python3.10/dist-packages/image_geometry/cameramodels.py
[63.674s] -- Symlinking: /home/ros2/turtlebot3_ws/install/image_geometry/include/image_geometry/image_geometry/pinhole_camera_model.hpp
[63.713s] -- Symlinking: /home/ros2/turtlebot3_ws/install/image_geometry/include/image_geometry/image_geometry/stereo_camera_model.hpp
[63.746s] -- Symlinking: /home/ros2/turtlebot3_ws/install/image_geometry/include/image_geometry/image_geometry/visibility_control.hpp
[63.782s] -- Symlinking: /home/ros2/turtlebot3_ws/install/image_geometry/share/ament_index/resource_index/package_run_dependencies/image_geometry
[63.824s] -- Symlinking: /home/ros2/turtlebot3_ws/install/image_geometry/share/ament_index/resource_index/parent_prefix_path/image_geometry
[63.876s] -- Symlinking: /home/ros2/turtlebot3_ws/install/image_geometry/share/image_geometry/environment/ament_prefix_path.sh
[63.928s] -- Symlinking: /home/ros2/turtlebot3_ws/install/image_geometry/share/image_geometry/environment/ament_prefix_path.dsv
[63.966s] -- Symlinking: /home/ros2/turtlebot3_ws/install/image_geometry/share/image_geometry/environment/path.sh
[64.006s] -- Symlinking: /home/ros2/turtlebot3_ws/install/image_geometry/share/image_geometry/environment/path.dsv
[64.040s] -- Symlinking: /home/ros2/turtlebot3_ws/install/image_geometry/share/image_geometry/local_setup.bash
[64.077s] -- Symlinking: /home/ros2/turtlebot3_ws/install/image_geometry/share/image_geometry/local_setup.sh
[64.114s] -- Symlinking: /home/ros2/turtlebot3_ws/install/image_geometry/share/image_geometry/local_setup.zsh
[64.149s] -- Symlinking: /home/ros2/turtlebot3_ws/install/image_geometry/share/image_geometry/local_setup.dsv
[64.184s] -- Symlinking: /home/ros2/turtlebot3_ws/install/image_geometry/share/image_geometry/package.dsv
[64.220s] -- Symlinking: /home/ros2/turtlebot3_ws/install/image_geometry/share/ament_index/resource_index/packages/image_geometry
[64.253s] -- Symlinking: /home/ros2/turtlebot3_ws/install/image_geometry/share/image_geometry/cmake/ament_cmake_export_targets-extras.cmake
[64.293s] -- Symlinking: /home/ros2/turtlebot3_ws/install/image_geometry/share/image_geometry/cmake/ament_cmake_export_dependencies-extras.cmake
[64.325s] -- Symlinking: /home/ros2/turtlebot3_ws/install/image_geometry/share/image_geometry/cmake/image_geometryConfig.cmake
[64.358s] -- Symlinking: /home/ros2/turtlebot3_ws/install/image_geometry/share/image_geometry/cmake/image_geometryConfig-version.cmake
[64.398s] -- Symlinking: /home/ros2/turtlebot3_ws/install/image_geometry/share/image_geometry/package.xml
[64.629s] Listing '/home/ros2/turtlebot3_ws/install/image_geometry/local/lib/python3.10/dist-packages/image_geometry'...
[64.631s] Compiling '/home/ros2/turtlebot3_ws/install/image_geometry/local/lib/python3.10/dist-packages/image_geometry/__init__.py'...
[64.632s] Compiling '/home/ros2/turtlebot3_ws/install/image_geometry/local/lib/python3.10/dist-packages/image_geometry/cameramodels.py'...
[64.659s] -- Installing: /home/ros2/turtlebot3_ws/install/image_geometry/lib/libimage_geometry.so
[64.664s] -- Set runtime path of "/home/ros2/turtlebot3_ws/install/image_geometry/lib/libimage_geometry.so" to ""
[64.665s] -- Installing: /home/ros2/turtlebot3_ws/install/image_geometry/share/image_geometry/cmake/export_image_geometryExport.cmake
[64.668s] -- Installing: /home/ros2/turtlebot3_ws/install/image_geometry/share/image_geometry/cmake/export_image_geometryExport-noconfig.cmake
[64.679s] Invoked command in '/home/ros2/turtlebot3_ws/build/image_geometry' returned '0': CMAKE_PREFIX_PATH=${CMAKE_PREFIX_PATH}:/home/ros2/turtlebot3_ws/install/cv_stuff:/home/ros2/turtlebot3_ws/install/turtlebot3_teleop:/home/ros2/turtlebot3_ws/install/turtlebot3_example:/opt/ros/humble /usr/bin/cmake --install /home/ros2/turtlebot3_ws/build/image_geometry
