[0.199s] Invoking command in '/home/ros2/turtlebot3_ws/build/turtlebot3_description': CMAKE_PREFIX_PATH=/opt/ros/humble /usr/bin/cmake /home/ros2/turtlebot3_ws/src/turtlebot3/turtlebot3_description -DAMENT_CMAKE_SYMLINK_INSTALL=1 -DCMAKE_INSTALL_PREFIX=/home/ros2/turtlebot3_ws/install/turtlebot3_description
[1.357s] -- The C compiler identification is GNU 11.4.0
[2.069s] -- The CXX compiler identification is GNU 11.4.0
[2.124s] -- Detecting C compiler ABI info
[2.505s] -- Detecting C compiler ABI info - done
[2.532s] -- Check for working C compiler: /usr/bin/cc - skipped
[2.535s] -- Detecting C compile features
[2.538s] -- Detecting C compile features - done
[2.557s] -- Detecting CXX compiler ABI info
[2.960s] -- Detecting CXX compiler ABI info - done
[2.988s] -- Check for working CXX compiler: /usr/bin/c++ - skipped
[2.989s] -- Detecting CXX compile features
[2.991s] -- Detecting CXX compile features - done
[3.034s] -- Found ament_cmake: 1.3.5 (/opt/ros/humble/share/ament_cmake/cmake)
[4.029s] -- Found Python3: /usr/bin/python3.10 (found version "3.10.12") found components: Interpreter 
[4.516s] -- Override CMake install command with custom implementation using symlinks instead of copying resources
[4.810s] -- Found urdf: 2.6.0 (/opt/ros/humble/share/urdf/cmake)
[5.641s] -- Configuring done
[5.662s] -- Generating done
[5.667s] -- Build files have been written to: /home/ros2/turtlebot3_ws/build/turtlebot3_description
[5.694s] Invoked command in '/home/ros2/turtlebot3_ws/build/turtlebot3_description' returned '0': CMAKE_PREFIX_PATH=/opt/ros/humble /usr/bin/cmake /home/ros2/turtlebot3_ws/src/turtlebot3/turtlebot3_description -DAMENT_CMAKE_SYMLINK_INSTALL=1 -DCMAKE_INSTALL_PREFIX=/home/ros2/turtlebot3_ws/install/turtlebot3_description
[5.704s] Invoking command in '/home/ros2/turtlebot3_ws/build/turtlebot3_description': CMAKE_PREFIX_PATH=/opt/ros/humble /usr/bin/cmake --build /home/ros2/turtlebot3_ws/build/turtlebot3_description -- -j4 -l4
[5.876s] Invoked command in '/home/ros2/turtlebot3_ws/build/turtlebot3_description' returned '0': CMAKE_PREFIX_PATH=/opt/ros/humble /usr/bin/cmake --build /home/ros2/turtlebot3_ws/build/turtlebot3_description -- -j4 -l4
[6.023s] Invoking command in '/home/ros2/turtlebot3_ws/build/turtlebot3_description': CMAKE_PREFIX_PATH=/opt/ros/humble /usr/bin/cmake --install /home/ros2/turtlebot3_ws/build/turtlebot3_description
[6.051s] -- Install configuration: ""
[6.053s] -- Execute custom install script
[6.057s] -- Symlinking: /home/ros2/turtlebot3_ws/install/turtlebot3_description/share/turtlebot3_description/meshes/bases/burger_base.stl
[6.089s] -- Symlinking: /home/ros2/turtlebot3_ws/install/turtlebot3_description/share/turtlebot3_description/meshes/bases/waffle_base.stl
[6.122s] -- Symlinking: /home/ros2/turtlebot3_ws/install/turtlebot3_description/share/turtlebot3_description/meshes/bases/waffle_pi_base.stl
[6.154s] -- Symlinking: /home/ros2/turtlebot3_ws/install/turtlebot3_description/share/turtlebot3_description/meshes/sensors/astra.dae
[6.190s] -- Symlinking: /home/ros2/turtlebot3_ws/install/turtlebot3_description/share/turtlebot3_description/meshes/sensors/astra.jpg
[6.223s] -- Symlinking: /home/ros2/turtlebot3_ws/install/turtlebot3_description/share/turtlebot3_description/meshes/sensors/lds.stl
[6.254s] -- Symlinking: /home/ros2/turtlebot3_ws/install/turtlebot3_description/share/turtlebot3_description/meshes/sensors/r200.dae
[6.288s] -- Symlinking: /home/ros2/turtlebot3_ws/install/turtlebot3_description/share/turtlebot3_description/meshes/sensors/r200.jpg
[6.320s] -- Symlinking: /home/ros2/turtlebot3_ws/install/turtlebot3_description/share/turtlebot3_description/meshes/wheels/left_tire.stl
[6.352s] -- Symlinking: /home/ros2/turtlebot3_ws/install/turtlebot3_description/share/turtlebot3_description/meshes/wheels/right_tire.stl
[6.385s] -- Symlinking: /home/ros2/turtlebot3_ws/install/turtlebot3_description/share/turtlebot3_description/rviz/model.rviz
[6.420s] -- Symlinking: /home/ros2/turtlebot3_ws/install/turtlebot3_description/share/turtlebot3_description/urdf/common_properties.urdf
[6.453s] -- Symlinking: /home/ros2/turtlebot3_ws/install/turtlebot3_description/share/turtlebot3_description/urdf/turtlebot3_burger.urdf
[6.485s] -- Symlinking: /home/ros2/turtlebot3_ws/install/turtlebot3_description/share/turtlebot3_description/urdf/turtlebot3_waffle.urdf
[6.518s] -- Symlinking: /home/ros2/turtlebot3_ws/install/turtlebot3_description/share/turtlebot3_description/urdf/turtlebot3_waffle_pi.urdf
[6.551s] -- Symlinking: /home/ros2/turtlebot3_ws/install/turtlebot3_description/share/ament_index/resource_index/package_run_dependencies/turtlebot3_description
[6.585s] -- Symlinking: /home/ros2/turtlebot3_ws/install/turtlebot3_description/share/ament_index/resource_index/parent_prefix_path/turtlebot3_description
[6.621s] -- Symlinking: /home/ros2/turtlebot3_ws/install/turtlebot3_description/share/turtlebot3_description/environment/ament_prefix_path.sh
[6.653s] -- Symlinking: /home/ros2/turtlebot3_ws/install/turtlebot3_description/share/turtlebot3_description/environment/ament_prefix_path.dsv
[6.686s] -- Symlinking: /home/ros2/turtlebot3_ws/install/turtlebot3_description/share/turtlebot3_description/environment/path.sh
[6.720s] -- Symlinking: /home/ros2/turtlebot3_ws/install/turtlebot3_description/share/turtlebot3_description/environment/path.dsv
[6.751s] -- Symlinking: /home/ros2/turtlebot3_ws/install/turtlebot3_description/share/turtlebot3_description/local_setup.bash
[6.784s] -- Symlinking: /home/ros2/turtlebot3_ws/install/turtlebot3_description/share/turtlebot3_description/local_setup.sh
[6.818s] -- Symlinking: /home/ros2/turtlebot3_ws/install/turtlebot3_description/share/turtlebot3_description/local_setup.zsh
[6.851s] -- Symlinking: /home/ros2/turtlebot3_ws/install/turtlebot3_description/share/turtlebot3_description/local_setup.dsv
[6.884s] -- Symlinking: /home/ros2/turtlebot3_ws/install/turtlebot3_description/share/turtlebot3_description/package.dsv
[6.918s] -- Symlinking: /home/ros2/turtlebot3_ws/install/turtlebot3_description/share/ament_index/resource_index/packages/turtlebot3_description
[6.951s] -- Symlinking: /home/ros2/turtlebot3_ws/install/turtlebot3_description/share/turtlebot3_description/cmake/turtlebot3_descriptionConfig.cmake
[6.984s] -- Symlinking: /home/ros2/turtlebot3_ws/install/turtlebot3_description/share/turtlebot3_description/cmake/turtlebot3_descriptionConfig-version.cmake
[7.018s] -- Symlinking: /home/ros2/turtlebot3_ws/install/turtlebot3_description/share/turtlebot3_description/package.xml
[7.056s] Invoked command in '/home/ros2/turtlebot3_ws/build/turtlebot3_description' returned '0': CMAKE_PREFIX_PATH=/opt/ros/humble /usr/bin/cmake --install /home/ros2/turtlebot3_ws/build/turtlebot3_description
