[2.960s] Invoking command in '/home/maddy/turtlebot3_ws/src/image_pub': PYTHONPATH=/home/maddy/turtlebot3_ws/build/image_pub/prefix_override:/home/maddy/turtlebot3_ws/install/image_pub/lib/python3.10/site-packages:${PYTHONPATH} /usr/bin/python3 setup.py egg_info --egg-base ../../build/image_pub build --build-base /home/maddy/turtlebot3_ws/build/image_pub/build install --record /home/maddy/turtlebot3_ws/build/image_pub/install.log --single-version-externally-managed
[3.920s] running egg_info
[3.922s] writing ../../build/image_pub/image_pub.egg-info/PKG-INFO
[3.923s] writing dependency_links to ../../build/image_pub/image_pub.egg-info/dependency_links.txt
[3.924s] writing entry points to ../../build/image_pub/image_pub.egg-info/entry_points.txt
[3.924s] writing requirements to ../../build/image_pub/image_pub.egg-info/requires.txt
[3.925s] writing top-level names to ../../build/image_pub/image_pub.egg-info/top_level.txt
[3.934s] reading manifest file '../../build/image_pub/image_pub.egg-info/SOURCES.txt'
[3.937s] writing manifest file '../../build/image_pub/image_pub.egg-info/SOURCES.txt'
[3.938s] running build
[3.938s] running build_py
[3.939s] copying image_pub/pub.py -> /home/maddy/turtlebot3_ws/build/image_pub/build/lib/image_pub
[3.940s] running install
[3.941s] /usr/lib/python3/dist-packages/setuptools/command/install.py:34: SetuptoolsDeprecationWarning: setup.py install is deprecated. Use build and pip and other standards-based tools.
[3.941s]   warnings.warn(
[3.942s] running install_lib
[3.946s] copying /home/maddy/turtlebot3_ws/build/image_pub/build/lib/image_pub/pub.py -> /home/maddy/turtlebot3_ws/install/image_pub/lib/python3.10/site-packages/image_pub
[3.949s] byte-compiling /home/maddy/turtlebot3_ws/install/image_pub/lib/python3.10/site-packages/image_pub/pub.py to pub.cpython-310.pyc
[3.952s] running install_data
[3.954s] running install_egg_info
[3.961s] removing '/home/maddy/turtlebot3_ws/install/image_pub/lib/python3.10/site-packages/image_pub-0.0.0-py3.10.egg-info' (and everything under it)
[3.962s] Copying ../../build/image_pub/image_pub.egg-info to /home/maddy/turtlebot3_ws/install/image_pub/lib/python3.10/site-packages/image_pub-0.0.0-py3.10.egg-info
[3.967s] running install_scripts
[4.049s] Installing pub_vid script to /home/maddy/turtlebot3_ws/install/image_pub/lib/image_pub
[4.050s] writing list of installed files to '/home/maddy/turtlebot3_ws/build/image_pub/install.log'
[4.158s] Invoked command in '/home/maddy/turtlebot3_ws/src/image_pub' returned '0': PYTHONPATH=/home/maddy/turtlebot3_ws/build/image_pub/prefix_override:/home/maddy/turtlebot3_ws/install/image_pub/lib/python3.10/site-packages:${PYTHONPATH} /usr/bin/python3 setup.py egg_info --egg-base ../../build/image_pub build --build-base /home/maddy/turtlebot3_ws/build/image_pub/build install --record /home/maddy/turtlebot3_ws/build/image_pub/install.log --single-version-externally-managed
