[6.142s] Invoking command in '/home/maddy/turtlebot3_ws/src/sound_player': PYTHONPATH=/home/maddy/turtlebot3_ws/build/sound_player/prefix_override:/home/maddy/turtlebot3_ws/install/sound_player/lib/python3.10/site-packages:${PYTHONPATH} /usr/bin/python3 setup.py egg_info --egg-base ../../build/sound_player build --build-base /home/maddy/turtlebot3_ws/build/sound_player/build install --record /home/maddy/turtlebot3_ws/build/sound_player/install.log --single-version-externally-managed
[7.556s] running egg_info
[7.559s] writing ../../build/sound_player/sound_player.egg-info/PKG-INFO
[7.561s] writing dependency_links to ../../build/sound_player/sound_player.egg-info/dependency_links.txt
[7.562s] writing entry points to ../../build/sound_player/sound_player.egg-info/entry_points.txt
[7.563s] writing requirements to ../../build/sound_player/sound_player.egg-info/requires.txt
[7.563s] writing top-level names to ../../build/sound_player/sound_player.egg-info/top_level.txt
[7.572s] reading manifest file '../../build/sound_player/sound_player.egg-info/SOURCES.txt'
[7.579s] writing manifest file '../../build/sound_player/sound_player.egg-info/SOURCES.txt'
[7.580s] running build
[7.581s] running build_py
[7.585s] copying sound_player/player.py -> /home/maddy/turtlebot3_ws/build/sound_player/build/lib/sound_player
[7.587s] running install
[7.589s] /usr/lib/python3/dist-packages/setuptools/command/install.py:34: SetuptoolsDeprecationWarning: setup.py install is deprecated. Use build and pip and other standards-based tools.
[7.589s]   warnings.warn(
[7.590s] running install_lib
[7.595s] copying /home/maddy/turtlebot3_ws/build/sound_player/build/lib/sound_player/player.py -> /home/maddy/turtlebot3_ws/install/sound_player/lib/python3.10/site-packages/sound_player
[7.600s] byte-compiling /home/maddy/turtlebot3_ws/install/sound_player/lib/python3.10/site-packages/sound_player/player.py to player.cpython-310.pyc
[7.604s] running install_data
[7.608s] running install_egg_info
[7.615s] removing '/home/maddy/turtlebot3_ws/install/sound_player/lib/python3.10/site-packages/sound_player-0.0.0-py3.10.egg-info' (and everything under it)
[7.617s] Copying ../../build/sound_player/sound_player.egg-info to /home/maddy/turtlebot3_ws/install/sound_player/lib/python3.10/site-packages/sound_player-0.0.0-py3.10.egg-info
[7.624s] running install_scripts
[7.715s] Installing sound_player script to /home/maddy/turtlebot3_ws/install/sound_player/lib/sound_player
[7.718s] Installing sound_publisher script to /home/maddy/turtlebot3_ws/install/sound_player/lib/sound_player
[7.720s] writing list of installed files to '/home/maddy/turtlebot3_ws/build/sound_player/install.log'
[9.031s] Invoked command in '/home/maddy/turtlebot3_ws/src/sound_player' returned '0': PYTHONPATH=/home/maddy/turtlebot3_ws/build/sound_player/prefix_override:/home/maddy/turtlebot3_ws/install/sound_player/lib/python3.10/site-packages:${PYTHONPATH} /usr/bin/python3 setup.py egg_info --egg-base ../../build/sound_player build --build-base /home/maddy/turtlebot3_ws/build/sound_player/build install --record /home/maddy/turtlebot3_ws/build/sound_player/install.log --single-version-externally-managed
