-- Found ament_cmake_ros: 0.10.0 (/opt/ros/humble/share/ament_cmake_ros/cmake)
-- Found Python3: /usr/bin/python3.10 (found version "3.10.12") found components: Interpreter 
-- Override CMake install command with custom implementation using symlinks instead of copying resources
-- Found Python3: /usr/include/python3.10 (found version "3.10.12") found components: Development NumPy Interpreter Development.Module Development.Embed 
-- Found rclcpp: 16.0.6 (/opt/ros/humble/share/rclcpp/cmake)
-- Found rosidl_generator_c: 3.1.5 (/opt/ros/humble/share/rosidl_generator_c/cmake)
-- Found rosidl_adapter: 3.1.5 (/opt/ros/humble/share/rosidl_adapter/cmake)
-- Found rosidl_generator_cpp: 3.1.5 (/opt/ros/humble/share/rosidl_generator_cpp/cmake)
-- Using all available rosidl_typesupport_c: rosidl_typesupport_fastrtps_c;rosidl_typesupport_introspection_c
-- Using all available rosidl_typesupport_cpp: rosidl_typesupport_fastrtps_cpp;rosidl_typesupport_introspection_cpp
-- Found rmw_implementation_cmake: 6.1.1 (/opt/ros/humble/share/rmw_implementation_cmake/cmake)
-- Found rmw_fastrtps_cpp: 6.2.4 (/opt/ros/humble/share/rmw_fastrtps_cpp/cmake)
-- Using RMW implementation 'rmw_fastrtps_cpp' as default
-- Found sensor_msgs: 4.2.3 (/opt/ros/humble/share/sensor_msgs/cmake)
-- Found ament_lint_auto: 0.12.8 (/opt/ros/humble/share/ament_lint_auto/cmake)
-- Found gtest sources under '/opt/ros/humble/src/gtest_vendor': C++ tests using 'Google Test' will be built
-- Configuring done
-- Generating done
-- Build files have been written to: /home/ros2/turtlebot3_ws/build/cv_bridge
[35m[1mConsolidate compiler generated dependencies of target cv_bridge[0m
[35m[1mConsolidate compiler generated dependencies of target gtest[0m
[35m[1mConsolidate compiler generated dependencies of target gtest_main[0m
[  0%] Built target ament_cmake_python_symlink_cv_bridge
[ 11%] Built target gtest_main
[ 22%] Built target gtest
[ 44%] Built target cv_bridge
[ 55%] [32mBuilding CXX object src/CMakeFiles/cv_bridge_boost.dir/module_opencv4.cpp.o[0m
[ 55%] [32mBuilding CXX object src/CMakeFiles/cv_bridge_boost.dir/module.cpp.o[0m
[ 61%] [32mBuilding CXX object test/CMakeFiles/cv_bridge-utest.dir/test_endian.cpp.o[0m
running egg_info
writing cv_bridge.egg-info/PKG-INFO
writing dependency_links to cv_bridge.egg-info/dependency_links.txt
writing top-level names to cv_bridge.egg-info/top_level.txt
reading manifest file 'cv_bridge.egg-info/SOURCES.txt'
writing manifest file 'cv_bridge.egg-info/SOURCES.txt'
[ 61%] Built target ament_cmake_python_build_cv_bridge_egg
[ 66%] [32mBuilding CXX object test/CMakeFiles/cv_bridge-utest.dir/test_compression.cpp.o[0m
[ 72%] [32mBuilding CXX object test/CMakeFiles/cv_bridge-utest.dir/utest2.cpp.o[0m
[ 77%] [32mBuilding CXX object test/CMakeFiles/cv_bridge-utest.dir/utest.cpp.o[0m
[ 83%] [32mBuilding CXX object test/CMakeFiles/cv_bridge-utest.dir/test_rgb_colors.cpp.o[0m
[ 88%] [32m[1mLinking CXX shared module boost/cv_bridge_boost.so[0m
[ 88%] Built target cv_bridge_boost
[ 94%] [32mBuilding CXX object test/CMakeFiles/cv_bridge-utest.dir/test_dynamic_scaling.cpp.o[0m
[100%] [32m[1mLinking CXX executable cv_bridge-utest[0m
[100%] Built target cv_bridge-utest
-- Install configuration: ""
-- Execute custom install script
-- Symlinking: /home/ros2/turtlebot3_ws/install/cv_bridge/share/cv_bridge/environment/pythonpath.sh
-- Symlinking: /home/ros2/turtlebot3_ws/install/cv_bridge/share/cv_bridge/environment/pythonpath.dsv
-- Symlinking: /home/ros2/turtlebot3_ws/install/cv_bridge/local/lib/python3.10/dist-packages/cv_bridge-3.4.0-py3.10.egg-info/PKG-INFO
-- Symlinking: /home/ros2/turtlebot3_ws/install/cv_bridge/local/lib/python3.10/dist-packages/cv_bridge-3.4.0-py3.10.egg-info/SOURCES.txt
-- Symlinking: /home/ros2/turtlebot3_ws/install/cv_bridge/local/lib/python3.10/dist-packages/cv_bridge-3.4.0-py3.10.egg-info/dependency_links.txt
-- Symlinking: /home/ros2/turtlebot3_ws/install/cv_bridge/local/lib/python3.10/dist-packages/cv_bridge-3.4.0-py3.10.egg-info/top_level.txt
-- Symlinking: /home/ros2/turtlebot3_ws/install/cv_bridge/local/lib/python3.10/dist-packages/cv_bridge/__init__.py
-- Symlinking: /home/ros2/turtlebot3_ws/install/cv_bridge/local/lib/python3.10/dist-packages/cv_bridge/core.py
-- Symlinking: /home/ros2/turtlebot3_ws/install/cv_bridge/include/cv_bridge/cv_bridge/cv_bridge_export.h
-- Symlinking: /home/ros2/turtlebot3_ws/install/cv_bridge/local/lib/python3.10/dist-packages/cv_bridge/boost//cv_bridge_boost.so
-- Symlinking: /home/ros2/turtlebot3_ws/install/cv_bridge/include/cv_bridge/cv_bridge/cv_bridge.hpp
-- Symlinking: /home/ros2/turtlebot3_ws/install/cv_bridge/include/cv_bridge/cv_bridge/cv_mat_sensor_msgs_image_type_adapter.hpp
-- Symlinking: /home/ros2/turtlebot3_ws/install/cv_bridge/include/cv_bridge/cv_bridge/rgb_colors.hpp
-- Symlinking: /home/ros2/turtlebot3_ws/install/cv_bridge/include/cv_bridge/cv_bridge/visibility_control.h
-- Symlinking: /home/ros2/turtlebot3_ws/install/cv_bridge/lib/libcv_bridge.so
-- Symlinking: /home/ros2/turtlebot3_ws/install/cv_bridge/share/ament_index/resource_index/package_run_dependencies/cv_bridge
-- Symlinking: /home/ros2/turtlebot3_ws/install/cv_bridge/share/ament_index/resource_index/parent_prefix_path/cv_bridge
-- Symlinking: /home/ros2/turtlebot3_ws/install/cv_bridge/share/cv_bridge/environment/ament_prefix_path.sh
-- Symlinking: /home/ros2/turtlebot3_ws/install/cv_bridge/share/cv_bridge/environment/ament_prefix_path.dsv
-- Symlinking: /home/ros2/turtlebot3_ws/install/cv_bridge/share/cv_bridge/environment/path.sh
-- Symlinking: /home/ros2/turtlebot3_ws/install/cv_bridge/share/cv_bridge/environment/path.dsv
-- Symlinking: /home/ros2/turtlebot3_ws/install/cv_bridge/share/cv_bridge/local_setup.bash
-- Symlinking: /home/ros2/turtlebot3_ws/install/cv_bridge/share/cv_bridge/local_setup.sh
-- Symlinking: /home/ros2/turtlebot3_ws/install/cv_bridge/share/cv_bridge/local_setup.zsh
-- Symlinking: /home/ros2/turtlebot3_ws/install/cv_bridge/share/cv_bridge/local_setup.dsv
-- Symlinking: /home/ros2/turtlebot3_ws/install/cv_bridge/share/cv_bridge/package.dsv
-- Symlinking: /home/ros2/turtlebot3_ws/install/cv_bridge/share/ament_index/resource_index/packages/cv_bridge
-- Symlinking: /home/ros2/turtlebot3_ws/install/cv_bridge/share/cv_bridge/cmake/cv_bridge-extras.cmake
-- Symlinking: /home/ros2/turtlebot3_ws/install/cv_bridge/share/cv_bridge/cmake/ament_cmake_export_dependencies-extras.cmake
-- Symlinking: /home/ros2/turtlebot3_ws/install/cv_bridge/share/cv_bridge/cmake/ament_cmake_export_targets-extras.cmake
-- Symlinking: /home/ros2/turtlebot3_ws/install/cv_bridge/share/cv_bridge/cmake/cv_bridgeConfig.cmake
-- Symlinking: /home/ros2/turtlebot3_ws/install/cv_bridge/share/cv_bridge/cmake/cv_bridgeConfig-version.cmake
-- Symlinking: /home/ros2/turtlebot3_ws/install/cv_bridge/share/cv_bridge/package.xml
Listing '/home/ros2/turtlebot3_ws/install/cv_bridge/local/lib/python3.10/dist-packages/cv_bridge'...
Compiling '/home/ros2/turtlebot3_ws/install/cv_bridge/local/lib/python3.10/dist-packages/cv_bridge/__init__.py'...
Listing '/home/ros2/turtlebot3_ws/install/cv_bridge/local/lib/python3.10/dist-packages/cv_bridge/boost'...
Compiling '/home/ros2/turtlebot3_ws/install/cv_bridge/local/lib/python3.10/dist-packages/cv_bridge/core.py'...
-- Installing: /home/ros2/turtlebot3_ws/install/cv_bridge/share/cv_bridge/cmake/export_cv_bridgeExport.cmake
-- Installing: /home/ros2/turtlebot3_ws/install/cv_bridge/share/cv_bridge/cmake/export_cv_bridgeExport-noconfig.cmake
