[0.290s] Invoking command in '/home/ros2/turtlebot3_ws/build/cv_bridge': CMAKE_PREFIX_PATH=${CMAKE_PREFIX_PATH}:/home/ros2/turtlebot3_ws/install/turtlebot3_teleop:/home/ros2/turtlebot3_ws/install/turtlebot3_example:/home/ros2/turtlebot3_ws/install/cv_stuff:/opt/ros/humble /usr/bin/cmake /home/ros2/turtlebot3_ws/src/vision_opencv/cv_bridge -DCMAKE_INSTALL_PREFIX=/home/ros2/turtlebot3_ws/install/cv_bridge
[0.594s] -- Found ament_cmake_ros: 0.10.0 (/opt/ros/humble/share/ament_cmake_ros/cmake)
[0.994s] -- Found Python3: /usr/bin/python3.10 (found version "3.10.12") found components: Interpreter 
[1.379s] -- Override CMake install command with custom implementation using symlinks instead of copying resources
[2.860s] -- Found Python3: /usr/include/python3.10 (found version "3.10.12") found components: Development NumPy Interpreter Development.Module Development.Embed 
[2.925s] -- Found rclcpp: 16.0.6 (/opt/ros/humble/share/rclcpp/cmake)
[3.191s] -- Found rosidl_generator_c: 3.1.5 (/opt/ros/humble/share/rosidl_generator_c/cmake)
[3.213s] -- Found rosidl_adapter: 3.1.5 (/opt/ros/humble/share/rosidl_adapter/cmake)
[3.266s] -- Found rosidl_generator_cpp: 3.1.5 (/opt/ros/humble/share/rosidl_generator_cpp/cmake)
[3.342s] -- Using all available rosidl_typesupport_c: rosidl_typesupport_fastrtps_c;rosidl_typesupport_introspection_c
[3.445s] -- Using all available rosidl_typesupport_cpp: rosidl_typesupport_fastrtps_cpp;rosidl_typesupport_introspection_cpp
[3.781s] -- Found rmw_implementation_cmake: 6.1.1 (/opt/ros/humble/share/rmw_implementation_cmake/cmake)
[3.797s] -- Found rmw_fastrtps_cpp: 6.2.4 (/opt/ros/humble/share/rmw_fastrtps_cpp/cmake)
[4.782s] -- Using RMW implementation 'rmw_fastrtps_cpp' as default
[5.508s] -- Found sensor_msgs: 4.2.3 (/opt/ros/humble/share/sensor_msgs/cmake)
[6.437s] -- Found ament_lint_auto: 0.12.8 (/opt/ros/humble/share/ament_lint_auto/cmake)
[6.818s] -- Found gtest sources under '/opt/ros/humble/src/gtest_vendor': C++ tests using 'Google Test' will be built
[12.341s] -- Configuring done
[12.588s] -- Generating done
[12.603s] -- Build files have been written to: /home/ros2/turtlebot3_ws/build/cv_bridge
[12.689s] Invoked command in '/home/ros2/turtlebot3_ws/build/cv_bridge' returned '0': CMAKE_PREFIX_PATH=${CMAKE_PREFIX_PATH}:/home/ros2/turtlebot3_ws/install/turtlebot3_teleop:/home/ros2/turtlebot3_ws/install/turtlebot3_example:/home/ros2/turtlebot3_ws/install/cv_stuff:/opt/ros/humble /usr/bin/cmake /home/ros2/turtlebot3_ws/src/vision_opencv/cv_bridge -DCMAKE_INSTALL_PREFIX=/home/ros2/turtlebot3_ws/install/cv_bridge
[12.699s] Invoking command in '/home/ros2/turtlebot3_ws/build/cv_bridge': CMAKE_PREFIX_PATH=${CMAKE_PREFIX_PATH}:/home/ros2/turtlebot3_ws/install/turtlebot3_teleop:/home/ros2/turtlebot3_ws/install/turtlebot3_example:/home/ros2/turtlebot3_ws/install/cv_stuff:/opt/ros/humble /usr/bin/cmake --build /home/ros2/turtlebot3_ws/build/cv_bridge -- -j4 -l4
[12.898s] [35m[1mConsolidate compiler generated dependencies of target cv_bridge[0m
[12.899s] [35m[1mConsolidate compiler generated dependencies of target gtest[0m
[12.906s] [35m[1mConsolidate compiler generated dependencies of target gtest_main[0m
[12.992s] [  0%] Built target ament_cmake_python_symlink_cv_bridge
[13.024s] [ 11%] Built target gtest_main
[13.036s] [ 22%] Built target gtest
[13.067s] [ 44%] Built target cv_bridge
[13.179s] [ 55%] [32mBuilding CXX object src/CMakeFiles/cv_bridge_boost.dir/module_opencv4.cpp.o[0m
[13.180s] [ 55%] [32mBuilding CXX object src/CMakeFiles/cv_bridge_boost.dir/module.cpp.o[0m
[13.192s] [ 61%] [32mBuilding CXX object test/CMakeFiles/cv_bridge-utest.dir/test_endian.cpp.o[0m
[14.357s] running egg_info
[14.361s] writing cv_bridge.egg-info/PKG-INFO
[14.363s] writing dependency_links to cv_bridge.egg-info/dependency_links.txt
[14.364s] writing top-level names to cv_bridge.egg-info/top_level.txt
[14.400s] reading manifest file 'cv_bridge.egg-info/SOURCES.txt'
[14.407s] writing manifest file 'cv_bridge.egg-info/SOURCES.txt'
[14.565s] [ 61%] Built target ament_cmake_python_build_cv_bridge_egg
[14.606s] [ 66%] [32mBuilding CXX object test/CMakeFiles/cv_bridge-utest.dir/test_compression.cpp.o[0m
[31.557s] [ 72%] [32mBuilding CXX object test/CMakeFiles/cv_bridge-utest.dir/utest2.cpp.o[0m
[31.564s] [ 77%] [32mBuilding CXX object test/CMakeFiles/cv_bridge-utest.dir/utest.cpp.o[0m
[46.536s] [ 83%] [32mBuilding CXX object test/CMakeFiles/cv_bridge-utest.dir/test_rgb_colors.cpp.o[0m
[49.123s] [ 88%] [32m[1mLinking CXX shared module boost/cv_bridge_boost.so[0m
[53.589s] [ 88%] Built target cv_bridge_boost
[64.569s] [ 94%] [32mBuilding CXX object test/CMakeFiles/cv_bridge-utest.dir/test_dynamic_scaling.cpp.o[0m
[73.926s] [100%] [32m[1mLinking CXX executable cv_bridge-utest[0m
[76.835s] [100%] Built target cv_bridge-utest
[76.971s] Invoked command in '/home/ros2/turtlebot3_ws/build/cv_bridge' returned '0': CMAKE_PREFIX_PATH=${CMAKE_PREFIX_PATH}:/home/ros2/turtlebot3_ws/install/turtlebot3_teleop:/home/ros2/turtlebot3_ws/install/turtlebot3_example:/home/ros2/turtlebot3_ws/install/cv_stuff:/opt/ros/humble /usr/bin/cmake --build /home/ros2/turtlebot3_ws/build/cv_bridge -- -j4 -l4
[77.225s] Invoking command in '/home/ros2/turtlebot3_ws/build/cv_bridge': CMAKE_PREFIX_PATH=${CMAKE_PREFIX_PATH}:/home/ros2/turtlebot3_ws/install/turtlebot3_teleop:/home/ros2/turtlebot3_ws/install/turtlebot3_example:/home/ros2/turtlebot3_ws/install/cv_stuff:/opt/ros/humble /usr/bin/cmake --install /home/ros2/turtlebot3_ws/build/cv_bridge
[77.260s] -- Install configuration: ""
[77.268s] -- Execute custom install script
[77.272s] -- Symlinking: /home/ros2/turtlebot3_ws/install/cv_bridge/share/cv_bridge/environment/pythonpath.sh
[77.313s] -- Symlinking: /home/ros2/turtlebot3_ws/install/cv_bridge/share/cv_bridge/environment/pythonpath.dsv
[77.354s] -- Symlinking: /home/ros2/turtlebot3_ws/install/cv_bridge/local/lib/python3.10/dist-packages/cv_bridge-3.4.0-py3.10.egg-info/PKG-INFO
[77.394s] -- Symlinking: /home/ros2/turtlebot3_ws/install/cv_bridge/local/lib/python3.10/dist-packages/cv_bridge-3.4.0-py3.10.egg-info/SOURCES.txt
[77.428s] -- Symlinking: /home/ros2/turtlebot3_ws/install/cv_bridge/local/lib/python3.10/dist-packages/cv_bridge-3.4.0-py3.10.egg-info/dependency_links.txt
[77.463s] -- Symlinking: /home/ros2/turtlebot3_ws/install/cv_bridge/local/lib/python3.10/dist-packages/cv_bridge-3.4.0-py3.10.egg-info/top_level.txt
[77.507s] -- Symlinking: /home/ros2/turtlebot3_ws/install/cv_bridge/local/lib/python3.10/dist-packages/cv_bridge/__init__.py
[77.544s] -- Symlinking: /home/ros2/turtlebot3_ws/install/cv_bridge/local/lib/python3.10/dist-packages/cv_bridge/core.py
[77.579s] -- Symlinking: /home/ros2/turtlebot3_ws/install/cv_bridge/include/cv_bridge/cv_bridge/cv_bridge_export.h
[77.620s] -- Symlinking: /home/ros2/turtlebot3_ws/install/cv_bridge/local/lib/python3.10/dist-packages/cv_bridge/boost//cv_bridge_boost.so
[77.665s] -- Symlinking: /home/ros2/turtlebot3_ws/install/cv_bridge/include/cv_bridge/cv_bridge/cv_bridge.hpp
[77.703s] -- Symlinking: /home/ros2/turtlebot3_ws/install/cv_bridge/include/cv_bridge/cv_bridge/cv_mat_sensor_msgs_image_type_adapter.hpp
[77.740s] -- Symlinking: /home/ros2/turtlebot3_ws/install/cv_bridge/include/cv_bridge/cv_bridge/rgb_colors.hpp
[77.773s] -- Symlinking: /home/ros2/turtlebot3_ws/install/cv_bridge/include/cv_bridge/cv_bridge/visibility_control.h
[77.811s] -- Symlinking: /home/ros2/turtlebot3_ws/install/cv_bridge/lib/libcv_bridge.so
[77.850s] -- Symlinking: /home/ros2/turtlebot3_ws/install/cv_bridge/share/ament_index/resource_index/package_run_dependencies/cv_bridge
[77.891s] -- Symlinking: /home/ros2/turtlebot3_ws/install/cv_bridge/share/ament_index/resource_index/parent_prefix_path/cv_bridge
[77.949s] -- Symlinking: /home/ros2/turtlebot3_ws/install/cv_bridge/share/cv_bridge/environment/ament_prefix_path.sh
[77.988s] -- Symlinking: /home/ros2/turtlebot3_ws/install/cv_bridge/share/cv_bridge/environment/ament_prefix_path.dsv
[78.025s] -- Symlinking: /home/ros2/turtlebot3_ws/install/cv_bridge/share/cv_bridge/environment/path.sh
[78.061s] -- Symlinking: /home/ros2/turtlebot3_ws/install/cv_bridge/share/cv_bridge/environment/path.dsv
[78.103s] -- Symlinking: /home/ros2/turtlebot3_ws/install/cv_bridge/share/cv_bridge/local_setup.bash
[78.141s] -- Symlinking: /home/ros2/turtlebot3_ws/install/cv_bridge/share/cv_bridge/local_setup.sh
[78.183s] -- Symlinking: /home/ros2/turtlebot3_ws/install/cv_bridge/share/cv_bridge/local_setup.zsh
[78.222s] -- Symlinking: /home/ros2/turtlebot3_ws/install/cv_bridge/share/cv_bridge/local_setup.dsv
[78.264s] -- Symlinking: /home/ros2/turtlebot3_ws/install/cv_bridge/share/cv_bridge/package.dsv
[78.310s] -- Symlinking: /home/ros2/turtlebot3_ws/install/cv_bridge/share/ament_index/resource_index/packages/cv_bridge
[78.357s] -- Symlinking: /home/ros2/turtlebot3_ws/install/cv_bridge/share/cv_bridge/cmake/cv_bridge-extras.cmake
[78.411s] -- Symlinking: /home/ros2/turtlebot3_ws/install/cv_bridge/share/cv_bridge/cmake/ament_cmake_export_dependencies-extras.cmake
[78.451s] -- Symlinking: /home/ros2/turtlebot3_ws/install/cv_bridge/share/cv_bridge/cmake/ament_cmake_export_targets-extras.cmake
[78.495s] -- Symlinking: /home/ros2/turtlebot3_ws/install/cv_bridge/share/cv_bridge/cmake/cv_bridgeConfig.cmake
[78.533s] -- Symlinking: /home/ros2/turtlebot3_ws/install/cv_bridge/share/cv_bridge/cmake/cv_bridgeConfig-version.cmake
[78.579s] -- Symlinking: /home/ros2/turtlebot3_ws/install/cv_bridge/share/cv_bridge/package.xml
[79.069s] Listing '/home/ros2/turtlebot3_ws/install/cv_bridge/local/lib/python3.10/dist-packages/cv_bridge'...
[79.071s] Compiling '/home/ros2/turtlebot3_ws/install/cv_bridge/local/lib/python3.10/dist-packages/cv_bridge/__init__.py'...
[79.072s] Listing '/home/ros2/turtlebot3_ws/install/cv_bridge/local/lib/python3.10/dist-packages/cv_bridge/boost'...
[79.074s] Compiling '/home/ros2/turtlebot3_ws/install/cv_bridge/local/lib/python3.10/dist-packages/cv_bridge/core.py'...
[79.113s] -- Installing: /home/ros2/turtlebot3_ws/install/cv_bridge/share/cv_bridge/cmake/export_cv_bridgeExport.cmake
[79.117s] -- Installing: /home/ros2/turtlebot3_ws/install/cv_bridge/share/cv_bridge/cmake/export_cv_bridgeExport-noconfig.cmake
[79.136s] Invoked command in '/home/ros2/turtlebot3_ws/build/cv_bridge' returned '0': CMAKE_PREFIX_PATH=${CMAKE_PREFIX_PATH}:/home/ros2/turtlebot3_ws/install/turtlebot3_teleop:/home/ros2/turtlebot3_ws/install/turtlebot3_example:/home/ros2/turtlebot3_ws/install/cv_stuff:/opt/ros/humble /usr/bin/cmake --install /home/ros2/turtlebot3_ws/build/cv_bridge
