[3.528s] Invoking command in '/home/maddy/turtlebot3_ws/src/mic_startup': PYTHONPATH=/home/maddy/turtlebot3_ws/build/mic_startup/prefix_override:/home/maddy/turtlebot3_ws/install/mic_startup/lib/python3.10/site-packages:${PYTHONPATH} /usr/bin/python3 setup.py egg_info --egg-base ../../build/mic_startup build --build-base /home/maddy/turtlebot3_ws/build/mic_startup/build install --record /home/maddy/turtlebot3_ws/build/mic_startup/install.log --single-version-externally-managed
[4.640s] running egg_info
[4.643s] writing ../../build/mic_startup/mic_startup.egg-info/PKG-INFO
[4.644s] writing dependency_links to ../../build/mic_startup/mic_startup.egg-info/dependency_links.txt
[4.645s] writing entry points to ../../build/mic_startup/mic_startup.egg-info/entry_points.txt
[4.646s] writing requirements to ../../build/mic_startup/mic_startup.egg-info/requires.txt
[4.646s] writing top-level names to ../../build/mic_startup/mic_startup.egg-info/top_level.txt
[4.655s] reading manifest file '../../build/mic_startup/mic_startup.egg-info/SOURCES.txt'
[4.659s] writing manifest file '../../build/mic_startup/mic_startup.egg-info/SOURCES.txt'
[4.659s] running build
[4.660s] running build_py
[4.660s] copying mic_startup/play_sound.py -> /home/maddy/turtlebot3_ws/build/mic_startup/build/lib/mic_startup
[4.662s] copying mic_startup/speech_converter.py -> /home/maddy/turtlebot3_ws/build/mic_startup/build/lib/mic_startup
[4.663s] running install
[4.664s] /usr/lib/python3/dist-packages/setuptools/command/install.py:34: SetuptoolsDeprecationWarning: setup.py install is deprecated. Use build and pip and other standards-based tools.
[4.664s]   warnings.warn(
[4.665s] running install_lib
[4.668s] copying /home/maddy/turtlebot3_ws/build/mic_startup/build/lib/mic_startup/play_sound.py -> /home/maddy/turtlebot3_ws/install/mic_startup/lib/python3.10/site-packages/mic_startup
[4.669s] copying /home/maddy/turtlebot3_ws/build/mic_startup/build/lib/mic_startup/speech_converter.py -> /home/maddy/turtlebot3_ws/install/mic_startup/lib/python3.10/site-packages/mic_startup
[4.673s] byte-compiling /home/maddy/turtlebot3_ws/install/mic_startup/lib/python3.10/site-packages/mic_startup/play_sound.py to play_sound.cpython-310.pyc
[4.675s] byte-compiling /home/maddy/turtlebot3_ws/install/mic_startup/lib/python3.10/site-packages/mic_startup/speech_converter.py to speech_converter.cpython-310.pyc
[4.678s] running install_data
[4.681s] running install_egg_info
[4.688s] removing '/home/maddy/turtlebot3_ws/install/mic_startup/lib/python3.10/site-packages/mic_startup-0.0.0-py3.10.egg-info' (and everything under it)
[4.689s] Copying ../../build/mic_startup/mic_startup.egg-info to /home/maddy/turtlebot3_ws/install/mic_startup/lib/python3.10/site-packages/mic_startup-0.0.0-py3.10.egg-info
[4.694s] running install_scripts
[4.778s] Installing mic_access script to /home/maddy/turtlebot3_ws/install/mic_startup/lib/mic_startup
[4.780s] writing list of installed files to '/home/maddy/turtlebot3_ws/build/mic_startup/install.log'
[4.895s] Invoked command in '/home/maddy/turtlebot3_ws/src/mic_startup' returned '0': PYTHONPATH=/home/maddy/turtlebot3_ws/build/mic_startup/prefix_override:/home/maddy/turtlebot3_ws/install/mic_startup/lib/python3.10/site-packages:${PYTHONPATH} /usr/bin/python3 setup.py egg_info --egg-base ../../build/mic_startup build --build-base /home/maddy/turtlebot3_ws/build/mic_startup/build install --record /home/maddy/turtlebot3_ws/build/mic_startup/install.log --single-version-externally-managed
