[3.493s] DEBUG:colcon:Command line arguments: ['/usr/bin/colcon', 'build', '--packages-select', 'opencv_tests']
[3.494s] DEBUG:colcon:Parsed command line arguments: Namespace(log_base=None, log_level=None, verb_name='build', build_base='build', install_base='install', merge_install=False, symlink_install=False, test_result_base=None, continue_on_error=False, executor='parallel', parallel_workers=4, event_handlers=None, ignore_user_meta=False, metas=['./colcon.meta'], base_paths=['.'], packages_ignore=None, packages_ignore_regex=None, paths=None, packages_up_to=None, packages_up_to_regex=None, packages_above=None, packages_above_and_dependencies=None, packages_above_depth=None, packages_select_by_dep=None, packages_skip_by_dep=None, packages_skip_up_to=None, packages_select_build_failed=False, packages_skip_build_finished=False, packages_select_test_failures=False, packages_skip_test_passed=False, packages_select=['opencv_tests'], packages_skip=None, packages_select_regex=None, packages_skip_regex=None, packages_start=None, packages_end=None, allow_overriding=[], cmake_args=None, cmake_target=None, cmake_target_skip_unavailable=False, cmake_clean_cache=False, cmake_clean_first=False, cmake_force_configure=False, ament_cmake_args=None, catkin_cmake_args=None, catkin_skip_building_tests=False, verb_parser=<colcon_defaults.argument_parser.defaults.DefaultArgumentsDecorator object at 0xffffa984d810>, verb_extension=<colcon_core.verb.build.BuildVerb object at 0xffffa9ba80d0>, main=<bound method BuildVerb.main of <colcon_core.verb.build.BuildVerb object at 0xffffa9ba80d0>>)
[3.673s] Level 1:colcon.colcon_core.package_discovery:discover_packages(colcon_meta) check parameters
[3.673s] Level 1:colcon.colcon_core.package_discovery:discover_packages(recursive) check parameters
[3.673s] Level 1:colcon.colcon_core.package_discovery:discover_packages(ignore) check parameters
[3.673s] Level 1:colcon.colcon_core.package_discovery:discover_packages(path) check parameters
[3.674s] Level 1:colcon.colcon_core.package_discovery:discover_packages(colcon_meta) discover
[3.674s] Level 1:colcon.colcon_core.package_discovery:discover_packages(recursive) discover
[3.674s] INFO:colcon.colcon_core.package_discovery:Crawling recursively for packages in '/home/ros2/turtlebot3_ws'
[3.674s] Level 1:colcon.colcon_core.package_identification:_identify(.) by extensions ['ignore', 'ignore_ament_install']
[3.675s] Level 1:colcon.colcon_core.package_identification:_identify(.) by extension 'ignore'
[3.675s] Level 1:colcon.colcon_core.package_identification:_identify(.) by extension 'ignore_ament_install'
[3.675s] Level 1:colcon.colcon_core.package_identification:_identify(.) by extensions ['colcon_pkg']
[3.675s] Level 1:colcon.colcon_core.package_identification:_identify(.) by extension 'colcon_pkg'
[3.675s] Level 1:colcon.colcon_core.package_identification:_identify(.) by extensions ['colcon_meta']
[3.676s] Level 1:colcon.colcon_core.package_identification:_identify(.) by extension 'colcon_meta'
[3.676s] Level 1:colcon.colcon_core.package_identification:_identify(.) by extensions ['ros']
[3.676s] Level 1:colcon.colcon_core.package_identification:_identify(.) by extension 'ros'
[3.721s] Level 1:colcon.colcon_core.package_identification:_identify(.) by extensions ['cmake', 'python']
[3.721s] Level 1:colcon.colcon_core.package_identification:_identify(.) by extension 'cmake'
[3.721s] Level 1:colcon.colcon_core.package_identification:_identify(.) by extension 'python'
[3.722s] Level 1:colcon.colcon_core.package_identification:_identify(.) by extensions ['python_setup_py']
[3.722s] Level 1:colcon.colcon_core.package_identification:_identify(.) by extension 'python_setup_py'
[3.722s] Level 1:colcon.colcon_core.package_identification:_identify(build) by extensions ['ignore', 'ignore_ament_install']
[3.723s] Level 1:colcon.colcon_core.package_identification:_identify(build) by extension 'ignore'
[3.723s] Level 1:colcon.colcon_core.package_identification:_identify(build) ignored
[3.724s] Level 1:colcon.colcon_core.package_identification:_identify(install) by extensions ['ignore', 'ignore_ament_install']
[3.724s] Level 1:colcon.colcon_core.package_identification:_identify(install) by extension 'ignore'
[3.724s] Level 1:colcon.colcon_core.package_identification:_identify(install) ignored
[3.725s] Level 1:colcon.colcon_core.package_identification:_identify(log) by extensions ['ignore', 'ignore_ament_install']
[3.725s] Level 1:colcon.colcon_core.package_identification:_identify(log) by extension 'ignore'
[3.725s] Level 1:colcon.colcon_core.package_identification:_identify(log) ignored
[3.726s] Level 1:colcon.colcon_core.package_identification:_identify(src) by extensions ['ignore', 'ignore_ament_install']
[3.726s] Level 1:colcon.colcon_core.package_identification:_identify(src) by extension 'ignore'
[3.726s] Level 1:colcon.colcon_core.package_identification:_identify(src) by extension 'ignore_ament_install'
[3.726s] Level 1:colcon.colcon_core.package_identification:_identify(src) by extensions ['colcon_pkg']
[3.727s] Level 1:colcon.colcon_core.package_identification:_identify(src) by extension 'colcon_pkg'
[3.727s] Level 1:colcon.colcon_core.package_identification:_identify(src) by extensions ['colcon_meta']
[3.727s] Level 1:colcon.colcon_core.package_identification:_identify(src) by extension 'colcon_meta'
[3.727s] Level 1:colcon.colcon_core.package_identification:_identify(src) by extensions ['ros']
[3.727s] Level 1:colcon.colcon_core.package_identification:_identify(src) by extension 'ros'
[3.728s] Level 1:colcon.colcon_core.package_identification:_identify(src) by extensions ['cmake', 'python']
[3.728s] Level 1:colcon.colcon_core.package_identification:_identify(src) by extension 'cmake'
[3.728s] Level 1:colcon.colcon_core.package_identification:_identify(src) by extension 'python'
[3.728s] Level 1:colcon.colcon_core.package_identification:_identify(src) by extensions ['python_setup_py']
[3.728s] Level 1:colcon.colcon_core.package_identification:_identify(src) by extension 'python_setup_py'
[3.729s] Level 1:colcon.colcon_core.package_identification:_identify(src/cv_stuff) by extensions ['ignore', 'ignore_ament_install']
[3.729s] Level 1:colcon.colcon_core.package_identification:_identify(src/cv_stuff) by extension 'ignore'
[3.729s] Level 1:colcon.colcon_core.package_identification:_identify(src/cv_stuff) by extension 'ignore_ament_install'
[3.729s] Level 1:colcon.colcon_core.package_identification:_identify(src/cv_stuff) by extensions ['colcon_pkg']
[3.729s] Level 1:colcon.colcon_core.package_identification:_identify(src/cv_stuff) by extension 'colcon_pkg'
[3.730s] Level 1:colcon.colcon_core.package_identification:_identify(src/cv_stuff) by extensions ['colcon_meta']
[3.730s] Level 1:colcon.colcon_core.package_identification:_identify(src/cv_stuff) by extension 'colcon_meta'
[3.730s] Level 1:colcon.colcon_core.package_identification:_identify(src/cv_stuff) by extensions ['ros']
[3.730s] Level 1:colcon.colcon_core.package_identification:_identify(src/cv_stuff) by extension 'ros'
[3.740s] DEBUG:colcon.colcon_core.package_identification:Package 'src/cv_stuff' with type 'ros.ament_python' and name 'cv_stuff'
[3.741s] Level 1:colcon.colcon_core.package_identification:_identify(src/ld08_driver) by extensions ['ignore', 'ignore_ament_install']
[3.742s] Level 1:colcon.colcon_core.package_identification:_identify(src/ld08_driver) by extension 'ignore'
[3.742s] Level 1:colcon.colcon_core.package_identification:_identify(src/ld08_driver) by extension 'ignore_ament_install'
[3.742s] Level 1:colcon.colcon_core.package_identification:_identify(src/ld08_driver) by extensions ['colcon_pkg']
[3.742s] Level 1:colcon.colcon_core.package_identification:_identify(src/ld08_driver) by extension 'colcon_pkg'
[3.742s] Level 1:colcon.colcon_core.package_identification:_identify(src/ld08_driver) by extensions ['colcon_meta']
[3.742s] Level 1:colcon.colcon_core.package_identification:_identify(src/ld08_driver) by extension 'colcon_meta'
[3.743s] Level 1:colcon.colcon_core.package_identification:_identify(src/ld08_driver) by extensions ['ros']
[3.743s] Level 1:colcon.colcon_core.package_identification:_identify(src/ld08_driver) by extension 'ros'
[3.745s] DEBUG:colcon.colcon_core.package_identification:Package 'src/ld08_driver' with type 'ros.ament_cmake' and name 'ld08_driver'
[3.746s] Level 1:colcon.colcon_core.package_identification:_identify(src/turtlebot3) by extensions ['ignore', 'ignore_ament_install']
[3.747s] Level 1:colcon.colcon_core.package_identification:_identify(src/turtlebot3) by extension 'ignore'
[3.747s] Level 1:colcon.colcon_core.package_identification:_identify(src/turtlebot3) by extension 'ignore_ament_install'
[3.747s] Level 1:colcon.colcon_core.package_identification:_identify(src/turtlebot3) by extensions ['colcon_pkg']
[3.747s] Level 1:colcon.colcon_core.package_identification:_identify(src/turtlebot3) by extension 'colcon_pkg'
[3.747s] Level 1:colcon.colcon_core.package_identification:_identify(src/turtlebot3) by extensions ['colcon_meta']
[3.747s] Level 1:colcon.colcon_core.package_identification:_identify(src/turtlebot3) by extension 'colcon_meta'
[3.748s] Level 1:colcon.colcon_core.package_identification:_identify(src/turtlebot3) by extensions ['ros']
[3.748s] Level 1:colcon.colcon_core.package_identification:_identify(src/turtlebot3) by extension 'ros'
[3.748s] Level 1:colcon.colcon_core.package_identification:_identify(src/turtlebot3) by extensions ['cmake', 'python']
[3.748s] Level 1:colcon.colcon_core.package_identification:_identify(src/turtlebot3) by extension 'cmake'
[3.748s] Level 1:colcon.colcon_core.package_identification:_identify(src/turtlebot3) by extension 'python'
[3.749s] Level 1:colcon.colcon_core.package_identification:_identify(src/turtlebot3) by extensions ['python_setup_py']
[3.749s] Level 1:colcon.colcon_core.package_identification:_identify(src/turtlebot3) by extension 'python_setup_py'
[3.749s] Level 1:colcon.colcon_core.package_identification:_identify(src/turtlebot3/turtlebot3) by extensions ['ignore', 'ignore_ament_install']
[3.749s] Level 1:colcon.colcon_core.package_identification:_identify(src/turtlebot3/turtlebot3) by extension 'ignore'
[3.750s] Level 1:colcon.colcon_core.package_identification:_identify(src/turtlebot3/turtlebot3) by extension 'ignore_ament_install'
[3.750s] Level 1:colcon.colcon_core.package_identification:_identify(src/turtlebot3/turtlebot3) by extensions ['colcon_pkg']
[3.750s] Level 1:colcon.colcon_core.package_identification:_identify(src/turtlebot3/turtlebot3) by extension 'colcon_pkg'
[3.750s] Level 1:colcon.colcon_core.package_identification:_identify(src/turtlebot3/turtlebot3) by extensions ['colcon_meta']
[3.750s] Level 1:colcon.colcon_core.package_identification:_identify(src/turtlebot3/turtlebot3) by extension 'colcon_meta'
[3.750s] Level 1:colcon.colcon_core.package_identification:_identify(src/turtlebot3/turtlebot3) by extensions ['ros']
[3.751s] Level 1:colcon.colcon_core.package_identification:_identify(src/turtlebot3/turtlebot3) by extension 'ros'
[3.753s] DEBUG:colcon.colcon_core.package_identification:Package 'src/turtlebot3/turtlebot3' with type 'ros.ament_cmake' and name 'turtlebot3'
[3.754s] Level 1:colcon.colcon_core.package_identification:_identify(src/turtlebot3/turtlebot3_bringup) by extensions ['ignore', 'ignore_ament_install']
[3.754s] Level 1:colcon.colcon_core.package_identification:_identify(src/turtlebot3/turtlebot3_bringup) by extension 'ignore'
[3.754s] Level 1:colcon.colcon_core.package_identification:_identify(src/turtlebot3/turtlebot3_bringup) by extension 'ignore_ament_install'
[3.755s] Level 1:colcon.colcon_core.package_identification:_identify(src/turtlebot3/turtlebot3_bringup) by extensions ['colcon_pkg']
[3.755s] Level 1:colcon.colcon_core.package_identification:_identify(src/turtlebot3/turtlebot3_bringup) by extension 'colcon_pkg'
[3.755s] Level 1:colcon.colcon_core.package_identification:_identify(src/turtlebot3/turtlebot3_bringup) by extensions ['colcon_meta']
[3.755s] Level 1:colcon.colcon_core.package_identification:_identify(src/turtlebot3/turtlebot3_bringup) by extension 'colcon_meta'
[3.755s] Level 1:colcon.colcon_core.package_identification:_identify(src/turtlebot3/turtlebot3_bringup) by extensions ['ros']
[3.755s] Level 1:colcon.colcon_core.package_identification:_identify(src/turtlebot3/turtlebot3_bringup) by extension 'ros'
[3.758s] DEBUG:colcon.colcon_core.package_identification:Package 'src/turtlebot3/turtlebot3_bringup' with type 'ros.ament_cmake' and name 'turtlebot3_bringup'
[3.759s] Level 1:colcon.colcon_core.package_identification:_identify(src/turtlebot3/turtlebot3_description) by extensions ['ignore', 'ignore_ament_install']
[3.759s] Level 1:colcon.colcon_core.package_identification:_identify(src/turtlebot3/turtlebot3_description) by extension 'ignore'
[3.759s] Level 1:colcon.colcon_core.package_identification:_identify(src/turtlebot3/turtlebot3_description) by extension 'ignore_ament_install'
[3.759s] Level 1:colcon.colcon_core.package_identification:_identify(src/turtlebot3/turtlebot3_description) by extensions ['colcon_pkg']
[3.760s] Level 1:colcon.colcon_core.package_identification:_identify(src/turtlebot3/turtlebot3_description) by extension 'colcon_pkg'
[3.760s] Level 1:colcon.colcon_core.package_identification:_identify(src/turtlebot3/turtlebot3_description) by extensions ['colcon_meta']
[3.760s] Level 1:colcon.colcon_core.package_identification:_identify(src/turtlebot3/turtlebot3_description) by extension 'colcon_meta'
[3.760s] Level 1:colcon.colcon_core.package_identification:_identify(src/turtlebot3/turtlebot3_description) by extensions ['ros']
[3.760s] Level 1:colcon.colcon_core.package_identification:_identify(src/turtlebot3/turtlebot3_description) by extension 'ros'
[3.762s] DEBUG:colcon.colcon_core.package_identification:Package 'src/turtlebot3/turtlebot3_description' with type 'ros.ament_cmake' and name 'turtlebot3_description'
[3.763s] Level 1:colcon.colcon_core.package_identification:_identify(src/turtlebot3/turtlebot3_example) by extensions ['ignore', 'ignore_ament_install']
[3.763s] Level 1:colcon.colcon_core.package_identification:_identify(src/turtlebot3/turtlebot3_example) by extension 'ignore'
[3.764s] Level 1:colcon.colcon_core.package_identification:_identify(src/turtlebot3/turtlebot3_example) by extension 'ignore_ament_install'
[3.764s] Level 1:colcon.colcon_core.package_identification:_identify(src/turtlebot3/turtlebot3_example) by extensions ['colcon_pkg']
[3.764s] Level 1:colcon.colcon_core.package_identification:_identify(src/turtlebot3/turtlebot3_example) by extension 'colcon_pkg'
[3.764s] Level 1:colcon.colcon_core.package_identification:_identify(src/turtlebot3/turtlebot3_example) by extensions ['colcon_meta']
[3.764s] Level 1:colcon.colcon_core.package_identification:_identify(src/turtlebot3/turtlebot3_example) by extension 'colcon_meta'
[3.765s] Level 1:colcon.colcon_core.package_identification:_identify(src/turtlebot3/turtlebot3_example) by extensions ['ros']
[3.765s] Level 1:colcon.colcon_core.package_identification:_identify(src/turtlebot3/turtlebot3_example) by extension 'ros'
[3.768s] DEBUG:colcon.colcon_core.package_identification:Package 'src/turtlebot3/turtlebot3_example' with type 'ros.ament_python' and name 'turtlebot3_example'
[3.769s] Level 1:colcon.colcon_core.package_identification:_identify(src/turtlebot3/turtlebot3_node) by extensions ['ignore', 'ignore_ament_install']
[3.769s] Level 1:colcon.colcon_core.package_identification:_identify(src/turtlebot3/turtlebot3_node) by extension 'ignore'
[3.769s] Level 1:colcon.colcon_core.package_identification:_identify(src/turtlebot3/turtlebot3_node) by extension 'ignore_ament_install'
[3.770s] Level 1:colcon.colcon_core.package_identification:_identify(src/turtlebot3/turtlebot3_node) by extensions ['colcon_pkg']
[3.770s] Level 1:colcon.colcon_core.package_identification:_identify(src/turtlebot3/turtlebot3_node) by extension 'colcon_pkg'
[3.770s] Level 1:colcon.colcon_core.package_identification:_identify(src/turtlebot3/turtlebot3_node) by extensions ['colcon_meta']
[3.770s] Level 1:colcon.colcon_core.package_identification:_identify(src/turtlebot3/turtlebot3_node) by extension 'colcon_meta'
[3.770s] Level 1:colcon.colcon_core.package_identification:_identify(src/turtlebot3/turtlebot3_node) by extensions ['ros']
[3.770s] Level 1:colcon.colcon_core.package_identification:_identify(src/turtlebot3/turtlebot3_node) by extension 'ros'
[3.776s] DEBUG:colcon.colcon_core.package_identification:Package 'src/turtlebot3/turtlebot3_node' with type 'ros.ament_cmake' and name 'turtlebot3_node'
[3.776s] Level 1:colcon.colcon_core.package_identification:_identify(src/turtlebot3/turtlebot3_teleop) by extensions ['ignore', 'ignore_ament_install']
[3.777s] Level 1:colcon.colcon_core.package_identification:_identify(src/turtlebot3/turtlebot3_teleop) by extension 'ignore'
[3.777s] Level 1:colcon.colcon_core.package_identification:_identify(src/turtlebot3/turtlebot3_teleop) by extension 'ignore_ament_install'
[3.777s] Level 1:colcon.colcon_core.package_identification:_identify(src/turtlebot3/turtlebot3_teleop) by extensions ['colcon_pkg']
[3.777s] Level 1:colcon.colcon_core.package_identification:_identify(src/turtlebot3/turtlebot3_teleop) by extension 'colcon_pkg'
[3.777s] Level 1:colcon.colcon_core.package_identification:_identify(src/turtlebot3/turtlebot3_teleop) by extensions ['colcon_meta']
[3.778s] Level 1:colcon.colcon_core.package_identification:_identify(src/turtlebot3/turtlebot3_teleop) by extension 'colcon_meta'
[3.778s] Level 1:colcon.colcon_core.package_identification:_identify(src/turtlebot3/turtlebot3_teleop) by extensions ['ros']
[3.778s] Level 1:colcon.colcon_core.package_identification:_identify(src/turtlebot3/turtlebot3_teleop) by extension 'ros'
[3.784s] DEBUG:colcon.colcon_core.package_identification:Package 'src/turtlebot3/turtlebot3_teleop' with type 'ros.ament_python' and name 'turtlebot3_teleop'
[3.784s] Level 1:colcon.colcon_core.package_identification:_identify(src/vision_opencv) by extensions ['ignore', 'ignore_ament_install']
[3.785s] Level 1:colcon.colcon_core.package_identification:_identify(src/vision_opencv) by extension 'ignore'
[3.785s] Level 1:colcon.colcon_core.package_identification:_identify(src/vision_opencv) by extension 'ignore_ament_install'
[3.785s] Level 1:colcon.colcon_core.package_identification:_identify(src/vision_opencv) by extensions ['colcon_pkg']
[3.785s] Level 1:colcon.colcon_core.package_identification:_identify(src/vision_opencv) by extension 'colcon_pkg'
[3.786s] Level 1:colcon.colcon_core.package_identification:_identify(src/vision_opencv) by extensions ['colcon_meta']
[3.786s] Level 1:colcon.colcon_core.package_identification:_identify(src/vision_opencv) by extension 'colcon_meta'
[3.786s] Level 1:colcon.colcon_core.package_identification:_identify(src/vision_opencv) by extensions ['ros']
[3.786s] Level 1:colcon.colcon_core.package_identification:_identify(src/vision_opencv) by extension 'ros'
[3.786s] Level 1:colcon.colcon_core.package_identification:_identify(src/vision_opencv) by extensions ['cmake', 'python']
[3.787s] Level 1:colcon.colcon_core.package_identification:_identify(src/vision_opencv) by extension 'cmake'
[3.787s] Level 1:colcon.colcon_core.package_identification:_identify(src/vision_opencv) by extension 'python'
[3.787s] Level 1:colcon.colcon_core.package_identification:_identify(src/vision_opencv) by extensions ['python_setup_py']
[3.787s] Level 1:colcon.colcon_core.package_identification:_identify(src/vision_opencv) by extension 'python_setup_py'
[3.788s] Level 1:colcon.colcon_core.package_identification:_identify(src/vision_opencv/cv_bridge) by extensions ['ignore', 'ignore_ament_install']
[3.788s] Level 1:colcon.colcon_core.package_identification:_identify(src/vision_opencv/cv_bridge) by extension 'ignore'
[3.788s] Level 1:colcon.colcon_core.package_identification:_identify(src/vision_opencv/cv_bridge) by extension 'ignore_ament_install'
[3.788s] Level 1:colcon.colcon_core.package_identification:_identify(src/vision_opencv/cv_bridge) by extensions ['colcon_pkg']
[3.789s] Level 1:colcon.colcon_core.package_identification:_identify(src/vision_opencv/cv_bridge) by extension 'colcon_pkg'
[3.789s] Level 1:colcon.colcon_core.package_identification:_identify(src/vision_opencv/cv_bridge) by extensions ['colcon_meta']
[3.789s] Level 1:colcon.colcon_core.package_identification:_identify(src/vision_opencv/cv_bridge) by extension 'colcon_meta'
[3.789s] Level 1:colcon.colcon_core.package_identification:_identify(src/vision_opencv/cv_bridge) by extensions ['ros']
[3.789s] Level 1:colcon.colcon_core.package_identification:_identify(src/vision_opencv/cv_bridge) by extension 'ros'
[3.793s] DEBUG:colcon.colcon_core.package_identification:Package 'src/vision_opencv/cv_bridge' with type 'ros.ament_cmake' and name 'cv_bridge'
[3.794s] Level 1:colcon.colcon_core.package_identification:_identify(src/vision_opencv/image_geometry) by extensions ['ignore', 'ignore_ament_install']
[3.794s] Level 1:colcon.colcon_core.package_identification:_identify(src/vision_opencv/image_geometry) by extension 'ignore'
[3.795s] Level 1:colcon.colcon_core.package_identification:_identify(src/vision_opencv/image_geometry) by extension 'ignore_ament_install'
[3.795s] Level 1:colcon.colcon_core.package_identification:_identify(src/vision_opencv/image_geometry) by extensions ['colcon_pkg']
[3.795s] Level 1:colcon.colcon_core.package_identification:_identify(src/vision_opencv/image_geometry) by extension 'colcon_pkg'
[3.795s] Level 1:colcon.colcon_core.package_identification:_identify(src/vision_opencv/image_geometry) by extensions ['colcon_meta']
[3.795s] Level 1:colcon.colcon_core.package_identification:_identify(src/vision_opencv/image_geometry) by extension 'colcon_meta'
[3.795s] Level 1:colcon.colcon_core.package_identification:_identify(src/vision_opencv/image_geometry) by extensions ['ros']
[3.796s] Level 1:colcon.colcon_core.package_identification:_identify(src/vision_opencv/image_geometry) by extension 'ros'
[3.798s] DEBUG:colcon.colcon_core.package_identification:Package 'src/vision_opencv/image_geometry' with type 'ros.ament_cmake' and name 'image_geometry'
[3.799s] Level 1:colcon.colcon_core.package_identification:_identify(src/vision_opencv/opencv_tests) by extensions ['ignore', 'ignore_ament_install']
[3.799s] Level 1:colcon.colcon_core.package_identification:_identify(src/vision_opencv/opencv_tests) by extension 'ignore'
[3.799s] Level 1:colcon.colcon_core.package_identification:_identify(src/vision_opencv/opencv_tests) by extension 'ignore_ament_install'
[3.800s] Level 1:colcon.colcon_core.package_identification:_identify(src/vision_opencv/opencv_tests) by extensions ['colcon_pkg']
[3.800s] Level 1:colcon.colcon_core.package_identification:_identify(src/vision_opencv/opencv_tests) by extension 'colcon_pkg'
[3.800s] Level 1:colcon.colcon_core.package_identification:_identify(src/vision_opencv/opencv_tests) by extensions ['colcon_meta']
[3.800s] Level 1:colcon.colcon_core.package_identification:_identify(src/vision_opencv/opencv_tests) by extension 'colcon_meta'
[3.800s] Level 1:colcon.colcon_core.package_identification:_identify(src/vision_opencv/opencv_tests) by extensions ['ros']
[3.800s] Level 1:colcon.colcon_core.package_identification:_identify(src/vision_opencv/opencv_tests) by extension 'ros'
[3.802s] DEBUG:colcon.colcon_core.package_identification:Package 'src/vision_opencv/opencv_tests' with type 'ros.ament_python' and name 'opencv_tests'
[3.803s] Level 1:colcon.colcon_core.package_identification:_identify(src/vision_opencv/vision_opencv) by extensions ['ignore', 'ignore_ament_install']
[3.803s] Level 1:colcon.colcon_core.package_identification:_identify(src/vision_opencv/vision_opencv) by extension 'ignore'
[3.804s] Level 1:colcon.colcon_core.package_identification:_identify(src/vision_opencv/vision_opencv) by extension 'ignore_ament_install'
[3.804s] Level 1:colcon.colcon_core.package_identification:_identify(src/vision_opencv/vision_opencv) by extensions ['colcon_pkg']
[3.804s] Level 1:colcon.colcon_core.package_identification:_identify(src/vision_opencv/vision_opencv) by extension 'colcon_pkg'
[3.804s] Level 1:colcon.colcon_core.package_identification:_identify(src/vision_opencv/vision_opencv) by extensions ['colcon_meta']
[3.804s] Level 1:colcon.colcon_core.package_identification:_identify(src/vision_opencv/vision_opencv) by extension 'colcon_meta'
[3.805s] Level 1:colcon.colcon_core.package_identification:_identify(src/vision_opencv/vision_opencv) by extensions ['ros']
[3.805s] Level 1:colcon.colcon_core.package_identification:_identify(src/vision_opencv/vision_opencv) by extension 'ros'
[3.807s] DEBUG:colcon.colcon_core.package_identification:Package 'src/vision_opencv/vision_opencv' with type 'ros.ament_cmake' and name 'vision_opencv'
[3.807s] Level 1:colcon.colcon_core.package_discovery:discover_packages(recursive) using defaults
[3.807s] Level 1:colcon.colcon_core.package_discovery:discover_packages(ignore) discover
[3.808s] Level 1:colcon.colcon_core.package_discovery:discover_packages(ignore) using defaults
[3.808s] Level 1:colcon.colcon_core.package_discovery:discover_packages(path) discover
[3.808s] Level 1:colcon.colcon_core.package_discovery:discover_packages(path) using defaults
[4.069s] INFO:colcon.colcon_core.package_selection:Skipping not selected package 'cv_bridge' in 'src/vision_opencv/cv_bridge'
[4.069s] INFO:colcon.colcon_core.package_selection:Skipping not selected package 'image_geometry' in 'src/vision_opencv/image_geometry'
[4.069s] INFO:colcon.colcon_core.package_selection:Skipping not selected package 'ld08_driver' in 'src/ld08_driver'
[4.069s] INFO:colcon.colcon_core.package_selection:Skipping not selected package 'turtlebot3_description' in 'src/turtlebot3/turtlebot3_description'
[4.069s] INFO:colcon.colcon_core.package_selection:Skipping not selected package 'turtlebot3_example' in 'src/turtlebot3/turtlebot3_example'
[4.070s] INFO:colcon.colcon_core.package_selection:Skipping not selected package 'turtlebot3_node' in 'src/turtlebot3/turtlebot3_node'
[4.070s] INFO:colcon.colcon_core.package_selection:Skipping not selected package 'turtlebot3_teleop' in 'src/turtlebot3/turtlebot3_teleop'
[4.070s] INFO:colcon.colcon_core.package_selection:Skipping not selected package 'cv_stuff' in 'src/cv_stuff'
[4.070s] INFO:colcon.colcon_core.package_selection:Skipping not selected package 'turtlebot3_bringup' in 'src/turtlebot3/turtlebot3_bringup'
[4.070s] INFO:colcon.colcon_core.package_selection:Skipping not selected package 'vision_opencv' in 'src/vision_opencv/vision_opencv'
[4.070s] INFO:colcon.colcon_core.package_selection:Skipping not selected package 'turtlebot3' in 'src/turtlebot3/turtlebot3'
[4.163s] Level 1:colcon.colcon_core.package_discovery:discover_packages(prefix_path) check parameters
[4.163s] Level 1:colcon.colcon_core.package_discovery:discover_packages(prefix_path) discover
[4.266s] DEBUG:colcon.colcon_installed_package_information.package_discovery:Found 12 installed packages in /home/ros2/turtlebot3_ws/install
[4.318s] DEBUG:colcon.colcon_installed_package_information.package_discovery:Found 183 installed packages in /opt/ros/humble
[4.322s] Level 1:colcon.colcon_core.package_discovery:discover_packages(prefix_path) using defaults
[4.594s] Level 5:colcon.colcon_core.verb:set package 'opencv_tests' build argument 'cmake_args' from command line to 'None'
[4.594s] Level 5:colcon.colcon_core.verb:set package 'opencv_tests' build argument 'cmake_target' from command line to 'None'
[4.594s] Level 5:colcon.colcon_core.verb:set package 'opencv_tests' build argument 'cmake_target_skip_unavailable' from command line to 'False'
[4.594s] Level 5:colcon.colcon_core.verb:set package 'opencv_tests' build argument 'cmake_clean_cache' from command line to 'False'
[4.595s] Level 5:colcon.colcon_core.verb:set package 'opencv_tests' build argument 'cmake_clean_first' from command line to 'False'
[4.595s] Level 5:colcon.colcon_core.verb:set package 'opencv_tests' build argument 'cmake_force_configure' from command line to 'False'
[4.595s] Level 5:colcon.colcon_core.verb:set package 'opencv_tests' build argument 'ament_cmake_args' from command line to 'None'
[4.595s] Level 5:colcon.colcon_core.verb:set package 'opencv_tests' build argument 'catkin_cmake_args' from command line to 'None'
[4.595s] Level 5:colcon.colcon_core.verb:set package 'opencv_tests' build argument 'catkin_skip_building_tests' from command line to 'False'
[4.595s] DEBUG:colcon.colcon_core.verb:Building package 'opencv_tests' with the following arguments: {'ament_cmake_args': None, 'build_base': '/home/ros2/turtlebot3_ws/build/opencv_tests', 'catkin_cmake_args': None, 'catkin_skip_building_tests': False, 'cmake_args': None, 'cmake_clean_cache': False, 'cmake_clean_first': False, 'cmake_force_configure': False, 'cmake_target': None, 'cmake_target_skip_unavailable': False, 'install_base': '/home/ros2/turtlebot3_ws/install/opencv_tests', 'merge_install': False, 'path': '/home/ros2/turtlebot3_ws/src/vision_opencv/opencv_tests', 'symlink_install': False, 'test_result_base': None}
[4.641s] INFO:colcon.colcon_core.executor:Executing jobs using 'parallel' executor
[4.690s] DEBUG:colcon.colcon_parallel_executor.executor.parallel:run_until_complete
[4.691s] INFO:colcon.colcon_ros.task.ament_python.build:Building ROS package in '/home/ros2/turtlebot3_ws/src/vision_opencv/opencv_tests' with build type 'ament_python'
[4.692s] Level 1:colcon.colcon_core.shell:create_environment_hook('opencv_tests', 'ament_prefix_path')
[4.758s] INFO:colcon.colcon_core.plugin_system:Skipping extension 'colcon_core.shell.bat': Not used on non-Windows systems
[4.759s] INFO:colcon.colcon_core.shell:Creating environment hook '/home/ros2/turtlebot3_ws/install/opencv_tests/share/opencv_tests/hook/ament_prefix_path.ps1'
[4.762s] INFO:colcon.colcon_core.shell:Creating environment descriptor '/home/ros2/turtlebot3_ws/install/opencv_tests/share/opencv_tests/hook/ament_prefix_path.dsv'
[4.764s] INFO:colcon.colcon_core.shell:Creating environment hook '/home/ros2/turtlebot3_ws/install/opencv_tests/share/opencv_tests/hook/ament_prefix_path.sh'
[4.825s] INFO:colcon.colcon_core.shell:Skip shell extension 'powershell' for command environment: Not usable outside of PowerShell
[4.825s] DEBUG:colcon.colcon_core.shell:Skip shell extension 'dsv' for command environment
[6.128s] INFO:colcon.colcon_core.task.python.build:Building Python package in '/home/ros2/turtlebot3_ws/src/vision_opencv/opencv_tests'
[6.179s] INFO:colcon.colcon_core.shell:Skip shell extension 'powershell' for command environment: Not usable outside of PowerShell
[6.179s] DEBUG:colcon.colcon_core.shell:Skip shell extension 'dsv' for command environment
[7.730s] DEBUG:colcon.colcon_core.event_handler.log_command:Invoking command in '/home/ros2/turtlebot3_ws/src/vision_opencv/opencv_tests': CMAKE_PREFIX_PATH=/home/ros2/turtlebot3_ws/install/cv_bridge:/home/ros2/turtlebot3_ws/install/vision_opencv:/home/ros2/turtlebot3_ws/install/turtlebot3:/home/ros2/turtlebot3_ws/install/turtlebot3_bringup:/home/ros2/turtlebot3_ws/install/turtlebot3_node:/home/ros2/turtlebot3_ws/install/turtlebot3_description:/home/ros2/turtlebot3_ws/install/ld08_driver:/home/ros2/turtlebot3_ws/install/image_geometry PYTHONPATH=/home/ros2/turtlebot3_ws/build/opencv_tests/prefix_override:/home/ros2/turtlebot3_ws/install/opencv_tests/lib/python3.10/site-packages:${PYTHONPATH} /usr/bin/python3 setup.py egg_info --egg-base ../../../build/opencv_tests build --build-base /home/ros2/turtlebot3_ws/build/opencv_tests/build install --record /home/ros2/turtlebot3_ws/build/opencv_tests/install.log --single-version-externally-managed
[9.007s] DEBUG:colcon.colcon_core.event_handler.log_command:Invoked command in '/home/ros2/turtlebot3_ws/src/vision_opencv/opencv_tests' returned '0': CMAKE_PREFIX_PATH=/home/ros2/turtlebot3_ws/install/cv_bridge:/home/ros2/turtlebot3_ws/install/vision_opencv:/home/ros2/turtlebot3_ws/install/turtlebot3:/home/ros2/turtlebot3_ws/install/turtlebot3_bringup:/home/ros2/turtlebot3_ws/install/turtlebot3_node:/home/ros2/turtlebot3_ws/install/turtlebot3_description:/home/ros2/turtlebot3_ws/install/ld08_driver:/home/ros2/turtlebot3_ws/install/image_geometry PYTHONPATH=/home/ros2/turtlebot3_ws/build/opencv_tests/prefix_override:/home/ros2/turtlebot3_ws/install/opencv_tests/lib/python3.10/site-packages:${PYTHONPATH} /usr/bin/python3 setup.py egg_info --egg-base ../../../build/opencv_tests build --build-base /home/ros2/turtlebot3_ws/build/opencv_tests/build install --record /home/ros2/turtlebot3_ws/build/opencv_tests/install.log --single-version-externally-managed
[9.067s] Level 1:colcon.colcon_core.environment:checking '/home/ros2/turtlebot3_ws/install/opencv_tests' for CMake module files
[9.069s] Level 1:colcon.colcon_core.environment:checking '/home/ros2/turtlebot3_ws/install/opencv_tests' for CMake config files
[9.073s] Level 1:colcon.colcon_core.environment:checking '/home/ros2/turtlebot3_ws/install/opencv_tests/lib'
[9.074s] Level 1:colcon.colcon_core.environment:checking '/home/ros2/turtlebot3_ws/install/opencv_tests/bin'
[9.074s] Level 1:colcon.colcon_core.environment:checking '/home/ros2/turtlebot3_ws/install/opencv_tests/lib/pkgconfig/opencv_tests.pc'
[9.075s] Level 1:colcon.colcon_core.environment:checking '/home/ros2/turtlebot3_ws/install/opencv_tests/lib/python3.10/site-packages'
[9.075s] Level 1:colcon.colcon_core.shell:create_environment_hook('opencv_tests', 'pythonpath')
[9.126s] INFO:colcon.colcon_core.shell:Creating environment hook '/home/ros2/turtlebot3_ws/install/opencv_tests/share/opencv_tests/hook/pythonpath.ps1'
[9.128s] INFO:colcon.colcon_core.shell:Creating environment descriptor '/home/ros2/turtlebot3_ws/install/opencv_tests/share/opencv_tests/hook/pythonpath.dsv'
[9.130s] INFO:colcon.colcon_core.shell:Creating environment hook '/home/ros2/turtlebot3_ws/install/opencv_tests/share/opencv_tests/hook/pythonpath.sh'
[9.132s] Level 1:colcon.colcon_core.environment:checking '/home/ros2/turtlebot3_ws/install/opencv_tests/bin'
[9.133s] Level 1:colcon.colcon_core.environment:create_environment_scripts_only(opencv_tests)
[9.182s] INFO:colcon.colcon_core.shell:Creating package script '/home/ros2/turtlebot3_ws/install/opencv_tests/share/opencv_tests/package.ps1'
[9.187s] INFO:colcon.colcon_core.shell:Creating package descriptor '/home/ros2/turtlebot3_ws/install/opencv_tests/share/opencv_tests/package.dsv'
[9.190s] INFO:colcon.colcon_core.shell:Creating package script '/home/ros2/turtlebot3_ws/install/opencv_tests/share/opencv_tests/package.sh'
[9.193s] INFO:colcon.colcon_core.shell:Creating package script '/home/ros2/turtlebot3_ws/install/opencv_tests/share/opencv_tests/package.bash'
[9.196s] INFO:colcon.colcon_core.shell:Creating package script '/home/ros2/turtlebot3_ws/install/opencv_tests/share/opencv_tests/package.zsh'
[9.199s] Level 1:colcon.colcon_core.environment:create_file_with_runtime_dependencies(/home/ros2/turtlebot3_ws/install/opencv_tests/share/colcon-core/packages/opencv_tests)
[9.201s] DEBUG:colcon.colcon_parallel_executor.executor.parallel:closing loop
[9.202s] DEBUG:colcon.colcon_parallel_executor.executor.parallel:loop closed
[9.202s] DEBUG:colcon.colcon_parallel_executor.executor.parallel:run_until_complete finished with '0'
[9.203s] DEBUG:colcon.colcon_core.event_reactor:joining thread
[9.279s] INFO:colcon.colcon_core.plugin_system:Skipping extension 'colcon_notification.desktop_notification.terminal_notifier': Not used on non-Darwin systems
[9.279s] INFO:colcon.colcon_core.plugin_system:Skipping extension 'colcon_notification.desktop_notification.win32': Not used on non-Windows systems
[9.280s] INFO:colcon.colcon_notification.desktop_notification:Sending desktop notification using 'notify2'
[9.335s] DEBUG:colcon.colcon_core.event_reactor:joined thread
[9.406s] INFO:colcon.colcon_core.shell:Creating prefix script '/home/ros2/turtlebot3_ws/install/local_setup.ps1'
[9.411s] INFO:colcon.colcon_core.shell:Creating prefix util module '/home/ros2/turtlebot3_ws/install/_local_setup_util_ps1.py'
[9.418s] INFO:colcon.colcon_core.shell:Creating prefix chain script '/home/ros2/turtlebot3_ws/install/setup.ps1'
[9.503s] INFO:colcon.colcon_core.shell:Creating prefix script '/home/ros2/turtlebot3_ws/install/local_setup.sh'
[9.507s] INFO:colcon.colcon_core.shell:Creating prefix util module '/home/ros2/turtlebot3_ws/install/_local_setup_util_sh.py'
[9.512s] INFO:colcon.colcon_core.shell:Creating prefix chain script '/home/ros2/turtlebot3_ws/install/setup.sh'
[9.573s] INFO:colcon.colcon_core.shell:Creating prefix script '/home/ros2/turtlebot3_ws/install/local_setup.bash'
[9.575s] INFO:colcon.colcon_core.shell:Creating prefix chain script '/home/ros2/turtlebot3_ws/install/setup.bash'
[9.628s] INFO:colcon.colcon_core.shell:Creating prefix script '/home/ros2/turtlebot3_ws/install/local_setup.zsh'
[9.630s] INFO:colcon.colcon_core.shell:Creating prefix chain script '/home/ros2/turtlebot3_ws/install/setup.zsh'
