[0.347s] Invoking command in '/home/maddy/turtlebot3_ws/build/turtlebot3_node': CMAKE_PREFIX_PATH=${CMAKE_PREFIX_PATH}:/home/maddy/turtlebot3_ws/install/turtlebot3_teleop:/home/maddy/turtlebot3_ws/install/turtlebot3_example:/home/maddy/turtlebot3_ws/install/opencv_tests:/home/maddy/turtlebot3_ws/install/cv_stuff:/opt/ros/humble /usr/bin/cmake /home/maddy/turtlebot3_ws/src/turtlebot3/turtlebot3_node -DCMAKE_INSTALL_PREFIX=/home/maddy/turtlebot3_ws/install/turtlebot3_node
[0.568s] -- Found ament_cmake: 1.3.6 (/opt/ros/humble/share/ament_cmake/cmake)
[2.204s] -- Override CMake install command with custom implementation using symlinks instead of copying resources
[2.388s] -- Found dynamixel_sdk: 3.7.60 (/opt/ros/humble/share/dynamixel_sdk/cmake)
[2.424s] -- Found geometry_msgs: 4.2.3 (/opt/ros/humble/share/geometry_msgs/cmake)
[2.864s] -- Found rosidl_generator_c: 3.1.5 (/opt/ros/humble/share/rosidl_generator_c/cmake)
[2.915s] -- Found rosidl_adapter: 3.1.5 (/opt/ros/humble/share/rosidl_adapter/cmake)
[3.027s] -- Found rosidl_generator_cpp: 3.1.5 (/opt/ros/humble/share/rosidl_generator_cpp/cmake)
[3.200s] -- Using all available rosidl_typesupport_c: rosidl_typesupport_fastrtps_c;rosidl_typesupport_introspection_c
[3.439s] -- Using all available rosidl_typesupport_cpp: rosidl_typesupport_fastrtps_cpp;rosidl_typesupport_introspection_cpp
[4.238s] -- Found message_filters: 4.3.3 (/opt/ros/humble/share/message_filters/cmake)
[4.847s] -- Found rmw_implementation_cmake: 6.1.1 (/opt/ros/humble/share/rmw_implementation_cmake/cmake)
[4.869s] -- Found rmw_fastrtps_cpp: 6.2.5 (/opt/ros/humble/share/rmw_fastrtps_cpp/cmake)
[5.937s] -- Using RMW implementation 'rmw_fastrtps_cpp' as default
[6.823s] -- Found nav_msgs: 4.2.3 (/opt/ros/humble/share/nav_msgs/cmake)
[7.256s] -- Found sensor_msgs: 4.2.3 (/opt/ros/humble/share/sensor_msgs/cmake)
[7.717s] -- Found std_srvs: 4.2.3 (/opt/ros/humble/share/std_srvs/cmake)
[7.865s] -- Found tf2: 0.25.5 (/opt/ros/humble/share/tf2/cmake)
[7.917s] -- Found tf2_ros: 0.25.5 (/opt/ros/humble/share/tf2_ros/cmake)
[10.166s] -- Found turtlebot3_msgs: 2.2.3 (/opt/ros/humble/share/turtlebot3_msgs/cmake)
[11.181s] -- Configuring done
[11.379s] -- Generating done
[11.407s] -- Build files have been written to: /home/maddy/turtlebot3_ws/build/turtlebot3_node
[11.484s] Invoked command in '/home/maddy/turtlebot3_ws/build/turtlebot3_node' returned '0': CMAKE_PREFIX_PATH=${CMAKE_PREFIX_PATH}:/home/maddy/turtlebot3_ws/install/turtlebot3_teleop:/home/maddy/turtlebot3_ws/install/turtlebot3_example:/home/maddy/turtlebot3_ws/install/opencv_tests:/home/maddy/turtlebot3_ws/install/cv_stuff:/opt/ros/humble /usr/bin/cmake /home/maddy/turtlebot3_ws/src/turtlebot3/turtlebot3_node -DCMAKE_INSTALL_PREFIX=/home/maddy/turtlebot3_ws/install/turtlebot3_node
[11.502s] Invoking command in '/home/maddy/turtlebot3_ws/build/turtlebot3_node': CMAKE_PREFIX_PATH=${CMAKE_PREFIX_PATH}:/home/maddy/turtlebot3_ws/install/turtlebot3_teleop:/home/maddy/turtlebot3_ws/install/turtlebot3_example:/home/maddy/turtlebot3_ws/install/opencv_tests:/home/maddy/turtlebot3_ws/install/cv_stuff:/opt/ros/humble /usr/bin/cmake --build /home/maddy/turtlebot3_ws/build/turtlebot3_node -- -j4 -l4
[11.984s] [35m[1mConsolidate compiler generated dependencies of target turtlebot3_node_lib[0m
[12.448s] [ 85%] Built target turtlebot3_node_lib
[12.571s] [35m[1mConsolidate compiler generated dependencies of target turtlebot3_ros[0m
[12.754s] [100%] Built target turtlebot3_ros
[12.865s] Invoked command in '/home/maddy/turtlebot3_ws/build/turtlebot3_node' returned '0': CMAKE_PREFIX_PATH=${CMAKE_PREFIX_PATH}:/home/maddy/turtlebot3_ws/install/turtlebot3_teleop:/home/maddy/turtlebot3_ws/install/turtlebot3_example:/home/maddy/turtlebot3_ws/install/opencv_tests:/home/maddy/turtlebot3_ws/install/cv_stuff:/opt/ros/humble /usr/bin/cmake --build /home/maddy/turtlebot3_ws/build/turtlebot3_node -- -j4 -l4
[13.269s] Invoking command in '/home/maddy/turtlebot3_ws/build/turtlebot3_node': CMAKE_PREFIX_PATH=${CMAKE_PREFIX_PATH}:/home/maddy/turtlebot3_ws/install/turtlebot3_teleop:/home/maddy/turtlebot3_ws/install/turtlebot3_example:/home/maddy/turtlebot3_ws/install/opencv_tests:/home/maddy/turtlebot3_ws/install/cv_stuff:/opt/ros/humble /usr/bin/cmake --install /home/maddy/turtlebot3_ws/build/turtlebot3_node
[13.342s] -- Install configuration: ""
[13.344s] -- Execute custom install script
[13.358s] -- Up-to-date symlink: /home/maddy/turtlebot3_ws/install/turtlebot3_node/share/turtlebot3_node/param/burger.yaml
[13.365s] -- Up-to-date symlink: /home/maddy/turtlebot3_ws/install/turtlebot3_node/share/turtlebot3_node/param/waffle.yaml
[13.367s] -- Up-to-date symlink: /home/maddy/turtlebot3_ws/install/turtlebot3_node/share/turtlebot3_node/param/waffle_pi.yaml
[13.369s] -- Up-to-date symlink: /home/maddy/turtlebot3_ws/install/turtlebot3_node/lib/turtlebot3_node/turtlebot3_ros
[13.370s] -- Up-to-date symlink: /home/maddy/turtlebot3_ws/install/turtlebot3_node/share/ament_index/resource_index/package_run_dependencies/turtlebot3_node
[13.382s] -- Up-to-date symlink: /home/maddy/turtlebot3_ws/install/turtlebot3_node/share/ament_index/resource_index/parent_prefix_path/turtlebot3_node
[13.384s] -- Up-to-date symlink: /home/maddy/turtlebot3_ws/install/turtlebot3_node/share/turtlebot3_node/environment/ament_prefix_path.sh
[13.385s] -- Up-to-date symlink: /home/maddy/turtlebot3_ws/install/turtlebot3_node/share/turtlebot3_node/environment/ament_prefix_path.dsv
[13.388s] -- Up-to-date symlink: /home/maddy/turtlebot3_ws/install/turtlebot3_node/share/turtlebot3_node/environment/path.sh
[13.389s] -- Up-to-date symlink: /home/maddy/turtlebot3_ws/install/turtlebot3_node/share/turtlebot3_node/environment/path.dsv
[13.400s] -- Up-to-date symlink: /home/maddy/turtlebot3_ws/install/turtlebot3_node/share/turtlebot3_node/local_setup.bash
[13.402s] -- Up-to-date symlink: /home/maddy/turtlebot3_ws/install/turtlebot3_node/share/turtlebot3_node/local_setup.sh
[13.404s] -- Up-to-date symlink: /home/maddy/turtlebot3_ws/install/turtlebot3_node/share/turtlebot3_node/local_setup.zsh
[13.406s] -- Up-to-date symlink: /home/maddy/turtlebot3_ws/install/turtlebot3_node/share/turtlebot3_node/local_setup.dsv
[13.407s] -- Symlinking: /home/maddy/turtlebot3_ws/install/turtlebot3_node/share/turtlebot3_node/package.dsv
[13.496s] -- Up-to-date symlink: /home/maddy/turtlebot3_ws/install/turtlebot3_node/share/ament_index/resource_index/packages/turtlebot3_node
[13.500s] -- Up-to-date symlink: /home/maddy/turtlebot3_ws/install/turtlebot3_node/share/turtlebot3_node/cmake/ament_cmake_export_include_directories-extras.cmake
[13.504s] -- Up-to-date symlink: /home/maddy/turtlebot3_ws/install/turtlebot3_node/share/turtlebot3_node/cmake/turtlebot3_nodeConfig.cmake
[13.508s] -- Up-to-date symlink: /home/maddy/turtlebot3_ws/install/turtlebot3_node/share/turtlebot3_node/cmake/turtlebot3_nodeConfig-version.cmake
[13.512s] -- Up-to-date symlink: /home/maddy/turtlebot3_ws/install/turtlebot3_node/share/turtlebot3_node/package.xml
[13.525s] Invoked command in '/home/maddy/turtlebot3_ws/build/turtlebot3_node' returned '0': CMAKE_PREFIX_PATH=${CMAKE_PREFIX_PATH}:/home/maddy/turtlebot3_ws/install/turtlebot3_teleop:/home/maddy/turtlebot3_ws/install/turtlebot3_example:/home/maddy/turtlebot3_ws/install/opencv_tests:/home/maddy/turtlebot3_ws/install/cv_stuff:/opt/ros/humble /usr/bin/cmake --install /home/maddy/turtlebot3_ws/build/turtlebot3_node
