[3.345s] DEBUG:colcon:Command line arguments: ['/usr/bin/colcon', 'build', '--packages-select', 'cv_stuff']
[3.345s] DEBUG:colcon:Parsed command line arguments: Namespace(log_base=None, log_level=None, verb_name='build', build_base='build', install_base='install', merge_install=False, symlink_install=False, test_result_base=None, continue_on_error=False, executor='parallel', parallel_workers=4, event_handlers=None, ignore_user_meta=False, metas=['./colcon.meta'], base_paths=['.'], packages_ignore=None, packages_ignore_regex=None, paths=None, packages_up_to=None, packages_up_to_regex=None, packages_above=None, packages_above_and_dependencies=None, packages_above_depth=None, packages_select_by_dep=None, packages_skip_by_dep=None, packages_skip_up_to=None, packages_select_build_failed=False, packages_skip_build_finished=False, packages_select_test_failures=False, packages_skip_test_passed=False, packages_select=['cv_stuff'], packages_skip=None, packages_select_regex=None, packages_skip_regex=None, packages_start=None, packages_end=None, allow_overriding=[], cmake_args=None, cmake_target=None, cmake_target_skip_unavailable=False, cmake_clean_cache=False, cmake_clean_first=False, cmake_force_configure=False, ament_cmake_args=None, catkin_cmake_args=None, catkin_skip_building_tests=False, verb_parser=<colcon_defaults.argument_parser.defaults.DefaultArgumentsDecorator object at 0xffffb6363070>, verb_extension=<colcon_core.verb.build.BuildVerb object at 0xffffb66834f0>, main=<bound method BuildVerb.main of <colcon_core.verb.build.BuildVerb object at 0xffffb66834f0>>)
[3.518s] Level 1:colcon.colcon_core.package_discovery:discover_packages(colcon_meta) check parameters
[3.519s] Level 1:colcon.colcon_core.package_discovery:discover_packages(recursive) check parameters
[3.519s] Level 1:colcon.colcon_core.package_discovery:discover_packages(ignore) check parameters
[3.519s] Level 1:colcon.colcon_core.package_discovery:discover_packages(path) check parameters
[3.519s] Level 1:colcon.colcon_core.package_discovery:discover_packages(colcon_meta) discover
[3.519s] Level 1:colcon.colcon_core.package_discovery:discover_packages(recursive) discover
[3.519s] INFO:colcon.colcon_core.package_discovery:Crawling recursively for packages in '/home/maddy/turtlebot3_ws'
[3.520s] Level 1:colcon.colcon_core.package_identification:_identify(.) by extensions ['ignore', 'ignore_ament_install']
[3.520s] Level 1:colcon.colcon_core.package_identification:_identify(.) by extension 'ignore'
[3.520s] Level 1:colcon.colcon_core.package_identification:_identify(.) by extension 'ignore_ament_install'
[3.520s] Level 1:colcon.colcon_core.package_identification:_identify(.) by extensions ['colcon_pkg']
[3.521s] Level 1:colcon.colcon_core.package_identification:_identify(.) by extension 'colcon_pkg'
[3.521s] Level 1:colcon.colcon_core.package_identification:_identify(.) by extensions ['colcon_meta']
[3.521s] Level 1:colcon.colcon_core.package_identification:_identify(.) by extension 'colcon_meta'
[3.521s] Level 1:colcon.colcon_core.package_identification:_identify(.) by extensions ['ros']
[3.521s] Level 1:colcon.colcon_core.package_identification:_identify(.) by extension 'ros'
[3.564s] Level 1:colcon.colcon_core.package_identification:_identify(.) by extensions ['cmake', 'python']
[3.565s] Level 1:colcon.colcon_core.package_identification:_identify(.) by extension 'cmake'
[3.565s] Level 1:colcon.colcon_core.package_identification:_identify(.) by extension 'python'
[3.565s] Level 1:colcon.colcon_core.package_identification:_identify(.) by extensions ['python_setup_py']
[3.565s] Level 1:colcon.colcon_core.package_identification:_identify(.) by extension 'python_setup_py'
[3.566s] Level 1:colcon.colcon_core.package_identification:_identify(build) by extensions ['ignore', 'ignore_ament_install']
[3.566s] Level 1:colcon.colcon_core.package_identification:_identify(build) by extension 'ignore'
[3.566s] Level 1:colcon.colcon_core.package_identification:_identify(build) ignored
[3.567s] Level 1:colcon.colcon_core.package_identification:_identify(install) by extensions ['ignore', 'ignore_ament_install']
[3.567s] Level 1:colcon.colcon_core.package_identification:_identify(install) by extension 'ignore'
[3.567s] Level 1:colcon.colcon_core.package_identification:_identify(install) ignored
[3.568s] Level 1:colcon.colcon_core.package_identification:_identify(log) by extensions ['ignore', 'ignore_ament_install']
[3.568s] Level 1:colcon.colcon_core.package_identification:_identify(log) by extension 'ignore'
[3.569s] Level 1:colcon.colcon_core.package_identification:_identify(log) ignored
[3.569s] Level 1:colcon.colcon_core.package_identification:_identify(src) by extensions ['ignore', 'ignore_ament_install']
[3.569s] Level 1:colcon.colcon_core.package_identification:_identify(src) by extension 'ignore'
[3.570s] Level 1:colcon.colcon_core.package_identification:_identify(src) by extension 'ignore_ament_install'
[3.570s] Level 1:colcon.colcon_core.package_identification:_identify(src) by extensions ['colcon_pkg']
[3.570s] Level 1:colcon.colcon_core.package_identification:_identify(src) by extension 'colcon_pkg'
[3.570s] Level 1:colcon.colcon_core.package_identification:_identify(src) by extensions ['colcon_meta']
[3.570s] Level 1:colcon.colcon_core.package_identification:_identify(src) by extension 'colcon_meta'
[3.570s] Level 1:colcon.colcon_core.package_identification:_identify(src) by extensions ['ros']
[3.571s] Level 1:colcon.colcon_core.package_identification:_identify(src) by extension 'ros'
[3.571s] Level 1:colcon.colcon_core.package_identification:_identify(src) by extensions ['cmake', 'python']
[3.571s] Level 1:colcon.colcon_core.package_identification:_identify(src) by extension 'cmake'
[3.571s] Level 1:colcon.colcon_core.package_identification:_identify(src) by extension 'python'
[3.571s] Level 1:colcon.colcon_core.package_identification:_identify(src) by extensions ['python_setup_py']
[3.571s] Level 1:colcon.colcon_core.package_identification:_identify(src) by extension 'python_setup_py'
[3.572s] Level 1:colcon.colcon_core.package_identification:_identify(src/audio_common) by extensions ['ignore', 'ignore_ament_install']
[3.572s] Level 1:colcon.colcon_core.package_identification:_identify(src/audio_common) by extension 'ignore'
[3.572s] Level 1:colcon.colcon_core.package_identification:_identify(src/audio_common) by extension 'ignore_ament_install'
[3.573s] Level 1:colcon.colcon_core.package_identification:_identify(src/audio_common) by extensions ['colcon_pkg']
[3.573s] Level 1:colcon.colcon_core.package_identification:_identify(src/audio_common) by extension 'colcon_pkg'
[3.573s] Level 1:colcon.colcon_core.package_identification:_identify(src/audio_common) by extensions ['colcon_meta']
[3.573s] Level 1:colcon.colcon_core.package_identification:_identify(src/audio_common) by extension 'colcon_meta'
[3.573s] Level 1:colcon.colcon_core.package_identification:_identify(src/audio_common) by extensions ['ros']
[3.573s] Level 1:colcon.colcon_core.package_identification:_identify(src/audio_common) by extension 'ros'
[3.574s] Level 1:colcon.colcon_core.package_identification:_identify(src/audio_common) by extensions ['cmake', 'python']
[3.574s] Level 1:colcon.colcon_core.package_identification:_identify(src/audio_common) by extension 'cmake'
[3.574s] Level 1:colcon.colcon_core.package_identification:_identify(src/audio_common) by extension 'python'
[3.574s] Level 1:colcon.colcon_core.package_identification:_identify(src/audio_common) by extensions ['python_setup_py']
[3.574s] Level 1:colcon.colcon_core.package_identification:_identify(src/audio_common) by extension 'python_setup_py'
[3.575s] Level 1:colcon.colcon_core.package_identification:_identify(src/audio_common/audio_capture) by extensions ['ignore', 'ignore_ament_install']
[3.575s] Level 1:colcon.colcon_core.package_identification:_identify(src/audio_common/audio_capture) by extension 'ignore'
[3.575s] Level 1:colcon.colcon_core.package_identification:_identify(src/audio_common/audio_capture) by extension 'ignore_ament_install'
[3.575s] Level 1:colcon.colcon_core.package_identification:_identify(src/audio_common/audio_capture) by extensions ['colcon_pkg']
[3.575s] Level 1:colcon.colcon_core.package_identification:_identify(src/audio_common/audio_capture) by extension 'colcon_pkg'
[3.576s] Level 1:colcon.colcon_core.package_identification:_identify(src/audio_common/audio_capture) by extensions ['colcon_meta']
[3.576s] Level 1:colcon.colcon_core.package_identification:_identify(src/audio_common/audio_capture) by extension 'colcon_meta'
[3.576s] Level 1:colcon.colcon_core.package_identification:_identify(src/audio_common/audio_capture) by extensions ['ros']
[3.576s] Level 1:colcon.colcon_core.package_identification:_identify(src/audio_common/audio_capture) by extension 'ros'
[3.588s] DEBUG:colcon.colcon_core.package_identification:Package 'src/audio_common/audio_capture' with type 'ros.ament_cmake' and name 'audio_capture'
[3.589s] Level 1:colcon.colcon_core.package_identification:_identify(src/audio_common/audio_common) by extensions ['ignore', 'ignore_ament_install']
[3.589s] Level 1:colcon.colcon_core.package_identification:_identify(src/audio_common/audio_common) by extension 'ignore'
[3.590s] Level 1:colcon.colcon_core.package_identification:_identify(src/audio_common/audio_common) by extension 'ignore_ament_install'
[3.590s] Level 1:colcon.colcon_core.package_identification:_identify(src/audio_common/audio_common) by extensions ['colcon_pkg']
[3.590s] Level 1:colcon.colcon_core.package_identification:_identify(src/audio_common/audio_common) by extension 'colcon_pkg'
[3.590s] Level 1:colcon.colcon_core.package_identification:_identify(src/audio_common/audio_common) by extensions ['colcon_meta']
[3.590s] Level 1:colcon.colcon_core.package_identification:_identify(src/audio_common/audio_common) by extension 'colcon_meta'
[3.591s] Level 1:colcon.colcon_core.package_identification:_identify(src/audio_common/audio_common) by extensions ['ros']
[3.591s] Level 1:colcon.colcon_core.package_identification:_identify(src/audio_common/audio_common) by extension 'ros'
[3.593s] DEBUG:colcon.colcon_core.package_identification:Package 'src/audio_common/audio_common' with type 'ros.ament_cmake' and name 'audio_common'
[3.593s] Level 1:colcon.colcon_core.package_identification:_identify(src/audio_common/audio_common_msgs) by extensions ['ignore', 'ignore_ament_install']
[3.594s] Level 1:colcon.colcon_core.package_identification:_identify(src/audio_common/audio_common_msgs) by extension 'ignore'
[3.594s] Level 1:colcon.colcon_core.package_identification:_identify(src/audio_common/audio_common_msgs) by extension 'ignore_ament_install'
[3.594s] Level 1:colcon.colcon_core.package_identification:_identify(src/audio_common/audio_common_msgs) by extensions ['colcon_pkg']
[3.594s] Level 1:colcon.colcon_core.package_identification:_identify(src/audio_common/audio_common_msgs) by extension 'colcon_pkg'
[3.595s] Level 1:colcon.colcon_core.package_identification:_identify(src/audio_common/audio_common_msgs) by extensions ['colcon_meta']
[3.595s] Level 1:colcon.colcon_core.package_identification:_identify(src/audio_common/audio_common_msgs) by extension 'colcon_meta'
[3.595s] Level 1:colcon.colcon_core.package_identification:_identify(src/audio_common/audio_common_msgs) by extensions ['ros']
[3.595s] Level 1:colcon.colcon_core.package_identification:_identify(src/audio_common/audio_common_msgs) by extension 'ros'
[3.597s] DEBUG:colcon.colcon_core.package_identification:Package 'src/audio_common/audio_common_msgs' with type 'ros.ament_cmake' and name 'audio_common_msgs'
[3.598s] Level 1:colcon.colcon_core.package_identification:_identify(src/audio_common/audio_play) by extensions ['ignore', 'ignore_ament_install']
[3.598s] Level 1:colcon.colcon_core.package_identification:_identify(src/audio_common/audio_play) by extension 'ignore'
[3.599s] Level 1:colcon.colcon_core.package_identification:_identify(src/audio_common/audio_play) by extension 'ignore_ament_install'
[3.599s] Level 1:colcon.colcon_core.package_identification:_identify(src/audio_common/audio_play) by extensions ['colcon_pkg']
[3.599s] Level 1:colcon.colcon_core.package_identification:_identify(src/audio_common/audio_play) by extension 'colcon_pkg'
[3.599s] Level 1:colcon.colcon_core.package_identification:_identify(src/audio_common/audio_play) by extensions ['colcon_meta']
[3.599s] Level 1:colcon.colcon_core.package_identification:_identify(src/audio_common/audio_play) by extension 'colcon_meta'
[3.599s] Level 1:colcon.colcon_core.package_identification:_identify(src/audio_common/audio_play) by extensions ['ros']
[3.600s] Level 1:colcon.colcon_core.package_identification:_identify(src/audio_common/audio_play) by extension 'ros'
[3.602s] DEBUG:colcon.colcon_core.package_identification:Package 'src/audio_common/audio_play' with type 'ros.ament_cmake' and name 'audio_play'
[3.603s] Level 1:colcon.colcon_core.package_identification:_identify(src/audio_common/sound_play) by extensions ['ignore', 'ignore_ament_install']
[3.604s] Level 1:colcon.colcon_core.package_identification:_identify(src/audio_common/sound_play) by extension 'ignore'
[3.604s] Level 1:colcon.colcon_core.package_identification:_identify(src/audio_common/sound_play) by extension 'ignore_ament_install'
[3.604s] Level 1:colcon.colcon_core.package_identification:_identify(src/audio_common/sound_play) by extensions ['colcon_pkg']
[3.604s] Level 1:colcon.colcon_core.package_identification:_identify(src/audio_common/sound_play) by extension 'colcon_pkg'
[3.604s] Level 1:colcon.colcon_core.package_identification:_identify(src/audio_common/sound_play) by extensions ['colcon_meta']
[3.604s] Level 1:colcon.colcon_core.package_identification:_identify(src/audio_common/sound_play) by extension 'colcon_meta'
[3.605s] Level 1:colcon.colcon_core.package_identification:_identify(src/audio_common/sound_play) by extensions ['ros']
[3.605s] Level 1:colcon.colcon_core.package_identification:_identify(src/audio_common/sound_play) by extension 'ros'
[3.608s] DEBUG:colcon.colcon_core.package_identification:Package 'src/audio_common/sound_play' with type 'ros.ament_cmake' and name 'sound_play'
[3.609s] Level 1:colcon.colcon_core.package_identification:_identify(src/cv_stuff) by extensions ['ignore', 'ignore_ament_install']
[3.609s] Level 1:colcon.colcon_core.package_identification:_identify(src/cv_stuff) by extension 'ignore'
[3.609s] Level 1:colcon.colcon_core.package_identification:_identify(src/cv_stuff) by extension 'ignore_ament_install'
[3.609s] Level 1:colcon.colcon_core.package_identification:_identify(src/cv_stuff) by extensions ['colcon_pkg']
[3.609s] Level 1:colcon.colcon_core.package_identification:_identify(src/cv_stuff) by extension 'colcon_pkg'
[3.610s] Level 1:colcon.colcon_core.package_identification:_identify(src/cv_stuff) by extensions ['colcon_meta']
[3.610s] Level 1:colcon.colcon_core.package_identification:_identify(src/cv_stuff) by extension 'colcon_meta'
[3.610s] Level 1:colcon.colcon_core.package_identification:_identify(src/cv_stuff) by extensions ['ros']
[3.610s] Level 1:colcon.colcon_core.package_identification:_identify(src/cv_stuff) by extension 'ros'
[3.613s] DEBUG:colcon.colcon_core.package_identification:Package 'src/cv_stuff' with type 'ros.ament_python' and name 'cv_stuff'
[3.614s] Level 1:colcon.colcon_core.package_identification:_identify(src/ld08_driver) by extensions ['ignore', 'ignore_ament_install']
[3.614s] Level 1:colcon.colcon_core.package_identification:_identify(src/ld08_driver) by extension 'ignore'
[3.614s] Level 1:colcon.colcon_core.package_identification:_identify(src/ld08_driver) by extension 'ignore_ament_install'
[3.615s] Level 1:colcon.colcon_core.package_identification:_identify(src/ld08_driver) by extensions ['colcon_pkg']
[3.615s] Level 1:colcon.colcon_core.package_identification:_identify(src/ld08_driver) by extension 'colcon_pkg'
[3.615s] Level 1:colcon.colcon_core.package_identification:_identify(src/ld08_driver) by extensions ['colcon_meta']
[3.615s] Level 1:colcon.colcon_core.package_identification:_identify(src/ld08_driver) by extension 'colcon_meta'
[3.615s] Level 1:colcon.colcon_core.package_identification:_identify(src/ld08_driver) by extensions ['ros']
[3.615s] Level 1:colcon.colcon_core.package_identification:_identify(src/ld08_driver) by extension 'ros'
[3.618s] DEBUG:colcon.colcon_core.package_identification:Package 'src/ld08_driver' with type 'ros.ament_cmake' and name 'ld08_driver'
[3.619s] Level 1:colcon.colcon_core.package_identification:_identify(src/ros2_camera_publish) by extensions ['ignore', 'ignore_ament_install']
[3.619s] Level 1:colcon.colcon_core.package_identification:_identify(src/ros2_camera_publish) by extension 'ignore'
[3.619s] Level 1:colcon.colcon_core.package_identification:_identify(src/ros2_camera_publish) by extension 'ignore_ament_install'
[3.619s] Level 1:colcon.colcon_core.package_identification:_identify(src/ros2_camera_publish) by extensions ['colcon_pkg']
[3.619s] Level 1:colcon.colcon_core.package_identification:_identify(src/ros2_camera_publish) by extension 'colcon_pkg'
[3.620s] Level 1:colcon.colcon_core.package_identification:_identify(src/ros2_camera_publish) by extensions ['colcon_meta']
[3.620s] Level 1:colcon.colcon_core.package_identification:_identify(src/ros2_camera_publish) by extension 'colcon_meta'
[3.620s] Level 1:colcon.colcon_core.package_identification:_identify(src/ros2_camera_publish) by extensions ['ros']
[3.620s] Level 1:colcon.colcon_core.package_identification:_identify(src/ros2_camera_publish) by extension 'ros'
[3.622s] DEBUG:colcon.colcon_core.package_identification:Package 'src/ros2_camera_publish' with type 'ros.ament_python' and name 'ros2_camera_publish'
[3.623s] Level 1:colcon.colcon_core.package_identification:_identify(src/sound_player) by extensions ['ignore', 'ignore_ament_install']
[3.623s] Level 1:colcon.colcon_core.package_identification:_identify(src/sound_player) by extension 'ignore'
[3.623s] Level 1:colcon.colcon_core.package_identification:_identify(src/sound_player) by extension 'ignore_ament_install'
[3.624s] Level 1:colcon.colcon_core.package_identification:_identify(src/sound_player) by extensions ['colcon_pkg']
[3.624s] Level 1:colcon.colcon_core.package_identification:_identify(src/sound_player) by extension 'colcon_pkg'
[3.624s] Level 1:colcon.colcon_core.package_identification:_identify(src/sound_player) by extensions ['colcon_meta']
[3.624s] Level 1:colcon.colcon_core.package_identification:_identify(src/sound_player) by extension 'colcon_meta'
[3.624s] Level 1:colcon.colcon_core.package_identification:_identify(src/sound_player) by extensions ['ros']
[3.624s] Level 1:colcon.colcon_core.package_identification:_identify(src/sound_player) by extension 'ros'
[3.626s] DEBUG:colcon.colcon_core.package_identification:Package 'src/sound_player' with type 'ros.ament_python' and name 'sound_player'
[3.627s] Level 1:colcon.colcon_core.package_identification:_identify(src/turtlebot3) by extensions ['ignore', 'ignore_ament_install']
[3.627s] Level 1:colcon.colcon_core.package_identification:_identify(src/turtlebot3) by extension 'ignore'
[3.627s] Level 1:colcon.colcon_core.package_identification:_identify(src/turtlebot3) by extension 'ignore_ament_install'
[3.628s] Level 1:colcon.colcon_core.package_identification:_identify(src/turtlebot3) by extensions ['colcon_pkg']
[3.628s] Level 1:colcon.colcon_core.package_identification:_identify(src/turtlebot3) by extension 'colcon_pkg'
[3.628s] Level 1:colcon.colcon_core.package_identification:_identify(src/turtlebot3) by extensions ['colcon_meta']
[3.628s] Level 1:colcon.colcon_core.package_identification:_identify(src/turtlebot3) by extension 'colcon_meta'
[3.628s] Level 1:colcon.colcon_core.package_identification:_identify(src/turtlebot3) by extensions ['ros']
[3.628s] Level 1:colcon.colcon_core.package_identification:_identify(src/turtlebot3) by extension 'ros'
[3.629s] Level 1:colcon.colcon_core.package_identification:_identify(src/turtlebot3) by extensions ['cmake', 'python']
[3.629s] Level 1:colcon.colcon_core.package_identification:_identify(src/turtlebot3) by extension 'cmake'
[3.629s] Level 1:colcon.colcon_core.package_identification:_identify(src/turtlebot3) by extension 'python'
[3.629s] Level 1:colcon.colcon_core.package_identification:_identify(src/turtlebot3) by extensions ['python_setup_py']
[3.629s] Level 1:colcon.colcon_core.package_identification:_identify(src/turtlebot3) by extension 'python_setup_py'
[3.630s] Level 1:colcon.colcon_core.package_identification:_identify(src/turtlebot3/turtlebot3) by extensions ['ignore', 'ignore_ament_install']
[3.630s] Level 1:colcon.colcon_core.package_identification:_identify(src/turtlebot3/turtlebot3) by extension 'ignore'
[3.630s] Level 1:colcon.colcon_core.package_identification:_identify(src/turtlebot3/turtlebot3) by extension 'ignore_ament_install'
[3.631s] Level 1:colcon.colcon_core.package_identification:_identify(src/turtlebot3/turtlebot3) by extensions ['colcon_pkg']
[3.631s] Level 1:colcon.colcon_core.package_identification:_identify(src/turtlebot3/turtlebot3) by extension 'colcon_pkg'
[3.631s] Level 1:colcon.colcon_core.package_identification:_identify(src/turtlebot3/turtlebot3) by extensions ['colcon_meta']
[3.631s] Level 1:colcon.colcon_core.package_identification:_identify(src/turtlebot3/turtlebot3) by extension 'colcon_meta'
[3.631s] Level 1:colcon.colcon_core.package_identification:_identify(src/turtlebot3/turtlebot3) by extensions ['ros']
[3.631s] Level 1:colcon.colcon_core.package_identification:_identify(src/turtlebot3/turtlebot3) by extension 'ros'
[3.634s] DEBUG:colcon.colcon_core.package_identification:Package 'src/turtlebot3/turtlebot3' with type 'ros.ament_cmake' and name 'turtlebot3'
[3.634s] Level 1:colcon.colcon_core.package_identification:_identify(src/turtlebot3/turtlebot3_bringup) by extensions ['ignore', 'ignore_ament_install']
[3.634s] Level 1:colcon.colcon_core.package_identification:_identify(src/turtlebot3/turtlebot3_bringup) by extension 'ignore'
[3.635s] Level 1:colcon.colcon_core.package_identification:_identify(src/turtlebot3/turtlebot3_bringup) by extension 'ignore_ament_install'
[3.635s] Level 1:colcon.colcon_core.package_identification:_identify(src/turtlebot3/turtlebot3_bringup) by extensions ['colcon_pkg']
[3.635s] Level 1:colcon.colcon_core.package_identification:_identify(src/turtlebot3/turtlebot3_bringup) by extension 'colcon_pkg'
[3.635s] Level 1:colcon.colcon_core.package_identification:_identify(src/turtlebot3/turtlebot3_bringup) by extensions ['colcon_meta']
[3.635s] Level 1:colcon.colcon_core.package_identification:_identify(src/turtlebot3/turtlebot3_bringup) by extension 'colcon_meta'
[3.636s] Level 1:colcon.colcon_core.package_identification:_identify(src/turtlebot3/turtlebot3_bringup) by extensions ['ros']
[3.636s] Level 1:colcon.colcon_core.package_identification:_identify(src/turtlebot3/turtlebot3_bringup) by extension 'ros'
[3.638s] DEBUG:colcon.colcon_core.package_identification:Package 'src/turtlebot3/turtlebot3_bringup' with type 'ros.ament_cmake' and name 'turtlebot3_bringup'
[3.638s] Level 1:colcon.colcon_core.package_identification:_identify(src/turtlebot3/turtlebot3_description) by extensions ['ignore', 'ignore_ament_install']
[3.639s] Level 1:colcon.colcon_core.package_identification:_identify(src/turtlebot3/turtlebot3_description) by extension 'ignore'
[3.639s] Level 1:colcon.colcon_core.package_identification:_identify(src/turtlebot3/turtlebot3_description) by extension 'ignore_ament_install'
[3.639s] Level 1:colcon.colcon_core.package_identification:_identify(src/turtlebot3/turtlebot3_description) by extensions ['colcon_pkg']
[3.639s] Level 1:colcon.colcon_core.package_identification:_identify(src/turtlebot3/turtlebot3_description) by extension 'colcon_pkg'
[3.639s] Level 1:colcon.colcon_core.package_identification:_identify(src/turtlebot3/turtlebot3_description) by extensions ['colcon_meta']
[3.640s] Level 1:colcon.colcon_core.package_identification:_identify(src/turtlebot3/turtlebot3_description) by extension 'colcon_meta'
[3.640s] Level 1:colcon.colcon_core.package_identification:_identify(src/turtlebot3/turtlebot3_description) by extensions ['ros']
[3.640s] Level 1:colcon.colcon_core.package_identification:_identify(src/turtlebot3/turtlebot3_description) by extension 'ros'
[3.642s] DEBUG:colcon.colcon_core.package_identification:Package 'src/turtlebot3/turtlebot3_description' with type 'ros.ament_cmake' and name 'turtlebot3_description'
[3.643s] Level 1:colcon.colcon_core.package_identification:_identify(src/turtlebot3/turtlebot3_example) by extensions ['ignore', 'ignore_ament_install']
[3.643s] Level 1:colcon.colcon_core.package_identification:_identify(src/turtlebot3/turtlebot3_example) by extension 'ignore'
[3.643s] Level 1:colcon.colcon_core.package_identification:_identify(src/turtlebot3/turtlebot3_example) by extension 'ignore_ament_install'
[3.644s] Level 1:colcon.colcon_core.package_identification:_identify(src/turtlebot3/turtlebot3_example) by extensions ['colcon_pkg']
[3.644s] Level 1:colcon.colcon_core.package_identification:_identify(src/turtlebot3/turtlebot3_example) by extension 'colcon_pkg'
[3.644s] Level 1:colcon.colcon_core.package_identification:_identify(src/turtlebot3/turtlebot3_example) by extensions ['colcon_meta']
[3.644s] Level 1:colcon.colcon_core.package_identification:_identify(src/turtlebot3/turtlebot3_example) by extension 'colcon_meta'
[3.644s] Level 1:colcon.colcon_core.package_identification:_identify(src/turtlebot3/turtlebot3_example) by extensions ['ros']
[3.644s] Level 1:colcon.colcon_core.package_identification:_identify(src/turtlebot3/turtlebot3_example) by extension 'ros'
[3.648s] DEBUG:colcon.colcon_core.package_identification:Package 'src/turtlebot3/turtlebot3_example' with type 'ros.ament_python' and name 'turtlebot3_example'
[3.649s] Level 1:colcon.colcon_core.package_identification:_identify(src/turtlebot3/turtlebot3_node) by extensions ['ignore', 'ignore_ament_install']
[3.649s] Level 1:colcon.colcon_core.package_identification:_identify(src/turtlebot3/turtlebot3_node) by extension 'ignore'
[3.649s] Level 1:colcon.colcon_core.package_identification:_identify(src/turtlebot3/turtlebot3_node) by extension 'ignore_ament_install'
[3.649s] Level 1:colcon.colcon_core.package_identification:_identify(src/turtlebot3/turtlebot3_node) by extensions ['colcon_pkg']
[3.649s] Level 1:colcon.colcon_core.package_identification:_identify(src/turtlebot3/turtlebot3_node) by extension 'colcon_pkg'
[3.650s] Level 1:colcon.colcon_core.package_identification:_identify(src/turtlebot3/turtlebot3_node) by extensions ['colcon_meta']
[3.650s] Level 1:colcon.colcon_core.package_identification:_identify(src/turtlebot3/turtlebot3_node) by extension 'colcon_meta'
[3.650s] Level 1:colcon.colcon_core.package_identification:_identify(src/turtlebot3/turtlebot3_node) by extensions ['ros']
[3.650s] Level 1:colcon.colcon_core.package_identification:_identify(src/turtlebot3/turtlebot3_node) by extension 'ros'
[3.655s] DEBUG:colcon.colcon_core.package_identification:Package 'src/turtlebot3/turtlebot3_node' with type 'ros.ament_cmake' and name 'turtlebot3_node'
[3.656s] Level 1:colcon.colcon_core.package_identification:_identify(src/turtlebot3/turtlebot3_teleop) by extensions ['ignore', 'ignore_ament_install']
[3.656s] Level 1:colcon.colcon_core.package_identification:_identify(src/turtlebot3/turtlebot3_teleop) by extension 'ignore'
[3.656s] Level 1:colcon.colcon_core.package_identification:_identify(src/turtlebot3/turtlebot3_teleop) by extension 'ignore_ament_install'
[3.657s] Level 1:colcon.colcon_core.package_identification:_identify(src/turtlebot3/turtlebot3_teleop) by extensions ['colcon_pkg']
[3.657s] Level 1:colcon.colcon_core.package_identification:_identify(src/turtlebot3/turtlebot3_teleop) by extension 'colcon_pkg'
[3.657s] Level 1:colcon.colcon_core.package_identification:_identify(src/turtlebot3/turtlebot3_teleop) by extensions ['colcon_meta']
[3.657s] Level 1:colcon.colcon_core.package_identification:_identify(src/turtlebot3/turtlebot3_teleop) by extension 'colcon_meta'
[3.657s] Level 1:colcon.colcon_core.package_identification:_identify(src/turtlebot3/turtlebot3_teleop) by extensions ['ros']
[3.657s] Level 1:colcon.colcon_core.package_identification:_identify(src/turtlebot3/turtlebot3_teleop) by extension 'ros'
[3.659s] DEBUG:colcon.colcon_core.package_identification:Package 'src/turtlebot3/turtlebot3_teleop' with type 'ros.ament_python' and name 'turtlebot3_teleop'
[3.660s] Level 1:colcon.colcon_core.package_identification:_identify(src/vision_opencv) by extensions ['ignore', 'ignore_ament_install']
[3.660s] Level 1:colcon.colcon_core.package_identification:_identify(src/vision_opencv) by extension 'ignore'
[3.660s] Level 1:colcon.colcon_core.package_identification:_identify(src/vision_opencv) by extension 'ignore_ament_install'
[3.661s] Level 1:colcon.colcon_core.package_identification:_identify(src/vision_opencv) by extensions ['colcon_pkg']
[3.661s] Level 1:colcon.colcon_core.package_identification:_identify(src/vision_opencv) by extension 'colcon_pkg'
[3.661s] Level 1:colcon.colcon_core.package_identification:_identify(src/vision_opencv) by extensions ['colcon_meta']
[3.661s] Level 1:colcon.colcon_core.package_identification:_identify(src/vision_opencv) by extension 'colcon_meta'
[3.661s] Level 1:colcon.colcon_core.package_identification:_identify(src/vision_opencv) by extensions ['ros']
[3.661s] Level 1:colcon.colcon_core.package_identification:_identify(src/vision_opencv) by extension 'ros'
[3.662s] Level 1:colcon.colcon_core.package_identification:_identify(src/vision_opencv) by extensions ['cmake', 'python']
[3.662s] Level 1:colcon.colcon_core.package_identification:_identify(src/vision_opencv) by extension 'cmake'
[3.662s] Level 1:colcon.colcon_core.package_identification:_identify(src/vision_opencv) by extension 'python'
[3.662s] Level 1:colcon.colcon_core.package_identification:_identify(src/vision_opencv) by extensions ['python_setup_py']
[3.662s] Level 1:colcon.colcon_core.package_identification:_identify(src/vision_opencv) by extension 'python_setup_py'
[3.663s] Level 1:colcon.colcon_core.package_identification:_identify(src/vision_opencv/cv_bridge) by extensions ['ignore', 'ignore_ament_install']
[3.663s] Level 1:colcon.colcon_core.package_identification:_identify(src/vision_opencv/cv_bridge) by extension 'ignore'
[3.663s] Level 1:colcon.colcon_core.package_identification:_identify(src/vision_opencv/cv_bridge) by extension 'ignore_ament_install'
[3.663s] Level 1:colcon.colcon_core.package_identification:_identify(src/vision_opencv/cv_bridge) by extensions ['colcon_pkg']
[3.664s] Level 1:colcon.colcon_core.package_identification:_identify(src/vision_opencv/cv_bridge) by extension 'colcon_pkg'
[3.664s] Level 1:colcon.colcon_core.package_identification:_identify(src/vision_opencv/cv_bridge) by extensions ['colcon_meta']
[3.664s] Level 1:colcon.colcon_core.package_identification:_identify(src/vision_opencv/cv_bridge) by extension 'colcon_meta'
[3.664s] Level 1:colcon.colcon_core.package_identification:_identify(src/vision_opencv/cv_bridge) by extensions ['ros']
[3.664s] Level 1:colcon.colcon_core.package_identification:_identify(src/vision_opencv/cv_bridge) by extension 'ros'
[3.668s] DEBUG:colcon.colcon_core.package_identification:Package 'src/vision_opencv/cv_bridge' with type 'ros.ament_cmake' and name 'cv_bridge'
[3.669s] Level 1:colcon.colcon_core.package_identification:_identify(src/vision_opencv/image_geometry) by extensions ['ignore', 'ignore_ament_install']
[3.669s] Level 1:colcon.colcon_core.package_identification:_identify(src/vision_opencv/image_geometry) by extension 'ignore'
[3.669s] Level 1:colcon.colcon_core.package_identification:_identify(src/vision_opencv/image_geometry) by extension 'ignore_ament_install'
[3.670s] Level 1:colcon.colcon_core.package_identification:_identify(src/vision_opencv/image_geometry) by extensions ['colcon_pkg']
[3.670s] Level 1:colcon.colcon_core.package_identification:_identify(src/vision_opencv/image_geometry) by extension 'colcon_pkg'
[3.670s] Level 1:colcon.colcon_core.package_identification:_identify(src/vision_opencv/image_geometry) by extensions ['colcon_meta']
[3.670s] Level 1:colcon.colcon_core.package_identification:_identify(src/vision_opencv/image_geometry) by extension 'colcon_meta'
[3.670s] Level 1:colcon.colcon_core.package_identification:_identify(src/vision_opencv/image_geometry) by extensions ['ros']
[3.670s] Level 1:colcon.colcon_core.package_identification:_identify(src/vision_opencv/image_geometry) by extension 'ros'
[3.673s] DEBUG:colcon.colcon_core.package_identification:Package 'src/vision_opencv/image_geometry' with type 'ros.ament_cmake' and name 'image_geometry'
[3.674s] Level 1:colcon.colcon_core.package_identification:_identify(src/vision_opencv/opencv_tests) by extensions ['ignore', 'ignore_ament_install']
[3.674s] Level 1:colcon.colcon_core.package_identification:_identify(src/vision_opencv/opencv_tests) by extension 'ignore'
[3.674s] Level 1:colcon.colcon_core.package_identification:_identify(src/vision_opencv/opencv_tests) by extension 'ignore_ament_install'
[3.675s] Level 1:colcon.colcon_core.package_identification:_identify(src/vision_opencv/opencv_tests) by extensions ['colcon_pkg']
[3.675s] Level 1:colcon.colcon_core.package_identification:_identify(src/vision_opencv/opencv_tests) by extension 'colcon_pkg'
[3.675s] Level 1:colcon.colcon_core.package_identification:_identify(src/vision_opencv/opencv_tests) by extensions ['colcon_meta']
[3.675s] Level 1:colcon.colcon_core.package_identification:_identify(src/vision_opencv/opencv_tests) by extension 'colcon_meta'
[3.675s] Level 1:colcon.colcon_core.package_identification:_identify(src/vision_opencv/opencv_tests) by extensions ['ros']
[3.675s] Level 1:colcon.colcon_core.package_identification:_identify(src/vision_opencv/opencv_tests) by extension 'ros'
[3.677s] DEBUG:colcon.colcon_core.package_identification:Package 'src/vision_opencv/opencv_tests' with type 'ros.ament_python' and name 'opencv_tests'
[3.678s] Level 1:colcon.colcon_core.package_identification:_identify(src/vision_opencv/vision_opencv) by extensions ['ignore', 'ignore_ament_install']
[3.678s] Level 1:colcon.colcon_core.package_identification:_identify(src/vision_opencv/vision_opencv) by extension 'ignore'
[3.679s] Level 1:colcon.colcon_core.package_identification:_identify(src/vision_opencv/vision_opencv) by extension 'ignore_ament_install'
[3.679s] Level 1:colcon.colcon_core.package_identification:_identify(src/vision_opencv/vision_opencv) by extensions ['colcon_pkg']
[3.679s] Level 1:colcon.colcon_core.package_identification:_identify(src/vision_opencv/vision_opencv) by extension 'colcon_pkg'
[3.679s] Level 1:colcon.colcon_core.package_identification:_identify(src/vision_opencv/vision_opencv) by extensions ['colcon_meta']
[3.679s] Level 1:colcon.colcon_core.package_identification:_identify(src/vision_opencv/vision_opencv) by extension 'colcon_meta'
[3.679s] Level 1:colcon.colcon_core.package_identification:_identify(src/vision_opencv/vision_opencv) by extensions ['ros']
[3.679s] Level 1:colcon.colcon_core.package_identification:_identify(src/vision_opencv/vision_opencv) by extension 'ros'
[3.682s] DEBUG:colcon.colcon_core.package_identification:Package 'src/vision_opencv/vision_opencv' with type 'ros.ament_cmake' and name 'vision_opencv'
[3.682s] Level 1:colcon.colcon_core.package_discovery:discover_packages(recursive) using defaults
[3.682s] Level 1:colcon.colcon_core.package_discovery:discover_packages(ignore) discover
[3.682s] Level 1:colcon.colcon_core.package_discovery:discover_packages(ignore) using defaults
[3.682s] Level 1:colcon.colcon_core.package_discovery:discover_packages(path) discover
[3.682s] Level 1:colcon.colcon_core.package_discovery:discover_packages(path) using defaults
[3.911s] INFO:colcon.colcon_core.package_selection:Skipping not selected package 'audio_common_msgs' in 'src/audio_common/audio_common_msgs'
[3.911s] INFO:colcon.colcon_core.package_selection:Skipping not selected package 'cv_bridge' in 'src/vision_opencv/cv_bridge'
[3.912s] INFO:colcon.colcon_core.package_selection:Skipping not selected package 'image_geometry' in 'src/vision_opencv/image_geometry'
[3.912s] INFO:colcon.colcon_core.package_selection:Skipping not selected package 'ld08_driver' in 'src/ld08_driver'
[3.912s] INFO:colcon.colcon_core.package_selection:Skipping not selected package 'ros2_camera_publish' in 'src/ros2_camera_publish'
[3.912s] INFO:colcon.colcon_core.package_selection:Skipping not selected package 'sound_player' in 'src/sound_player'
[3.912s] INFO:colcon.colcon_core.package_selection:Skipping not selected package 'turtlebot3_description' in 'src/turtlebot3/turtlebot3_description'
[3.912s] INFO:colcon.colcon_core.package_selection:Skipping not selected package 'turtlebot3_example' in 'src/turtlebot3/turtlebot3_example'
[3.912s] INFO:colcon.colcon_core.package_selection:Skipping not selected package 'turtlebot3_node' in 'src/turtlebot3/turtlebot3_node'
[3.912s] INFO:colcon.colcon_core.package_selection:Skipping not selected package 'turtlebot3_teleop' in 'src/turtlebot3/turtlebot3_teleop'
[3.912s] INFO:colcon.colcon_core.package_selection:Skipping not selected package 'audio_capture' in 'src/audio_common/audio_capture'
[3.913s] INFO:colcon.colcon_core.package_selection:Skipping not selected package 'audio_play' in 'src/audio_common/audio_play'
[3.913s] INFO:colcon.colcon_core.package_selection:Skipping not selected package 'opencv_tests' in 'src/vision_opencv/opencv_tests'
[3.913s] INFO:colcon.colcon_core.package_selection:Skipping not selected package 'sound_play' in 'src/audio_common/sound_play'
[3.913s] INFO:colcon.colcon_core.package_selection:Skipping not selected package 'turtlebot3_bringup' in 'src/turtlebot3/turtlebot3_bringup'
[3.913s] INFO:colcon.colcon_core.package_selection:Skipping not selected package 'vision_opencv' in 'src/vision_opencv/vision_opencv'
[3.913s] INFO:colcon.colcon_core.package_selection:Skipping not selected package 'audio_common' in 'src/audio_common/audio_common'
[3.913s] INFO:colcon.colcon_core.package_selection:Skipping not selected package 'turtlebot3' in 'src/turtlebot3/turtlebot3'
[4.004s] Level 1:colcon.colcon_core.package_discovery:discover_packages(prefix_path) check parameters
[4.004s] Level 1:colcon.colcon_core.package_discovery:discover_packages(prefix_path) discover
[4.106s] DEBUG:colcon.colcon_installed_package_information.package_discovery:Found 18 installed packages in /home/maddy/turtlebot3_ws/install
[4.157s] DEBUG:colcon.colcon_installed_package_information.package_discovery:Found 183 installed packages in /opt/ros/humble
[4.161s] Level 1:colcon.colcon_core.package_discovery:discover_packages(prefix_path) using defaults
[4.429s] Level 5:colcon.colcon_core.verb:set package 'cv_stuff' build argument 'cmake_args' from command line to 'None'
[4.429s] Level 5:colcon.colcon_core.verb:set package 'cv_stuff' build argument 'cmake_target' from command line to 'None'
[4.429s] Level 5:colcon.colcon_core.verb:set package 'cv_stuff' build argument 'cmake_target_skip_unavailable' from command line to 'False'
[4.429s] Level 5:colcon.colcon_core.verb:set package 'cv_stuff' build argument 'cmake_clean_cache' from command line to 'False'
[4.429s] Level 5:colcon.colcon_core.verb:set package 'cv_stuff' build argument 'cmake_clean_first' from command line to 'False'
[4.430s] Level 5:colcon.colcon_core.verb:set package 'cv_stuff' build argument 'cmake_force_configure' from command line to 'False'
[4.430s] Level 5:colcon.colcon_core.verb:set package 'cv_stuff' build argument 'ament_cmake_args' from command line to 'None'
[4.430s] Level 5:colcon.colcon_core.verb:set package 'cv_stuff' build argument 'catkin_cmake_args' from command line to 'None'
[4.430s] Level 5:colcon.colcon_core.verb:set package 'cv_stuff' build argument 'catkin_skip_building_tests' from command line to 'False'
[4.430s] DEBUG:colcon.colcon_core.verb:Building package 'cv_stuff' with the following arguments: {'ament_cmake_args': None, 'build_base': '/home/maddy/turtlebot3_ws/build/cv_stuff', 'catkin_cmake_args': None, 'catkin_skip_building_tests': False, 'cmake_args': None, 'cmake_clean_cache': False, 'cmake_clean_first': False, 'cmake_force_configure': False, 'cmake_target': None, 'cmake_target_skip_unavailable': False, 'install_base': '/home/maddy/turtlebot3_ws/install/cv_stuff', 'merge_install': False, 'path': '/home/maddy/turtlebot3_ws/src/cv_stuff', 'symlink_install': False, 'test_result_base': None}
[4.475s] INFO:colcon.colcon_core.executor:Executing jobs using 'parallel' executor
[4.523s] DEBUG:colcon.colcon_parallel_executor.executor.parallel:run_until_complete
[4.524s] INFO:colcon.colcon_ros.task.ament_python.build:Building ROS package in '/home/maddy/turtlebot3_ws/src/cv_stuff' with build type 'ament_python'
[4.525s] Level 1:colcon.colcon_core.shell:create_environment_hook('cv_stuff', 'ament_prefix_path')
[4.581s] INFO:colcon.colcon_core.plugin_system:Skipping extension 'colcon_core.shell.bat': Not used on non-Windows systems
[4.582s] INFO:colcon.colcon_core.shell:Creating environment hook '/home/maddy/turtlebot3_ws/install/cv_stuff/share/cv_stuff/hook/ament_prefix_path.ps1'
[4.585s] INFO:colcon.colcon_core.shell:Creating environment descriptor '/home/maddy/turtlebot3_ws/install/cv_stuff/share/cv_stuff/hook/ament_prefix_path.dsv'
[4.587s] INFO:colcon.colcon_core.shell:Creating environment hook '/home/maddy/turtlebot3_ws/install/cv_stuff/share/cv_stuff/hook/ament_prefix_path.sh'
[4.636s] INFO:colcon.colcon_core.shell:Skip shell extension 'powershell' for command environment: Not usable outside of PowerShell
[4.636s] DEBUG:colcon.colcon_core.shell:Skip shell extension 'dsv' for command environment
[5.821s] INFO:colcon.colcon_core.task.python.build:Building Python package in '/home/maddy/turtlebot3_ws/src/cv_stuff'
[5.868s] INFO:colcon.colcon_core.shell:Skip shell extension 'powershell' for command environment: Not usable outside of PowerShell
[5.869s] DEBUG:colcon.colcon_core.shell:Skip shell extension 'dsv' for command environment
[7.441s] DEBUG:colcon.colcon_core.event_handler.log_command:Invoking command in '/home/maddy/turtlebot3_ws/src/cv_stuff': CMAKE_PREFIX_PATH=/home/maddy/turtlebot3_ws/install/cv_bridge:/home/maddy/turtlebot3_ws/install/vision_opencv:/home/maddy/turtlebot3_ws/install/turtlebot3:/home/maddy/turtlebot3_ws/install/turtlebot3_bringup:/home/maddy/turtlebot3_ws/install/turtlebot3_node:/home/maddy/turtlebot3_ws/install/turtlebot3_description:/home/maddy/turtlebot3_ws/install/ld08_driver:/home/maddy/turtlebot3_ws/install/image_geometry:/home/maddy/turtlebot3_ws/install/audio_common_msgs LD_LIBRARY_PATH=/home/maddy/turtlebot3_ws/install/cv_bridge/lib:/home/maddy/turtlebot3_ws/install/image_geometry/lib:/home/maddy/turtlebot3_ws/install/audio_common_msgs/lib:/opt/ros/humble/lib/aarch64-linux-gnu:/opt/ros/humble/lib PYTHONPATH=/home/maddy/turtlebot3_ws/build/cv_stuff/prefix_override:/home/maddy/turtlebot3_ws/install/cv_stuff/lib/python3.10/site-packages:${PYTHONPATH} /usr/bin/python3 setup.py egg_info --egg-base ../../build/cv_stuff build --build-base /home/maddy/turtlebot3_ws/build/cv_stuff/build install --record /home/maddy/turtlebot3_ws/build/cv_stuff/install.log --single-version-externally-managed
[8.619s] DEBUG:colcon.colcon_core.event_handler.log_command:Invoked command in '/home/maddy/turtlebot3_ws/src/cv_stuff' returned '0': CMAKE_PREFIX_PATH=/home/maddy/turtlebot3_ws/install/cv_bridge:/home/maddy/turtlebot3_ws/install/vision_opencv:/home/maddy/turtlebot3_ws/install/turtlebot3:/home/maddy/turtlebot3_ws/install/turtlebot3_bringup:/home/maddy/turtlebot3_ws/install/turtlebot3_node:/home/maddy/turtlebot3_ws/install/turtlebot3_description:/home/maddy/turtlebot3_ws/install/ld08_driver:/home/maddy/turtlebot3_ws/install/image_geometry:/home/maddy/turtlebot3_ws/install/audio_common_msgs LD_LIBRARY_PATH=/home/maddy/turtlebot3_ws/install/cv_bridge/lib:/home/maddy/turtlebot3_ws/install/image_geometry/lib:/home/maddy/turtlebot3_ws/install/audio_common_msgs/lib:/opt/ros/humble/lib/aarch64-linux-gnu:/opt/ros/humble/lib PYTHONPATH=/home/maddy/turtlebot3_ws/build/cv_stuff/prefix_override:/home/maddy/turtlebot3_ws/install/cv_stuff/lib/python3.10/site-packages:${PYTHONPATH} /usr/bin/python3 setup.py egg_info --egg-base ../../build/cv_stuff build --build-base /home/maddy/turtlebot3_ws/build/cv_stuff/build install --record /home/maddy/turtlebot3_ws/build/cv_stuff/install.log --single-version-externally-managed
[8.678s] Level 1:colcon.colcon_core.environment:checking '/home/maddy/turtlebot3_ws/install/cv_stuff' for CMake module files
[8.680s] Level 1:colcon.colcon_core.environment:checking '/home/maddy/turtlebot3_ws/install/cv_stuff' for CMake config files
[8.684s] Level 1:colcon.colcon_core.environment:checking '/home/maddy/turtlebot3_ws/install/cv_stuff/lib'
[8.684s] Level 1:colcon.colcon_core.environment:checking '/home/maddy/turtlebot3_ws/install/cv_stuff/bin'
[8.685s] Level 1:colcon.colcon_core.environment:checking '/home/maddy/turtlebot3_ws/install/cv_stuff/lib/pkgconfig/cv_stuff.pc'
[8.686s] Level 1:colcon.colcon_core.environment:checking '/home/maddy/turtlebot3_ws/install/cv_stuff/lib/python3.10/site-packages'
[8.686s] Level 1:colcon.colcon_core.shell:create_environment_hook('cv_stuff', 'pythonpath')
[8.732s] INFO:colcon.colcon_core.shell:Creating environment hook '/home/maddy/turtlebot3_ws/install/cv_stuff/share/cv_stuff/hook/pythonpath.ps1'
[8.734s] INFO:colcon.colcon_core.shell:Creating environment descriptor '/home/maddy/turtlebot3_ws/install/cv_stuff/share/cv_stuff/hook/pythonpath.dsv'
[8.735s] INFO:colcon.colcon_core.shell:Creating environment hook '/home/maddy/turtlebot3_ws/install/cv_stuff/share/cv_stuff/hook/pythonpath.sh'
[8.738s] Level 1:colcon.colcon_core.environment:checking '/home/maddy/turtlebot3_ws/install/cv_stuff/bin'
[8.738s] Level 1:colcon.colcon_core.environment:create_environment_scripts_only(cv_stuff)
[8.785s] INFO:colcon.colcon_core.shell:Creating package script '/home/maddy/turtlebot3_ws/install/cv_stuff/share/cv_stuff/package.ps1'
[8.788s] INFO:colcon.colcon_core.shell:Creating package descriptor '/home/maddy/turtlebot3_ws/install/cv_stuff/share/cv_stuff/package.dsv'
[8.791s] INFO:colcon.colcon_core.shell:Creating package script '/home/maddy/turtlebot3_ws/install/cv_stuff/share/cv_stuff/package.sh'
[8.794s] INFO:colcon.colcon_core.shell:Creating package script '/home/maddy/turtlebot3_ws/install/cv_stuff/share/cv_stuff/package.bash'
[8.797s] INFO:colcon.colcon_core.shell:Creating package script '/home/maddy/turtlebot3_ws/install/cv_stuff/share/cv_stuff/package.zsh'
[8.800s] Level 1:colcon.colcon_core.environment:create_file_with_runtime_dependencies(/home/maddy/turtlebot3_ws/install/cv_stuff/share/colcon-core/packages/cv_stuff)
[8.801s] DEBUG:colcon.colcon_parallel_executor.executor.parallel:closing loop
[8.802s] DEBUG:colcon.colcon_parallel_executor.executor.parallel:loop closed
[8.802s] DEBUG:colcon.colcon_parallel_executor.executor.parallel:run_until_complete finished with '0'
[8.803s] DEBUG:colcon.colcon_core.event_reactor:joining thread
[8.870s] INFO:colcon.colcon_core.plugin_system:Skipping extension 'colcon_notification.desktop_notification.notify_send': Could not find 'notify-send'
[8.870s] INFO:colcon.colcon_core.plugin_system:Skipping extension 'colcon_notification.desktop_notification.terminal_notifier': Not used on non-Darwin systems
[8.871s] INFO:colcon.colcon_core.plugin_system:Skipping extension 'colcon_notification.desktop_notification.win32': Not used on non-Windows systems
[8.871s] INFO:colcon.colcon_notification.desktop_notification:Sending desktop notification using 'notify2'
[8.874s] DEBUG:colcon.colcon_notification.desktop_notification.notify2:Failed to initialize notify2: org.freedesktop.DBus.Error.ServiceUnknown: The name org.freedesktop.Notifications was not provided by any .service files
[8.874s] DEBUG:colcon.colcon_core.event_reactor:joined thread
[8.924s] INFO:colcon.colcon_core.shell:Creating prefix script '/home/maddy/turtlebot3_ws/install/local_setup.ps1'
[8.928s] INFO:colcon.colcon_core.shell:Creating prefix util module '/home/maddy/turtlebot3_ws/install/_local_setup_util_ps1.py'
[8.933s] INFO:colcon.colcon_core.shell:Creating prefix chain script '/home/maddy/turtlebot3_ws/install/setup.ps1'
[8.986s] INFO:colcon.colcon_core.shell:Creating prefix script '/home/maddy/turtlebot3_ws/install/local_setup.sh'
[8.988s] INFO:colcon.colcon_core.shell:Creating prefix util module '/home/maddy/turtlebot3_ws/install/_local_setup_util_sh.py'
[8.990s] INFO:colcon.colcon_core.shell:Creating prefix chain script '/home/maddy/turtlebot3_ws/install/setup.sh'
[9.043s] INFO:colcon.colcon_core.shell:Creating prefix script '/home/maddy/turtlebot3_ws/install/local_setup.bash'
[9.045s] INFO:colcon.colcon_core.shell:Creating prefix chain script '/home/maddy/turtlebot3_ws/install/setup.bash'
[9.098s] INFO:colcon.colcon_core.shell:Creating prefix script '/home/maddy/turtlebot3_ws/install/local_setup.zsh'
[9.100s] INFO:colcon.colcon_core.shell:Creating prefix chain script '/home/maddy/turtlebot3_ws/install/setup.zsh'
