[0.530s] Invoking command in '/home/ros2/turtlebot3_ws/build/turtlebot3_node': CMAKE_PREFIX_PATH=${CMAKE_PREFIX_PATH}:/home/ros2/turtlebot3_ws/install/cv_stuff:/home/ros2/turtlebot3_ws/install/turtlebot3_teleop:/home/ros2/turtlebot3_ws/install/turtlebot3_example:/opt/ros/humble /usr/bin/cmake --build /home/ros2/turtlebot3_ws/build/turtlebot3_node -- -j4 -l4
[0.867s] [ 85%] Built target turtlebot3_node_lib
[1.000s] [100%] Built target turtlebot3_ros
[1.256s] Invoked command in '/home/ros2/turtlebot3_ws/build/turtlebot3_node' returned '0': CMAKE_PREFIX_PATH=${CMAKE_PREFIX_PATH}:/home/ros2/turtlebot3_ws/install/cv_stuff:/home/ros2/turtlebot3_ws/install/turtlebot3_teleop:/home/ros2/turtlebot3_ws/install/turtlebot3_example:/opt/ros/humble /usr/bin/cmake --build /home/ros2/turtlebot3_ws/build/turtlebot3_node -- -j4 -l4
[2.168s] Invoking command in '/home/ros2/turtlebot3_ws/build/turtlebot3_node': CMAKE_PREFIX_PATH=${CMAKE_PREFIX_PATH}:/home/ros2/turtlebot3_ws/install/cv_stuff:/home/ros2/turtlebot3_ws/install/turtlebot3_teleop:/home/ros2/turtlebot3_ws/install/turtlebot3_example:/opt/ros/humble /usr/bin/cmake --install /home/ros2/turtlebot3_ws/build/turtlebot3_node
[2.223s] -- Install configuration: ""
[2.226s] -- Execute custom install script
[2.229s] -- Up-to-date symlink: /home/ros2/turtlebot3_ws/install/turtlebot3_node/share/turtlebot3_node/param/burger.yaml
[2.230s] -- Up-to-date symlink: /home/ros2/turtlebot3_ws/install/turtlebot3_node/share/turtlebot3_node/param/waffle.yaml
[2.232s] -- Up-to-date symlink: /home/ros2/turtlebot3_ws/install/turtlebot3_node/share/turtlebot3_node/param/waffle_pi.yaml
[2.234s] -- Up-to-date symlink: /home/ros2/turtlebot3_ws/install/turtlebot3_node/lib/turtlebot3_node/turtlebot3_ros
[2.236s] -- Up-to-date symlink: /home/ros2/turtlebot3_ws/install/turtlebot3_node/share/ament_index/resource_index/package_run_dependencies/turtlebot3_node
[2.239s] -- Up-to-date symlink: /home/ros2/turtlebot3_ws/install/turtlebot3_node/share/ament_index/resource_index/parent_prefix_path/turtlebot3_node
[2.240s] -- Up-to-date symlink: /home/ros2/turtlebot3_ws/install/turtlebot3_node/share/turtlebot3_node/environment/ament_prefix_path.sh
[2.242s] -- Up-to-date symlink: /home/ros2/turtlebot3_ws/install/turtlebot3_node/share/turtlebot3_node/environment/ament_prefix_path.dsv
[2.243s] -- Up-to-date symlink: /home/ros2/turtlebot3_ws/install/turtlebot3_node/share/turtlebot3_node/environment/path.sh
[2.245s] -- Up-to-date symlink: /home/ros2/turtlebot3_ws/install/turtlebot3_node/share/turtlebot3_node/environment/path.dsv
[2.249s] -- Up-to-date symlink: /home/ros2/turtlebot3_ws/install/turtlebot3_node/share/turtlebot3_node/local_setup.bash
[2.255s] -- Up-to-date symlink: /home/ros2/turtlebot3_ws/install/turtlebot3_node/share/turtlebot3_node/local_setup.sh
[2.256s] -- Up-to-date symlink: /home/ros2/turtlebot3_ws/install/turtlebot3_node/share/turtlebot3_node/local_setup.zsh
[2.257s] -- Up-to-date symlink: /home/ros2/turtlebot3_ws/install/turtlebot3_node/share/turtlebot3_node/local_setup.dsv
[2.258s] -- Symlinking: /home/ros2/turtlebot3_ws/install/turtlebot3_node/share/turtlebot3_node/package.dsv
[2.323s] -- Up-to-date symlink: /home/ros2/turtlebot3_ws/install/turtlebot3_node/share/ament_index/resource_index/packages/turtlebot3_node
[2.324s] -- Up-to-date symlink: /home/ros2/turtlebot3_ws/install/turtlebot3_node/share/turtlebot3_node/cmake/ament_cmake_export_include_directories-extras.cmake
[2.324s] -- Up-to-date symlink: /home/ros2/turtlebot3_ws/install/turtlebot3_node/share/turtlebot3_node/cmake/turtlebot3_nodeConfig.cmake
[2.327s] -- Up-to-date symlink: /home/ros2/turtlebot3_ws/install/turtlebot3_node/share/turtlebot3_node/cmake/turtlebot3_nodeConfig-version.cmake
[2.330s] -- Up-to-date symlink: /home/ros2/turtlebot3_ws/install/turtlebot3_node/share/turtlebot3_node/package.xml
[4.292s] Invoked command in '/home/ros2/turtlebot3_ws/build/turtlebot3_node' returned '0': CMAKE_PREFIX_PATH=${CMAKE_PREFIX_PATH}:/home/ros2/turtlebot3_ws/install/cv_stuff:/home/ros2/turtlebot3_ws/install/turtlebot3_teleop:/home/ros2/turtlebot3_ws/install/turtlebot3_example:/opt/ros/humble /usr/bin/cmake --install /home/ros2/turtlebot3_ws/build/turtlebot3_node
