[5.899s] Invoking command in '/home/maddy/turtlebot3_ws/build/turtlebot3_example': PYTHONPATH=/home/maddy/turtlebot3_ws/build/turtlebot3_example/prefix_override:/home/maddy/turtlebot3_ws/install/turtlebot3_example/lib/python3.10/site-packages:${PYTHONPATH} /usr/bin/python3 setup.py develop --uninstall --editable --build-directory /home/maddy/turtlebot3_ws/build/turtlebot3_example/build
[7.656s] running develop
[7.664s] /usr/lib/python3/dist-packages/setuptools/command/easy_install.py:158: EasyInstallDeprecationWarning: easy_install command is deprecated. Use build and pip and other standards-based tools.
[7.665s]   warnings.warn(
[7.672s] /usr/lib/python3/dist-packages/setuptools/command/install.py:34: SetuptoolsDeprecationWarning: setup.py install is deprecated. Use build and pip and other standards-based tools.
[7.673s]   warnings.warn(
[8.793s] Removing /home/maddy/turtlebot3_ws/install/turtlebot3_example/lib/python3.10/site-packages/turtlebot3-example.egg-link (link to .)
[9.647s] Invoked command in '/home/maddy/turtlebot3_ws/build/turtlebot3_example' returned '0': PYTHONPATH=/home/maddy/turtlebot3_ws/build/turtlebot3_example/prefix_override:/home/maddy/turtlebot3_ws/install/turtlebot3_example/lib/python3.10/site-packages:${PYTHONPATH} /usr/bin/python3 setup.py develop --uninstall --editable --build-directory /home/maddy/turtlebot3_ws/build/turtlebot3_example/build
[9.656s] Invoking command in '/home/maddy/turtlebot3_ws/src/turtlebot3/turtlebot3_example': PYTHONPATH=/home/maddy/turtlebot3_ws/build/turtlebot3_example/prefix_override:/home/maddy/turtlebot3_ws/install/turtlebot3_example/lib/python3.10/site-packages:${PYTHONPATH} /usr/bin/python3 setup.py egg_info --egg-base ../../../build/turtlebot3_example build --build-base /home/maddy/turtlebot3_ws/build/turtlebot3_example/build install --record /home/maddy/turtlebot3_ws/build/turtlebot3_example/install.log --single-version-externally-managed
[11.172s] running egg_info
[11.173s] writing ../../../build/turtlebot3_example/turtlebot3_example.egg-info/PKG-INFO
[11.174s] writing dependency_links to ../../../build/turtlebot3_example/turtlebot3_example.egg-info/dependency_links.txt
[11.175s] writing entry points to ../../../build/turtlebot3_example/turtlebot3_example.egg-info/entry_points.txt
[11.175s] writing requirements to ../../../build/turtlebot3_example/turtlebot3_example.egg-info/requires.txt
[11.176s] writing top-level names to ../../../build/turtlebot3_example/turtlebot3_example.egg-info/top_level.txt
[11.195s] reading manifest file '../../../build/turtlebot3_example/turtlebot3_example.egg-info/SOURCES.txt'
[11.206s] writing manifest file '../../../build/turtlebot3_example/turtlebot3_example.egg-info/SOURCES.txt'
[11.345s] running build
[11.346s] running build_py
[11.444s] creating /home/maddy/turtlebot3_ws/build/turtlebot3_example/build
[11.445s] creating /home/maddy/turtlebot3_ws/build/turtlebot3_example/build/lib
[11.448s] creating /home/maddy/turtlebot3_ws/build/turtlebot3_example/build/lib/turtlebot3_example
[11.449s] copying turtlebot3_example/__init__.py -> /home/maddy/turtlebot3_ws/build/turtlebot3_example/build/lib/turtlebot3_example
[11.450s] creating /home/maddy/turtlebot3_ws/build/turtlebot3_example/build/lib/turtlebot3_example/turtlebot3_patrol_client
[11.452s] copying turtlebot3_example/turtlebot3_patrol_client/main.py -> /home/maddy/turtlebot3_ws/build/turtlebot3_example/build/lib/turtlebot3_example/turtlebot3_patrol_client
[11.469s] copying turtlebot3_example/turtlebot3_patrol_client/__init__.py -> /home/maddy/turtlebot3_ws/build/turtlebot3_example/build/lib/turtlebot3_example/turtlebot3_patrol_client
[11.474s] copying turtlebot3_example/turtlebot3_patrol_client/turtlebot3_patrol_client.py -> /home/maddy/turtlebot3_ws/build/turtlebot3_example/build/lib/turtlebot3_example/turtlebot3_patrol_client
[11.481s] creating /home/maddy/turtlebot3_ws/build/turtlebot3_example/build/lib/turtlebot3_example/turtlebot3_obstacle_detection
[11.483s] copying turtlebot3_example/turtlebot3_obstacle_detection/turtlebot3_obstacle_detection.py -> /home/maddy/turtlebot3_ws/build/turtlebot3_example/build/lib/turtlebot3_example/turtlebot3_obstacle_detection
[11.489s] copying turtlebot3_example/turtlebot3_obstacle_detection/main.py -> /home/maddy/turtlebot3_ws/build/turtlebot3_example/build/lib/turtlebot3_example/turtlebot3_obstacle_detection
[11.495s] copying turtlebot3_example/turtlebot3_obstacle_detection/__init__.py -> /home/maddy/turtlebot3_ws/build/turtlebot3_example/build/lib/turtlebot3_example/turtlebot3_obstacle_detection
[11.497s] creating /home/maddy/turtlebot3_ws/build/turtlebot3_example/build/lib/turtlebot3_example/turtlebot3_position_control
[11.499s] copying turtlebot3_example/turtlebot3_position_control/turtlebot3_path.py -> /home/maddy/turtlebot3_ws/build/turtlebot3_example/build/lib/turtlebot3_example/turtlebot3_position_control
[11.504s] copying turtlebot3_example/turtlebot3_position_control/main.py -> /home/maddy/turtlebot3_ws/build/turtlebot3_example/build/lib/turtlebot3_example/turtlebot3_position_control
[11.509s] copying turtlebot3_example/turtlebot3_position_control/__init__.py -> /home/maddy/turtlebot3_ws/build/turtlebot3_example/build/lib/turtlebot3_example/turtlebot3_position_control
[11.512s] copying turtlebot3_example/turtlebot3_position_control/turtlebot3_position_control.py -> /home/maddy/turtlebot3_ws/build/turtlebot3_example/build/lib/turtlebot3_example/turtlebot3_position_control
[11.522s] creating /home/maddy/turtlebot3_ws/build/turtlebot3_example/build/lib/turtlebot3_example/turtlebot3_patrol_server
[11.524s] copying turtlebot3_example/turtlebot3_patrol_server/turtlebot3_path.py -> /home/maddy/turtlebot3_ws/build/turtlebot3_example/build/lib/turtlebot3_example/turtlebot3_patrol_server
[11.529s] copying turtlebot3_example/turtlebot3_patrol_server/turtlebot3_patrol_server.py -> /home/maddy/turtlebot3_ws/build/turtlebot3_example/build/lib/turtlebot3_example/turtlebot3_patrol_server
[11.536s] copying turtlebot3_example/turtlebot3_patrol_server/main.py -> /home/maddy/turtlebot3_ws/build/turtlebot3_example/build/lib/turtlebot3_example/turtlebot3_patrol_server
[11.541s] copying turtlebot3_example/turtlebot3_patrol_server/__init__.py -> /home/maddy/turtlebot3_ws/build/turtlebot3_example/build/lib/turtlebot3_example/turtlebot3_patrol_server
[11.545s] running install
[11.547s] /usr/lib/python3/dist-packages/setuptools/command/install.py:34: SetuptoolsDeprecationWarning: setup.py install is deprecated. Use build and pip and other standards-based tools.
[11.547s]   warnings.warn(
[11.550s] running install_lib
[11.554s] creating /home/maddy/turtlebot3_ws/install/turtlebot3_example/lib/python3.10/site-packages/turtlebot3_example
[11.556s] creating /home/maddy/turtlebot3_ws/install/turtlebot3_example/lib/python3.10/site-packages/turtlebot3_example/turtlebot3_patrol_client
[11.557s] copying /home/maddy/turtlebot3_ws/build/turtlebot3_example/build/lib/turtlebot3_example/turtlebot3_patrol_client/main.py -> /home/maddy/turtlebot3_ws/install/turtlebot3_example/lib/python3.10/site-packages/turtlebot3_example/turtlebot3_patrol_client
[11.560s] copying /home/maddy/turtlebot3_ws/build/turtlebot3_example/build/lib/turtlebot3_example/turtlebot3_patrol_client/__init__.py -> /home/maddy/turtlebot3_ws/install/turtlebot3_example/lib/python3.10/site-packages/turtlebot3_example/turtlebot3_patrol_client
[11.567s] copying /home/maddy/turtlebot3_ws/build/turtlebot3_example/build/lib/turtlebot3_example/turtlebot3_patrol_client/turtlebot3_patrol_client.py -> /home/maddy/turtlebot3_ws/install/turtlebot3_example/lib/python3.10/site-packages/turtlebot3_example/turtlebot3_patrol_client
[11.569s] creating /home/maddy/turtlebot3_ws/install/turtlebot3_example/lib/python3.10/site-packages/turtlebot3_example/turtlebot3_obstacle_detection
[11.571s] copying /home/maddy/turtlebot3_ws/build/turtlebot3_example/build/lib/turtlebot3_example/turtlebot3_obstacle_detection/turtlebot3_obstacle_detection.py -> /home/maddy/turtlebot3_ws/install/turtlebot3_example/lib/python3.10/site-packages/turtlebot3_example/turtlebot3_obstacle_detection
[11.573s] copying /home/maddy/turtlebot3_ws/build/turtlebot3_example/build/lib/turtlebot3_example/turtlebot3_obstacle_detection/main.py -> /home/maddy/turtlebot3_ws/install/turtlebot3_example/lib/python3.10/site-packages/turtlebot3_example/turtlebot3_obstacle_detection
[11.581s] copying /home/maddy/turtlebot3_ws/build/turtlebot3_example/build/lib/turtlebot3_example/turtlebot3_obstacle_detection/__init__.py -> /home/maddy/turtlebot3_ws/install/turtlebot3_example/lib/python3.10/site-packages/turtlebot3_example/turtlebot3_obstacle_detection
[11.584s] creating /home/maddy/turtlebot3_ws/install/turtlebot3_example/lib/python3.10/site-packages/turtlebot3_example/turtlebot3_position_control
[11.587s] copying /home/maddy/turtlebot3_ws/build/turtlebot3_example/build/lib/turtlebot3_example/turtlebot3_position_control/turtlebot3_path.py -> /home/maddy/turtlebot3_ws/install/turtlebot3_example/lib/python3.10/site-packages/turtlebot3_example/turtlebot3_position_control
[11.589s] copying /home/maddy/turtlebot3_ws/build/turtlebot3_example/build/lib/turtlebot3_example/turtlebot3_position_control/main.py -> /home/maddy/turtlebot3_ws/install/turtlebot3_example/lib/python3.10/site-packages/turtlebot3_example/turtlebot3_position_control
[11.597s] copying /home/maddy/turtlebot3_ws/build/turtlebot3_example/build/lib/turtlebot3_example/turtlebot3_position_control/__init__.py -> /home/maddy/turtlebot3_ws/install/turtlebot3_example/lib/python3.10/site-packages/turtlebot3_example/turtlebot3_position_control
[11.599s] copying /home/maddy/turtlebot3_ws/build/turtlebot3_example/build/lib/turtlebot3_example/turtlebot3_position_control/turtlebot3_position_control.py -> /home/maddy/turtlebot3_ws/install/turtlebot3_example/lib/python3.10/site-packages/turtlebot3_example/turtlebot3_position_control
[11.604s] copying /home/maddy/turtlebot3_ws/build/turtlebot3_example/build/lib/turtlebot3_example/__init__.py -> /home/maddy/turtlebot3_ws/install/turtlebot3_example/lib/python3.10/site-packages/turtlebot3_example
[11.607s] creating /home/maddy/turtlebot3_ws/install/turtlebot3_example/lib/python3.10/site-packages/turtlebot3_example/turtlebot3_patrol_server
[11.610s] copying /home/maddy/turtlebot3_ws/build/turtlebot3_example/build/lib/turtlebot3_example/turtlebot3_patrol_server/turtlebot3_path.py -> /home/maddy/turtlebot3_ws/install/turtlebot3_example/lib/python3.10/site-packages/turtlebot3_example/turtlebot3_patrol_server
[11.615s] copying /home/maddy/turtlebot3_ws/build/turtlebot3_example/build/lib/turtlebot3_example/turtlebot3_patrol_server/turtlebot3_patrol_server.py -> /home/maddy/turtlebot3_ws/install/turtlebot3_example/lib/python3.10/site-packages/turtlebot3_example/turtlebot3_patrol_server
[11.624s] copying /home/maddy/turtlebot3_ws/build/turtlebot3_example/build/lib/turtlebot3_example/turtlebot3_patrol_server/main.py -> /home/maddy/turtlebot3_ws/install/turtlebot3_example/lib/python3.10/site-packages/turtlebot3_example/turtlebot3_patrol_server
[11.625s] copying /home/maddy/turtlebot3_ws/build/turtlebot3_example/build/lib/turtlebot3_example/turtlebot3_patrol_server/__init__.py -> /home/maddy/turtlebot3_ws/install/turtlebot3_example/lib/python3.10/site-packages/turtlebot3_example/turtlebot3_patrol_server
[11.632s] byte-compiling /home/maddy/turtlebot3_ws/install/turtlebot3_example/lib/python3.10/site-packages/turtlebot3_example/turtlebot3_patrol_client/main.py to main.cpython-310.pyc
[11.636s] byte-compiling /home/maddy/turtlebot3_ws/install/turtlebot3_example/lib/python3.10/site-packages/turtlebot3_example/turtlebot3_patrol_client/__init__.py to __init__.cpython-310.pyc
[11.638s] byte-compiling /home/maddy/turtlebot3_ws/install/turtlebot3_example/lib/python3.10/site-packages/turtlebot3_example/turtlebot3_patrol_client/turtlebot3_patrol_client.py to turtlebot3_patrol_client.cpython-310.pyc
[11.643s] byte-compiling /home/maddy/turtlebot3_ws/install/turtlebot3_example/lib/python3.10/site-packages/turtlebot3_example/turtlebot3_obstacle_detection/turtlebot3_obstacle_detection.py to turtlebot3_obstacle_detection.cpython-310.pyc
[11.648s] byte-compiling /home/maddy/turtlebot3_ws/install/turtlebot3_example/lib/python3.10/site-packages/turtlebot3_example/turtlebot3_obstacle_detection/main.py to main.cpython-310.pyc
[11.651s] byte-compiling /home/maddy/turtlebot3_ws/install/turtlebot3_example/lib/python3.10/site-packages/turtlebot3_example/turtlebot3_obstacle_detection/__init__.py to __init__.cpython-310.pyc
[11.654s] byte-compiling /home/maddy/turtlebot3_ws/install/turtlebot3_example/lib/python3.10/site-packages/turtlebot3_example/turtlebot3_position_control/turtlebot3_path.py to turtlebot3_path.cpython-310.pyc
[11.658s] byte-compiling /home/maddy/turtlebot3_ws/install/turtlebot3_example/lib/python3.10/site-packages/turtlebot3_example/turtlebot3_position_control/main.py to main.cpython-310.pyc
[11.662s] byte-compiling /home/maddy/turtlebot3_ws/install/turtlebot3_example/lib/python3.10/site-packages/turtlebot3_example/turtlebot3_position_control/__init__.py to __init__.cpython-310.pyc
[11.668s] byte-compiling /home/maddy/turtlebot3_ws/install/turtlebot3_example/lib/python3.10/site-packages/turtlebot3_example/turtlebot3_position_control/turtlebot3_position_control.py to turtlebot3_position_control.cpython-310.pyc
[11.673s] byte-compiling /home/maddy/turtlebot3_ws/install/turtlebot3_example/lib/python3.10/site-packages/turtlebot3_example/__init__.py to __init__.cpython-310.pyc
[11.676s] byte-compiling /home/maddy/turtlebot3_ws/install/turtlebot3_example/lib/python3.10/site-packages/turtlebot3_example/turtlebot3_patrol_server/turtlebot3_path.py to turtlebot3_path.cpython-310.pyc
[11.680s] byte-compiling /home/maddy/turtlebot3_ws/install/turtlebot3_example/lib/python3.10/site-packages/turtlebot3_example/turtlebot3_patrol_server/turtlebot3_patrol_server.py to turtlebot3_patrol_server.cpython-310.pyc
[11.684s] byte-compiling /home/maddy/turtlebot3_ws/install/turtlebot3_example/lib/python3.10/site-packages/turtlebot3_example/turtlebot3_patrol_server/main.py to main.cpython-310.pyc
[11.688s] byte-compiling /home/maddy/turtlebot3_ws/install/turtlebot3_example/lib/python3.10/site-packages/turtlebot3_example/turtlebot3_patrol_server/__init__.py to __init__.cpython-310.pyc
[11.690s] running install_data
[11.695s] running install_egg_info
[11.706s] Copying ../../../build/turtlebot3_example/turtlebot3_example.egg-info to /home/maddy/turtlebot3_ws/install/turtlebot3_example/lib/python3.10/site-packages/turtlebot3_example-2.1.5-py3.10.egg-info
[11.733s] running install_scripts
[11.908s] Installing turtlebot3_obstacle_detection script to /home/maddy/turtlebot3_ws/install/turtlebot3_example/lib/turtlebot3_example
[11.910s] Installing turtlebot3_patrol_client script to /home/maddy/turtlebot3_ws/install/turtlebot3_example/lib/turtlebot3_example
[11.913s] Installing turtlebot3_patrol_server script to /home/maddy/turtlebot3_ws/install/turtlebot3_example/lib/turtlebot3_example
[11.915s] Installing turtlebot3_position_control script to /home/maddy/turtlebot3_ws/install/turtlebot3_example/lib/turtlebot3_example
[11.920s] writing list of installed files to '/home/maddy/turtlebot3_ws/build/turtlebot3_example/install.log'
[12.180s] Invoked command in '/home/maddy/turtlebot3_ws/src/turtlebot3/turtlebot3_example' returned '0': PYTHONPATH=/home/maddy/turtlebot3_ws/build/turtlebot3_example/prefix_override:/home/maddy/turtlebot3_ws/install/turtlebot3_example/lib/python3.10/site-packages:${PYTHONPATH} /usr/bin/python3 setup.py egg_info --egg-base ../../../build/turtlebot3_example build --build-base /home/maddy/turtlebot3_ws/build/turtlebot3_example/build install --record /home/maddy/turtlebot3_ws/build/turtlebot3_example/install.log --single-version-externally-managed
