[6.139s] Invoking command in '/home/ros2/turtlebot3_ws/build/turtlebot3_example': PYTHONPATH=/home/ros2/turtlebot3_ws/build/turtlebot3_example/prefix_override:/home/ros2/turtlebot3_ws/install/turtlebot3_example/lib/python3.10/site-packages:${PYTHONPATH} /usr/bin/python3 setup.py develop --editable --build-directory /home/ros2/turtlebot3_ws/build/turtlebot3_example/build --no-deps install_data
[7.582s] running develop
[7.588s] /usr/lib/python3/dist-packages/setuptools/command/easy_install.py:158: EasyInstallDeprecationWarning: easy_install command is deprecated. Use build and pip and other standards-based tools.
[7.597s]   warnings.warn(
[7.607s] /usr/lib/python3/dist-packages/setuptools/command/install.py:34: SetuptoolsDeprecationWarning: setup.py install is deprecated. Use build and pip and other standards-based tools.
[7.608s]   warnings.warn(
[8.571s] running egg_info
[8.572s] writing turtlebot3_example.egg-info/PKG-INFO
[8.574s] writing dependency_links to turtlebot3_example.egg-info/dependency_links.txt
[8.589s] writing entry points to turtlebot3_example.egg-info/entry_points.txt
[8.589s] writing requirements to turtlebot3_example.egg-info/requires.txt
[8.590s] writing top-level names to turtlebot3_example.egg-info/top_level.txt
[8.592s] reading manifest file 'turtlebot3_example.egg-info/SOURCES.txt'
[8.599s] writing manifest file 'turtlebot3_example.egg-info/SOURCES.txt'
[8.607s] running build_ext
[8.608s] Creating /home/ros2/turtlebot3_ws/install/turtlebot3_example/lib/python3.10/site-packages/turtlebot3-example.egg-link (link to .)
[8.615s] Installing turtlebot3_obstacle_detection script to /home/ros2/turtlebot3_ws/install/turtlebot3_example/lib/turtlebot3_example
[8.616s] Installing turtlebot3_patrol_client script to /home/ros2/turtlebot3_ws/install/turtlebot3_example/lib/turtlebot3_example
[8.617s] Installing turtlebot3_patrol_server script to /home/ros2/turtlebot3_ws/install/turtlebot3_example/lib/turtlebot3_example
[8.618s] Installing turtlebot3_position_control script to /home/ros2/turtlebot3_ws/install/turtlebot3_example/lib/turtlebot3_example
[8.620s] 
[8.620s] Installed /home/ros2/turtlebot3_ws/build/turtlebot3_example
[8.622s] running install_data
[9.069s] Invoked command in '/home/ros2/turtlebot3_ws/build/turtlebot3_example' returned '0': PYTHONPATH=/home/ros2/turtlebot3_ws/build/turtlebot3_example/prefix_override:/home/ros2/turtlebot3_ws/install/turtlebot3_example/lib/python3.10/site-packages:${PYTHONPATH} /usr/bin/python3 setup.py develop --editable --build-directory /home/ros2/turtlebot3_ws/build/turtlebot3_example/build --no-deps install_data
