[7.370s] Invoking command in '/home/maddy/turtlebot3_ws/src/mic_startup': PYTHONPATH=/home/maddy/turtlebot3_ws/build/mic_startup/prefix_override:/home/maddy/turtlebot3_ws/install/mic_startup/lib/python3.10/site-packages:${PYTHONPATH} /usr/bin/python3 setup.py egg_info --egg-base ../../build/mic_startup build --build-base /home/maddy/turtlebot3_ws/build/mic_startup/build install --record /home/maddy/turtlebot3_ws/build/mic_startup/install.log --single-version-externally-managed
[8.993s] running egg_info
[8.993s] writing ../../build/mic_startup/mic_startup.egg-info/PKG-INFO
[8.995s] writing dependency_links to ../../build/mic_startup/mic_startup.egg-info/dependency_links.txt
[8.996s] writing entry points to ../../build/mic_startup/mic_startup.egg-info/entry_points.txt
[8.998s] writing requirements to ../../build/mic_startup/mic_startup.egg-info/requires.txt
[8.999s] writing top-level names to ../../build/mic_startup/mic_startup.egg-info/top_level.txt
[9.009s] reading manifest file '../../build/mic_startup/mic_startup.egg-info/SOURCES.txt'
[9.016s] writing manifest file '../../build/mic_startup/mic_startup.egg-info/SOURCES.txt'
[9.017s] running build
[9.017s] running build_py
[9.018s] copying mic_startup/speech_converter.py -> /home/maddy/turtlebot3_ws/build/mic_startup/build/lib/mic_startup
[9.021s] running install
[9.022s] /usr/lib/python3/dist-packages/setuptools/command/install.py:34: SetuptoolsDeprecationWarning: setup.py install is deprecated. Use build and pip and other standards-based tools.
[9.023s]   warnings.warn(
[9.024s] running install_lib
[9.028s] copying /home/maddy/turtlebot3_ws/build/mic_startup/build/lib/mic_startup/speech_converter.py -> /home/maddy/turtlebot3_ws/install/mic_startup/lib/python3.10/site-packages/mic_startup
[9.033s] byte-compiling /home/maddy/turtlebot3_ws/install/mic_startup/lib/python3.10/site-packages/mic_startup/speech_converter.py to speech_converter.cpython-310.pyc
[9.037s] running install_data
[9.040s] running install_egg_info
[9.050s] removing '/home/maddy/turtlebot3_ws/install/mic_startup/lib/python3.10/site-packages/mic_startup-0.0.0-py3.10.egg-info' (and everything under it)
[9.052s] Copying ../../build/mic_startup/mic_startup.egg-info to /home/maddy/turtlebot3_ws/install/mic_startup/lib/python3.10/site-packages/mic_startup-0.0.0-py3.10.egg-info
[9.062s] running install_scripts
[9.184s] Installing mic_access script to /home/maddy/turtlebot3_ws/install/mic_startup/lib/mic_startup
[9.187s] writing list of installed files to '/home/maddy/turtlebot3_ws/build/mic_startup/install.log'
[9.976s] Invoked command in '/home/maddy/turtlebot3_ws/src/mic_startup' returned '0': PYTHONPATH=/home/maddy/turtlebot3_ws/build/mic_startup/prefix_override:/home/maddy/turtlebot3_ws/install/mic_startup/lib/python3.10/site-packages:${PYTHONPATH} /usr/bin/python3 setup.py egg_info --egg-base ../../build/mic_startup build --build-base /home/maddy/turtlebot3_ws/build/mic_startup/build install --record /home/maddy/turtlebot3_ws/build/mic_startup/install.log --single-version-externally-managed
