[4.422s] Invoking command in '/home/ros2/turtlebot3_ws/build/ld08_driver': CMAKE_PREFIX_PATH=${CMAKE_PREFIX_PATH}:/home/ros2/turtlebot3_ws/install/cv_stuff:/home/ros2/turtlebot3_ws/install/turtlebot3_teleop:/home/ros2/turtlebot3_ws/install/turtlebot3_example:/opt/ros/humble /usr/bin/cmake --build /home/ros2/turtlebot3_ws/build/ld08_driver -- -j4 -l4
[5.476s] [100%] Built target ld08_driver
[5.679s] Invoked command in '/home/ros2/turtlebot3_ws/build/ld08_driver' returned '0': CMAKE_PREFIX_PATH=${CMAKE_PREFIX_PATH}:/home/ros2/turtlebot3_ws/install/cv_stuff:/home/ros2/turtlebot3_ws/install/turtlebot3_teleop:/home/ros2/turtlebot3_ws/install/turtlebot3_example:/opt/ros/humble /usr/bin/cmake --build /home/ros2/turtlebot3_ws/build/ld08_driver -- -j4 -l4
[7.739s] Invoking command in '/home/ros2/turtlebot3_ws/build/ld08_driver': CMAKE_PREFIX_PATH=${CMAKE_PREFIX_PATH}:/home/ros2/turtlebot3_ws/install/cv_stuff:/home/ros2/turtlebot3_ws/install/turtlebot3_teleop:/home/ros2/turtlebot3_ws/install/turtlebot3_example:/opt/ros/humble /usr/bin/cmake --install /home/ros2/turtlebot3_ws/build/ld08_driver
[7.907s] -- Install configuration: ""
[7.935s] -- Execute custom install script
[7.936s] -- Up-to-date symlink: /home/ros2/turtlebot3_ws/install/ld08_driver/share/ld08_driver/launch/ld08.launch.py
[7.937s] -- Up-to-date symlink: /home/ros2/turtlebot3_ws/install/ld08_driver/lib/ld08_driver/ld08_driver
[7.938s] -- Up-to-date symlink: /home/ros2/turtlebot3_ws/install/ld08_driver/share/ament_index/resource_index/package_run_dependencies/ld08_driver
[7.939s] -- Up-to-date symlink: /home/ros2/turtlebot3_ws/install/ld08_driver/share/ament_index/resource_index/parent_prefix_path/ld08_driver
[7.940s] -- Up-to-date symlink: /home/ros2/turtlebot3_ws/install/ld08_driver/share/ld08_driver/environment/ament_prefix_path.sh
[7.941s] -- Up-to-date symlink: /home/ros2/turtlebot3_ws/install/ld08_driver/share/ld08_driver/environment/ament_prefix_path.dsv
[7.942s] -- Up-to-date symlink: /home/ros2/turtlebot3_ws/install/ld08_driver/share/ld08_driver/environment/path.sh
[7.972s] -- Up-to-date symlink: /home/ros2/turtlebot3_ws/install/ld08_driver/share/ld08_driver/environment/path.dsv
[7.973s] -- Up-to-date symlink: /home/ros2/turtlebot3_ws/install/ld08_driver/share/ld08_driver/local_setup.bash
[7.975s] -- Up-to-date symlink: /home/ros2/turtlebot3_ws/install/ld08_driver/share/ld08_driver/local_setup.sh
[7.976s] -- Up-to-date symlink: /home/ros2/turtlebot3_ws/install/ld08_driver/share/ld08_driver/local_setup.zsh
[7.978s] -- Up-to-date symlink: /home/ros2/turtlebot3_ws/install/ld08_driver/share/ld08_driver/local_setup.dsv
[7.979s] -- Symlinking: /home/ros2/turtlebot3_ws/install/ld08_driver/share/ld08_driver/package.dsv
[8.067s] -- Up-to-date symlink: /home/ros2/turtlebot3_ws/install/ld08_driver/share/ament_index/resource_index/packages/ld08_driver
[8.068s] -- Up-to-date symlink: /home/ros2/turtlebot3_ws/install/ld08_driver/share/ld08_driver/cmake/ament_cmake_export_dependencies-extras.cmake
[8.070s] -- Up-to-date symlink: /home/ros2/turtlebot3_ws/install/ld08_driver/share/ld08_driver/cmake/ament_cmake_export_include_directories-extras.cmake
[8.071s] -- Up-to-date symlink: /home/ros2/turtlebot3_ws/install/ld08_driver/share/ld08_driver/cmake/ld08_driverConfig.cmake
[8.073s] -- Up-to-date symlink: /home/ros2/turtlebot3_ws/install/ld08_driver/share/ld08_driver/cmake/ld08_driverConfig-version.cmake
[8.075s] -- Up-to-date symlink: /home/ros2/turtlebot3_ws/install/ld08_driver/share/ld08_driver/package.xml
[8.089s] Invoked command in '/home/ros2/turtlebot3_ws/build/ld08_driver' returned '0': CMAKE_PREFIX_PATH=${CMAKE_PREFIX_PATH}:/home/ros2/turtlebot3_ws/install/cv_stuff:/home/ros2/turtlebot3_ws/install/turtlebot3_teleop:/home/ros2/turtlebot3_ws/install/turtlebot3_example:/opt/ros/humble /usr/bin/cmake --install /home/ros2/turtlebot3_ws/build/ld08_driver
