[6.881s] Invoking command in '/home/maddy/turtlebot3_ws/src/turtlebot3/turtlebot3_teleop': PYTHONPATH=/home/maddy/turtlebot3_ws/build/turtlebot3_teleop/prefix_override:/home/maddy/turtlebot3_ws/install/turtlebot3_teleop/lib/python3.10/site-packages:${PYTHONPATH} /usr/bin/python3 setup.py egg_info --egg-base ../../../build/turtlebot3_teleop build --build-base /home/maddy/turtlebot3_ws/build/turtlebot3_teleop/build install --record /home/maddy/turtlebot3_ws/build/turtlebot3_teleop/install.log --single-version-externally-managed
[8.330s] running egg_info
[8.334s] writing ../../../build/turtlebot3_teleop/turtlebot3_teleop.egg-info/PKG-INFO
[8.338s] writing dependency_links to ../../../build/turtlebot3_teleop/turtlebot3_teleop.egg-info/dependency_links.txt
[8.339s] writing entry points to ../../../build/turtlebot3_teleop/turtlebot3_teleop.egg-info/entry_points.txt
[8.340s] writing requirements to ../../../build/turtlebot3_teleop/turtlebot3_teleop.egg-info/requires.txt
[8.341s] writing top-level names to ../../../build/turtlebot3_teleop/turtlebot3_teleop.egg-info/top_level.txt
[8.351s] reading manifest file '../../../build/turtlebot3_teleop/turtlebot3_teleop.egg-info/SOURCES.txt'
[8.357s] writing manifest file '../../../build/turtlebot3_teleop/turtlebot3_teleop.egg-info/SOURCES.txt'
[8.357s] running build
[8.358s] running build_py
[8.366s] running install
[8.367s] /usr/lib/python3/dist-packages/setuptools/command/install.py:34: SetuptoolsDeprecationWarning: setup.py install is deprecated. Use build and pip and other standards-based tools.
[8.368s]   warnings.warn(
[8.369s] running install_lib
[8.387s] running install_data
[8.390s] running install_egg_info
[8.403s] removing '/home/maddy/turtlebot3_ws/install/turtlebot3_teleop/lib/python3.10/site-packages/turtlebot3_teleop-2.1.5-py3.10.egg-info' (and everything under it)
[8.406s] Copying ../../../build/turtlebot3_teleop/turtlebot3_teleop.egg-info to /home/maddy/turtlebot3_ws/install/turtlebot3_teleop/lib/python3.10/site-packages/turtlebot3_teleop-2.1.5-py3.10.egg-info
[8.420s] running install_scripts
[8.544s] Installing teleop_keyboard script to /home/maddy/turtlebot3_ws/install/turtlebot3_teleop/lib/turtlebot3_teleop
[8.549s] writing list of installed files to '/home/maddy/turtlebot3_ws/build/turtlebot3_teleop/install.log'
[8.957s] Invoked command in '/home/maddy/turtlebot3_ws/src/turtlebot3/turtlebot3_teleop' returned '0': PYTHONPATH=/home/maddy/turtlebot3_ws/build/turtlebot3_teleop/prefix_override:/home/maddy/turtlebot3_ws/install/turtlebot3_teleop/lib/python3.10/site-packages:${PYTHONPATH} /usr/bin/python3 setup.py egg_info --egg-base ../../../build/turtlebot3_teleop build --build-base /home/maddy/turtlebot3_ws/build/turtlebot3_teleop/build install --record /home/maddy/turtlebot3_ws/build/turtlebot3_teleop/install.log --single-version-externally-managed
