[4.390s] DEBUG:colcon:Command line arguments: ['/usr/bin/colcon', 'build', '--packages-select', 'sound_player']
[4.390s] DEBUG:colcon:Parsed command line arguments: Namespace(log_base=None, log_level=None, verb_name='build', build_base='build', install_base='install', merge_install=False, symlink_install=False, test_result_base=None, continue_on_error=False, executor='parallel', parallel_workers=4, event_handlers=None, ignore_user_meta=False, metas=['./colcon.meta'], base_paths=['.'], packages_ignore=None, packages_ignore_regex=None, paths=None, packages_up_to=None, packages_up_to_regex=None, packages_above=None, packages_above_and_dependencies=None, packages_above_depth=None, packages_select_by_dep=None, packages_skip_by_dep=None, packages_skip_up_to=None, packages_select_build_failed=False, packages_skip_build_finished=False, packages_select_test_failures=False, packages_skip_test_passed=False, packages_select=['sound_player'], packages_skip=None, packages_select_regex=None, packages_skip_regex=None, packages_start=None, packages_end=None, allow_overriding=[], cmake_args=None, cmake_target=None, cmake_target_skip_unavailable=False, cmake_clean_cache=False, cmake_clean_first=False, cmake_force_configure=False, ament_cmake_args=None, catkin_cmake_args=None, catkin_skip_building_tests=False, verb_parser=<colcon_defaults.argument_parser.defaults.DefaultArgumentsDecorator object at 0xffffb8de68f0>, verb_extension=<colcon_core.verb.build.BuildVerb object at 0xffffb9107fd0>, main=<bound method BuildVerb.main of <colcon_core.verb.build.BuildVerb object at 0xffffb9107fd0>>)
[4.665s] Level 1:colcon.colcon_core.package_discovery:discover_packages(colcon_meta) check parameters
[4.665s] Level 1:colcon.colcon_core.package_discovery:discover_packages(recursive) check parameters
[4.665s] Level 1:colcon.colcon_core.package_discovery:discover_packages(ignore) check parameters
[4.665s] Level 1:colcon.colcon_core.package_discovery:discover_packages(path) check parameters
[4.665s] Level 1:colcon.colcon_core.package_discovery:discover_packages(colcon_meta) discover
[4.666s] Level 1:colcon.colcon_core.package_discovery:discover_packages(recursive) discover
[4.666s] INFO:colcon.colcon_core.package_discovery:Crawling recursively for packages in '/home/maddy/turtlebot3_ws'
[4.666s] Level 1:colcon.colcon_core.package_identification:_identify(.) by extensions ['ignore', 'ignore_ament_install']
[4.667s] Level 1:colcon.colcon_core.package_identification:_identify(.) by extension 'ignore'
[4.667s] Level 1:colcon.colcon_core.package_identification:_identify(.) by extension 'ignore_ament_install'
[4.667s] Level 1:colcon.colcon_core.package_identification:_identify(.) by extensions ['colcon_pkg']
[4.667s] Level 1:colcon.colcon_core.package_identification:_identify(.) by extension 'colcon_pkg'
[4.668s] Level 1:colcon.colcon_core.package_identification:_identify(.) by extensions ['colcon_meta']
[4.668s] Level 1:colcon.colcon_core.package_identification:_identify(.) by extension 'colcon_meta'
[4.668s] Level 1:colcon.colcon_core.package_identification:_identify(.) by extensions ['ros']
[4.668s] Level 1:colcon.colcon_core.package_identification:_identify(.) by extension 'ros'
[4.742s] Level 1:colcon.colcon_core.package_identification:_identify(.) by extensions ['cmake', 'python']
[4.742s] Level 1:colcon.colcon_core.package_identification:_identify(.) by extension 'cmake'
[4.743s] Level 1:colcon.colcon_core.package_identification:_identify(.) by extension 'python'
[4.743s] Level 1:colcon.colcon_core.package_identification:_identify(.) by extensions ['python_setup_py']
[4.743s] Level 1:colcon.colcon_core.package_identification:_identify(.) by extension 'python_setup_py'
[4.744s] Level 1:colcon.colcon_core.package_identification:_identify(build) by extensions ['ignore', 'ignore_ament_install']
[4.744s] Level 1:colcon.colcon_core.package_identification:_identify(build) by extension 'ignore'
[4.744s] Level 1:colcon.colcon_core.package_identification:_identify(build) ignored
[4.745s] Level 1:colcon.colcon_core.package_identification:_identify(install) by extensions ['ignore', 'ignore_ament_install']
[4.745s] Level 1:colcon.colcon_core.package_identification:_identify(install) by extension 'ignore'
[4.745s] Level 1:colcon.colcon_core.package_identification:_identify(install) ignored
[4.746s] Level 1:colcon.colcon_core.package_identification:_identify(log) by extensions ['ignore', 'ignore_ament_install']
[4.746s] Level 1:colcon.colcon_core.package_identification:_identify(log) by extension 'ignore'
[4.747s] Level 1:colcon.colcon_core.package_identification:_identify(log) ignored
[4.747s] Level 1:colcon.colcon_core.package_identification:_identify(src) by extensions ['ignore', 'ignore_ament_install']
[4.747s] Level 1:colcon.colcon_core.package_identification:_identify(src) by extension 'ignore'
[4.747s] Level 1:colcon.colcon_core.package_identification:_identify(src) by extension 'ignore_ament_install'
[4.748s] Level 1:colcon.colcon_core.package_identification:_identify(src) by extensions ['colcon_pkg']
[4.748s] Level 1:colcon.colcon_core.package_identification:_identify(src) by extension 'colcon_pkg'
[4.748s] Level 1:colcon.colcon_core.package_identification:_identify(src) by extensions ['colcon_meta']
[4.748s] Level 1:colcon.colcon_core.package_identification:_identify(src) by extension 'colcon_meta'
[4.748s] Level 1:colcon.colcon_core.package_identification:_identify(src) by extensions ['ros']
[4.748s] Level 1:colcon.colcon_core.package_identification:_identify(src) by extension 'ros'
[4.749s] Level 1:colcon.colcon_core.package_identification:_identify(src) by extensions ['cmake', 'python']
[4.749s] Level 1:colcon.colcon_core.package_identification:_identify(src) by extension 'cmake'
[4.749s] Level 1:colcon.colcon_core.package_identification:_identify(src) by extension 'python'
[4.749s] Level 1:colcon.colcon_core.package_identification:_identify(src) by extensions ['python_setup_py']
[4.749s] Level 1:colcon.colcon_core.package_identification:_identify(src) by extension 'python_setup_py'
[4.751s] Level 1:colcon.colcon_core.package_identification:_identify(src/cv_stuff) by extensions ['ignore', 'ignore_ament_install']
[4.752s] Level 1:colcon.colcon_core.package_identification:_identify(src/cv_stuff) by extension 'ignore'
[4.752s] Level 1:colcon.colcon_core.package_identification:_identify(src/cv_stuff) by extension 'ignore_ament_install'
[4.752s] Level 1:colcon.colcon_core.package_identification:_identify(src/cv_stuff) by extensions ['colcon_pkg']
[4.752s] Level 1:colcon.colcon_core.package_identification:_identify(src/cv_stuff) by extension 'colcon_pkg'
[4.752s] Level 1:colcon.colcon_core.package_identification:_identify(src/cv_stuff) by extensions ['colcon_meta']
[4.752s] Level 1:colcon.colcon_core.package_identification:_identify(src/cv_stuff) by extension 'colcon_meta'
[4.753s] Level 1:colcon.colcon_core.package_identification:_identify(src/cv_stuff) by extensions ['ros']
[4.753s] Level 1:colcon.colcon_core.package_identification:_identify(src/cv_stuff) by extension 'ros'
[4.772s] DEBUG:colcon.colcon_core.package_identification:Package 'src/cv_stuff' with type 'ros.ament_python' and name 'cv_stuff'
[4.774s] Level 1:colcon.colcon_core.package_identification:_identify(src/ld08_driver) by extensions ['ignore', 'ignore_ament_install']
[4.775s] Level 1:colcon.colcon_core.package_identification:_identify(src/ld08_driver) by extension 'ignore'
[4.775s] Level 1:colcon.colcon_core.package_identification:_identify(src/ld08_driver) by extension 'ignore_ament_install'
[4.775s] Level 1:colcon.colcon_core.package_identification:_identify(src/ld08_driver) by extensions ['colcon_pkg']
[4.775s] Level 1:colcon.colcon_core.package_identification:_identify(src/ld08_driver) by extension 'colcon_pkg'
[4.775s] Level 1:colcon.colcon_core.package_identification:_identify(src/ld08_driver) by extensions ['colcon_meta']
[4.776s] Level 1:colcon.colcon_core.package_identification:_identify(src/ld08_driver) by extension 'colcon_meta'
[4.776s] Level 1:colcon.colcon_core.package_identification:_identify(src/ld08_driver) by extensions ['ros']
[4.776s] Level 1:colcon.colcon_core.package_identification:_identify(src/ld08_driver) by extension 'ros'
[4.780s] DEBUG:colcon.colcon_core.package_identification:Package 'src/ld08_driver' with type 'ros.ament_cmake' and name 'ld08_driver'
[4.782s] Level 1:colcon.colcon_core.package_identification:_identify(src/ros2_camera_publish) by extensions ['ignore', 'ignore_ament_install']
[4.782s] Level 1:colcon.colcon_core.package_identification:_identify(src/ros2_camera_publish) by extension 'ignore'
[4.783s] Level 1:colcon.colcon_core.package_identification:_identify(src/ros2_camera_publish) by extension 'ignore_ament_install'
[4.783s] Level 1:colcon.colcon_core.package_identification:_identify(src/ros2_camera_publish) by extensions ['colcon_pkg']
[4.783s] Level 1:colcon.colcon_core.package_identification:_identify(src/ros2_camera_publish) by extension 'colcon_pkg'
[4.783s] Level 1:colcon.colcon_core.package_identification:_identify(src/ros2_camera_publish) by extensions ['colcon_meta']
[4.783s] Level 1:colcon.colcon_core.package_identification:_identify(src/ros2_camera_publish) by extension 'colcon_meta'
[4.784s] Level 1:colcon.colcon_core.package_identification:_identify(src/ros2_camera_publish) by extensions ['ros']
[4.784s] Level 1:colcon.colcon_core.package_identification:_identify(src/ros2_camera_publish) by extension 'ros'
[4.786s] DEBUG:colcon.colcon_core.package_identification:Package 'src/ros2_camera_publish' with type 'ros.ament_python' and name 'ros2_camera_publish'
[4.787s] Level 1:colcon.colcon_core.package_identification:_identify(src/sound_player) by extensions ['ignore', 'ignore_ament_install']
[4.788s] Level 1:colcon.colcon_core.package_identification:_identify(src/sound_player) by extension 'ignore'
[4.788s] Level 1:colcon.colcon_core.package_identification:_identify(src/sound_player) by extension 'ignore_ament_install'
[4.788s] Level 1:colcon.colcon_core.package_identification:_identify(src/sound_player) by extensions ['colcon_pkg']
[4.788s] Level 1:colcon.colcon_core.package_identification:_identify(src/sound_player) by extension 'colcon_pkg'
[4.789s] Level 1:colcon.colcon_core.package_identification:_identify(src/sound_player) by extensions ['colcon_meta']
[4.789s] Level 1:colcon.colcon_core.package_identification:_identify(src/sound_player) by extension 'colcon_meta'
[4.789s] Level 1:colcon.colcon_core.package_identification:_identify(src/sound_player) by extensions ['ros']
[4.789s] Level 1:colcon.colcon_core.package_identification:_identify(src/sound_player) by extension 'ros'
[4.792s] DEBUG:colcon.colcon_core.package_identification:Package 'src/sound_player' with type 'ros.ament_python' and name 'sound_player'
[4.793s] Level 1:colcon.colcon_core.package_identification:_identify(src/turtlebot3) by extensions ['ignore', 'ignore_ament_install']
[4.794s] Level 1:colcon.colcon_core.package_identification:_identify(src/turtlebot3) by extension 'ignore'
[4.794s] Level 1:colcon.colcon_core.package_identification:_identify(src/turtlebot3) by extension 'ignore_ament_install'
[4.794s] Level 1:colcon.colcon_core.package_identification:_identify(src/turtlebot3) by extensions ['colcon_pkg']
[4.794s] Level 1:colcon.colcon_core.package_identification:_identify(src/turtlebot3) by extension 'colcon_pkg'
[4.795s] Level 1:colcon.colcon_core.package_identification:_identify(src/turtlebot3) by extensions ['colcon_meta']
[4.795s] Level 1:colcon.colcon_core.package_identification:_identify(src/turtlebot3) by extension 'colcon_meta'
[4.795s] Level 1:colcon.colcon_core.package_identification:_identify(src/turtlebot3) by extensions ['ros']
[4.795s] Level 1:colcon.colcon_core.package_identification:_identify(src/turtlebot3) by extension 'ros'
[4.795s] Level 1:colcon.colcon_core.package_identification:_identify(src/turtlebot3) by extensions ['cmake', 'python']
[4.796s] Level 1:colcon.colcon_core.package_identification:_identify(src/turtlebot3) by extension 'cmake'
[4.796s] Level 1:colcon.colcon_core.package_identification:_identify(src/turtlebot3) by extension 'python'
[4.796s] Level 1:colcon.colcon_core.package_identification:_identify(src/turtlebot3) by extensions ['python_setup_py']
[4.796s] Level 1:colcon.colcon_core.package_identification:_identify(src/turtlebot3) by extension 'python_setup_py'
[4.797s] Level 1:colcon.colcon_core.package_identification:_identify(src/turtlebot3/turtlebot3) by extensions ['ignore', 'ignore_ament_install']
[4.798s] Level 1:colcon.colcon_core.package_identification:_identify(src/turtlebot3/turtlebot3) by extension 'ignore'
[4.798s] Level 1:colcon.colcon_core.package_identification:_identify(src/turtlebot3/turtlebot3) by extension 'ignore_ament_install'
[4.798s] Level 1:colcon.colcon_core.package_identification:_identify(src/turtlebot3/turtlebot3) by extensions ['colcon_pkg']
[4.799s] Level 1:colcon.colcon_core.package_identification:_identify(src/turtlebot3/turtlebot3) by extension 'colcon_pkg'
[4.799s] Level 1:colcon.colcon_core.package_identification:_identify(src/turtlebot3/turtlebot3) by extensions ['colcon_meta']
[4.799s] Level 1:colcon.colcon_core.package_identification:_identify(src/turtlebot3/turtlebot3) by extension 'colcon_meta'
[4.799s] Level 1:colcon.colcon_core.package_identification:_identify(src/turtlebot3/turtlebot3) by extensions ['ros']
[4.799s] Level 1:colcon.colcon_core.package_identification:_identify(src/turtlebot3/turtlebot3) by extension 'ros'
[4.803s] DEBUG:colcon.colcon_core.package_identification:Package 'src/turtlebot3/turtlebot3' with type 'ros.ament_cmake' and name 'turtlebot3'
[4.805s] Level 1:colcon.colcon_core.package_identification:_identify(src/turtlebot3/turtlebot3_bringup) by extensions ['ignore', 'ignore_ament_install']
[4.806s] Level 1:colcon.colcon_core.package_identification:_identify(src/turtlebot3/turtlebot3_bringup) by extension 'ignore'
[4.806s] Level 1:colcon.colcon_core.package_identification:_identify(src/turtlebot3/turtlebot3_bringup) by extension 'ignore_ament_install'
[4.806s] Level 1:colcon.colcon_core.package_identification:_identify(src/turtlebot3/turtlebot3_bringup) by extensions ['colcon_pkg']
[4.807s] Level 1:colcon.colcon_core.package_identification:_identify(src/turtlebot3/turtlebot3_bringup) by extension 'colcon_pkg'
[4.807s] Level 1:colcon.colcon_core.package_identification:_identify(src/turtlebot3/turtlebot3_bringup) by extensions ['colcon_meta']
[4.807s] Level 1:colcon.colcon_core.package_identification:_identify(src/turtlebot3/turtlebot3_bringup) by extension 'colcon_meta'
[4.807s] Level 1:colcon.colcon_core.package_identification:_identify(src/turtlebot3/turtlebot3_bringup) by extensions ['ros']
[4.807s] Level 1:colcon.colcon_core.package_identification:_identify(src/turtlebot3/turtlebot3_bringup) by extension 'ros'
[4.811s] DEBUG:colcon.colcon_core.package_identification:Package 'src/turtlebot3/turtlebot3_bringup' with type 'ros.ament_cmake' and name 'turtlebot3_bringup'
[4.813s] Level 1:colcon.colcon_core.package_identification:_identify(src/turtlebot3/turtlebot3_description) by extensions ['ignore', 'ignore_ament_install']
[4.814s] Level 1:colcon.colcon_core.package_identification:_identify(src/turtlebot3/turtlebot3_description) by extension 'ignore'
[4.814s] Level 1:colcon.colcon_core.package_identification:_identify(src/turtlebot3/turtlebot3_description) by extension 'ignore_ament_install'
[4.814s] Level 1:colcon.colcon_core.package_identification:_identify(src/turtlebot3/turtlebot3_description) by extensions ['colcon_pkg']
[4.814s] Level 1:colcon.colcon_core.package_identification:_identify(src/turtlebot3/turtlebot3_description) by extension 'colcon_pkg'
[4.815s] Level 1:colcon.colcon_core.package_identification:_identify(src/turtlebot3/turtlebot3_description) by extensions ['colcon_meta']
[4.815s] Level 1:colcon.colcon_core.package_identification:_identify(src/turtlebot3/turtlebot3_description) by extension 'colcon_meta'
[4.815s] Level 1:colcon.colcon_core.package_identification:_identify(src/turtlebot3/turtlebot3_description) by extensions ['ros']
[4.815s] Level 1:colcon.colcon_core.package_identification:_identify(src/turtlebot3/turtlebot3_description) by extension 'ros'
[4.819s] DEBUG:colcon.colcon_core.package_identification:Package 'src/turtlebot3/turtlebot3_description' with type 'ros.ament_cmake' and name 'turtlebot3_description'
[4.821s] Level 1:colcon.colcon_core.package_identification:_identify(src/turtlebot3/turtlebot3_example) by extensions ['ignore', 'ignore_ament_install']
[4.822s] Level 1:colcon.colcon_core.package_identification:_identify(src/turtlebot3/turtlebot3_example) by extension 'ignore'
[4.822s] Level 1:colcon.colcon_core.package_identification:_identify(src/turtlebot3/turtlebot3_example) by extension 'ignore_ament_install'
[4.822s] Level 1:colcon.colcon_core.package_identification:_identify(src/turtlebot3/turtlebot3_example) by extensions ['colcon_pkg']
[4.823s] Level 1:colcon.colcon_core.package_identification:_identify(src/turtlebot3/turtlebot3_example) by extension 'colcon_pkg'
[4.823s] Level 1:colcon.colcon_core.package_identification:_identify(src/turtlebot3/turtlebot3_example) by extensions ['colcon_meta']
[4.823s] Level 1:colcon.colcon_core.package_identification:_identify(src/turtlebot3/turtlebot3_example) by extension 'colcon_meta'
[4.823s] Level 1:colcon.colcon_core.package_identification:_identify(src/turtlebot3/turtlebot3_example) by extensions ['ros']
[4.823s] Level 1:colcon.colcon_core.package_identification:_identify(src/turtlebot3/turtlebot3_example) by extension 'ros'
[4.829s] DEBUG:colcon.colcon_core.package_identification:Package 'src/turtlebot3/turtlebot3_example' with type 'ros.ament_python' and name 'turtlebot3_example'
[4.831s] Level 1:colcon.colcon_core.package_identification:_identify(src/turtlebot3/turtlebot3_node) by extensions ['ignore', 'ignore_ament_install']
[4.831s] Level 1:colcon.colcon_core.package_identification:_identify(src/turtlebot3/turtlebot3_node) by extension 'ignore'
[4.832s] Level 1:colcon.colcon_core.package_identification:_identify(src/turtlebot3/turtlebot3_node) by extension 'ignore_ament_install'
[4.832s] Level 1:colcon.colcon_core.package_identification:_identify(src/turtlebot3/turtlebot3_node) by extensions ['colcon_pkg']
[4.832s] Level 1:colcon.colcon_core.package_identification:_identify(src/turtlebot3/turtlebot3_node) by extension 'colcon_pkg'
[4.832s] Level 1:colcon.colcon_core.package_identification:_identify(src/turtlebot3/turtlebot3_node) by extensions ['colcon_meta']
[4.832s] Level 1:colcon.colcon_core.package_identification:_identify(src/turtlebot3/turtlebot3_node) by extension 'colcon_meta'
[4.833s] Level 1:colcon.colcon_core.package_identification:_identify(src/turtlebot3/turtlebot3_node) by extensions ['ros']
[4.833s] Level 1:colcon.colcon_core.package_identification:_identify(src/turtlebot3/turtlebot3_node) by extension 'ros'
[4.840s] DEBUG:colcon.colcon_core.package_identification:Package 'src/turtlebot3/turtlebot3_node' with type 'ros.ament_cmake' and name 'turtlebot3_node'
[4.842s] Level 1:colcon.colcon_core.package_identification:_identify(src/turtlebot3/turtlebot3_teleop) by extensions ['ignore', 'ignore_ament_install']
[4.843s] Level 1:colcon.colcon_core.package_identification:_identify(src/turtlebot3/turtlebot3_teleop) by extension 'ignore'
[4.843s] Level 1:colcon.colcon_core.package_identification:_identify(src/turtlebot3/turtlebot3_teleop) by extension 'ignore_ament_install'
[4.843s] Level 1:colcon.colcon_core.package_identification:_identify(src/turtlebot3/turtlebot3_teleop) by extensions ['colcon_pkg']
[4.844s] Level 1:colcon.colcon_core.package_identification:_identify(src/turtlebot3/turtlebot3_teleop) by extension 'colcon_pkg'
[4.844s] Level 1:colcon.colcon_core.package_identification:_identify(src/turtlebot3/turtlebot3_teleop) by extensions ['colcon_meta']
[4.844s] Level 1:colcon.colcon_core.package_identification:_identify(src/turtlebot3/turtlebot3_teleop) by extension 'colcon_meta'
[4.844s] Level 1:colcon.colcon_core.package_identification:_identify(src/turtlebot3/turtlebot3_teleop) by extensions ['ros']
[4.844s] Level 1:colcon.colcon_core.package_identification:_identify(src/turtlebot3/turtlebot3_teleop) by extension 'ros'
[4.848s] DEBUG:colcon.colcon_core.package_identification:Package 'src/turtlebot3/turtlebot3_teleop' with type 'ros.ament_python' and name 'turtlebot3_teleop'
[4.848s] Level 1:colcon.colcon_core.package_identification:_identify(src/vision_opencv) by extensions ['ignore', 'ignore_ament_install']
[4.849s] Level 1:colcon.colcon_core.package_identification:_identify(src/vision_opencv) by extension 'ignore'
[4.849s] Level 1:colcon.colcon_core.package_identification:_identify(src/vision_opencv) by extension 'ignore_ament_install'
[4.849s] Level 1:colcon.colcon_core.package_identification:_identify(src/vision_opencv) by extensions ['colcon_pkg']
[4.849s] Level 1:colcon.colcon_core.package_identification:_identify(src/vision_opencv) by extension 'colcon_pkg'
[4.850s] Level 1:colcon.colcon_core.package_identification:_identify(src/vision_opencv) by extensions ['colcon_meta']
[4.850s] Level 1:colcon.colcon_core.package_identification:_identify(src/vision_opencv) by extension 'colcon_meta'
[4.850s] Level 1:colcon.colcon_core.package_identification:_identify(src/vision_opencv) by extensions ['ros']
[4.850s] Level 1:colcon.colcon_core.package_identification:_identify(src/vision_opencv) by extension 'ros'
[4.851s] Level 1:colcon.colcon_core.package_identification:_identify(src/vision_opencv) by extensions ['cmake', 'python']
[4.851s] Level 1:colcon.colcon_core.package_identification:_identify(src/vision_opencv) by extension 'cmake'
[4.851s] Level 1:colcon.colcon_core.package_identification:_identify(src/vision_opencv) by extension 'python'
[4.851s] Level 1:colcon.colcon_core.package_identification:_identify(src/vision_opencv) by extensions ['python_setup_py']
[4.851s] Level 1:colcon.colcon_core.package_identification:_identify(src/vision_opencv) by extension 'python_setup_py'
[4.853s] Level 1:colcon.colcon_core.package_identification:_identify(src/vision_opencv/cv_bridge) by extensions ['ignore', 'ignore_ament_install']
[4.854s] Level 1:colcon.colcon_core.package_identification:_identify(src/vision_opencv/cv_bridge) by extension 'ignore'
[4.854s] Level 1:colcon.colcon_core.package_identification:_identify(src/vision_opencv/cv_bridge) by extension 'ignore_ament_install'
[4.854s] Level 1:colcon.colcon_core.package_identification:_identify(src/vision_opencv/cv_bridge) by extensions ['colcon_pkg']
[4.854s] Level 1:colcon.colcon_core.package_identification:_identify(src/vision_opencv/cv_bridge) by extension 'colcon_pkg'
[4.855s] Level 1:colcon.colcon_core.package_identification:_identify(src/vision_opencv/cv_bridge) by extensions ['colcon_meta']
[4.855s] Level 1:colcon.colcon_core.package_identification:_identify(src/vision_opencv/cv_bridge) by extension 'colcon_meta'
[4.855s] Level 1:colcon.colcon_core.package_identification:_identify(src/vision_opencv/cv_bridge) by extensions ['ros']
[4.855s] Level 1:colcon.colcon_core.package_identification:_identify(src/vision_opencv/cv_bridge) by extension 'ros'
[4.861s] DEBUG:colcon.colcon_core.package_identification:Package 'src/vision_opencv/cv_bridge' with type 'ros.ament_cmake' and name 'cv_bridge'
[4.864s] Level 1:colcon.colcon_core.package_identification:_identify(src/vision_opencv/image_geometry) by extensions ['ignore', 'ignore_ament_install']
[4.864s] Level 1:colcon.colcon_core.package_identification:_identify(src/vision_opencv/image_geometry) by extension 'ignore'
[4.864s] Level 1:colcon.colcon_core.package_identification:_identify(src/vision_opencv/image_geometry) by extension 'ignore_ament_install'
[4.865s] Level 1:colcon.colcon_core.package_identification:_identify(src/vision_opencv/image_geometry) by extensions ['colcon_pkg']
[4.865s] Level 1:colcon.colcon_core.package_identification:_identify(src/vision_opencv/image_geometry) by extension 'colcon_pkg'
[4.865s] Level 1:colcon.colcon_core.package_identification:_identify(src/vision_opencv/image_geometry) by extensions ['colcon_meta']
[4.865s] Level 1:colcon.colcon_core.package_identification:_identify(src/vision_opencv/image_geometry) by extension 'colcon_meta'
[4.865s] Level 1:colcon.colcon_core.package_identification:_identify(src/vision_opencv/image_geometry) by extensions ['ros']
[4.865s] Level 1:colcon.colcon_core.package_identification:_identify(src/vision_opencv/image_geometry) by extension 'ros'
[4.870s] DEBUG:colcon.colcon_core.package_identification:Package 'src/vision_opencv/image_geometry' with type 'ros.ament_cmake' and name 'image_geometry'
[4.872s] Level 1:colcon.colcon_core.package_identification:_identify(src/vision_opencv/opencv_tests) by extensions ['ignore', 'ignore_ament_install']
[4.872s] Level 1:colcon.colcon_core.package_identification:_identify(src/vision_opencv/opencv_tests) by extension 'ignore'
[4.873s] Level 1:colcon.colcon_core.package_identification:_identify(src/vision_opencv/opencv_tests) by extension 'ignore_ament_install'
[4.873s] Level 1:colcon.colcon_core.package_identification:_identify(src/vision_opencv/opencv_tests) by extensions ['colcon_pkg']
[4.873s] Level 1:colcon.colcon_core.package_identification:_identify(src/vision_opencv/opencv_tests) by extension 'colcon_pkg'
[4.873s] Level 1:colcon.colcon_core.package_identification:_identify(src/vision_opencv/opencv_tests) by extensions ['colcon_meta']
[4.873s] Level 1:colcon.colcon_core.package_identification:_identify(src/vision_opencv/opencv_tests) by extension 'colcon_meta'
[4.874s] Level 1:colcon.colcon_core.package_identification:_identify(src/vision_opencv/opencv_tests) by extensions ['ros']
[4.874s] Level 1:colcon.colcon_core.package_identification:_identify(src/vision_opencv/opencv_tests) by extension 'ros'
[4.878s] DEBUG:colcon.colcon_core.package_identification:Package 'src/vision_opencv/opencv_tests' with type 'ros.ament_python' and name 'opencv_tests'
[4.880s] Level 1:colcon.colcon_core.package_identification:_identify(src/vision_opencv/vision_opencv) by extensions ['ignore', 'ignore_ament_install']
[4.880s] Level 1:colcon.colcon_core.package_identification:_identify(src/vision_opencv/vision_opencv) by extension 'ignore'
[4.881s] Level 1:colcon.colcon_core.package_identification:_identify(src/vision_opencv/vision_opencv) by extension 'ignore_ament_install'
[4.881s] Level 1:colcon.colcon_core.package_identification:_identify(src/vision_opencv/vision_opencv) by extensions ['colcon_pkg']
[4.881s] Level 1:colcon.colcon_core.package_identification:_identify(src/vision_opencv/vision_opencv) by extension 'colcon_pkg'
[4.881s] Level 1:colcon.colcon_core.package_identification:_identify(src/vision_opencv/vision_opencv) by extensions ['colcon_meta']
[4.881s] Level 1:colcon.colcon_core.package_identification:_identify(src/vision_opencv/vision_opencv) by extension 'colcon_meta'
[4.882s] Level 1:colcon.colcon_core.package_identification:_identify(src/vision_opencv/vision_opencv) by extensions ['ros']
[4.882s] Level 1:colcon.colcon_core.package_identification:_identify(src/vision_opencv/vision_opencv) by extension 'ros'
[4.886s] DEBUG:colcon.colcon_core.package_identification:Package 'src/vision_opencv/vision_opencv' with type 'ros.ament_cmake' and name 'vision_opencv'
[4.886s] Level 1:colcon.colcon_core.package_discovery:discover_packages(recursive) using defaults
[4.886s] Level 1:colcon.colcon_core.package_discovery:discover_packages(ignore) discover
[4.886s] Level 1:colcon.colcon_core.package_discovery:discover_packages(ignore) using defaults
[4.886s] Level 1:colcon.colcon_core.package_discovery:discover_packages(path) discover
[4.887s] Level 1:colcon.colcon_core.package_discovery:discover_packages(path) using defaults
[5.173s] INFO:colcon.colcon_core.package_selection:Skipping not selected package 'cv_bridge' in 'src/vision_opencv/cv_bridge'
[5.174s] INFO:colcon.colcon_core.package_selection:Skipping not selected package 'image_geometry' in 'src/vision_opencv/image_geometry'
[5.174s] INFO:colcon.colcon_core.package_selection:Skipping not selected package 'ld08_driver' in 'src/ld08_driver'
[5.174s] INFO:colcon.colcon_core.package_selection:Skipping not selected package 'ros2_camera_publish' in 'src/ros2_camera_publish'
[5.174s] INFO:colcon.colcon_core.package_selection:Skipping not selected package 'turtlebot3_description' in 'src/turtlebot3/turtlebot3_description'
[5.174s] INFO:colcon.colcon_core.package_selection:Skipping not selected package 'turtlebot3_example' in 'src/turtlebot3/turtlebot3_example'
[5.174s] INFO:colcon.colcon_core.package_selection:Skipping not selected package 'turtlebot3_node' in 'src/turtlebot3/turtlebot3_node'
[5.174s] INFO:colcon.colcon_core.package_selection:Skipping not selected package 'turtlebot3_teleop' in 'src/turtlebot3/turtlebot3_teleop'
[5.175s] INFO:colcon.colcon_core.package_selection:Skipping not selected package 'cv_stuff' in 'src/cv_stuff'
[5.175s] INFO:colcon.colcon_core.package_selection:Skipping not selected package 'opencv_tests' in 'src/vision_opencv/opencv_tests'
[5.175s] INFO:colcon.colcon_core.package_selection:Skipping not selected package 'turtlebot3_bringup' in 'src/turtlebot3/turtlebot3_bringup'
[5.175s] INFO:colcon.colcon_core.package_selection:Skipping not selected package 'vision_opencv' in 'src/vision_opencv/vision_opencv'
[5.175s] INFO:colcon.colcon_core.package_selection:Skipping not selected package 'turtlebot3' in 'src/turtlebot3/turtlebot3'
[5.267s] Level 1:colcon.colcon_core.package_discovery:discover_packages(prefix_path) check parameters
[5.267s] Level 1:colcon.colcon_core.package_discovery:discover_packages(prefix_path) discover
[5.381s] DEBUG:colcon.colcon_installed_package_information.package_discovery:Found 18 installed packages in /home/maddy/turtlebot3_ws/install
[5.432s] DEBUG:colcon.colcon_installed_package_information.package_discovery:Found 184 installed packages in /opt/ros/humble
[5.436s] Level 1:colcon.colcon_core.package_discovery:discover_packages(prefix_path) using defaults
[5.786s] Level 5:colcon.colcon_core.verb:set package 'sound_player' build argument 'cmake_args' from command line to 'None'
[5.786s] Level 5:colcon.colcon_core.verb:set package 'sound_player' build argument 'cmake_target' from command line to 'None'
[5.786s] Level 5:colcon.colcon_core.verb:set package 'sound_player' build argument 'cmake_target_skip_unavailable' from command line to 'False'
[5.787s] Level 5:colcon.colcon_core.verb:set package 'sound_player' build argument 'cmake_clean_cache' from command line to 'False'
[5.787s] Level 5:colcon.colcon_core.verb:set package 'sound_player' build argument 'cmake_clean_first' from command line to 'False'
[5.787s] Level 5:colcon.colcon_core.verb:set package 'sound_player' build argument 'cmake_force_configure' from command line to 'False'
[5.787s] Level 5:colcon.colcon_core.verb:set package 'sound_player' build argument 'ament_cmake_args' from command line to 'None'
[5.787s] Level 5:colcon.colcon_core.verb:set package 'sound_player' build argument 'catkin_cmake_args' from command line to 'None'
[5.787s] Level 5:colcon.colcon_core.verb:set package 'sound_player' build argument 'catkin_skip_building_tests' from command line to 'False'
[5.787s] DEBUG:colcon.colcon_core.verb:Building package 'sound_player' with the following arguments: {'ament_cmake_args': None, 'build_base': '/home/maddy/turtlebot3_ws/build/sound_player', 'catkin_cmake_args': None, 'catkin_skip_building_tests': False, 'cmake_args': None, 'cmake_clean_cache': False, 'cmake_clean_first': False, 'cmake_force_configure': False, 'cmake_target': None, 'cmake_target_skip_unavailable': False, 'install_base': '/home/maddy/turtlebot3_ws/install/sound_player', 'merge_install': False, 'path': '/home/maddy/turtlebot3_ws/src/sound_player', 'symlink_install': False, 'test_result_base': None}
[5.833s] INFO:colcon.colcon_core.executor:Executing jobs using 'parallel' executor
[5.881s] DEBUG:colcon.colcon_parallel_executor.executor.parallel:run_until_complete
[5.882s] INFO:colcon.colcon_ros.task.ament_python.build:Building ROS package in '/home/maddy/turtlebot3_ws/src/sound_player' with build type 'ament_python'
[5.883s] Level 1:colcon.colcon_core.shell:create_environment_hook('sound_player', 'ament_prefix_path')
[5.958s] INFO:colcon.colcon_core.plugin_system:Skipping extension 'colcon_core.shell.bat': Not used on non-Windows systems
[5.960s] INFO:colcon.colcon_core.shell:Creating environment hook '/home/maddy/turtlebot3_ws/install/sound_player/share/sound_player/hook/ament_prefix_path.ps1'
[5.965s] INFO:colcon.colcon_core.shell:Creating environment descriptor '/home/maddy/turtlebot3_ws/install/sound_player/share/sound_player/hook/ament_prefix_path.dsv'
[5.968s] INFO:colcon.colcon_core.shell:Creating environment hook '/home/maddy/turtlebot3_ws/install/sound_player/share/sound_player/hook/ament_prefix_path.sh'
[6.020s] INFO:colcon.colcon_core.shell:Skip shell extension 'powershell' for command environment: Not usable outside of PowerShell
[6.020s] DEBUG:colcon.colcon_core.shell:Skip shell extension 'dsv' for command environment
[7.383s] DEBUG:colcon.colcon_parallel_executor.executor.parallel:closing loop
[7.383s] DEBUG:colcon.colcon_parallel_executor.executor.parallel:loop closed
[7.384s] DEBUG:colcon.colcon_parallel_executor.executor.parallel:run_until_complete finished with 'Command '['/usr/bin/python3', '-c', 'import sys;from contextlib import suppress;exec("with suppress(ImportError):    from setuptools.extern.packaging.specifiers    import SpecifierSet");exec("with suppress(ImportError):    from packaging.specifiers import SpecifierSet");from distutils.core import run_setup;dist = run_setup(    \'setup.py\', script_args=(\'--dry-run\',), stop_after=\'config\');skip_keys = (\'cmdclass\', \'distclass\', \'ext_modules\', \'metadata\');data = {    key: value for key, value in dist.__dict__.items()     if (        not key.startswith(\'_\') and         not callable(value) and         key not in skip_keys and         key not in dist.display_option_names    )};data[\'metadata\'] = {    k: v for k, v in dist.metadata.__dict__.items()     if k not in (\'license_files\', \'provides_extras\')};sys.stdout.buffer.write(repr(data).encode(\'utf-8\'))']' returned non-zero exit status 1.'
[7.384s] DEBUG:colcon.colcon_core.event_reactor:joining thread
[7.462s] INFO:colcon.colcon_core.plugin_system:Skipping extension 'colcon_notification.desktop_notification.notify_send': Could not find 'notify-send'
[7.462s] INFO:colcon.colcon_core.plugin_system:Skipping extension 'colcon_notification.desktop_notification.terminal_notifier': Not used on non-Darwin systems
[7.462s] INFO:colcon.colcon_core.plugin_system:Skipping extension 'colcon_notification.desktop_notification.win32': Not used on non-Windows systems
[7.463s] INFO:colcon.colcon_notification.desktop_notification:Sending desktop notification using 'notify2'
[7.498s] DEBUG:colcon.colcon_notification.desktop_notification.notify2:Failed to initialize notify2: org.freedesktop.DBus.Error.ServiceUnknown: The name org.freedesktop.Notifications was not provided by any .service files
[7.498s] DEBUG:colcon.colcon_core.event_reactor:joined thread
[7.550s] INFO:colcon.colcon_core.shell:Creating prefix script '/home/maddy/turtlebot3_ws/install/local_setup.ps1'
[7.555s] INFO:colcon.colcon_core.shell:Creating prefix util module '/home/maddy/turtlebot3_ws/install/_local_setup_util_ps1.py'
[7.564s] INFO:colcon.colcon_core.shell:Creating prefix chain script '/home/maddy/turtlebot3_ws/install/setup.ps1'
[7.620s] INFO:colcon.colcon_core.shell:Creating prefix script '/home/maddy/turtlebot3_ws/install/local_setup.sh'
[7.624s] INFO:colcon.colcon_core.shell:Creating prefix util module '/home/maddy/turtlebot3_ws/install/_local_setup_util_sh.py'
[7.627s] INFO:colcon.colcon_core.shell:Creating prefix chain script '/home/maddy/turtlebot3_ws/install/setup.sh'
[7.684s] INFO:colcon.colcon_core.shell:Creating prefix script '/home/maddy/turtlebot3_ws/install/local_setup.bash'
[7.690s] INFO:colcon.colcon_core.shell:Creating prefix chain script '/home/maddy/turtlebot3_ws/install/setup.bash'
[7.747s] INFO:colcon.colcon_core.shell:Creating prefix script '/home/maddy/turtlebot3_ws/install/local_setup.zsh'
[7.752s] INFO:colcon.colcon_core.shell:Creating prefix chain script '/home/maddy/turtlebot3_ws/install/setup.zsh'
