[2.955s] Invoking command in '/home/maddy/turtlebot3_ws/src/image_pub': PYTHONPATH=/home/maddy/turtlebot3_ws/build/image_pub/prefix_override:/home/maddy/turtlebot3_ws/install/image_pub/lib/python3.10/site-packages:${PYTHONPATH} /usr/bin/python3 setup.py egg_info --egg-base ../../build/image_pub build --build-base /home/maddy/turtlebot3_ws/build/image_pub/build install --record /home/maddy/turtlebot3_ws/build/image_pub/install.log --single-version-externally-managed
[3.897s] running egg_info
[3.899s] creating ../../build/image_pub/image_pub.egg-info
[3.900s] writing ../../build/image_pub/image_pub.egg-info/PKG-INFO
[3.901s] writing dependency_links to ../../build/image_pub/image_pub.egg-info/dependency_links.txt
[3.901s] writing entry points to ../../build/image_pub/image_pub.egg-info/entry_points.txt
[3.902s] writing requirements to ../../build/image_pub/image_pub.egg-info/requires.txt
[3.902s] writing top-level names to ../../build/image_pub/image_pub.egg-info/top_level.txt
[3.903s] writing manifest file '../../build/image_pub/image_pub.egg-info/SOURCES.txt'
[3.910s] reading manifest file '../../build/image_pub/image_pub.egg-info/SOURCES.txt'
[3.912s] writing manifest file '../../build/image_pub/image_pub.egg-info/SOURCES.txt'
[3.913s] running build
[3.913s] running build_py
[3.914s] creating /home/maddy/turtlebot3_ws/build/image_pub/build
[3.915s] creating /home/maddy/turtlebot3_ws/build/image_pub/build/lib
[3.915s] creating /home/maddy/turtlebot3_ws/build/image_pub/build/lib/image_pub
[3.915s] copying image_pub/pub.py -> /home/maddy/turtlebot3_ws/build/image_pub/build/lib/image_pub
[3.916s] copying image_pub/__init__.py -> /home/maddy/turtlebot3_ws/build/image_pub/build/lib/image_pub
[3.916s] running install
[3.917s] /usr/lib/python3/dist-packages/setuptools/command/install.py:34: SetuptoolsDeprecationWarning: setup.py install is deprecated. Use build and pip and other standards-based tools.
[3.917s]   warnings.warn(
[3.918s] running install_lib
[3.922s] creating /home/maddy/turtlebot3_ws/install/image_pub/lib/python3.10/site-packages/image_pub
[3.922s] copying /home/maddy/turtlebot3_ws/build/image_pub/build/lib/image_pub/pub.py -> /home/maddy/turtlebot3_ws/install/image_pub/lib/python3.10/site-packages/image_pub
[3.923s] copying /home/maddy/turtlebot3_ws/build/image_pub/build/lib/image_pub/__init__.py -> /home/maddy/turtlebot3_ws/install/image_pub/lib/python3.10/site-packages/image_pub
[3.926s] byte-compiling /home/maddy/turtlebot3_ws/install/image_pub/lib/python3.10/site-packages/image_pub/pub.py to pub.cpython-310.pyc
[3.929s] byte-compiling /home/maddy/turtlebot3_ws/install/image_pub/lib/python3.10/site-packages/image_pub/__init__.py to __init__.cpython-310.pyc
[3.930s] running install_data
[3.932s] creating /home/maddy/turtlebot3_ws/install/image_pub/share/ament_index
[3.933s] creating /home/maddy/turtlebot3_ws/install/image_pub/share/ament_index/resource_index
[3.933s] creating /home/maddy/turtlebot3_ws/install/image_pub/share/ament_index/resource_index/packages
[3.933s] copying resource/image_pub -> /home/maddy/turtlebot3_ws/install/image_pub/share/ament_index/resource_index/packages
[3.934s] copying package.xml -> /home/maddy/turtlebot3_ws/install/image_pub/share/image_pub
[3.934s] running install_egg_info
[3.941s] Copying ../../build/image_pub/image_pub.egg-info to /home/maddy/turtlebot3_ws/install/image_pub/lib/python3.10/site-packages/image_pub-0.0.0-py3.10.egg-info
[3.946s] running install_scripts
[4.028s] Installing pub_vid script to /home/maddy/turtlebot3_ws/install/image_pub/lib/image_pub
[4.029s] writing list of installed files to '/home/maddy/turtlebot3_ws/build/image_pub/install.log'
[4.142s] Invoked command in '/home/maddy/turtlebot3_ws/src/image_pub' returned '0': PYTHONPATH=/home/maddy/turtlebot3_ws/build/image_pub/prefix_override:/home/maddy/turtlebot3_ws/install/image_pub/lib/python3.10/site-packages:${PYTHONPATH} /usr/bin/python3 setup.py egg_info --egg-base ../../build/image_pub build --build-base /home/maddy/turtlebot3_ws/build/image_pub/build install --record /home/maddy/turtlebot3_ws/build/image_pub/install.log --single-version-externally-managed
