[10.418s] Invoking command in '/home/ros2/turtlebot3_ws/src/cv_stuff': CMAKE_PREFIX_PATH=/home/ros2/turtlebot3_ws/install/cv_bridge:/home/ros2/turtlebot3_ws/install/vision_opencv:/home/ros2/turtlebot3_ws/install/turtlebot3:/home/ros2/turtlebot3_ws/install/turtlebot3_bringup:/home/ros2/turtlebot3_ws/install/turtlebot3_node:/home/ros2/turtlebot3_ws/install/turtlebot3_description:/home/ros2/turtlebot3_ws/install/ld08_driver:/home/ros2/turtlebot3_ws/install/image_geometry PYTHONPATH=/home/ros2/turtlebot3_ws/build/cv_stuff/prefix_override:/home/ros2/turtlebot3_ws/install/cv_stuff/lib/python3.10/site-packages:${PYTHONPATH} /usr/bin/python3 setup.py egg_info --egg-base ../../build/cv_stuff build --build-base /home/ros2/turtlebot3_ws/build/cv_stuff/build install --record /home/ros2/turtlebot3_ws/build/cv_stuff/install.log --single-version-externally-managed
[13.565s] running egg_info
[13.572s] writing ../../build/cv_stuff/cv_stuff.egg-info/PKG-INFO
[13.578s] writing dependency_links to ../../build/cv_stuff/cv_stuff.egg-info/dependency_links.txt
[13.579s] writing entry points to ../../build/cv_stuff/cv_stuff.egg-info/entry_points.txt
[13.580s] writing requirements to ../../build/cv_stuff/cv_stuff.egg-info/requires.txt
[13.585s] writing top-level names to ../../build/cv_stuff/cv_stuff.egg-info/top_level.txt
[13.599s] reading manifest file '../../build/cv_stuff/cv_stuff.egg-info/SOURCES.txt'
[13.607s] writing manifest file '../../build/cv_stuff/cv_stuff.egg-info/SOURCES.txt'
[13.609s] running build
[13.610s] running build_py
[13.611s] copying cv_stuff/webcam_sub.py -> /home/ros2/turtlebot3_ws/build/cv_stuff/build/lib/cv_stuff
[13.618s] copying cv_stuff/webcam_pub.py -> /home/ros2/turtlebot3_ws/build/cv_stuff/build/lib/cv_stuff
[13.621s] running install
[13.626s] /usr/lib/python3/dist-packages/setuptools/command/install.py:34: SetuptoolsDeprecationWarning: setup.py install is deprecated. Use build and pip and other standards-based tools.
[13.630s]   warnings.warn(
[13.633s] running install_lib
[13.640s] copying /home/ros2/turtlebot3_ws/build/cv_stuff/build/lib/cv_stuff/webcam_sub.py -> /home/ros2/turtlebot3_ws/install/cv_stuff/lib/python3.10/site-packages/cv_stuff
[13.650s] copying /home/ros2/turtlebot3_ws/build/cv_stuff/build/lib/cv_stuff/webcam_pub.py -> /home/ros2/turtlebot3_ws/install/cv_stuff/lib/python3.10/site-packages/cv_stuff
[13.652s] byte-compiling /home/ros2/turtlebot3_ws/install/cv_stuff/lib/python3.10/site-packages/cv_stuff/webcam_sub.py to webcam_sub.cpython-310.pyc
[13.660s] byte-compiling /home/ros2/turtlebot3_ws/install/cv_stuff/lib/python3.10/site-packages/cv_stuff/webcam_pub.py to webcam_pub.cpython-310.pyc
[13.670s] running install_data
[13.679s] running install_egg_info
[13.711s] removing '/home/ros2/turtlebot3_ws/install/cv_stuff/lib/python3.10/site-packages/cv_stuff-0.0.0-py3.10.egg-info' (and everything under it)
[13.718s] Copying ../../build/cv_stuff/cv_stuff.egg-info to /home/ros2/turtlebot3_ws/install/cv_stuff/lib/python3.10/site-packages/cv_stuff-0.0.0-py3.10.egg-info
[13.737s] running install_scripts
[13.976s] Installing img_publisher script to /home/ros2/turtlebot3_ws/install/cv_stuff/lib/cv_stuff
[13.979s] Installing img_subscriber script to /home/ros2/turtlebot3_ws/install/cv_stuff/lib/cv_stuff
[13.985s] writing list of installed files to '/home/ros2/turtlebot3_ws/build/cv_stuff/install.log'
[14.428s] Invoked command in '/home/ros2/turtlebot3_ws/src/cv_stuff' returned '0': CMAKE_PREFIX_PATH=/home/ros2/turtlebot3_ws/install/cv_bridge:/home/ros2/turtlebot3_ws/install/vision_opencv:/home/ros2/turtlebot3_ws/install/turtlebot3:/home/ros2/turtlebot3_ws/install/turtlebot3_bringup:/home/ros2/turtlebot3_ws/install/turtlebot3_node:/home/ros2/turtlebot3_ws/install/turtlebot3_description:/home/ros2/turtlebot3_ws/install/ld08_driver:/home/ros2/turtlebot3_ws/install/image_geometry PYTHONPATH=/home/ros2/turtlebot3_ws/build/cv_stuff/prefix_override:/home/ros2/turtlebot3_ws/install/cv_stuff/lib/python3.10/site-packages:${PYTHONPATH} /usr/bin/python3 setup.py egg_info --egg-base ../../build/cv_stuff build --build-base /home/ros2/turtlebot3_ws/build/cv_stuff/build install --record /home/ros2/turtlebot3_ws/build/cv_stuff/install.log --single-version-externally-managed
