[0.250s] Invoking command in '/home/ros2/turtlebot3_ws/build/turtlebot3': AMENT_PREFIX_PATH=/home/ros2/turtlebot3_ws/install/turtlebot3_bringup:/home/ros2/turtlebot3_ws/install/turtlebot3_teleop:/home/ros2/turtlebot3_ws/install/turtlebot3_node:/home/ros2/turtlebot3_ws/install/turtlebot3_example:/home/ros2/turtlebot3_ws/install/turtlebot3_description:${AMENT_PREFIX_PATH} CMAKE_PREFIX_PATH=/home/ros2/turtlebot3_ws/install/turtlebot3_bringup:/home/ros2/turtlebot3_ws/install/turtlebot3_node:/home/ros2/turtlebot3_ws/install/turtlebot3_description:/opt/ros/humble PYTHONPATH=/home/ros2/turtlebot3_ws/build/turtlebot3_teleop:/home/ros2/turtlebot3_ws/install/turtlebot3_teleop/lib/python3.10/site-packages:/home/ros2/turtlebot3_ws/build/turtlebot3_example:/home/ros2/turtlebot3_ws/install/turtlebot3_example/lib/python3.10/site-packages:${PYTHONPATH} /usr/bin/cmake /home/ros2/turtlebot3_ws/src/turtlebot3/turtlebot3 -DAMENT_CMAKE_SYMLINK_INSTALL=1 -DCMAKE_INSTALL_PREFIX=/home/ros2/turtlebot3_ws/install/turtlebot3
[0.546s] -- The C compiler identification is GNU 11.4.0
[0.848s] -- The CXX compiler identification is GNU 11.4.0
[1.042s] -- Detecting C compiler ABI info
[1.378s] -- Detecting C compiler ABI info - done
[1.407s] -- Check for working C compiler: /usr/bin/cc - skipped
[1.409s] -- Detecting C compile features
[1.410s] -- Detecting C compile features - done
[1.423s] -- Detecting CXX compiler ABI info
[1.787s] -- Detecting CXX compiler ABI info - done
[1.814s] -- Check for working CXX compiler: /usr/bin/c++ - skipped
[1.815s] -- Detecting CXX compile features
[1.817s] -- Detecting CXX compile features - done
[1.844s] -- Found ament_cmake: 1.3.5 (/opt/ros/humble/share/ament_cmake/cmake)
[2.629s] -- Found Python3: /usr/bin/python3.10 (found version "3.10.12") found components: Interpreter 
[2.943s] -- Override CMake install command with custom implementation using symlinks instead of copying resources
[3.517s] -- Configuring done
[3.535s] -- Generating done
[3.540s] -- Build files have been written to: /home/ros2/turtlebot3_ws/build/turtlebot3
[3.557s] Invoked command in '/home/ros2/turtlebot3_ws/build/turtlebot3' returned '0': AMENT_PREFIX_PATH=/home/ros2/turtlebot3_ws/install/turtlebot3_bringup:/home/ros2/turtlebot3_ws/install/turtlebot3_teleop:/home/ros2/turtlebot3_ws/install/turtlebot3_node:/home/ros2/turtlebot3_ws/install/turtlebot3_example:/home/ros2/turtlebot3_ws/install/turtlebot3_description:${AMENT_PREFIX_PATH} CMAKE_PREFIX_PATH=/home/ros2/turtlebot3_ws/install/turtlebot3_bringup:/home/ros2/turtlebot3_ws/install/turtlebot3_node:/home/ros2/turtlebot3_ws/install/turtlebot3_description:/opt/ros/humble PYTHONPATH=/home/ros2/turtlebot3_ws/build/turtlebot3_teleop:/home/ros2/turtlebot3_ws/install/turtlebot3_teleop/lib/python3.10/site-packages:/home/ros2/turtlebot3_ws/build/turtlebot3_example:/home/ros2/turtlebot3_ws/install/turtlebot3_example/lib/python3.10/site-packages:${PYTHONPATH} /usr/bin/cmake /home/ros2/turtlebot3_ws/src/turtlebot3/turtlebot3 -DAMENT_CMAKE_SYMLINK_INSTALL=1 -DCMAKE_INSTALL_PREFIX=/home/ros2/turtlebot3_ws/install/turtlebot3
[3.567s] Invoking command in '/home/ros2/turtlebot3_ws/build/turtlebot3': AMENT_PREFIX_PATH=/home/ros2/turtlebot3_ws/install/turtlebot3_bringup:/home/ros2/turtlebot3_ws/install/turtlebot3_teleop:/home/ros2/turtlebot3_ws/install/turtlebot3_node:/home/ros2/turtlebot3_ws/install/turtlebot3_example:/home/ros2/turtlebot3_ws/install/turtlebot3_description:${AMENT_PREFIX_PATH} CMAKE_PREFIX_PATH=/home/ros2/turtlebot3_ws/install/turtlebot3_bringup:/home/ros2/turtlebot3_ws/install/turtlebot3_node:/home/ros2/turtlebot3_ws/install/turtlebot3_description:/opt/ros/humble PYTHONPATH=/home/ros2/turtlebot3_ws/build/turtlebot3_teleop:/home/ros2/turtlebot3_ws/install/turtlebot3_teleop/lib/python3.10/site-packages:/home/ros2/turtlebot3_ws/build/turtlebot3_example:/home/ros2/turtlebot3_ws/install/turtlebot3_example/lib/python3.10/site-packages:${PYTHONPATH} /usr/bin/cmake --build /home/ros2/turtlebot3_ws/build/turtlebot3 -- -j4 -l4
[3.711s] Invoked command in '/home/ros2/turtlebot3_ws/build/turtlebot3' returned '0': AMENT_PREFIX_PATH=/home/ros2/turtlebot3_ws/install/turtlebot3_bringup:/home/ros2/turtlebot3_ws/install/turtlebot3_teleop:/home/ros2/turtlebot3_ws/install/turtlebot3_node:/home/ros2/turtlebot3_ws/install/turtlebot3_example:/home/ros2/turtlebot3_ws/install/turtlebot3_description:${AMENT_PREFIX_PATH} CMAKE_PREFIX_PATH=/home/ros2/turtlebot3_ws/install/turtlebot3_bringup:/home/ros2/turtlebot3_ws/install/turtlebot3_node:/home/ros2/turtlebot3_ws/install/turtlebot3_description:/opt/ros/humble PYTHONPATH=/home/ros2/turtlebot3_ws/build/turtlebot3_teleop:/home/ros2/turtlebot3_ws/install/turtlebot3_teleop/lib/python3.10/site-packages:/home/ros2/turtlebot3_ws/build/turtlebot3_example:/home/ros2/turtlebot3_ws/install/turtlebot3_example/lib/python3.10/site-packages:${PYTHONPATH} /usr/bin/cmake --build /home/ros2/turtlebot3_ws/build/turtlebot3 -- -j4 -l4
[3.830s] Invoking command in '/home/ros2/turtlebot3_ws/build/turtlebot3': AMENT_PREFIX_PATH=/home/ros2/turtlebot3_ws/install/turtlebot3_bringup:/home/ros2/turtlebot3_ws/install/turtlebot3_teleop:/home/ros2/turtlebot3_ws/install/turtlebot3_node:/home/ros2/turtlebot3_ws/install/turtlebot3_example:/home/ros2/turtlebot3_ws/install/turtlebot3_description:${AMENT_PREFIX_PATH} CMAKE_PREFIX_PATH=/home/ros2/turtlebot3_ws/install/turtlebot3_bringup:/home/ros2/turtlebot3_ws/install/turtlebot3_node:/home/ros2/turtlebot3_ws/install/turtlebot3_description:/opt/ros/humble PYTHONPATH=/home/ros2/turtlebot3_ws/build/turtlebot3_teleop:/home/ros2/turtlebot3_ws/install/turtlebot3_teleop/lib/python3.10/site-packages:/home/ros2/turtlebot3_ws/build/turtlebot3_example:/home/ros2/turtlebot3_ws/install/turtlebot3_example/lib/python3.10/site-packages:${PYTHONPATH} /usr/bin/cmake --install /home/ros2/turtlebot3_ws/build/turtlebot3
[3.861s] -- Install configuration: ""
[3.862s] -- Execute custom install script
[3.865s] -- Symlinking: /home/ros2/turtlebot3_ws/install/turtlebot3/share/ament_index/resource_index/package_run_dependencies/turtlebot3
[3.898s] -- Symlinking: /home/ros2/turtlebot3_ws/install/turtlebot3/share/ament_index/resource_index/parent_prefix_path/turtlebot3
[3.932s] -- Symlinking: /home/ros2/turtlebot3_ws/install/turtlebot3/share/turtlebot3/environment/ament_prefix_path.sh
[3.965s] -- Symlinking: /home/ros2/turtlebot3_ws/install/turtlebot3/share/turtlebot3/environment/ament_prefix_path.dsv
[3.999s] -- Symlinking: /home/ros2/turtlebot3_ws/install/turtlebot3/share/turtlebot3/environment/path.sh
[4.031s] -- Symlinking: /home/ros2/turtlebot3_ws/install/turtlebot3/share/turtlebot3/environment/path.dsv
[4.065s] -- Symlinking: /home/ros2/turtlebot3_ws/install/turtlebot3/share/turtlebot3/local_setup.bash
[4.098s] -- Symlinking: /home/ros2/turtlebot3_ws/install/turtlebot3/share/turtlebot3/local_setup.sh
[4.131s] -- Symlinking: /home/ros2/turtlebot3_ws/install/turtlebot3/share/turtlebot3/local_setup.zsh
[4.165s] -- Symlinking: /home/ros2/turtlebot3_ws/install/turtlebot3/share/turtlebot3/local_setup.dsv
[4.199s] -- Symlinking: /home/ros2/turtlebot3_ws/install/turtlebot3/share/turtlebot3/package.dsv
[4.233s] -- Symlinking: /home/ros2/turtlebot3_ws/install/turtlebot3/share/ament_index/resource_index/packages/turtlebot3
[4.269s] -- Symlinking: /home/ros2/turtlebot3_ws/install/turtlebot3/share/turtlebot3/cmake/turtlebot3Config.cmake
[4.300s] -- Symlinking: /home/ros2/turtlebot3_ws/install/turtlebot3/share/turtlebot3/cmake/turtlebot3Config-version.cmake
[4.333s] -- Symlinking: /home/ros2/turtlebot3_ws/install/turtlebot3/share/turtlebot3/package.xml
[4.375s] Invoked command in '/home/ros2/turtlebot3_ws/build/turtlebot3' returned '0': AMENT_PREFIX_PATH=/home/ros2/turtlebot3_ws/install/turtlebot3_bringup:/home/ros2/turtlebot3_ws/install/turtlebot3_teleop:/home/ros2/turtlebot3_ws/install/turtlebot3_node:/home/ros2/turtlebot3_ws/install/turtlebot3_example:/home/ros2/turtlebot3_ws/install/turtlebot3_description:${AMENT_PREFIX_PATH} CMAKE_PREFIX_PATH=/home/ros2/turtlebot3_ws/install/turtlebot3_bringup:/home/ros2/turtlebot3_ws/install/turtlebot3_node:/home/ros2/turtlebot3_ws/install/turtlebot3_description:/opt/ros/humble PYTHONPATH=/home/ros2/turtlebot3_ws/build/turtlebot3_teleop:/home/ros2/turtlebot3_ws/install/turtlebot3_teleop/lib/python3.10/site-packages:/home/ros2/turtlebot3_ws/build/turtlebot3_example:/home/ros2/turtlebot3_ws/install/turtlebot3_example/lib/python3.10/site-packages:${PYTHONPATH} /usr/bin/cmake --install /home/ros2/turtlebot3_ws/build/turtlebot3
