/home/maddy/turtlebot3_ws/install/mic_startup/lib/python3.10/site-packages/mic_startup/play_sound.py
/home/maddy/turtlebot3_ws/install/mic_startup/lib/python3.10/site-packages/mic_startup/speech_exporter.py
/home/maddy/turtlebot3_ws/install/mic_startup/lib/python3.10/site-packages/mic_startup/speech_input.py
/home/maddy/turtlebot3_ws/install/mic_startup/lib/python3.10/site-packages/mic_startup/speech_converter.py
/home/maddy/turtlebot3_ws/install/mic_startup/lib/python3.10/site-packages/mic_startup/__init__.py
/home/maddy/turtlebot3_ws/install/mic_startup/lib/python3.10/site-packages/mic_startup/__pycache__/play_sound.cpython-310.pyc
/home/maddy/turtlebot3_ws/install/mic_startup/lib/python3.10/site-packages/mic_startup/__pycache__/speech_exporter.cpython-310.pyc
/home/maddy/turtlebot3_ws/install/mic_startup/lib/python3.10/site-packages/mic_startup/__pycache__/speech_input.cpython-310.pyc
/home/maddy/turtlebot3_ws/install/mic_startup/lib/python3.10/site-packages/mic_startup/__pycache__/speech_converter.cpython-310.pyc
/home/maddy/turtlebot3_ws/install/mic_startup/lib/python3.10/site-packages/mic_startup/__pycache__/__init__.cpython-310.pyc
/home/maddy/turtlebot3_ws/install/mic_startup/share/ament_index/resource_index/packages/mic_startup
/home/maddy/turtlebot3_ws/install/mic_startup/share/mic_startup/package.xml
/home/maddy/turtlebot3_ws/install/mic_startup/lib/python3.10/site-packages/mic_startup-0.0.0-py3.10.egg-info/entry_points.txt
/home/maddy/turtlebot3_ws/install/mic_startup/lib/python3.10/site-packages/mic_startup-0.0.0-py3.10.egg-info/SOURCES.txt
/home/maddy/turtlebot3_ws/install/mic_startup/lib/python3.10/site-packages/mic_startup-0.0.0-py3.10.egg-info/dependency_links.txt
/home/maddy/turtlebot3_ws/install/mic_startup/lib/python3.10/site-packages/mic_startup-0.0.0-py3.10.egg-info/PKG-INFO
/home/maddy/turtlebot3_ws/install/mic_startup/lib/python3.10/site-packages/mic_startup-0.0.0-py3.10.egg-info/zip-safe
/home/maddy/turtlebot3_ws/install/mic_startup/lib/python3.10/site-packages/mic_startup-0.0.0-py3.10.egg-info/requires.txt
/home/maddy/turtlebot3_ws/install/mic_startup/lib/python3.10/site-packages/mic_startup-0.0.0-py3.10.egg-info/top_level.txt
/home/maddy/turtlebot3_ws/install/mic_startup/lib/mic_startup/mic_access
