[2.767s] Invoking command in '/home/ros2/turtlebot3_ws/build/turtlebot3_teleop': PYTHONPATH=/home/ros2/turtlebot3_ws/build/turtlebot3_teleop/prefix_override:/home/ros2/turtlebot3_ws/install/turtlebot3_teleop/lib/python3.10/site-packages:${PYTHONPATH} /usr/bin/python3 setup.py develop --editable --build-directory /home/ros2/turtlebot3_ws/build/turtlebot3_teleop/build --no-deps install_data
[3.780s] running develop
[3.782s] /usr/lib/python3/dist-packages/setuptools/command/easy_install.py:158: EasyInstallDeprecationWarning: easy_install command is deprecated. Use build and pip and other standards-based tools.
[3.782s]   warnings.warn(
[3.787s] /usr/lib/python3/dist-packages/setuptools/command/install.py:34: SetuptoolsDeprecationWarning: setup.py install is deprecated. Use build and pip and other standards-based tools.
[3.788s]   warnings.warn(
[4.354s] running egg_info
[4.355s] creating turtlebot3_teleop.egg-info
[4.355s] writing turtlebot3_teleop.egg-info/PKG-INFO
[4.356s] writing dependency_links to turtlebot3_teleop.egg-info/dependency_links.txt
[4.357s] writing entry points to turtlebot3_teleop.egg-info/entry_points.txt
[4.357s] writing requirements to turtlebot3_teleop.egg-info/requires.txt
[4.358s] writing top-level names to turtlebot3_teleop.egg-info/top_level.txt
[4.358s] writing manifest file 'turtlebot3_teleop.egg-info/SOURCES.txt'
[4.367s] reading manifest file 'turtlebot3_teleop.egg-info/SOURCES.txt'
[4.370s] writing manifest file 'turtlebot3_teleop.egg-info/SOURCES.txt'
[4.377s] running build_ext
[4.378s] Creating /home/ros2/turtlebot3_ws/install/turtlebot3_teleop/lib/python3.10/site-packages/turtlebot3-teleop.egg-link (link to .)
[4.381s] Installing teleop_keyboard script to /home/ros2/turtlebot3_ws/install/turtlebot3_teleop/lib/turtlebot3_teleop
[4.383s] 
[4.383s] Installed /home/ros2/turtlebot3_ws/build/turtlebot3_teleop
[4.384s] running install_data
[4.384s] creating /home/ros2/turtlebot3_ws/install/turtlebot3_teleop/share/ament_index
[4.385s] creating /home/ros2/turtlebot3_ws/install/turtlebot3_teleop/share/ament_index/resource_index
[4.385s] creating /home/ros2/turtlebot3_ws/install/turtlebot3_teleop/share/ament_index/resource_index/packages
[4.385s] copying resource/turtlebot3_teleop -> /home/ros2/turtlebot3_ws/install/turtlebot3_teleop/share/ament_index/resource_index/packages
[4.386s] copying package.xml -> /home/ros2/turtlebot3_ws/install/turtlebot3_teleop/share/turtlebot3_teleop
[4.527s] Invoked command in '/home/ros2/turtlebot3_ws/build/turtlebot3_teleop' returned '0': PYTHONPATH=/home/ros2/turtlebot3_ws/build/turtlebot3_teleop/prefix_override:/home/ros2/turtlebot3_ws/install/turtlebot3_teleop/lib/python3.10/site-packages:${PYTHONPATH} /usr/bin/python3 setup.py develop --editable --build-directory /home/ros2/turtlebot3_ws/build/turtlebot3_teleop/build --no-deps install_data
