[0.198s] Invoking command in '/home/ros2/turtlebot3_ws/build/turtlebot3_node': CMAKE_PREFIX_PATH=/opt/ros/humble /usr/bin/cmake /home/ros2/turtlebot3_ws/src/turtlebot3/turtlebot3_node -DAMENT_CMAKE_SYMLINK_INSTALL=1 -DCMAKE_INSTALL_PREFIX=/home/ros2/turtlebot3_ws/install/turtlebot3_node
[0.459s] -- The C compiler identification is GNU 11.4.0
[0.716s] -- The CXX compiler identification is GNU 11.4.0
[0.745s] -- Detecting C compiler ABI info
[1.095s] -- Detecting C compiler ABI info - done
[1.125s] -- Check for working C compiler: /usr/bin/cc - skipped
[1.126s] -- Detecting C compile features
[1.127s] -- Detecting C compile features - done
[1.138s] -- Detecting CXX compiler ABI info
[1.499s] -- Detecting CXX compiler ABI info - done
[1.528s] -- Check for working CXX compiler: /usr/bin/c++ - skipped
[1.530s] -- Detecting CXX compile features
[1.532s] -- Detecting CXX compile features - done
[1.552s] -- Found ament_cmake: 1.3.5 (/opt/ros/humble/share/ament_cmake/cmake)
[2.256s] -- Found Python3: /usr/bin/python3.10 (found version "3.10.12") found components: Interpreter 
[2.540s] -- Override CMake install command with custom implementation using symlinks instead of copying resources
[2.738s] -- Found dynamixel_sdk: 3.7.60 (/opt/ros/humble/share/dynamixel_sdk/cmake)
[2.759s] -- Found geometry_msgs: 4.2.3 (/opt/ros/humble/share/geometry_msgs/cmake)
[3.084s] -- Found rosidl_generator_c: 3.1.5 (/opt/ros/humble/share/rosidl_generator_c/cmake)
[3.132s] -- Found rosidl_adapter: 3.1.5 (/opt/ros/humble/share/rosidl_adapter/cmake)
[3.201s] -- Found rosidl_generator_cpp: 3.1.5 (/opt/ros/humble/share/rosidl_generator_cpp/cmake)
[3.300s] -- Using all available rosidl_typesupport_c: rosidl_typesupport_fastrtps_c;rosidl_typesupport_introspection_c
[3.426s] -- Using all available rosidl_typesupport_cpp: rosidl_typesupport_fastrtps_cpp;rosidl_typesupport_introspection_cpp
[3.984s] -- Found message_filters: 4.3.3 (/opt/ros/humble/share/message_filters/cmake)
[4.387s] -- Found rmw_implementation_cmake: 6.1.1 (/opt/ros/humble/share/rmw_implementation_cmake/cmake)
[4.410s] -- Found rmw_fastrtps_cpp: 6.2.4 (/opt/ros/humble/share/rmw_fastrtps_cpp/cmake)
[5.012s] -- Found OpenSSL: /usr/lib/aarch64-linux-gnu/libcrypto.so (found version "3.0.2")  
[5.183s] -- Found FastRTPS: /opt/ros/humble/include  
[5.480s] -- Using RMW implementation 'rmw_fastrtps_cpp' as default
[5.558s] -- Looking for pthread.h
[6.017s] -- Looking for pthread.h - found
[6.020s] -- Performing Test CMAKE_HAVE_LIBC_PTHREAD
[6.601s] -- Performing Test CMAKE_HAVE_LIBC_PTHREAD - Success
[6.608s] -- Found Threads: TRUE  
[7.241s] -- Found nav_msgs: 4.2.3 (/opt/ros/humble/share/nav_msgs/cmake)
[7.612s] -- Found sensor_msgs: 4.2.3 (/opt/ros/humble/share/sensor_msgs/cmake)
[7.968s] -- Found std_srvs: 4.2.3 (/opt/ros/humble/share/std_srvs/cmake)
[8.077s] -- Found tf2: 0.25.4 (/opt/ros/humble/share/tf2/cmake)
[8.177s] -- Found tf2_ros: 0.25.4 (/opt/ros/humble/share/tf2_ros/cmake)
[9.647s] -- Found turtlebot3_msgs: 2.2.3 (/opt/ros/humble/share/turtlebot3_msgs/cmake)
[10.277s] -- Configuring done
[10.389s] -- Generating done
[10.398s] -- Build files have been written to: /home/ros2/turtlebot3_ws/build/turtlebot3_node
[10.439s] Invoked command in '/home/ros2/turtlebot3_ws/build/turtlebot3_node' returned '0': CMAKE_PREFIX_PATH=/opt/ros/humble /usr/bin/cmake /home/ros2/turtlebot3_ws/src/turtlebot3/turtlebot3_node -DAMENT_CMAKE_SYMLINK_INSTALL=1 -DCMAKE_INSTALL_PREFIX=/home/ros2/turtlebot3_ws/install/turtlebot3_node
[10.447s] Invoking command in '/home/ros2/turtlebot3_ws/build/turtlebot3_node': CMAKE_PREFIX_PATH=/opt/ros/humble /usr/bin/cmake --build /home/ros2/turtlebot3_ws/build/turtlebot3_node -- -j4 -l4
[10.674s] [  7%] [32mBuilding CXX object CMakeFiles/turtlebot3_node_lib.dir/src/devices/sound.cpp.o[0m
[10.675s] [ 14%] [32mBuilding CXX object CMakeFiles/turtlebot3_node_lib.dir/src/devices/motor_power.cpp.o[0m
[10.688s] [ 21%] [32mBuilding CXX object CMakeFiles/turtlebot3_node_lib.dir/src/diff_drive_controller.cpp.o[0m
[10.689s] [ 28%] [32mBuilding CXX object CMakeFiles/turtlebot3_node_lib.dir/src/devices/reset.cpp.o[0m
[45.182s] [ 35%] [32mBuilding CXX object CMakeFiles/turtlebot3_node_lib.dir/src/turtlebot3.cpp.o[0m
[49.312s] [ 42%] [32mBuilding CXX object CMakeFiles/turtlebot3_node_lib.dir/src/sensors/battery_state.cpp.o[0m
[51.352s] [ 50%] [32mBuilding CXX object CMakeFiles/turtlebot3_node_lib.dir/src/odometry.cpp.o[0m
[53.405s] [ 57%] [32mBuilding CXX object CMakeFiles/turtlebot3_node_lib.dir/src/dynamixel_sdk_wrapper.cpp.o[0m
[58.100s] [ 64%] [32mBuilding CXX object CMakeFiles/turtlebot3_node_lib.dir/src/sensors/imu.cpp.o[0m
[151.282s] [ 71%] [32mBuilding CXX object CMakeFiles/turtlebot3_node_lib.dir/src/sensors/sensor_state.cpp.o[0m
[172.844s] [ 78%] [32mBuilding CXX object CMakeFiles/turtlebot3_node_lib.dir/src/sensors/joint_state.cpp.o[0m
[191.796s] [ 85%] [32m[1mLinking CXX static library libturtlebot3_node_lib.a[0m
[210.598s] [ 85%] Built target turtlebot3_node_lib
[211.262s] [ 92%] [32mBuilding CXX object CMakeFiles/turtlebot3_ros.dir/src/node_main.cpp.o[0m
[226.888s] [100%] [32m[1mLinking CXX executable turtlebot3_ros[0m
[235.559s] [100%] Built target turtlebot3_ros
[235.668s] Invoked command in '/home/ros2/turtlebot3_ws/build/turtlebot3_node' returned '0': CMAKE_PREFIX_PATH=/opt/ros/humble /usr/bin/cmake --build /home/ros2/turtlebot3_ws/build/turtlebot3_node -- -j4 -l4
[235.996s] Invoking command in '/home/ros2/turtlebot3_ws/build/turtlebot3_node': CMAKE_PREFIX_PATH=/opt/ros/humble /usr/bin/cmake --install /home/ros2/turtlebot3_ws/build/turtlebot3_node
[236.024s] -- Install configuration: ""
[236.032s] -- Execute custom install script
[236.043s] -- Symlinking: /home/ros2/turtlebot3_ws/install/turtlebot3_node/share/turtlebot3_node/param/burger.yaml
[236.076s] -- Symlinking: /home/ros2/turtlebot3_ws/install/turtlebot3_node/share/turtlebot3_node/param/waffle.yaml
[236.108s] -- Symlinking: /home/ros2/turtlebot3_ws/install/turtlebot3_node/share/turtlebot3_node/param/waffle_pi.yaml
[236.145s] -- Symlinking: /home/ros2/turtlebot3_ws/install/turtlebot3_node/lib/turtlebot3_node/turtlebot3_ros
[236.264s] -- Symlinking: /home/ros2/turtlebot3_ws/install/turtlebot3_node/share/ament_index/resource_index/package_run_dependencies/turtlebot3_node
[236.304s] -- Symlinking: /home/ros2/turtlebot3_ws/install/turtlebot3_node/share/ament_index/resource_index/parent_prefix_path/turtlebot3_node
[236.346s] -- Symlinking: /home/ros2/turtlebot3_ws/install/turtlebot3_node/share/turtlebot3_node/environment/ament_prefix_path.sh
[236.382s] -- Symlinking: /home/ros2/turtlebot3_ws/install/turtlebot3_node/share/turtlebot3_node/environment/ament_prefix_path.dsv
[236.414s] -- Symlinking: /home/ros2/turtlebot3_ws/install/turtlebot3_node/share/turtlebot3_node/environment/path.sh
[236.449s] -- Symlinking: /home/ros2/turtlebot3_ws/install/turtlebot3_node/share/turtlebot3_node/environment/path.dsv
[236.481s] -- Symlinking: /home/ros2/turtlebot3_ws/install/turtlebot3_node/share/turtlebot3_node/local_setup.bash
[236.514s] -- Symlinking: /home/ros2/turtlebot3_ws/install/turtlebot3_node/share/turtlebot3_node/local_setup.sh
[236.549s] -- Symlinking: /home/ros2/turtlebot3_ws/install/turtlebot3_node/share/turtlebot3_node/local_setup.zsh
[236.581s] -- Symlinking: /home/ros2/turtlebot3_ws/install/turtlebot3_node/share/turtlebot3_node/local_setup.dsv
[236.614s] -- Symlinking: /home/ros2/turtlebot3_ws/install/turtlebot3_node/share/turtlebot3_node/package.dsv
[236.650s] -- Symlinking: /home/ros2/turtlebot3_ws/install/turtlebot3_node/share/ament_index/resource_index/packages/turtlebot3_node
[236.683s] -- Symlinking: /home/ros2/turtlebot3_ws/install/turtlebot3_node/share/turtlebot3_node/cmake/ament_cmake_export_include_directories-extras.cmake
[236.717s] -- Symlinking: /home/ros2/turtlebot3_ws/install/turtlebot3_node/share/turtlebot3_node/cmake/turtlebot3_nodeConfig.cmake
[236.752s] -- Symlinking: /home/ros2/turtlebot3_ws/install/turtlebot3_node/share/turtlebot3_node/cmake/turtlebot3_nodeConfig-version.cmake
[236.784s] -- Symlinking: /home/ros2/turtlebot3_ws/install/turtlebot3_node/share/turtlebot3_node/package.xml
[236.829s] Invoked command in '/home/ros2/turtlebot3_ws/build/turtlebot3_node' returned '0': CMAKE_PREFIX_PATH=/opt/ros/humble /usr/bin/cmake --install /home/ros2/turtlebot3_ws/build/turtlebot3_node
