[3.962s] Invoking command in '/home/ros2/turtlebot3_ws/build/turtlebot3_example': PYTHONPATH=/home/ros2/turtlebot3_ws/build/turtlebot3_example/prefix_override:/home/ros2/turtlebot3_ws/install/turtlebot3_example/lib/python3.10/site-packages:${PYTHONPATH} /usr/bin/python3 setup.py develop --editable --build-directory /home/ros2/turtlebot3_ws/build/turtlebot3_example/build --no-deps install_data
[4.978s] running develop
[4.983s] /usr/lib/python3/dist-packages/setuptools/command/easy_install.py:158: EasyInstallDeprecationWarning: easy_install command is deprecated. Use build and pip and other standards-based tools.
[4.984s]   warnings.warn(
[4.994s] /usr/lib/python3/dist-packages/setuptools/command/install.py:34: SetuptoolsDeprecationWarning: setup.py install is deprecated. Use build and pip and other standards-based tools.
[4.995s]   warnings.warn(
[5.565s] running egg_info
[5.566s] creating turtlebot3_example.egg-info
[5.566s] writing turtlebot3_example.egg-info/PKG-INFO
[5.567s] writing dependency_links to turtlebot3_example.egg-info/dependency_links.txt
[5.568s] writing entry points to turtlebot3_example.egg-info/entry_points.txt
[5.568s] writing requirements to turtlebot3_example.egg-info/requires.txt
[5.569s] writing top-level names to turtlebot3_example.egg-info/top_level.txt
[5.570s] writing manifest file 'turtlebot3_example.egg-info/SOURCES.txt'
[5.579s] reading manifest file 'turtlebot3_example.egg-info/SOURCES.txt'
[5.582s] writing manifest file 'turtlebot3_example.egg-info/SOURCES.txt'
[5.588s] running build_ext
[5.589s] Creating /home/ros2/turtlebot3_ws/install/turtlebot3_example/lib/python3.10/site-packages/turtlebot3-example.egg-link (link to .)
[5.593s] Installing turtlebot3_obstacle_detection script to /home/ros2/turtlebot3_ws/install/turtlebot3_example/lib/turtlebot3_example
[5.594s] Installing turtlebot3_patrol_client script to /home/ros2/turtlebot3_ws/install/turtlebot3_example/lib/turtlebot3_example
[5.594s] Installing turtlebot3_patrol_server script to /home/ros2/turtlebot3_ws/install/turtlebot3_example/lib/turtlebot3_example
[5.595s] Installing turtlebot3_position_control script to /home/ros2/turtlebot3_ws/install/turtlebot3_example/lib/turtlebot3_example
[5.596s] 
[5.597s] Installed /home/ros2/turtlebot3_ws/build/turtlebot3_example
[5.597s] running install_data
[5.598s] creating /home/ros2/turtlebot3_ws/install/turtlebot3_example/share/ament_index
[5.598s] creating /home/ros2/turtlebot3_ws/install/turtlebot3_example/share/ament_index/resource_index
[5.599s] creating /home/ros2/turtlebot3_ws/install/turtlebot3_example/share/ament_index/resource_index/packages
[5.599s] copying resource/turtlebot3_example -> /home/ros2/turtlebot3_ws/install/turtlebot3_example/share/ament_index/resource_index/packages
[5.599s] copying package.xml -> /home/ros2/turtlebot3_ws/install/turtlebot3_example/share/turtlebot3_example
[5.744s] Invoked command in '/home/ros2/turtlebot3_ws/build/turtlebot3_example' returned '0': PYTHONPATH=/home/ros2/turtlebot3_ws/build/turtlebot3_example/prefix_override:/home/ros2/turtlebot3_ws/install/turtlebot3_example/lib/python3.10/site-packages:${PYTHONPATH} /usr/bin/python3 setup.py develop --editable --build-directory /home/ros2/turtlebot3_ws/build/turtlebot3_example/build --no-deps install_data
