[5.840s] Invoking command in '/home/ros2/turtlebot3_ws/build/turtlebot3_teleop': PYTHONPATH=/home/ros2/turtlebot3_ws/build/turtlebot3_teleop/prefix_override:/home/ros2/turtlebot3_ws/install/turtlebot3_teleop/lib/python3.10/site-packages:${PYTHONPATH} /usr/bin/python3 setup.py develop --editable --build-directory /home/ros2/turtlebot3_ws/build/turtlebot3_teleop/build --no-deps install_data
[7.323s] running develop
[7.328s] /usr/lib/python3/dist-packages/setuptools/command/easy_install.py:158: EasyInstallDeprecationWarning: easy_install command is deprecated. Use build and pip and other standards-based tools.
[7.329s]   warnings.warn(
[7.352s] /usr/lib/python3/dist-packages/setuptools/command/install.py:34: SetuptoolsDeprecationWarning: setup.py install is deprecated. Use build and pip and other standards-based tools.
[7.355s]   warnings.warn(
[8.350s] running egg_info
[8.352s] writing turtlebot3_teleop.egg-info/PKG-INFO
[8.354s] writing dependency_links to turtlebot3_teleop.egg-info/dependency_links.txt
[8.357s] writing entry points to turtlebot3_teleop.egg-info/entry_points.txt
[8.359s] writing requirements to turtlebot3_teleop.egg-info/requires.txt
[8.361s] writing top-level names to turtlebot3_teleop.egg-info/top_level.txt
[8.379s] reading manifest file 'turtlebot3_teleop.egg-info/SOURCES.txt'
[8.386s] writing manifest file 'turtlebot3_teleop.egg-info/SOURCES.txt'
[8.401s] running build_ext
[8.403s] Creating /home/ros2/turtlebot3_ws/install/turtlebot3_teleop/lib/python3.10/site-packages/turtlebot3-teleop.egg-link (link to .)
[8.413s] Installing teleop_keyboard script to /home/ros2/turtlebot3_ws/install/turtlebot3_teleop/lib/turtlebot3_teleop
[8.416s] 
[8.419s] Installed /home/ros2/turtlebot3_ws/build/turtlebot3_teleop
[8.421s] running install_data
[9.170s] Invoked command in '/home/ros2/turtlebot3_ws/build/turtlebot3_teleop' returned '0': PYTHONPATH=/home/ros2/turtlebot3_ws/build/turtlebot3_teleop/prefix_override:/home/ros2/turtlebot3_ws/install/turtlebot3_teleop/lib/python3.10/site-packages:${PYTHONPATH} /usr/bin/python3 setup.py develop --editable --build-directory /home/ros2/turtlebot3_ws/build/turtlebot3_teleop/build --no-deps install_data
