[0.907s] Invoking command in '/home/ros2/turtlebot3_ws/build/ld08_driver': CMAKE_PREFIX_PATH=${CMAKE_PREFIX_PATH}:/home/ros2/turtlebot3_ws/install/turtlebot3_teleop:/home/ros2/turtlebot3_ws/install/turtlebot3_example:/opt/ros/humble /usr/bin/cmake --build /home/ros2/turtlebot3_ws/build/ld08_driver -- -j4 -l4
[1.136s] [35m[1mConsolidate compiler generated dependencies of target ld08_driver[0m
[1.274s] [100%] Built target ld08_driver
[1.329s] Invoked command in '/home/ros2/turtlebot3_ws/build/ld08_driver' returned '0': CMAKE_PREFIX_PATH=${CMAKE_PREFIX_PATH}:/home/ros2/turtlebot3_ws/install/turtlebot3_teleop:/home/ros2/turtlebot3_ws/install/turtlebot3_example:/opt/ros/humble /usr/bin/cmake --build /home/ros2/turtlebot3_ws/build/ld08_driver -- -j4 -l4
[1.696s] Invoking command in '/home/ros2/turtlebot3_ws/build/ld08_driver': CMAKE_PREFIX_PATH=${CMAKE_PREFIX_PATH}:/home/ros2/turtlebot3_ws/install/turtlebot3_teleop:/home/ros2/turtlebot3_ws/install/turtlebot3_example:/opt/ros/humble /usr/bin/cmake --install /home/ros2/turtlebot3_ws/build/ld08_driver
[1.733s] -- Install configuration: ""
[1.735s] -- Execute custom install script
[1.739s] -- Up-to-date symlink: /home/ros2/turtlebot3_ws/install/ld08_driver/share/ld08_driver/launch/ld08.launch.py
[1.741s] -- Up-to-date symlink: /home/ros2/turtlebot3_ws/install/ld08_driver/lib/ld08_driver/ld08_driver
[1.743s] -- Up-to-date symlink: /home/ros2/turtlebot3_ws/install/ld08_driver/share/ament_index/resource_index/package_run_dependencies/ld08_driver
[1.745s] -- Up-to-date symlink: /home/ros2/turtlebot3_ws/install/ld08_driver/share/ament_index/resource_index/parent_prefix_path/ld08_driver
[1.748s] -- Up-to-date symlink: /home/ros2/turtlebot3_ws/install/ld08_driver/share/ld08_driver/environment/ament_prefix_path.sh
[1.749s] -- Up-to-date symlink: /home/ros2/turtlebot3_ws/install/ld08_driver/share/ld08_driver/environment/ament_prefix_path.dsv
[1.751s] -- Up-to-date symlink: /home/ros2/turtlebot3_ws/install/ld08_driver/share/ld08_driver/environment/path.sh
[1.754s] -- Up-to-date symlink: /home/ros2/turtlebot3_ws/install/ld08_driver/share/ld08_driver/environment/path.dsv
[1.755s] -- Up-to-date symlink: /home/ros2/turtlebot3_ws/install/ld08_driver/share/ld08_driver/local_setup.bash
[1.762s] -- Up-to-date symlink: /home/ros2/turtlebot3_ws/install/ld08_driver/share/ld08_driver/local_setup.sh
[1.763s] -- Up-to-date symlink: /home/ros2/turtlebot3_ws/install/ld08_driver/share/ld08_driver/local_setup.zsh
[1.763s] -- Up-to-date symlink: /home/ros2/turtlebot3_ws/install/ld08_driver/share/ld08_driver/local_setup.dsv
[1.764s] -- Symlinking: /home/ros2/turtlebot3_ws/install/ld08_driver/share/ld08_driver/package.dsv
[1.804s] -- Up-to-date symlink: /home/ros2/turtlebot3_ws/install/ld08_driver/share/ament_index/resource_index/packages/ld08_driver
[1.807s] -- Up-to-date symlink: /home/ros2/turtlebot3_ws/install/ld08_driver/share/ld08_driver/cmake/ament_cmake_export_dependencies-extras.cmake
[1.809s] -- Up-to-date symlink: /home/ros2/turtlebot3_ws/install/ld08_driver/share/ld08_driver/cmake/ament_cmake_export_include_directories-extras.cmake
[1.813s] -- Up-to-date symlink: /home/ros2/turtlebot3_ws/install/ld08_driver/share/ld08_driver/cmake/ld08_driverConfig.cmake
[1.818s] -- Up-to-date symlink: /home/ros2/turtlebot3_ws/install/ld08_driver/share/ld08_driver/cmake/ld08_driverConfig-version.cmake
[1.819s] -- Up-to-date symlink: /home/ros2/turtlebot3_ws/install/ld08_driver/share/ld08_driver/package.xml
[2.112s] Invoked command in '/home/ros2/turtlebot3_ws/build/ld08_driver' returned '0': CMAKE_PREFIX_PATH=${CMAKE_PREFIX_PATH}:/home/ros2/turtlebot3_ws/install/turtlebot3_teleop:/home/ros2/turtlebot3_ws/install/turtlebot3_example:/opt/ros/humble /usr/bin/cmake --install /home/ros2/turtlebot3_ws/build/ld08_driver
