[3.403s] Invoking command in '/home/maddy/turtlebot3_ws/src/sound_player': PYTHONPATH=/home/maddy/turtlebot3_ws/build/sound_player/prefix_override:/home/maddy/turtlebot3_ws/install/sound_player/lib/python3.10/site-packages:${PYTHONPATH} /usr/bin/python3 setup.py egg_info --egg-base ../../build/sound_player build --build-base /home/maddy/turtlebot3_ws/build/sound_player/build install --record /home/maddy/turtlebot3_ws/build/sound_player/install.log --single-version-externally-managed
[4.513s] running egg_info
[4.516s] writing ../../build/sound_player/sound_player.egg-info/PKG-INFO
[4.518s] writing dependency_links to ../../build/sound_player/sound_player.egg-info/dependency_links.txt
[4.519s] writing entry points to ../../build/sound_player/sound_player.egg-info/entry_points.txt
[4.520s] writing requirements to ../../build/sound_player/sound_player.egg-info/requires.txt
[4.521s] writing top-level names to ../../build/sound_player/sound_player.egg-info/top_level.txt
[4.529s] reading manifest file '../../build/sound_player/sound_player.egg-info/SOURCES.txt'
[4.535s] writing manifest file '../../build/sound_player/sound_player.egg-info/SOURCES.txt'
[4.536s] running build
[4.536s] running build_py
[4.541s] copying sound_player/player.py -> /home/maddy/turtlebot3_ws/build/sound_player/build/lib/sound_player
[4.543s] running install
[4.543s] /usr/lib/python3/dist-packages/setuptools/command/install.py:34: SetuptoolsDeprecationWarning: setup.py install is deprecated. Use build and pip and other standards-based tools.
[4.544s]   warnings.warn(
[4.544s] running install_lib
[4.549s] copying /home/maddy/turtlebot3_ws/build/sound_player/build/lib/sound_player/player.py -> /home/maddy/turtlebot3_ws/install/sound_player/lib/python3.10/site-packages/sound_player
[4.553s] byte-compiling /home/maddy/turtlebot3_ws/install/sound_player/lib/python3.10/site-packages/sound_player/player.py to player.cpython-310.pyc
[4.558s] running install_data
[4.560s] running install_egg_info
[4.567s] removing '/home/maddy/turtlebot3_ws/install/sound_player/lib/python3.10/site-packages/sound_player-0.0.0-py3.10.egg-info' (and everything under it)
[4.569s] Copying ../../build/sound_player/sound_player.egg-info to /home/maddy/turtlebot3_ws/install/sound_player/lib/python3.10/site-packages/sound_player-0.0.0-py3.10.egg-info
[4.575s] running install_scripts
[4.659s] Installing sound_player script to /home/maddy/turtlebot3_ws/install/sound_player/lib/sound_player
[4.659s] Installing sound_publisher script to /home/maddy/turtlebot3_ws/install/sound_player/lib/sound_player
[4.661s] writing list of installed files to '/home/maddy/turtlebot3_ws/build/sound_player/install.log'
[4.777s] Invoked command in '/home/maddy/turtlebot3_ws/src/sound_player' returned '0': PYTHONPATH=/home/maddy/turtlebot3_ws/build/sound_player/prefix_override:/home/maddy/turtlebot3_ws/install/sound_player/lib/python3.10/site-packages:${PYTHONPATH} /usr/bin/python3 setup.py egg_info --egg-base ../../build/sound_player build --build-base /home/maddy/turtlebot3_ws/build/sound_player/build install --record /home/maddy/turtlebot3_ws/build/sound_player/install.log --single-version-externally-managed
