[3.296s] Invoking command in '/home/maddy/turtlebot3_ws/src/image_pub': PYTHONPATH=/home/maddy/turtlebot3_ws/build/image_pub/prefix_override:/home/maddy/turtlebot3_ws/install/image_pub/lib/python3.10/site-packages:${PYTHONPATH} /usr/bin/python3 setup.py egg_info --egg-base ../../build/image_pub build --build-base /home/maddy/turtlebot3_ws/build/image_pub/build install --record /home/maddy/turtlebot3_ws/build/image_pub/install.log --single-version-externally-managed
[4.373s] running egg_info
[4.376s] writing ../../build/image_pub/image_pub.egg-info/PKG-INFO
[4.377s] writing dependency_links to ../../build/image_pub/image_pub.egg-info/dependency_links.txt
[4.378s] writing entry points to ../../build/image_pub/image_pub.egg-info/entry_points.txt
[4.378s] writing requirements to ../../build/image_pub/image_pub.egg-info/requires.txt
[4.379s] writing top-level names to ../../build/image_pub/image_pub.egg-info/top_level.txt
[4.386s] reading manifest file '../../build/image_pub/image_pub.egg-info/SOURCES.txt'
[4.390s] writing manifest file '../../build/image_pub/image_pub.egg-info/SOURCES.txt'
[4.390s] running build
[4.391s] running build_py
[4.391s] copying image_pub/pub.py -> /home/maddy/turtlebot3_ws/build/image_pub/build/lib/image_pub
[4.393s] running install
[4.393s] /usr/lib/python3/dist-packages/setuptools/command/install.py:34: SetuptoolsDeprecationWarning: setup.py install is deprecated. Use build and pip and other standards-based tools.
[4.394s]   warnings.warn(
[4.394s] running install_lib
[4.398s] copying /home/maddy/turtlebot3_ws/build/image_pub/build/lib/image_pub/pub.py -> /home/maddy/turtlebot3_ws/install/image_pub/lib/python3.10/site-packages/image_pub
[4.401s] byte-compiling /home/maddy/turtlebot3_ws/install/image_pub/lib/python3.10/site-packages/image_pub/pub.py to pub.cpython-310.pyc
[4.404s] running install_data
[4.406s] running install_egg_info
[4.413s] removing '/home/maddy/turtlebot3_ws/install/image_pub/lib/python3.10/site-packages/image_pub-0.0.0-py3.10.egg-info' (and everything under it)
[4.415s] Copying ../../build/image_pub/image_pub.egg-info to /home/maddy/turtlebot3_ws/install/image_pub/lib/python3.10/site-packages/image_pub-0.0.0-py3.10.egg-info
[4.419s] running install_scripts
[4.502s] Installing pub_vid script to /home/maddy/turtlebot3_ws/install/image_pub/lib/image_pub
[4.504s] writing list of installed files to '/home/maddy/turtlebot3_ws/build/image_pub/install.log'
[4.617s] Invoked command in '/home/maddy/turtlebot3_ws/src/image_pub' returned '0': PYTHONPATH=/home/maddy/turtlebot3_ws/build/image_pub/prefix_override:/home/maddy/turtlebot3_ws/install/image_pub/lib/python3.10/site-packages:${PYTHONPATH} /usr/bin/python3 setup.py egg_info --egg-base ../../build/image_pub build --build-base /home/maddy/turtlebot3_ws/build/image_pub/build install --record /home/maddy/turtlebot3_ws/build/image_pub/install.log --single-version-externally-managed
