[0.159s] Invoking command in '/home/maddy/turtlebot3_ws/build/turtlebot3_description': CMAKE_PREFIX_PATH=/opt/ros/humble /usr/bin/cmake /home/maddy/turtlebot3_ws/src/turtlebot3/turtlebot3_description -DAMENT_CMAKE_SYMLINK_INSTALL=1 -DCMAKE_INSTALL_PREFIX=/home/maddy/turtlebot3_ws/install/turtlebot3_description
[0.401s] -- The C compiler identification is GNU 11.4.0
[0.648s] -- The CXX compiler identification is GNU 11.4.0
[0.676s] -- Detecting C compiler ABI info
[0.974s] -- Detecting C compiler ABI info - done
[1.000s] -- Check for working C compiler: /usr/bin/cc - skipped
[1.001s] -- Detecting C compile features
[1.003s] -- Detecting C compile features - done
[1.013s] -- Detecting CXX compiler ABI info
[1.338s] -- Detecting CXX compiler ABI info - done
[1.365s] -- Check for working CXX compiler: /usr/bin/c++ - skipped
[1.366s] -- Detecting CXX compile features
[1.367s] -- Detecting CXX compile features - done
[1.386s] -- Found ament_cmake: 1.3.5 (/opt/ros/humble/share/ament_cmake/cmake)
[2.137s] -- Found Python3: /usr/bin/python3.10 (found version "3.10.12") found components: Interpreter 
[2.395s] -- Override CMake install command with custom implementation using symlinks instead of copying resources
[2.591s] -- Found urdf: 2.6.0 (/opt/ros/humble/share/urdf/cmake)
[3.257s] -- Configuring done
[3.278s] -- Generating done
[3.282s] -- Build files have been written to: /home/maddy/turtlebot3_ws/build/turtlebot3_description
[3.304s] Invoked command in '/home/maddy/turtlebot3_ws/build/turtlebot3_description' returned '0': CMAKE_PREFIX_PATH=/opt/ros/humble /usr/bin/cmake /home/maddy/turtlebot3_ws/src/turtlebot3/turtlebot3_description -DAMENT_CMAKE_SYMLINK_INSTALL=1 -DCMAKE_INSTALL_PREFIX=/home/maddy/turtlebot3_ws/install/turtlebot3_description
[3.310s] Invoking command in '/home/maddy/turtlebot3_ws/build/turtlebot3_description': CMAKE_PREFIX_PATH=/opt/ros/humble /usr/bin/cmake --build /home/maddy/turtlebot3_ws/build/turtlebot3_description -- -j4 -l4
[3.446s] Invoked command in '/home/maddy/turtlebot3_ws/build/turtlebot3_description' returned '0': CMAKE_PREFIX_PATH=/opt/ros/humble /usr/bin/cmake --build /home/maddy/turtlebot3_ws/build/turtlebot3_description -- -j4 -l4
[3.553s] Invoking command in '/home/maddy/turtlebot3_ws/build/turtlebot3_description': CMAKE_PREFIX_PATH=/opt/ros/humble /usr/bin/cmake --install /home/maddy/turtlebot3_ws/build/turtlebot3_description
[3.578s] -- Install configuration: ""
[3.579s] -- Execute custom install script
[3.583s] -- Symlinking: /home/maddy/turtlebot3_ws/install/turtlebot3_description/share/turtlebot3_description/meshes/bases/burger_base.stl
[3.628s] -- Symlinking: /home/maddy/turtlebot3_ws/install/turtlebot3_description/share/turtlebot3_description/meshes/bases/waffle_base.stl
[3.663s] -- Symlinking: /home/maddy/turtlebot3_ws/install/turtlebot3_description/share/turtlebot3_description/meshes/bases/waffle_pi_base.stl
[3.693s] -- Symlinking: /home/maddy/turtlebot3_ws/install/turtlebot3_description/share/turtlebot3_description/meshes/sensors/astra.dae
[3.722s] -- Symlinking: /home/maddy/turtlebot3_ws/install/turtlebot3_description/share/turtlebot3_description/meshes/sensors/astra.jpg
[3.752s] -- Symlinking: /home/maddy/turtlebot3_ws/install/turtlebot3_description/share/turtlebot3_description/meshes/sensors/lds.stl
[3.781s] -- Symlinking: /home/maddy/turtlebot3_ws/install/turtlebot3_description/share/turtlebot3_description/meshes/sensors/r200.dae
[3.812s] -- Symlinking: /home/maddy/turtlebot3_ws/install/turtlebot3_description/share/turtlebot3_description/meshes/sensors/r200.jpg
[3.841s] -- Symlinking: /home/maddy/turtlebot3_ws/install/turtlebot3_description/share/turtlebot3_description/meshes/wheels/left_tire.stl
[3.873s] -- Symlinking: /home/maddy/turtlebot3_ws/install/turtlebot3_description/share/turtlebot3_description/meshes/wheels/right_tire.stl
[3.902s] -- Symlinking: /home/maddy/turtlebot3_ws/install/turtlebot3_description/share/turtlebot3_description/rviz/model.rviz
[3.935s] -- Symlinking: /home/maddy/turtlebot3_ws/install/turtlebot3_description/share/turtlebot3_description/urdf/common_properties.urdf
[3.965s] -- Symlinking: /home/maddy/turtlebot3_ws/install/turtlebot3_description/share/turtlebot3_description/urdf/turtlebot3_burger.urdf
[3.994s] -- Symlinking: /home/maddy/turtlebot3_ws/install/turtlebot3_description/share/turtlebot3_description/urdf/turtlebot3_waffle.urdf
[4.024s] -- Symlinking: /home/maddy/turtlebot3_ws/install/turtlebot3_description/share/turtlebot3_description/urdf/turtlebot3_waffle_pi.urdf
[4.055s] -- Symlinking: /home/maddy/turtlebot3_ws/install/turtlebot3_description/share/ament_index/resource_index/package_run_dependencies/turtlebot3_description
[4.086s] -- Symlinking: /home/maddy/turtlebot3_ws/install/turtlebot3_description/share/ament_index/resource_index/parent_prefix_path/turtlebot3_description
[4.116s] -- Symlinking: /home/maddy/turtlebot3_ws/install/turtlebot3_description/share/turtlebot3_description/environment/ament_prefix_path.sh
[4.147s] -- Symlinking: /home/maddy/turtlebot3_ws/install/turtlebot3_description/share/turtlebot3_description/environment/ament_prefix_path.dsv
[4.176s] -- Symlinking: /home/maddy/turtlebot3_ws/install/turtlebot3_description/share/turtlebot3_description/environment/path.sh
[4.207s] -- Symlinking: /home/maddy/turtlebot3_ws/install/turtlebot3_description/share/turtlebot3_description/environment/path.dsv
[4.238s] -- Symlinking: /home/maddy/turtlebot3_ws/install/turtlebot3_description/share/turtlebot3_description/local_setup.bash
[4.269s] -- Symlinking: /home/maddy/turtlebot3_ws/install/turtlebot3_description/share/turtlebot3_description/local_setup.sh
[4.298s] -- Symlinking: /home/maddy/turtlebot3_ws/install/turtlebot3_description/share/turtlebot3_description/local_setup.zsh
[4.331s] -- Symlinking: /home/maddy/turtlebot3_ws/install/turtlebot3_description/share/turtlebot3_description/local_setup.dsv
[4.360s] -- Symlinking: /home/maddy/turtlebot3_ws/install/turtlebot3_description/share/turtlebot3_description/package.dsv
[4.390s] -- Symlinking: /home/maddy/turtlebot3_ws/install/turtlebot3_description/share/ament_index/resource_index/packages/turtlebot3_description
[4.420s] -- Symlinking: /home/maddy/turtlebot3_ws/install/turtlebot3_description/share/turtlebot3_description/cmake/turtlebot3_descriptionConfig.cmake
[4.450s] -- Symlinking: /home/maddy/turtlebot3_ws/install/turtlebot3_description/share/turtlebot3_description/cmake/turtlebot3_descriptionConfig-version.cmake
[4.480s] -- Symlinking: /home/maddy/turtlebot3_ws/install/turtlebot3_description/share/turtlebot3_description/package.xml
[4.515s] Invoked command in '/home/maddy/turtlebot3_ws/build/turtlebot3_description' returned '0': CMAKE_PREFIX_PATH=/opt/ros/humble /usr/bin/cmake --install /home/maddy/turtlebot3_ws/build/turtlebot3_description
