running develop
/usr/lib/python3/dist-packages/setuptools/command/easy_install.py:158: EasyInstallDeprecationWarning: easy_install command is deprecated. Use build and pip and other standards-based tools.
  warnings.warn(
/usr/lib/python3/dist-packages/setuptools/command/install.py:34: SetuptoolsDeprecationWarning: setup.py install is deprecated. Use build and pip and other standards-based tools.
  warnings.warn(
running egg_info
creating cv_stuff.egg-info
writing cv_stuff.egg-info/PKG-INFO
writing dependency_links to cv_stuff.egg-info/dependency_links.txt
writing entry points to cv_stuff.egg-info/entry_points.txt
writing requirements to cv_stuff.egg-info/requires.txt
writing top-level names to cv_stuff.egg-info/top_level.txt
writing manifest file 'cv_stuff.egg-info/SOURCES.txt'
reading manifest file 'cv_stuff.egg-info/SOURCES.txt'
writing manifest file 'cv_stuff.egg-info/SOURCES.txt'
running build_ext
Creating /home/ros2/turtlebot3_ws/install/cv_stuff/lib/python3.10/site-packages/cv-stuff.egg-link (link to .)

Installed /home/ros2/turtlebot3_ws/build/cv_stuff
running install_data
creating /home/ros2/turtlebot3_ws/install/cv_stuff/share/ament_index
creating /home/ros2/turtlebot3_ws/install/cv_stuff/share/ament_index/resource_index
creating /home/ros2/turtlebot3_ws/install/cv_stuff/share/ament_index/resource_index/packages
copying resource/cv_stuff -> /home/ros2/turtlebot3_ws/install/cv_stuff/share/ament_index/resource_index/packages
copying package.xml -> /home/ros2/turtlebot3_ws/install/cv_stuff/share/cv_stuff
