[3.438s] Invoking command in '/home/maddy/turtlebot3_ws/src/sound_player': PYTHONPATH=/home/maddy/turtlebot3_ws/build/sound_player/prefix_override:/home/maddy/turtlebot3_ws/install/sound_player/lib/python3.10/site-packages:${PYTHONPATH} /usr/bin/python3 setup.py egg_info --egg-base ../../build/sound_player build --build-base /home/maddy/turtlebot3_ws/build/sound_player/build install --record /home/maddy/turtlebot3_ws/build/sound_player/install.log --single-version-externally-managed
[4.561s] running egg_info
[4.564s] writing ../../build/sound_player/sound_player.egg-info/PKG-INFO
[4.565s] writing dependency_links to ../../build/sound_player/sound_player.egg-info/dependency_links.txt
[4.566s] writing entry points to ../../build/sound_player/sound_player.egg-info/entry_points.txt
[4.566s] writing requirements to ../../build/sound_player/sound_player.egg-info/requires.txt
[4.567s] writing top-level names to ../../build/sound_player/sound_player.egg-info/top_level.txt
[4.574s] reading manifest file '../../build/sound_player/sound_player.egg-info/SOURCES.txt'
[4.579s] writing manifest file '../../build/sound_player/sound_player.egg-info/SOURCES.txt'
[4.579s] running build
[4.579s] running build_py
[4.580s] copying sound_player/sound_publisher.py -> /home/maddy/turtlebot3_ws/build/sound_player/build/lib/sound_player
[4.582s] running install
[4.583s] /usr/lib/python3/dist-packages/setuptools/command/install.py:34: SetuptoolsDeprecationWarning: setup.py install is deprecated. Use build and pip and other standards-based tools.
[4.583s]   warnings.warn(
[4.584s] running install_lib
[4.587s] copying /home/maddy/turtlebot3_ws/build/sound_player/build/lib/sound_player/sound_publisher.py -> /home/maddy/turtlebot3_ws/install/sound_player/lib/python3.10/site-packages/sound_player
[4.591s] byte-compiling /home/maddy/turtlebot3_ws/install/sound_player/lib/python3.10/site-packages/sound_player/sound_publisher.py to sound_publisher.cpython-310.pyc
[4.593s] running install_data
[4.596s] running install_egg_info
[4.603s] removing '/home/maddy/turtlebot3_ws/install/sound_player/lib/python3.10/site-packages/sound_player-0.0.0-py3.10.egg-info' (and everything under it)
[4.604s] Copying ../../build/sound_player/sound_player.egg-info to /home/maddy/turtlebot3_ws/install/sound_player/lib/python3.10/site-packages/sound_player-0.0.0-py3.10.egg-info
[4.610s] running install_scripts
[4.694s] Installing sound_player script to /home/maddy/turtlebot3_ws/install/sound_player/lib/sound_player
[4.694s] Installing sound_publisher script to /home/maddy/turtlebot3_ws/install/sound_player/lib/sound_player
[4.696s] writing list of installed files to '/home/maddy/turtlebot3_ws/build/sound_player/install.log'
[4.812s] Invoked command in '/home/maddy/turtlebot3_ws/src/sound_player' returned '0': PYTHONPATH=/home/maddy/turtlebot3_ws/build/sound_player/prefix_override:/home/maddy/turtlebot3_ws/install/sound_player/lib/python3.10/site-packages:${PYTHONPATH} /usr/bin/python3 setup.py egg_info --egg-base ../../build/sound_player build --build-base /home/maddy/turtlebot3_ws/build/sound_player/build install --record /home/maddy/turtlebot3_ws/build/sound_player/install.log --single-version-externally-managed
