[0.159s] Invoking command in '/home/maddy/turtlebot3_ws/build/turtlebot3_node': CMAKE_PREFIX_PATH=/opt/ros/humble /usr/bin/cmake /home/maddy/turtlebot3_ws/src/turtlebot3/turtlebot3_node -DAMENT_CMAKE_SYMLINK_INSTALL=1 -DCMAKE_INSTALL_PREFIX=/home/maddy/turtlebot3_ws/install/turtlebot3_node
[0.396s] -- The C compiler identification is GNU 11.4.0
[0.640s] -- The CXX compiler identification is GNU 11.4.0
[0.669s] -- Detecting C compiler ABI info
[0.968s] -- Detecting C compiler ABI info - done
[0.997s] -- Check for working C compiler: /usr/bin/cc - skipped
[0.998s] -- Detecting C compile features
[0.999s] -- Detecting C compile features - done
[1.010s] -- Detecting CXX compiler ABI info
[1.335s] -- Detecting CXX compiler ABI info - done
[1.363s] -- Check for working CXX compiler: /usr/bin/c++ - skipped
[1.364s] -- Detecting CXX compile features
[1.366s] -- Detecting CXX compile features - done
[1.384s] -- Found ament_cmake: 1.3.5 (/opt/ros/humble/share/ament_cmake/cmake)
[2.135s] -- Found Python3: /usr/bin/python3.10 (found version "3.10.12") found components: Interpreter 
[2.395s] -- Override CMake install command with custom implementation using symlinks instead of copying resources
[2.581s] -- Found dynamixel_sdk: 3.7.60 (/opt/ros/humble/share/dynamixel_sdk/cmake)
[2.599s] -- Found geometry_msgs: 4.2.3 (/opt/ros/humble/share/geometry_msgs/cmake)
[2.815s] -- Found rosidl_generator_c: 3.1.5 (/opt/ros/humble/share/rosidl_generator_c/cmake)
[2.847s] -- Found rosidl_adapter: 3.1.5 (/opt/ros/humble/share/rosidl_adapter/cmake)
[2.891s] -- Found rosidl_generator_cpp: 3.1.5 (/opt/ros/humble/share/rosidl_generator_cpp/cmake)
[2.957s] -- Using all available rosidl_typesupport_c: rosidl_typesupport_fastrtps_c;rosidl_typesupport_introspection_c
[3.051s] -- Using all available rosidl_typesupport_cpp: rosidl_typesupport_fastrtps_cpp;rosidl_typesupport_introspection_cpp
[3.515s] -- Found message_filters: 4.3.3 (/opt/ros/humble/share/message_filters/cmake)
[3.819s] -- Found rmw_implementation_cmake: 6.1.1 (/opt/ros/humble/share/rmw_implementation_cmake/cmake)
[3.835s] -- Found rmw_fastrtps_cpp: 6.2.4 (/opt/ros/humble/share/rmw_fastrtps_cpp/cmake)
[4.307s] -- Found OpenSSL: /usr/lib/aarch64-linux-gnu/libcrypto.so (found version "3.0.2")  
[4.456s] -- Found FastRTPS: /opt/ros/humble/include  
[4.722s] -- Using RMW implementation 'rmw_fastrtps_cpp' as default
[4.776s] -- Looking for pthread.h
[5.090s] -- Looking for pthread.h - found
[5.091s] -- Performing Test CMAKE_HAVE_LIBC_PTHREAD
[5.405s] -- Performing Test CMAKE_HAVE_LIBC_PTHREAD - Success
[5.410s] -- Found Threads: TRUE  
[5.948s] -- Found nav_msgs: 4.2.3 (/opt/ros/humble/share/nav_msgs/cmake)
[6.289s] -- Found sensor_msgs: 4.2.3 (/opt/ros/humble/share/sensor_msgs/cmake)
[6.608s] -- Found std_srvs: 4.2.3 (/opt/ros/humble/share/std_srvs/cmake)
[6.745s] -- Found tf2: 0.25.4 (/opt/ros/humble/share/tf2/cmake)
[6.841s] -- Found tf2_ros: 0.25.4 (/opt/ros/humble/share/tf2_ros/cmake)
[8.254s] -- Found turtlebot3_msgs: 2.2.3 (/opt/ros/humble/share/turtlebot3_msgs/cmake)
[8.859s] -- Configuring done
[8.957s] -- Generating done
[8.965s] -- Build files have been written to: /home/maddy/turtlebot3_ws/build/turtlebot3_node
[9.006s] Invoked command in '/home/maddy/turtlebot3_ws/build/turtlebot3_node' returned '0': CMAKE_PREFIX_PATH=/opt/ros/humble /usr/bin/cmake /home/maddy/turtlebot3_ws/src/turtlebot3/turtlebot3_node -DAMENT_CMAKE_SYMLINK_INSTALL=1 -DCMAKE_INSTALL_PREFIX=/home/maddy/turtlebot3_ws/install/turtlebot3_node
[9.013s] Invoking command in '/home/maddy/turtlebot3_ws/build/turtlebot3_node': CMAKE_PREFIX_PATH=/opt/ros/humble /usr/bin/cmake --build /home/maddy/turtlebot3_ws/build/turtlebot3_node -- -j4 -l4
[9.222s] [  7%] [32mBuilding CXX object CMakeFiles/turtlebot3_node_lib.dir/src/devices/motor_power.cpp.o[0m
[9.223s] [ 14%] [32mBuilding CXX object CMakeFiles/turtlebot3_node_lib.dir/src/devices/sound.cpp.o[0m
[9.226s] [ 21%] [32mBuilding CXX object CMakeFiles/turtlebot3_node_lib.dir/src/devices/reset.cpp.o[0m
[9.231s] [ 28%] [32mBuilding CXX object CMakeFiles/turtlebot3_node_lib.dir/src/diff_drive_controller.cpp.o[0m
[29.903s] [ 35%] [32mBuilding CXX object CMakeFiles/turtlebot3_node_lib.dir/src/dynamixel_sdk_wrapper.cpp.o[0m
[31.595s] [ 42%] [32mBuilding CXX object CMakeFiles/turtlebot3_node_lib.dir/src/odometry.cpp.o[0m
[31.645s] [ 50%] [32mBuilding CXX object CMakeFiles/turtlebot3_node_lib.dir/src/turtlebot3.cpp.o[0m
[32.873s] [ 57%] [32mBuilding CXX object CMakeFiles/turtlebot3_node_lib.dir/src/sensors/battery_state.cpp.o[0m
[33.613s] [ 64%] [32mBuilding CXX object CMakeFiles/turtlebot3_node_lib.dir/src/sensors/imu.cpp.o[0m
[59.573s] [ 71%] [32mBuilding CXX object CMakeFiles/turtlebot3_node_lib.dir/src/sensors/joint_state.cpp.o[0m
[62.315s] [ 78%] [32mBuilding CXX object CMakeFiles/turtlebot3_node_lib.dir/src/sensors/sensor_state.cpp.o[0m
[108.571s] [ 85%] [32m[1mLinking CXX static library libturtlebot3_node_lib.a[0m
[113.914s] [ 85%] Built target turtlebot3_node_lib
[114.399s] [ 92%] [32mBuilding CXX object CMakeFiles/turtlebot3_ros.dir/src/node_main.cpp.o[0m
[128.568s] [100%] [32m[1mLinking CXX executable turtlebot3_ros[0m
[137.242s] [100%] Built target turtlebot3_ros
[137.408s] Invoked command in '/home/maddy/turtlebot3_ws/build/turtlebot3_node' returned '0': CMAKE_PREFIX_PATH=/opt/ros/humble /usr/bin/cmake --build /home/maddy/turtlebot3_ws/build/turtlebot3_node -- -j4 -l4
[137.696s] Invoking command in '/home/maddy/turtlebot3_ws/build/turtlebot3_node': CMAKE_PREFIX_PATH=/opt/ros/humble /usr/bin/cmake --install /home/maddy/turtlebot3_ws/build/turtlebot3_node
[137.720s] -- Install configuration: ""
[137.721s] -- Execute custom install script
[137.724s] -- Symlinking: /home/maddy/turtlebot3_ws/install/turtlebot3_node/share/turtlebot3_node/param/burger.yaml
[137.754s] -- Symlinking: /home/maddy/turtlebot3_ws/install/turtlebot3_node/share/turtlebot3_node/param/waffle.yaml
[137.783s] -- Symlinking: /home/maddy/turtlebot3_ws/install/turtlebot3_node/share/turtlebot3_node/param/waffle_pi.yaml
[137.813s] -- Symlinking: /home/maddy/turtlebot3_ws/install/turtlebot3_node/lib/turtlebot3_node/turtlebot3_ros
[137.844s] -- Symlinking: /home/maddy/turtlebot3_ws/install/turtlebot3_node/share/ament_index/resource_index/package_run_dependencies/turtlebot3_node
[137.874s] -- Symlinking: /home/maddy/turtlebot3_ws/install/turtlebot3_node/share/ament_index/resource_index/parent_prefix_path/turtlebot3_node
[137.905s] -- Symlinking: /home/maddy/turtlebot3_ws/install/turtlebot3_node/share/turtlebot3_node/environment/ament_prefix_path.sh
[137.935s] -- Symlinking: /home/maddy/turtlebot3_ws/install/turtlebot3_node/share/turtlebot3_node/environment/ament_prefix_path.dsv
[137.964s] -- Symlinking: /home/maddy/turtlebot3_ws/install/turtlebot3_node/share/turtlebot3_node/environment/path.sh
[137.994s] -- Symlinking: /home/maddy/turtlebot3_ws/install/turtlebot3_node/share/turtlebot3_node/environment/path.dsv
[138.024s] -- Symlinking: /home/maddy/turtlebot3_ws/install/turtlebot3_node/share/turtlebot3_node/local_setup.bash
[138.054s] -- Symlinking: /home/maddy/turtlebot3_ws/install/turtlebot3_node/share/turtlebot3_node/local_setup.sh
[138.084s] -- Symlinking: /home/maddy/turtlebot3_ws/install/turtlebot3_node/share/turtlebot3_node/local_setup.zsh
[138.114s] -- Symlinking: /home/maddy/turtlebot3_ws/install/turtlebot3_node/share/turtlebot3_node/local_setup.dsv
[138.144s] -- Symlinking: /home/maddy/turtlebot3_ws/install/turtlebot3_node/share/turtlebot3_node/package.dsv
[138.175s] -- Symlinking: /home/maddy/turtlebot3_ws/install/turtlebot3_node/share/ament_index/resource_index/packages/turtlebot3_node
[138.207s] -- Symlinking: /home/maddy/turtlebot3_ws/install/turtlebot3_node/share/turtlebot3_node/cmake/ament_cmake_export_include_directories-extras.cmake
[138.237s] -- Symlinking: /home/maddy/turtlebot3_ws/install/turtlebot3_node/share/turtlebot3_node/cmake/turtlebot3_nodeConfig.cmake
[138.269s] -- Symlinking: /home/maddy/turtlebot3_ws/install/turtlebot3_node/share/turtlebot3_node/cmake/turtlebot3_nodeConfig-version.cmake
[138.298s] -- Symlinking: /home/maddy/turtlebot3_ws/install/turtlebot3_node/share/turtlebot3_node/package.xml
[138.335s] Invoked command in '/home/maddy/turtlebot3_ws/build/turtlebot3_node' returned '0': CMAKE_PREFIX_PATH=/opt/ros/humble /usr/bin/cmake --install /home/maddy/turtlebot3_ws/build/turtlebot3_node
