[4.896s] Invoking command in '/home/ros2/turtlebot3_ws/build/turtlebot3_teleop': PYTHONPATH=/home/ros2/turtlebot3_ws/build/turtlebot3_teleop/prefix_override:/home/ros2/turtlebot3_ws/install/turtlebot3_teleop/lib/python3.10/site-packages:${PYTHONPATH} /usr/bin/python3 setup.py develop --editable --build-directory /home/ros2/turtlebot3_ws/build/turtlebot3_teleop/build --no-deps install_data
[6.955s] running develop
[6.957s] /usr/lib/python3/dist-packages/setuptools/command/easy_install.py:158: EasyInstallDeprecationWarning: easy_install command is deprecated. Use build and pip and other standards-based tools.
[6.958s]   warnings.warn(
[6.994s] /usr/lib/python3/dist-packages/setuptools/command/install.py:34: SetuptoolsDeprecationWarning: setup.py install is deprecated. Use build and pip and other standards-based tools.
[6.995s]   warnings.warn(
[9.048s] running egg_info
[9.052s] writing turtlebot3_teleop.egg-info/PKG-INFO
[9.085s] writing dependency_links to turtlebot3_teleop.egg-info/dependency_links.txt
[9.086s] writing entry points to turtlebot3_teleop.egg-info/entry_points.txt
[9.088s] writing requirements to turtlebot3_teleop.egg-info/requires.txt
[9.090s] writing top-level names to turtlebot3_teleop.egg-info/top_level.txt
[9.135s] reading manifest file 'turtlebot3_teleop.egg-info/SOURCES.txt'
[9.170s] writing manifest file 'turtlebot3_teleop.egg-info/SOURCES.txt'
[9.174s] running build_ext
[9.180s] Creating /home/ros2/turtlebot3_ws/install/turtlebot3_teleop/lib/python3.10/site-packages/turtlebot3-teleop.egg-link (link to .)
[9.201s] Installing teleop_keyboard script to /home/ros2/turtlebot3_ws/install/turtlebot3_teleop/lib/turtlebot3_teleop
[9.211s] 
[9.212s] Installed /home/ros2/turtlebot3_ws/build/turtlebot3_teleop
[9.212s] running install_data
[9.891s] Invoked command in '/home/ros2/turtlebot3_ws/build/turtlebot3_teleop' returned '0': PYTHONPATH=/home/ros2/turtlebot3_ws/build/turtlebot3_teleop/prefix_override:/home/ros2/turtlebot3_ws/install/turtlebot3_teleop/lib/python3.10/site-packages:${PYTHONPATH} /usr/bin/python3 setup.py develop --editable --build-directory /home/ros2/turtlebot3_ws/build/turtlebot3_teleop/build --no-deps install_data
