[0.000000] (-) TimerEvent: {}
[0.001479] (-) JobUnselected: {'identifier': 'cv_bridge'}
[0.002064] (-) JobUnselected: {'identifier': 'cv_stuff'}
[0.002336] (-) JobUnselected: {'identifier': 'image_geometry'}
[0.002494] (-) JobUnselected: {'identifier': 'ld08_driver'}
[0.002803] (-) JobUnselected: {'identifier': 'opencv_tests'}
[0.002899] (-) JobUnselected: {'identifier': 'ros2_camera_publish'}
[0.003012] (-) JobUnselected: {'identifier': 'turtlebot3'}
[0.003161] (-) JobUnselected: {'identifier': 'turtlebot3_bringup'}
[0.003304] (-) JobUnselected: {'identifier': 'turtlebot3_description'}
[0.003536] (-) JobUnselected: {'identifier': 'turtlebot3_example'}
[0.003770] (-) JobUnselected: {'identifier': 'turtlebot3_node'}
[0.004014] (-) JobUnselected: {'identifier': 'turtlebot3_teleop'}
[0.004106] (-) JobUnselected: {'identifier': 'vision_opencv'}
[0.004190] (sound_player) JobQueued: {'identifier': 'sound_player', 'dependencies': OrderedDict()}
[0.004288] (sound_player) JobStarted: {'identifier': 'sound_player'}
[0.098913] (-) TimerEvent: {}
[0.199841] (-) TimerEvent: {}
[0.301365] (-) TimerEvent: {}
[0.402061] (-) TimerEvent: {}
[0.502677] (-) TimerEvent: {}
[0.603297] (-) TimerEvent: {}
[0.703919] (-) TimerEvent: {}
[0.804513] (-) TimerEvent: {}
[0.905159] (-) TimerEvent: {}
[1.005730] (-) TimerEvent: {}
[1.106331] (-) TimerEvent: {}
[1.206982] (-) TimerEvent: {}
[1.307745] (-) TimerEvent: {}
[1.408933] (-) TimerEvent: {}
[1.422519] (sound_player) StderrLine: {'line': b'Traceback (most recent call last):\n  File "/usr/lib/python3/dist-packages/colcon_core/executor/__init__.py", line 91, in __call__\n    rc = await self.task(*args, **kwargs)\n  File "/usr/lib/python3/dist-packages/colcon_core/task/__init__.py", line 93, in __call__\n    return await task_method(*args, **kwargs)\n  File "/usr/lib/python3/dist-packages/colcon_ros/task/ament_python/build.py", line 51, in build\n    setup_py_data = get_setup_data(self.context.pkg, env)\n  File "/usr/lib/python3/dist-packages/colcon_core/task/python/__init__.py", line 20, in get_setup_data\n    return dict(pkg.metadata[key](env))\n  File "/usr/lib/python3/dist-packages/colcon_ros/package_augmentation/ros_ament_python.py", line 57, in getter\n    return get_setup_information(\n  File "/usr/lib/python3/dist-packages/colcon_python_setup_py/package_identification/python_setup_py.py", line 241, in get_setup_information\n    _setup_information_cache[hashable_env] = _get_setup_information(\n  File "/usr/lib/python3/dist-packages/colcon_python_setup_py/package_identification/python_setup_py.py", line 288, in _get_setup_information\n    result = subprocess.run(\n  File "/usr/lib/python3.10/subprocess.py", line 526, in run\n    raise CalledProcessError(retcode, process.args,\nsubprocess.CalledProcessError: Command \'[\'/usr/bin/python3\', \'-c\', \'import sys;from contextlib import suppress;exec("with suppress(ImportError):    from setuptools.extern.packaging.specifiers    import SpecifierSet");exec("with suppress(ImportError):    from packaging.specifiers import SpecifierSet");from distutils.core import run_setup;dist = run_setup(    \\\'setup.py\\\', script_args=(\\\'--dry-run\\\',), stop_after=\\\'config\\\');skip_keys = (\\\'cmdclass\\\', \\\'distclass\\\', \\\'ext_modules\\\', \\\'metadata\\\');data = {    key: value for key, value in dist.__dict__.items()     if (        not key.startswith(\\\'_\\\') and         not callable(value) and         key not in skip_keys and         key not in dist.display_option_names    )};data[\\\'metadata\\\'] = {    k: v for k, v in dist.metadata.__dict__.items()     if k not in (\\\'license_files\\\', \\\'provides_extras\\\')};sys.stdout.buffer.write(repr(data).encode(\\\'utf-8\\\'))\']\' returned non-zero exit status 1.\n'}
[1.424146] (sound_player) JobEnded: {'identifier': 'sound_player', 'rc': 1}
[1.434031] (-) EventReactorShutdown: {}
