[12.100s] DEBUG:colcon:Command line arguments: ['/usr/bin/colcon', 'build', '--packages-select', 'cv_stuff']
[12.100s] DEBUG:colcon:Parsed command line arguments: Namespace(log_base=None, log_level=None, verb_name='build', build_base='build', install_base='install', merge_install=False, symlink_install=False, test_result_base=None, continue_on_error=False, executor='parallel', parallel_workers=4, event_handlers=None, ignore_user_meta=False, metas=['./colcon.meta'], base_paths=['.'], packages_ignore=None, packages_ignore_regex=None, paths=None, packages_up_to=None, packages_up_to_regex=None, packages_above=None, packages_above_and_dependencies=None, packages_above_depth=None, packages_select_by_dep=None, packages_skip_by_dep=None, packages_skip_up_to=None, packages_select_build_failed=False, packages_skip_build_finished=False, packages_select_test_failures=False, packages_skip_test_passed=False, packages_select=['cv_stuff'], packages_skip=None, packages_select_regex=None, packages_skip_regex=None, packages_start=None, packages_end=None, allow_overriding=[], cmake_args=None, cmake_target=None, cmake_target_skip_unavailable=False, cmake_clean_cache=False, cmake_clean_first=False, cmake_force_configure=False, ament_cmake_args=None, catkin_cmake_args=None, catkin_skip_building_tests=False, verb_parser=<colcon_defaults.argument_parser.defaults.DefaultArgumentsDecorator object at 0xffffbd519a20>, verb_extension=<colcon_core.verb.build.BuildVerb object at 0xffffbd8780d0>, main=<bound method BuildVerb.main of <colcon_core.verb.build.BuildVerb object at 0xffffbd8780d0>>)
[12.706s] Level 1:colcon.colcon_core.package_discovery:discover_packages(colcon_meta) check parameters
[12.707s] Level 1:colcon.colcon_core.package_discovery:discover_packages(recursive) check parameters
[12.708s] Level 1:colcon.colcon_core.package_discovery:discover_packages(ignore) check parameters
[12.708s] Level 1:colcon.colcon_core.package_discovery:discover_packages(path) check parameters
[12.708s] Level 1:colcon.colcon_core.package_discovery:discover_packages(colcon_meta) discover
[12.709s] Level 1:colcon.colcon_core.package_discovery:discover_packages(recursive) discover
[12.709s] INFO:colcon.colcon_core.package_discovery:Crawling recursively for packages in '/home/ros2/turtlebot3_ws'
[12.710s] Level 1:colcon.colcon_core.package_identification:_identify(.) by extensions ['ignore', 'ignore_ament_install']
[12.711s] Level 1:colcon.colcon_core.package_identification:_identify(.) by extension 'ignore'
[12.712s] Level 1:colcon.colcon_core.package_identification:_identify(.) by extension 'ignore_ament_install'
[12.712s] Level 1:colcon.colcon_core.package_identification:_identify(.) by extensions ['colcon_pkg']
[12.713s] Level 1:colcon.colcon_core.package_identification:_identify(.) by extension 'colcon_pkg'
[12.713s] Level 1:colcon.colcon_core.package_identification:_identify(.) by extensions ['colcon_meta']
[12.715s] Level 1:colcon.colcon_core.package_identification:_identify(.) by extension 'colcon_meta'
[12.716s] Level 1:colcon.colcon_core.package_identification:_identify(.) by extensions ['ros']
[12.717s] Level 1:colcon.colcon_core.package_identification:_identify(.) by extension 'ros'
[12.830s] Level 1:colcon.colcon_core.package_identification:_identify(.) by extensions ['cmake', 'python']
[12.831s] Level 1:colcon.colcon_core.package_identification:_identify(.) by extension 'cmake'
[12.831s] Level 1:colcon.colcon_core.package_identification:_identify(.) by extension 'python'
[12.832s] Level 1:colcon.colcon_core.package_identification:_identify(.) by extensions ['python_setup_py']
[12.832s] Level 1:colcon.colcon_core.package_identification:_identify(.) by extension 'python_setup_py'
[12.833s] Level 1:colcon.colcon_core.package_identification:_identify(build) by extensions ['ignore', 'ignore_ament_install']
[12.834s] Level 1:colcon.colcon_core.package_identification:_identify(build) by extension 'ignore'
[12.834s] Level 1:colcon.colcon_core.package_identification:_identify(build) ignored
[12.836s] Level 1:colcon.colcon_core.package_identification:_identify(install) by extensions ['ignore', 'ignore_ament_install']
[12.838s] Level 1:colcon.colcon_core.package_identification:_identify(install) by extension 'ignore'
[12.838s] Level 1:colcon.colcon_core.package_identification:_identify(install) ignored
[12.840s] Level 1:colcon.colcon_core.package_identification:_identify(log) by extensions ['ignore', 'ignore_ament_install']
[12.841s] Level 1:colcon.colcon_core.package_identification:_identify(log) by extension 'ignore'
[12.842s] Level 1:colcon.colcon_core.package_identification:_identify(log) ignored
[12.844s] Level 1:colcon.colcon_core.package_identification:_identify(src) by extensions ['ignore', 'ignore_ament_install']
[12.845s] Level 1:colcon.colcon_core.package_identification:_identify(src) by extension 'ignore'
[12.846s] Level 1:colcon.colcon_core.package_identification:_identify(src) by extension 'ignore_ament_install'
[12.848s] Level 1:colcon.colcon_core.package_identification:_identify(src) by extensions ['colcon_pkg']
[12.849s] Level 1:colcon.colcon_core.package_identification:_identify(src) by extension 'colcon_pkg'
[12.850s] Level 1:colcon.colcon_core.package_identification:_identify(src) by extensions ['colcon_meta']
[12.851s] Level 1:colcon.colcon_core.package_identification:_identify(src) by extension 'colcon_meta'
[12.852s] Level 1:colcon.colcon_core.package_identification:_identify(src) by extensions ['ros']
[12.853s] Level 1:colcon.colcon_core.package_identification:_identify(src) by extension 'ros'
[12.854s] Level 1:colcon.colcon_core.package_identification:_identify(src) by extensions ['cmake', 'python']
[12.856s] Level 1:colcon.colcon_core.package_identification:_identify(src) by extension 'cmake'
[12.856s] Level 1:colcon.colcon_core.package_identification:_identify(src) by extension 'python'
[12.857s] Level 1:colcon.colcon_core.package_identification:_identify(src) by extensions ['python_setup_py']
[12.857s] Level 1:colcon.colcon_core.package_identification:_identify(src) by extension 'python_setup_py'
[12.858s] Level 1:colcon.colcon_core.package_identification:_identify(src/cv_stuff) by extensions ['ignore', 'ignore_ament_install']
[12.858s] Level 1:colcon.colcon_core.package_identification:_identify(src/cv_stuff) by extension 'ignore'
[12.859s] Level 1:colcon.colcon_core.package_identification:_identify(src/cv_stuff) by extension 'ignore_ament_install'
[12.859s] Level 1:colcon.colcon_core.package_identification:_identify(src/cv_stuff) by extensions ['colcon_pkg']
[12.859s] Level 1:colcon.colcon_core.package_identification:_identify(src/cv_stuff) by extension 'colcon_pkg'
[12.860s] Level 1:colcon.colcon_core.package_identification:_identify(src/cv_stuff) by extensions ['colcon_meta']
[12.860s] Level 1:colcon.colcon_core.package_identification:_identify(src/cv_stuff) by extension 'colcon_meta'
[12.860s] Level 1:colcon.colcon_core.package_identification:_identify(src/cv_stuff) by extensions ['ros']
[12.860s] Level 1:colcon.colcon_core.package_identification:_identify(src/cv_stuff) by extension 'ros'
[12.885s] DEBUG:colcon.colcon_core.package_identification:Package 'src/cv_stuff' with type 'ros.ament_python' and name 'cv_stuff'
[12.886s] Level 1:colcon.colcon_core.package_identification:_identify(src/ld08_driver) by extensions ['ignore', 'ignore_ament_install']
[12.886s] Level 1:colcon.colcon_core.package_identification:_identify(src/ld08_driver) by extension 'ignore'
[12.886s] Level 1:colcon.colcon_core.package_identification:_identify(src/ld08_driver) by extension 'ignore_ament_install'
[12.887s] Level 1:colcon.colcon_core.package_identification:_identify(src/ld08_driver) by extensions ['colcon_pkg']
[12.887s] Level 1:colcon.colcon_core.package_identification:_identify(src/ld08_driver) by extension 'colcon_pkg'
[12.887s] Level 1:colcon.colcon_core.package_identification:_identify(src/ld08_driver) by extensions ['colcon_meta']
[12.887s] Level 1:colcon.colcon_core.package_identification:_identify(src/ld08_driver) by extension 'colcon_meta'
[12.888s] Level 1:colcon.colcon_core.package_identification:_identify(src/ld08_driver) by extensions ['ros']
[12.889s] Level 1:colcon.colcon_core.package_identification:_identify(src/ld08_driver) by extension 'ros'
[12.892s] DEBUG:colcon.colcon_core.package_identification:Package 'src/ld08_driver' with type 'ros.ament_cmake' and name 'ld08_driver'
[12.893s] Level 1:colcon.colcon_core.package_identification:_identify(src/turtlebot3) by extensions ['ignore', 'ignore_ament_install']
[12.894s] Level 1:colcon.colcon_core.package_identification:_identify(src/turtlebot3) by extension 'ignore'
[12.895s] Level 1:colcon.colcon_core.package_identification:_identify(src/turtlebot3) by extension 'ignore_ament_install'
[12.895s] Level 1:colcon.colcon_core.package_identification:_identify(src/turtlebot3) by extensions ['colcon_pkg']
[12.896s] Level 1:colcon.colcon_core.package_identification:_identify(src/turtlebot3) by extension 'colcon_pkg'
[12.896s] Level 1:colcon.colcon_core.package_identification:_identify(src/turtlebot3) by extensions ['colcon_meta']
[12.896s] Level 1:colcon.colcon_core.package_identification:_identify(src/turtlebot3) by extension 'colcon_meta'
[12.897s] Level 1:colcon.colcon_core.package_identification:_identify(src/turtlebot3) by extensions ['ros']
[12.897s] Level 1:colcon.colcon_core.package_identification:_identify(src/turtlebot3) by extension 'ros'
[12.899s] Level 1:colcon.colcon_core.package_identification:_identify(src/turtlebot3) by extensions ['cmake', 'python']
[12.900s] Level 1:colcon.colcon_core.package_identification:_identify(src/turtlebot3) by extension 'cmake'
[12.900s] Level 1:colcon.colcon_core.package_identification:_identify(src/turtlebot3) by extension 'python'
[12.901s] Level 1:colcon.colcon_core.package_identification:_identify(src/turtlebot3) by extensions ['python_setup_py']
[12.902s] Level 1:colcon.colcon_core.package_identification:_identify(src/turtlebot3) by extension 'python_setup_py'
[12.907s] Level 1:colcon.colcon_core.package_identification:_identify(src/turtlebot3/turtlebot3) by extensions ['ignore', 'ignore_ament_install']
[12.909s] Level 1:colcon.colcon_core.package_identification:_identify(src/turtlebot3/turtlebot3) by extension 'ignore'
[12.911s] Level 1:colcon.colcon_core.package_identification:_identify(src/turtlebot3/turtlebot3) by extension 'ignore_ament_install'
[12.914s] Level 1:colcon.colcon_core.package_identification:_identify(src/turtlebot3/turtlebot3) by extensions ['colcon_pkg']
[12.915s] Level 1:colcon.colcon_core.package_identification:_identify(src/turtlebot3/turtlebot3) by extension 'colcon_pkg'
[12.915s] Level 1:colcon.colcon_core.package_identification:_identify(src/turtlebot3/turtlebot3) by extensions ['colcon_meta']
[12.916s] Level 1:colcon.colcon_core.package_identification:_identify(src/turtlebot3/turtlebot3) by extension 'colcon_meta'
[12.917s] Level 1:colcon.colcon_core.package_identification:_identify(src/turtlebot3/turtlebot3) by extensions ['ros']
[12.917s] Level 1:colcon.colcon_core.package_identification:_identify(src/turtlebot3/turtlebot3) by extension 'ros'
[12.921s] DEBUG:colcon.colcon_core.package_identification:Package 'src/turtlebot3/turtlebot3' with type 'ros.ament_cmake' and name 'turtlebot3'
[12.922s] Level 1:colcon.colcon_core.package_identification:_identify(src/turtlebot3/turtlebot3_bringup) by extensions ['ignore', 'ignore_ament_install']
[12.923s] Level 1:colcon.colcon_core.package_identification:_identify(src/turtlebot3/turtlebot3_bringup) by extension 'ignore'
[12.924s] Level 1:colcon.colcon_core.package_identification:_identify(src/turtlebot3/turtlebot3_bringup) by extension 'ignore_ament_install'
[12.925s] Level 1:colcon.colcon_core.package_identification:_identify(src/turtlebot3/turtlebot3_bringup) by extensions ['colcon_pkg']
[12.927s] Level 1:colcon.colcon_core.package_identification:_identify(src/turtlebot3/turtlebot3_bringup) by extension 'colcon_pkg'
[12.928s] Level 1:colcon.colcon_core.package_identification:_identify(src/turtlebot3/turtlebot3_bringup) by extensions ['colcon_meta']
[12.928s] Level 1:colcon.colcon_core.package_identification:_identify(src/turtlebot3/turtlebot3_bringup) by extension 'colcon_meta'
[12.929s] Level 1:colcon.colcon_core.package_identification:_identify(src/turtlebot3/turtlebot3_bringup) by extensions ['ros']
[12.930s] Level 1:colcon.colcon_core.package_identification:_identify(src/turtlebot3/turtlebot3_bringup) by extension 'ros'
[12.934s] DEBUG:colcon.colcon_core.package_identification:Package 'src/turtlebot3/turtlebot3_bringup' with type 'ros.ament_cmake' and name 'turtlebot3_bringup'
[12.936s] Level 1:colcon.colcon_core.package_identification:_identify(src/turtlebot3/turtlebot3_description) by extensions ['ignore', 'ignore_ament_install']
[12.937s] Level 1:colcon.colcon_core.package_identification:_identify(src/turtlebot3/turtlebot3_description) by extension 'ignore'
[12.938s] Level 1:colcon.colcon_core.package_identification:_identify(src/turtlebot3/turtlebot3_description) by extension 'ignore_ament_install'
[12.938s] Level 1:colcon.colcon_core.package_identification:_identify(src/turtlebot3/turtlebot3_description) by extensions ['colcon_pkg']
[12.939s] Level 1:colcon.colcon_core.package_identification:_identify(src/turtlebot3/turtlebot3_description) by extension 'colcon_pkg'
[12.940s] Level 1:colcon.colcon_core.package_identification:_identify(src/turtlebot3/turtlebot3_description) by extensions ['colcon_meta']
[12.940s] Level 1:colcon.colcon_core.package_identification:_identify(src/turtlebot3/turtlebot3_description) by extension 'colcon_meta'
[12.941s] Level 1:colcon.colcon_core.package_identification:_identify(src/turtlebot3/turtlebot3_description) by extensions ['ros']
[12.941s] Level 1:colcon.colcon_core.package_identification:_identify(src/turtlebot3/turtlebot3_description) by extension 'ros'
[12.947s] DEBUG:colcon.colcon_core.package_identification:Package 'src/turtlebot3/turtlebot3_description' with type 'ros.ament_cmake' and name 'turtlebot3_description'
[12.949s] Level 1:colcon.colcon_core.package_identification:_identify(src/turtlebot3/turtlebot3_example) by extensions ['ignore', 'ignore_ament_install']
[12.950s] Level 1:colcon.colcon_core.package_identification:_identify(src/turtlebot3/turtlebot3_example) by extension 'ignore'
[12.952s] Level 1:colcon.colcon_core.package_identification:_identify(src/turtlebot3/turtlebot3_example) by extension 'ignore_ament_install'
[12.955s] Level 1:colcon.colcon_core.package_identification:_identify(src/turtlebot3/turtlebot3_example) by extensions ['colcon_pkg']
[12.956s] Level 1:colcon.colcon_core.package_identification:_identify(src/turtlebot3/turtlebot3_example) by extension 'colcon_pkg'
[12.957s] Level 1:colcon.colcon_core.package_identification:_identify(src/turtlebot3/turtlebot3_example) by extensions ['colcon_meta']
[12.958s] Level 1:colcon.colcon_core.package_identification:_identify(src/turtlebot3/turtlebot3_example) by extension 'colcon_meta'
[12.960s] Level 1:colcon.colcon_core.package_identification:_identify(src/turtlebot3/turtlebot3_example) by extensions ['ros']
[12.961s] Level 1:colcon.colcon_core.package_identification:_identify(src/turtlebot3/turtlebot3_example) by extension 'ros'
[12.970s] DEBUG:colcon.colcon_core.package_identification:Package 'src/turtlebot3/turtlebot3_example' with type 'ros.ament_python' and name 'turtlebot3_example'
[12.972s] Level 1:colcon.colcon_core.package_identification:_identify(src/turtlebot3/turtlebot3_node) by extensions ['ignore', 'ignore_ament_install']
[12.972s] Level 1:colcon.colcon_core.package_identification:_identify(src/turtlebot3/turtlebot3_node) by extension 'ignore'
[12.973s] Level 1:colcon.colcon_core.package_identification:_identify(src/turtlebot3/turtlebot3_node) by extension 'ignore_ament_install'
[12.973s] Level 1:colcon.colcon_core.package_identification:_identify(src/turtlebot3/turtlebot3_node) by extensions ['colcon_pkg']
[12.973s] Level 1:colcon.colcon_core.package_identification:_identify(src/turtlebot3/turtlebot3_node) by extension 'colcon_pkg'
[12.974s] Level 1:colcon.colcon_core.package_identification:_identify(src/turtlebot3/turtlebot3_node) by extensions ['colcon_meta']
[12.974s] Level 1:colcon.colcon_core.package_identification:_identify(src/turtlebot3/turtlebot3_node) by extension 'colcon_meta'
[12.974s] Level 1:colcon.colcon_core.package_identification:_identify(src/turtlebot3/turtlebot3_node) by extensions ['ros']
[12.974s] Level 1:colcon.colcon_core.package_identification:_identify(src/turtlebot3/turtlebot3_node) by extension 'ros'
[12.982s] DEBUG:colcon.colcon_core.package_identification:Package 'src/turtlebot3/turtlebot3_node' with type 'ros.ament_cmake' and name 'turtlebot3_node'
[12.983s] Level 1:colcon.colcon_core.package_identification:_identify(src/turtlebot3/turtlebot3_teleop) by extensions ['ignore', 'ignore_ament_install']
[12.983s] Level 1:colcon.colcon_core.package_identification:_identify(src/turtlebot3/turtlebot3_teleop) by extension 'ignore'
[12.984s] Level 1:colcon.colcon_core.package_identification:_identify(src/turtlebot3/turtlebot3_teleop) by extension 'ignore_ament_install'
[12.984s] Level 1:colcon.colcon_core.package_identification:_identify(src/turtlebot3/turtlebot3_teleop) by extensions ['colcon_pkg']
[12.984s] Level 1:colcon.colcon_core.package_identification:_identify(src/turtlebot3/turtlebot3_teleop) by extension 'colcon_pkg'
[12.985s] Level 1:colcon.colcon_core.package_identification:_identify(src/turtlebot3/turtlebot3_teleop) by extensions ['colcon_meta']
[12.985s] Level 1:colcon.colcon_core.package_identification:_identify(src/turtlebot3/turtlebot3_teleop) by extension 'colcon_meta'
[12.986s] Level 1:colcon.colcon_core.package_identification:_identify(src/turtlebot3/turtlebot3_teleop) by extensions ['ros']
[12.986s] Level 1:colcon.colcon_core.package_identification:_identify(src/turtlebot3/turtlebot3_teleop) by extension 'ros'
[13.003s] DEBUG:colcon.colcon_core.package_identification:Package 'src/turtlebot3/turtlebot3_teleop' with type 'ros.ament_python' and name 'turtlebot3_teleop'
[13.006s] Level 1:colcon.colcon_core.package_identification:_identify(src/vision_opencv) by extensions ['ignore', 'ignore_ament_install']
[13.007s] Level 1:colcon.colcon_core.package_identification:_identify(src/vision_opencv) by extension 'ignore'
[13.008s] Level 1:colcon.colcon_core.package_identification:_identify(src/vision_opencv) by extension 'ignore_ament_install'
[13.009s] Level 1:colcon.colcon_core.package_identification:_identify(src/vision_opencv) by extensions ['colcon_pkg']
[13.009s] Level 1:colcon.colcon_core.package_identification:_identify(src/vision_opencv) by extension 'colcon_pkg'
[13.009s] Level 1:colcon.colcon_core.package_identification:_identify(src/vision_opencv) by extensions ['colcon_meta']
[13.010s] Level 1:colcon.colcon_core.package_identification:_identify(src/vision_opencv) by extension 'colcon_meta'
[13.010s] Level 1:colcon.colcon_core.package_identification:_identify(src/vision_opencv) by extensions ['ros']
[13.010s] Level 1:colcon.colcon_core.package_identification:_identify(src/vision_opencv) by extension 'ros'
[13.011s] Level 1:colcon.colcon_core.package_identification:_identify(src/vision_opencv) by extensions ['cmake', 'python']
[13.011s] Level 1:colcon.colcon_core.package_identification:_identify(src/vision_opencv) by extension 'cmake'
[13.012s] Level 1:colcon.colcon_core.package_identification:_identify(src/vision_opencv) by extension 'python'
[13.012s] Level 1:colcon.colcon_core.package_identification:_identify(src/vision_opencv) by extensions ['python_setup_py']
[13.012s] Level 1:colcon.colcon_core.package_identification:_identify(src/vision_opencv) by extension 'python_setup_py'
[13.014s] Level 1:colcon.colcon_core.package_identification:_identify(src/vision_opencv/cv_bridge) by extensions ['ignore', 'ignore_ament_install']
[13.014s] Level 1:colcon.colcon_core.package_identification:_identify(src/vision_opencv/cv_bridge) by extension 'ignore'
[13.015s] Level 1:colcon.colcon_core.package_identification:_identify(src/vision_opencv/cv_bridge) by extension 'ignore_ament_install'
[13.016s] Level 1:colcon.colcon_core.package_identification:_identify(src/vision_opencv/cv_bridge) by extensions ['colcon_pkg']
[13.017s] Level 1:colcon.colcon_core.package_identification:_identify(src/vision_opencv/cv_bridge) by extension 'colcon_pkg'
[13.018s] Level 1:colcon.colcon_core.package_identification:_identify(src/vision_opencv/cv_bridge) by extensions ['colcon_meta']
[13.019s] Level 1:colcon.colcon_core.package_identification:_identify(src/vision_opencv/cv_bridge) by extension 'colcon_meta'
[13.020s] Level 1:colcon.colcon_core.package_identification:_identify(src/vision_opencv/cv_bridge) by extensions ['ros']
[13.020s] Level 1:colcon.colcon_core.package_identification:_identify(src/vision_opencv/cv_bridge) by extension 'ros'
[13.028s] DEBUG:colcon.colcon_core.package_identification:Package 'src/vision_opencv/cv_bridge' with type 'ros.ament_cmake' and name 'cv_bridge'
[13.030s] Level 1:colcon.colcon_core.package_identification:_identify(src/vision_opencv/image_geometry) by extensions ['ignore', 'ignore_ament_install']
[13.032s] Level 1:colcon.colcon_core.package_identification:_identify(src/vision_opencv/image_geometry) by extension 'ignore'
[13.034s] Level 1:colcon.colcon_core.package_identification:_identify(src/vision_opencv/image_geometry) by extension 'ignore_ament_install'
[13.034s] Level 1:colcon.colcon_core.package_identification:_identify(src/vision_opencv/image_geometry) by extensions ['colcon_pkg']
[13.035s] Level 1:colcon.colcon_core.package_identification:_identify(src/vision_opencv/image_geometry) by extension 'colcon_pkg'
[13.036s] Level 1:colcon.colcon_core.package_identification:_identify(src/vision_opencv/image_geometry) by extensions ['colcon_meta']
[13.036s] Level 1:colcon.colcon_core.package_identification:_identify(src/vision_opencv/image_geometry) by extension 'colcon_meta'
[13.037s] Level 1:colcon.colcon_core.package_identification:_identify(src/vision_opencv/image_geometry) by extensions ['ros']
[13.037s] Level 1:colcon.colcon_core.package_identification:_identify(src/vision_opencv/image_geometry) by extension 'ros'
[13.042s] DEBUG:colcon.colcon_core.package_identification:Package 'src/vision_opencv/image_geometry' with type 'ros.ament_cmake' and name 'image_geometry'
[13.043s] Level 1:colcon.colcon_core.package_identification:_identify(src/vision_opencv/opencv_tests) by extensions ['ignore', 'ignore_ament_install']
[13.044s] Level 1:colcon.colcon_core.package_identification:_identify(src/vision_opencv/opencv_tests) by extension 'ignore'
[13.045s] Level 1:colcon.colcon_core.package_identification:_identify(src/vision_opencv/opencv_tests) by extension 'ignore_ament_install'
[13.047s] Level 1:colcon.colcon_core.package_identification:_identify(src/vision_opencv/opencv_tests) by extensions ['colcon_pkg']
[13.049s] Level 1:colcon.colcon_core.package_identification:_identify(src/vision_opencv/opencv_tests) by extension 'colcon_pkg'
[13.050s] Level 1:colcon.colcon_core.package_identification:_identify(src/vision_opencv/opencv_tests) by extensions ['colcon_meta']
[13.052s] Level 1:colcon.colcon_core.package_identification:_identify(src/vision_opencv/opencv_tests) by extension 'colcon_meta'
[13.053s] Level 1:colcon.colcon_core.package_identification:_identify(src/vision_opencv/opencv_tests) by extensions ['ros']
[13.055s] Level 1:colcon.colcon_core.package_identification:_identify(src/vision_opencv/opencv_tests) by extension 'ros'
[13.064s] DEBUG:colcon.colcon_core.package_identification:Package 'src/vision_opencv/opencv_tests' with type 'ros.ament_python' and name 'opencv_tests'
[13.065s] Level 1:colcon.colcon_core.package_identification:_identify(src/vision_opencv/vision_opencv) by extensions ['ignore', 'ignore_ament_install']
[13.066s] Level 1:colcon.colcon_core.package_identification:_identify(src/vision_opencv/vision_opencv) by extension 'ignore'
[13.068s] Level 1:colcon.colcon_core.package_identification:_identify(src/vision_opencv/vision_opencv) by extension 'ignore_ament_install'
[13.068s] Level 1:colcon.colcon_core.package_identification:_identify(src/vision_opencv/vision_opencv) by extensions ['colcon_pkg']
[13.069s] Level 1:colcon.colcon_core.package_identification:_identify(src/vision_opencv/vision_opencv) by extension 'colcon_pkg'
[13.069s] Level 1:colcon.colcon_core.package_identification:_identify(src/vision_opencv/vision_opencv) by extensions ['colcon_meta']
[13.069s] Level 1:colcon.colcon_core.package_identification:_identify(src/vision_opencv/vision_opencv) by extension 'colcon_meta'
[13.070s] Level 1:colcon.colcon_core.package_identification:_identify(src/vision_opencv/vision_opencv) by extensions ['ros']
[13.070s] Level 1:colcon.colcon_core.package_identification:_identify(src/vision_opencv/vision_opencv) by extension 'ros'
[13.074s] DEBUG:colcon.colcon_core.package_identification:Package 'src/vision_opencv/vision_opencv' with type 'ros.ament_cmake' and name 'vision_opencv'
[13.075s] Level 1:colcon.colcon_core.package_discovery:discover_packages(recursive) using defaults
[13.076s] Level 1:colcon.colcon_core.package_discovery:discover_packages(ignore) discover
[13.076s] Level 1:colcon.colcon_core.package_discovery:discover_packages(ignore) using defaults
[13.076s] Level 1:colcon.colcon_core.package_discovery:discover_packages(path) discover
[13.076s] Level 1:colcon.colcon_core.package_discovery:discover_packages(path) using defaults
[13.789s] INFO:colcon.colcon_core.package_selection:Skipping not selected package 'cv_bridge' in 'src/vision_opencv/cv_bridge'
[13.790s] INFO:colcon.colcon_core.package_selection:Skipping not selected package 'image_geometry' in 'src/vision_opencv/image_geometry'
[13.790s] INFO:colcon.colcon_core.package_selection:Skipping not selected package 'ld08_driver' in 'src/ld08_driver'
[13.790s] INFO:colcon.colcon_core.package_selection:Skipping not selected package 'turtlebot3_description' in 'src/turtlebot3/turtlebot3_description'
[13.791s] INFO:colcon.colcon_core.package_selection:Skipping not selected package 'turtlebot3_example' in 'src/turtlebot3/turtlebot3_example'
[13.791s] INFO:colcon.colcon_core.package_selection:Skipping not selected package 'turtlebot3_node' in 'src/turtlebot3/turtlebot3_node'
[13.791s] INFO:colcon.colcon_core.package_selection:Skipping not selected package 'turtlebot3_teleop' in 'src/turtlebot3/turtlebot3_teleop'
[13.791s] INFO:colcon.colcon_core.package_selection:Skipping not selected package 'opencv_tests' in 'src/vision_opencv/opencv_tests'
[13.791s] INFO:colcon.colcon_core.package_selection:Skipping not selected package 'turtlebot3_bringup' in 'src/turtlebot3/turtlebot3_bringup'
[13.792s] INFO:colcon.colcon_core.package_selection:Skipping not selected package 'vision_opencv' in 'src/vision_opencv/vision_opencv'
[13.792s] INFO:colcon.colcon_core.package_selection:Skipping not selected package 'turtlebot3' in 'src/turtlebot3/turtlebot3'
[14.104s] Level 1:colcon.colcon_core.package_discovery:discover_packages(prefix_path) check parameters
[14.105s] Level 1:colcon.colcon_core.package_discovery:discover_packages(prefix_path) discover
[14.478s] DEBUG:colcon.colcon_installed_package_information.package_discovery:Found 12 installed packages in /home/ros2/turtlebot3_ws/install
[14.678s] DEBUG:colcon.colcon_installed_package_information.package_discovery:Found 183 installed packages in /opt/ros/humble
[14.686s] Level 1:colcon.colcon_core.package_discovery:discover_packages(prefix_path) using defaults
[15.491s] Level 5:colcon.colcon_core.verb:set package 'cv_stuff' build argument 'cmake_args' from command line to 'None'
[15.492s] Level 5:colcon.colcon_core.verb:set package 'cv_stuff' build argument 'cmake_target' from command line to 'None'
[15.494s] Level 5:colcon.colcon_core.verb:set package 'cv_stuff' build argument 'cmake_target_skip_unavailable' from command line to 'False'
[15.495s] Level 5:colcon.colcon_core.verb:set package 'cv_stuff' build argument 'cmake_clean_cache' from command line to 'False'
[15.496s] Level 5:colcon.colcon_core.verb:set package 'cv_stuff' build argument 'cmake_clean_first' from command line to 'False'
[15.496s] Level 5:colcon.colcon_core.verb:set package 'cv_stuff' build argument 'cmake_force_configure' from command line to 'False'
[15.497s] Level 5:colcon.colcon_core.verb:set package 'cv_stuff' build argument 'ament_cmake_args' from command line to 'None'
[15.497s] Level 5:colcon.colcon_core.verb:set package 'cv_stuff' build argument 'catkin_cmake_args' from command line to 'None'
[15.497s] Level 5:colcon.colcon_core.verb:set package 'cv_stuff' build argument 'catkin_skip_building_tests' from command line to 'False'
[15.497s] DEBUG:colcon.colcon_core.verb:Building package 'cv_stuff' with the following arguments: {'ament_cmake_args': None, 'build_base': '/home/ros2/turtlebot3_ws/build/cv_stuff', 'catkin_cmake_args': None, 'catkin_skip_building_tests': False, 'cmake_args': None, 'cmake_clean_cache': False, 'cmake_clean_first': False, 'cmake_force_configure': False, 'cmake_target': None, 'cmake_target_skip_unavailable': False, 'install_base': '/home/ros2/turtlebot3_ws/install/cv_stuff', 'merge_install': False, 'path': '/home/ros2/turtlebot3_ws/src/cv_stuff', 'symlink_install': False, 'test_result_base': None}
[15.657s] INFO:colcon.colcon_core.executor:Executing jobs using 'parallel' executor
[15.845s] DEBUG:colcon.colcon_parallel_executor.executor.parallel:run_until_complete
[15.847s] INFO:colcon.colcon_ros.task.ament_python.build:Building ROS package in '/home/ros2/turtlebot3_ws/src/cv_stuff' with build type 'ament_python'
[15.851s] Level 1:colcon.colcon_core.shell:create_environment_hook('cv_stuff', 'ament_prefix_path')
[16.138s] INFO:colcon.colcon_core.plugin_system:Skipping extension 'colcon_core.shell.bat': Not used on non-Windows systems
[16.141s] INFO:colcon.colcon_core.shell:Creating environment hook '/home/ros2/turtlebot3_ws/install/cv_stuff/share/cv_stuff/hook/ament_prefix_path.ps1'
[16.156s] INFO:colcon.colcon_core.shell:Creating environment descriptor '/home/ros2/turtlebot3_ws/install/cv_stuff/share/cv_stuff/hook/ament_prefix_path.dsv'
[16.164s] INFO:colcon.colcon_core.shell:Creating environment hook '/home/ros2/turtlebot3_ws/install/cv_stuff/share/cv_stuff/hook/ament_prefix_path.sh'
[16.363s] INFO:colcon.colcon_core.shell:Skip shell extension 'powershell' for command environment: Not usable outside of PowerShell
[16.365s] DEBUG:colcon.colcon_core.shell:Skip shell extension 'dsv' for command environment
[20.231s] INFO:colcon.colcon_core.task.python.build:Building Python package in '/home/ros2/turtlebot3_ws/src/cv_stuff'
[20.426s] INFO:colcon.colcon_core.shell:Skip shell extension 'powershell' for command environment: Not usable outside of PowerShell
[20.427s] DEBUG:colcon.colcon_core.shell:Skip shell extension 'dsv' for command environment
[24.806s] DEBUG:colcon.colcon_core.event_handler.log_command:Invoking command in '/home/ros2/turtlebot3_ws/src/cv_stuff': CMAKE_PREFIX_PATH=/home/ros2/turtlebot3_ws/install/cv_bridge:/home/ros2/turtlebot3_ws/install/vision_opencv:/home/ros2/turtlebot3_ws/install/turtlebot3:/home/ros2/turtlebot3_ws/install/turtlebot3_bringup:/home/ros2/turtlebot3_ws/install/turtlebot3_node:/home/ros2/turtlebot3_ws/install/turtlebot3_description:/home/ros2/turtlebot3_ws/install/ld08_driver:/home/ros2/turtlebot3_ws/install/image_geometry PYTHONPATH=/home/ros2/turtlebot3_ws/build/cv_stuff/prefix_override:/home/ros2/turtlebot3_ws/install/cv_stuff/lib/python3.10/site-packages:${PYTHONPATH} /usr/bin/python3 setup.py egg_info --egg-base ../../build/cv_stuff build --build-base /home/ros2/turtlebot3_ws/build/cv_stuff/build install --record /home/ros2/turtlebot3_ws/build/cv_stuff/install.log --single-version-externally-managed
[28.356s] DEBUG:colcon.colcon_core.event_handler.log_command:Invoked command in '/home/ros2/turtlebot3_ws/src/cv_stuff' returned '0': CMAKE_PREFIX_PATH=/home/ros2/turtlebot3_ws/install/cv_bridge:/home/ros2/turtlebot3_ws/install/vision_opencv:/home/ros2/turtlebot3_ws/install/turtlebot3:/home/ros2/turtlebot3_ws/install/turtlebot3_bringup:/home/ros2/turtlebot3_ws/install/turtlebot3_node:/home/ros2/turtlebot3_ws/install/turtlebot3_description:/home/ros2/turtlebot3_ws/install/ld08_driver:/home/ros2/turtlebot3_ws/install/image_geometry PYTHONPATH=/home/ros2/turtlebot3_ws/build/cv_stuff/prefix_override:/home/ros2/turtlebot3_ws/install/cv_stuff/lib/python3.10/site-packages:${PYTHONPATH} /usr/bin/python3 setup.py egg_info --egg-base ../../build/cv_stuff build --build-base /home/ros2/turtlebot3_ws/build/cv_stuff/build install --record /home/ros2/turtlebot3_ws/build/cv_stuff/install.log --single-version-externally-managed
[28.610s] Level 1:colcon.colcon_core.environment:checking '/home/ros2/turtlebot3_ws/install/cv_stuff' for CMake module files
[28.615s] Level 1:colcon.colcon_core.environment:checking '/home/ros2/turtlebot3_ws/install/cv_stuff' for CMake config files
[28.624s] Level 1:colcon.colcon_core.environment:checking '/home/ros2/turtlebot3_ws/install/cv_stuff/lib'
[28.627s] Level 1:colcon.colcon_core.environment:checking '/home/ros2/turtlebot3_ws/install/cv_stuff/bin'
[28.628s] Level 1:colcon.colcon_core.environment:checking '/home/ros2/turtlebot3_ws/install/cv_stuff/lib/pkgconfig/cv_stuff.pc'
[28.630s] Level 1:colcon.colcon_core.environment:checking '/home/ros2/turtlebot3_ws/install/cv_stuff/lib/python3.10/site-packages'
[28.630s] Level 1:colcon.colcon_core.shell:create_environment_hook('cv_stuff', 'pythonpath')
[28.813s] INFO:colcon.colcon_core.shell:Creating environment hook '/home/ros2/turtlebot3_ws/install/cv_stuff/share/cv_stuff/hook/pythonpath.ps1'
[28.820s] INFO:colcon.colcon_core.shell:Creating environment descriptor '/home/ros2/turtlebot3_ws/install/cv_stuff/share/cv_stuff/hook/pythonpath.dsv'
[28.825s] INFO:colcon.colcon_core.shell:Creating environment hook '/home/ros2/turtlebot3_ws/install/cv_stuff/share/cv_stuff/hook/pythonpath.sh'
[28.834s] Level 1:colcon.colcon_core.environment:checking '/home/ros2/turtlebot3_ws/install/cv_stuff/bin'
[28.835s] Level 1:colcon.colcon_core.environment:create_environment_scripts_only(cv_stuff)
[29.038s] INFO:colcon.colcon_core.shell:Creating package script '/home/ros2/turtlebot3_ws/install/cv_stuff/share/cv_stuff/package.ps1'
[29.051s] INFO:colcon.colcon_core.shell:Creating package descriptor '/home/ros2/turtlebot3_ws/install/cv_stuff/share/cv_stuff/package.dsv'
[29.066s] INFO:colcon.colcon_core.shell:Creating package script '/home/ros2/turtlebot3_ws/install/cv_stuff/share/cv_stuff/package.sh'
[29.077s] INFO:colcon.colcon_core.shell:Creating package script '/home/ros2/turtlebot3_ws/install/cv_stuff/share/cv_stuff/package.bash'
[29.086s] INFO:colcon.colcon_core.shell:Creating package script '/home/ros2/turtlebot3_ws/install/cv_stuff/share/cv_stuff/package.zsh'
[29.094s] Level 1:colcon.colcon_core.environment:create_file_with_runtime_dependencies(/home/ros2/turtlebot3_ws/install/cv_stuff/share/colcon-core/packages/cv_stuff)
[29.097s] DEBUG:colcon.colcon_parallel_executor.executor.parallel:closing loop
[29.100s] DEBUG:colcon.colcon_parallel_executor.executor.parallel:loop closed
[29.101s] DEBUG:colcon.colcon_parallel_executor.executor.parallel:run_until_complete finished with '0'
[29.102s] DEBUG:colcon.colcon_core.event_reactor:joining thread
[29.424s] INFO:colcon.colcon_core.plugin_system:Skipping extension 'colcon_notification.desktop_notification.terminal_notifier': Not used on non-Darwin systems
[29.426s] INFO:colcon.colcon_core.plugin_system:Skipping extension 'colcon_notification.desktop_notification.win32': Not used on non-Windows systems
[29.428s] INFO:colcon.colcon_notification.desktop_notification:Sending desktop notification using 'notify2'
[29.570s] DEBUG:colcon.colcon_core.event_reactor:joined thread
[29.774s] INFO:colcon.colcon_core.shell:Creating prefix script '/home/ros2/turtlebot3_ws/install/local_setup.ps1'
[29.783s] INFO:colcon.colcon_core.shell:Creating prefix util module '/home/ros2/turtlebot3_ws/install/_local_setup_util_ps1.py'
[29.792s] INFO:colcon.colcon_core.shell:Creating prefix chain script '/home/ros2/turtlebot3_ws/install/setup.ps1'
[30.030s] INFO:colcon.colcon_core.shell:Creating prefix script '/home/ros2/turtlebot3_ws/install/local_setup.sh'
[30.036s] INFO:colcon.colcon_core.shell:Creating prefix util module '/home/ros2/turtlebot3_ws/install/_local_setup_util_sh.py'
[30.042s] INFO:colcon.colcon_core.shell:Creating prefix chain script '/home/ros2/turtlebot3_ws/install/setup.sh'
[30.275s] INFO:colcon.colcon_core.shell:Creating prefix script '/home/ros2/turtlebot3_ws/install/local_setup.bash'
[30.281s] INFO:colcon.colcon_core.shell:Creating prefix chain script '/home/ros2/turtlebot3_ws/install/setup.bash'
[30.459s] INFO:colcon.colcon_core.shell:Creating prefix script '/home/ros2/turtlebot3_ws/install/local_setup.zsh'
[30.463s] INFO:colcon.colcon_core.shell:Creating prefix chain script '/home/ros2/turtlebot3_ws/install/setup.zsh'
