[6.143s] Invoking command in '/home/maddy/turtlebot3_ws/build/turtlebot3_teleop': PYTHONPATH=/home/maddy/turtlebot3_ws/build/turtlebot3_teleop/prefix_override:/home/maddy/turtlebot3_ws/install/turtlebot3_teleop/lib/python3.10/site-packages:${PYTHONPATH} /usr/bin/python3 setup.py develop --uninstall --editable --build-directory /home/maddy/turtlebot3_ws/build/turtlebot3_teleop/build
[7.941s] running develop
[7.941s] /usr/lib/python3/dist-packages/setuptools/command/easy_install.py:158: EasyInstallDeprecationWarning: easy_install command is deprecated. Use build and pip and other standards-based tools.
[7.942s]   warnings.warn(
[7.947s] /usr/lib/python3/dist-packages/setuptools/command/install.py:34: SetuptoolsDeprecationWarning: setup.py install is deprecated. Use build and pip and other standards-based tools.
[7.947s]   warnings.warn(
[9.000s] Removing /home/maddy/turtlebot3_ws/install/turtlebot3_teleop/lib/python3.10/site-packages/turtlebot3-teleop.egg-link (link to .)
[9.312s] Invoked command in '/home/maddy/turtlebot3_ws/build/turtlebot3_teleop' returned '0': PYTHONPATH=/home/maddy/turtlebot3_ws/build/turtlebot3_teleop/prefix_override:/home/maddy/turtlebot3_ws/install/turtlebot3_teleop/lib/python3.10/site-packages:${PYTHONPATH} /usr/bin/python3 setup.py develop --uninstall --editable --build-directory /home/maddy/turtlebot3_ws/build/turtlebot3_teleop/build
[9.313s] Invoking command in '/home/maddy/turtlebot3_ws/src/turtlebot3/turtlebot3_teleop': PYTHONPATH=/home/maddy/turtlebot3_ws/build/turtlebot3_teleop/prefix_override:/home/maddy/turtlebot3_ws/install/turtlebot3_teleop/lib/python3.10/site-packages:${PYTHONPATH} /usr/bin/python3 setup.py egg_info --egg-base ../../../build/turtlebot3_teleop build --build-base /home/maddy/turtlebot3_ws/build/turtlebot3_teleop/build install --record /home/maddy/turtlebot3_ws/build/turtlebot3_teleop/install.log --single-version-externally-managed
[10.864s] running egg_info
[10.867s] writing ../../../build/turtlebot3_teleop/turtlebot3_teleop.egg-info/PKG-INFO
[10.868s] writing dependency_links to ../../../build/turtlebot3_teleop/turtlebot3_teleop.egg-info/dependency_links.txt
[10.869s] writing entry points to ../../../build/turtlebot3_teleop/turtlebot3_teleop.egg-info/entry_points.txt
[10.870s] writing requirements to ../../../build/turtlebot3_teleop/turtlebot3_teleop.egg-info/requires.txt
[10.872s] writing top-level names to ../../../build/turtlebot3_teleop/turtlebot3_teleop.egg-info/top_level.txt
[10.881s] reading manifest file '../../../build/turtlebot3_teleop/turtlebot3_teleop.egg-info/SOURCES.txt'
[10.886s] writing manifest file '../../../build/turtlebot3_teleop/turtlebot3_teleop.egg-info/SOURCES.txt'
[10.887s] running build
[10.888s] running build_py
[10.889s] creating /home/maddy/turtlebot3_ws/build/turtlebot3_teleop/build
[10.889s] creating /home/maddy/turtlebot3_ws/build/turtlebot3_teleop/build/lib
[10.890s] creating /home/maddy/turtlebot3_ws/build/turtlebot3_teleop/build/lib/turtlebot3_teleop
[10.890s] copying turtlebot3_teleop/__init__.py -> /home/maddy/turtlebot3_ws/build/turtlebot3_teleop/build/lib/turtlebot3_teleop
[10.891s] creating /home/maddy/turtlebot3_ws/build/turtlebot3_teleop/build/lib/turtlebot3_teleop/script
[10.892s] copying turtlebot3_teleop/script/__init__.py -> /home/maddy/turtlebot3_ws/build/turtlebot3_teleop/build/lib/turtlebot3_teleop/script
[10.893s] copying turtlebot3_teleop/script/teleop_keyboard.py -> /home/maddy/turtlebot3_ws/build/turtlebot3_teleop/build/lib/turtlebot3_teleop/script
[10.896s] running install
[10.897s] /usr/lib/python3/dist-packages/setuptools/command/install.py:34: SetuptoolsDeprecationWarning: setup.py install is deprecated. Use build and pip and other standards-based tools.
[10.897s]   warnings.warn(
[10.898s] running install_lib
[10.902s] creating /home/maddy/turtlebot3_ws/install/turtlebot3_teleop/lib/python3.10/site-packages/turtlebot3_teleop
[10.903s] copying /home/maddy/turtlebot3_ws/build/turtlebot3_teleop/build/lib/turtlebot3_teleop/__init__.py -> /home/maddy/turtlebot3_ws/install/turtlebot3_teleop/lib/python3.10/site-packages/turtlebot3_teleop
[10.904s] creating /home/maddy/turtlebot3_ws/install/turtlebot3_teleop/lib/python3.10/site-packages/turtlebot3_teleop/script
[10.904s] copying /home/maddy/turtlebot3_ws/build/turtlebot3_teleop/build/lib/turtlebot3_teleop/script/__init__.py -> /home/maddy/turtlebot3_ws/install/turtlebot3_teleop/lib/python3.10/site-packages/turtlebot3_teleop/script
[10.905s] copying /home/maddy/turtlebot3_ws/build/turtlebot3_teleop/build/lib/turtlebot3_teleop/script/teleop_keyboard.py -> /home/maddy/turtlebot3_ws/install/turtlebot3_teleop/lib/python3.10/site-packages/turtlebot3_teleop/script
[10.908s] byte-compiling /home/maddy/turtlebot3_ws/install/turtlebot3_teleop/lib/python3.10/site-packages/turtlebot3_teleop/__init__.py to __init__.cpython-310.pyc
[10.910s] byte-compiling /home/maddy/turtlebot3_ws/install/turtlebot3_teleop/lib/python3.10/site-packages/turtlebot3_teleop/script/__init__.py to __init__.cpython-310.pyc
[10.911s] byte-compiling /home/maddy/turtlebot3_ws/install/turtlebot3_teleop/lib/python3.10/site-packages/turtlebot3_teleop/script/teleop_keyboard.py to teleop_keyboard.cpython-310.pyc
[10.916s] running install_data
[10.918s] running install_egg_info
[10.926s] Copying ../../../build/turtlebot3_teleop/turtlebot3_teleop.egg-info to /home/maddy/turtlebot3_ws/install/turtlebot3_teleop/lib/python3.10/site-packages/turtlebot3_teleop-2.1.5-py3.10.egg-info
[10.934s] running install_scripts
[11.037s] Installing teleop_keyboard script to /home/maddy/turtlebot3_ws/install/turtlebot3_teleop/lib/turtlebot3_teleop
[11.040s] writing list of installed files to '/home/maddy/turtlebot3_ws/build/turtlebot3_teleop/install.log'
