[0.255s] Invoking command in '/home/maddy/turtlebot3_ws/build/turtlebot3_bringup': CMAKE_PREFIX_PATH=/home/maddy/turtlebot3_ws/install/turtlebot3_node:/home/maddy/turtlebot3_ws/install/turtlebot3_description:/home/maddy/turtlebot3_ws/install/vision_opencv:/home/maddy/turtlebot3_ws/install/turtlebot3:/home/maddy/turtlebot3_ws/install/turtlebot3_bringup:/home/maddy/turtlebot3_ws/install/ld08_driver:/home/maddy/turtlebot3_ws/install/image_geometry:/home/maddy/turtlebot3_ws/install/cv_bridge:/home/maddy/turtlebot3_ws/install/audio_common_msgs:/home/maddy/turtlebot3_ws/install/sound_player:/home/maddy/turtlebot3_ws/install/image_pub:/home/maddy/turtlebot3_ws/install/turtlebot3_teleop:/home/maddy/turtlebot3_ws/install/turtlebot3_example:/home/maddy/turtlebot3_ws/install/ros2_camera_publish:/home/maddy/turtlebot3_ws/install/opencv_tests:/home/maddy/turtlebot3_ws/install/cv_stuff:/opt/ros/humble /usr/bin/cmake /home/maddy/turtlebot3_ws/src/turtlebot3/turtlebot3_bringup -DCMAKE_INSTALL_PREFIX=/home/maddy/turtlebot3_ws/install/turtlebot3_bringup
[0.322s] -- Found ament_cmake: 1.3.6 (/opt/ros/humble/share/ament_cmake/cmake)
[1.025s] -- Override CMake install command with custom implementation using symlinks instead of copying resources
[1.395s] -- Configuring done
[1.430s] -- Generating done
[1.437s] -- Build files have been written to: /home/maddy/turtlebot3_ws/build/turtlebot3_bringup
[1.446s] Invoked command in '/home/maddy/turtlebot3_ws/build/turtlebot3_bringup' returned '0': CMAKE_PREFIX_PATH=/home/maddy/turtlebot3_ws/install/turtlebot3_node:/home/maddy/turtlebot3_ws/install/turtlebot3_description:/home/maddy/turtlebot3_ws/install/vision_opencv:/home/maddy/turtlebot3_ws/install/turtlebot3:/home/maddy/turtlebot3_ws/install/turtlebot3_bringup:/home/maddy/turtlebot3_ws/install/ld08_driver:/home/maddy/turtlebot3_ws/install/image_geometry:/home/maddy/turtlebot3_ws/install/cv_bridge:/home/maddy/turtlebot3_ws/install/audio_common_msgs:/home/maddy/turtlebot3_ws/install/sound_player:/home/maddy/turtlebot3_ws/install/image_pub:/home/maddy/turtlebot3_ws/install/turtlebot3_teleop:/home/maddy/turtlebot3_ws/install/turtlebot3_example:/home/maddy/turtlebot3_ws/install/ros2_camera_publish:/home/maddy/turtlebot3_ws/install/opencv_tests:/home/maddy/turtlebot3_ws/install/cv_stuff:/opt/ros/humble /usr/bin/cmake /home/maddy/turtlebot3_ws/src/turtlebot3/turtlebot3_bringup -DCMAKE_INSTALL_PREFIX=/home/maddy/turtlebot3_ws/install/turtlebot3_bringup
[1.454s] Invoking command in '/home/maddy/turtlebot3_ws/build/turtlebot3_bringup': CMAKE_PREFIX_PATH=/home/maddy/turtlebot3_ws/install/turtlebot3_node:/home/maddy/turtlebot3_ws/install/turtlebot3_description:/home/maddy/turtlebot3_ws/install/vision_opencv:/home/maddy/turtlebot3_ws/install/turtlebot3:/home/maddy/turtlebot3_ws/install/turtlebot3_bringup:/home/maddy/turtlebot3_ws/install/ld08_driver:/home/maddy/turtlebot3_ws/install/image_geometry:/home/maddy/turtlebot3_ws/install/cv_bridge:/home/maddy/turtlebot3_ws/install/audio_common_msgs:/home/maddy/turtlebot3_ws/install/sound_player:/home/maddy/turtlebot3_ws/install/image_pub:/home/maddy/turtlebot3_ws/install/turtlebot3_teleop:/home/maddy/turtlebot3_ws/install/turtlebot3_example:/home/maddy/turtlebot3_ws/install/ros2_camera_publish:/home/maddy/turtlebot3_ws/install/opencv_tests:/home/maddy/turtlebot3_ws/install/cv_stuff:/opt/ros/humble /usr/bin/cmake --build /home/maddy/turtlebot3_ws/build/turtlebot3_bringup -- -j4 -l4
[1.606s] Invoked command in '/home/maddy/turtlebot3_ws/build/turtlebot3_bringup' returned '0': CMAKE_PREFIX_PATH=/home/maddy/turtlebot3_ws/install/turtlebot3_node:/home/maddy/turtlebot3_ws/install/turtlebot3_description:/home/maddy/turtlebot3_ws/install/vision_opencv:/home/maddy/turtlebot3_ws/install/turtlebot3:/home/maddy/turtlebot3_ws/install/turtlebot3_bringup:/home/maddy/turtlebot3_ws/install/ld08_driver:/home/maddy/turtlebot3_ws/install/image_geometry:/home/maddy/turtlebot3_ws/install/cv_bridge:/home/maddy/turtlebot3_ws/install/audio_common_msgs:/home/maddy/turtlebot3_ws/install/sound_player:/home/maddy/turtlebot3_ws/install/image_pub:/home/maddy/turtlebot3_ws/install/turtlebot3_teleop:/home/maddy/turtlebot3_ws/install/turtlebot3_example:/home/maddy/turtlebot3_ws/install/ros2_camera_publish:/home/maddy/turtlebot3_ws/install/opencv_tests:/home/maddy/turtlebot3_ws/install/cv_stuff:/opt/ros/humble /usr/bin/cmake --build /home/maddy/turtlebot3_ws/build/turtlebot3_bringup -- -j4 -l4
[1.776s] Invoking command in '/home/maddy/turtlebot3_ws/build/turtlebot3_bringup': CMAKE_PREFIX_PATH=/home/maddy/turtlebot3_ws/install/turtlebot3_node:/home/maddy/turtlebot3_ws/install/turtlebot3_description:/home/maddy/turtlebot3_ws/install/vision_opencv:/home/maddy/turtlebot3_ws/install/turtlebot3:/home/maddy/turtlebot3_ws/install/turtlebot3_bringup:/home/maddy/turtlebot3_ws/install/ld08_driver:/home/maddy/turtlebot3_ws/install/image_geometry:/home/maddy/turtlebot3_ws/install/cv_bridge:/home/maddy/turtlebot3_ws/install/audio_common_msgs:/home/maddy/turtlebot3_ws/install/sound_player:/home/maddy/turtlebot3_ws/install/image_pub:/home/maddy/turtlebot3_ws/install/turtlebot3_teleop:/home/maddy/turtlebot3_ws/install/turtlebot3_example:/home/maddy/turtlebot3_ws/install/ros2_camera_publish:/home/maddy/turtlebot3_ws/install/opencv_tests:/home/maddy/turtlebot3_ws/install/cv_stuff:/opt/ros/humble /usr/bin/cmake --install /home/maddy/turtlebot3_ws/build/turtlebot3_bringup
[1.803s] -- Install configuration: ""
[1.804s] -- Execute custom install script
[1.806s] -- Up-to-date symlink: /home/maddy/turtlebot3_ws/install/turtlebot3_bringup/share/turtlebot3_bringup/launch/robot.launch.py
[1.807s] -- Up-to-date symlink: /home/maddy/turtlebot3_ws/install/turtlebot3_bringup/share/turtlebot3_bringup/launch/rviz2.launch.py
[1.809s] -- Up-to-date symlink: /home/maddy/turtlebot3_ws/install/turtlebot3_bringup/share/turtlebot3_bringup/launch/turtlebot3_state_publisher.launch.py
[1.810s] -- Up-to-date symlink: /home/maddy/turtlebot3_ws/install/turtlebot3_bringup/share/turtlebot3_bringup/param/burger.yaml
[1.811s] -- Up-to-date symlink: /home/maddy/turtlebot3_ws/install/turtlebot3_bringup/share/turtlebot3_bringup/param/waffle.yaml
[1.811s] -- Up-to-date symlink: /home/maddy/turtlebot3_ws/install/turtlebot3_bringup/share/turtlebot3_bringup/param/waffle_pi.yaml
[1.813s] -- Up-to-date symlink: /home/maddy/turtlebot3_ws/install/turtlebot3_bringup/share/turtlebot3_bringup/script/99-turtlebot3-cdc.rules
[1.813s] -- Up-to-date symlink: /home/maddy/turtlebot3_ws/install/turtlebot3_bringup/share/turtlebot3_bringup/script/create_udev_rules
[1.815s] -- Up-to-date symlink: /home/maddy/turtlebot3_ws/install/turtlebot3_bringup/share/ament_index/resource_index/package_run_dependencies/turtlebot3_bringup
[1.818s] -- Up-to-date symlink: /home/maddy/turtlebot3_ws/install/turtlebot3_bringup/share/ament_index/resource_index/parent_prefix_path/turtlebot3_bringup
[1.819s] -- Up-to-date symlink: /home/maddy/turtlebot3_ws/install/turtlebot3_bringup/share/turtlebot3_bringup/environment/ament_prefix_path.sh
[1.820s] -- Up-to-date symlink: /home/maddy/turtlebot3_ws/install/turtlebot3_bringup/share/turtlebot3_bringup/environment/ament_prefix_path.dsv
[1.821s] -- Up-to-date symlink: /home/maddy/turtlebot3_ws/install/turtlebot3_bringup/share/turtlebot3_bringup/environment/path.sh
[1.822s] -- Up-to-date symlink: /home/maddy/turtlebot3_ws/install/turtlebot3_bringup/share/turtlebot3_bringup/environment/path.dsv
[1.823s] -- Up-to-date symlink: /home/maddy/turtlebot3_ws/install/turtlebot3_bringup/share/turtlebot3_bringup/local_setup.bash
[1.824s] -- Up-to-date symlink: /home/maddy/turtlebot3_ws/install/turtlebot3_bringup/share/turtlebot3_bringup/local_setup.sh
[1.824s] -- Up-to-date symlink: /home/maddy/turtlebot3_ws/install/turtlebot3_bringup/share/turtlebot3_bringup/local_setup.zsh
[1.825s] -- Up-to-date symlink: /home/maddy/turtlebot3_ws/install/turtlebot3_bringup/share/turtlebot3_bringup/local_setup.dsv
[1.826s] -- Symlinking: /home/maddy/turtlebot3_ws/install/turtlebot3_bringup/share/turtlebot3_bringup/package.dsv
[1.859s] -- Up-to-date symlink: /home/maddy/turtlebot3_ws/install/turtlebot3_bringup/share/ament_index/resource_index/packages/turtlebot3_bringup
[1.860s] -- Up-to-date symlink: /home/maddy/turtlebot3_ws/install/turtlebot3_bringup/share/turtlebot3_bringup/cmake/turtlebot3_bringupConfig.cmake
[1.861s] -- Up-to-date symlink: /home/maddy/turtlebot3_ws/install/turtlebot3_bringup/share/turtlebot3_bringup/cmake/turtlebot3_bringupConfig-version.cmake
[1.861s] -- Up-to-date symlink: /home/maddy/turtlebot3_ws/install/turtlebot3_bringup/share/turtlebot3_bringup/package.xml
[1.868s] Invoked command in '/home/maddy/turtlebot3_ws/build/turtlebot3_bringup' returned '0': CMAKE_PREFIX_PATH=/home/maddy/turtlebot3_ws/install/turtlebot3_node:/home/maddy/turtlebot3_ws/install/turtlebot3_description:/home/maddy/turtlebot3_ws/install/vision_opencv:/home/maddy/turtlebot3_ws/install/turtlebot3:/home/maddy/turtlebot3_ws/install/turtlebot3_bringup:/home/maddy/turtlebot3_ws/install/ld08_driver:/home/maddy/turtlebot3_ws/install/image_geometry:/home/maddy/turtlebot3_ws/install/cv_bridge:/home/maddy/turtlebot3_ws/install/audio_common_msgs:/home/maddy/turtlebot3_ws/install/sound_player:/home/maddy/turtlebot3_ws/install/image_pub:/home/maddy/turtlebot3_ws/install/turtlebot3_teleop:/home/maddy/turtlebot3_ws/install/turtlebot3_example:/home/maddy/turtlebot3_ws/install/ros2_camera_publish:/home/maddy/turtlebot3_ws/install/opencv_tests:/home/maddy/turtlebot3_ws/install/cv_stuff:/opt/ros/humble /usr/bin/cmake --install /home/maddy/turtlebot3_ws/build/turtlebot3_bringup
