[3.340s] DEBUG:colcon:Command line arguments: ['/usr/bin/colcon', 'build', '--packages-select', 'sound_play', 'audio_play']
[3.340s] DEBUG:colcon:Parsed command line arguments: Namespace(log_base=None, log_level=None, verb_name='build', build_base='build', install_base='install', merge_install=False, symlink_install=False, test_result_base=None, continue_on_error=False, executor='parallel', parallel_workers=4, event_handlers=None, ignore_user_meta=False, metas=['./colcon.meta'], base_paths=['.'], packages_ignore=None, packages_ignore_regex=None, paths=None, packages_up_to=None, packages_up_to_regex=None, packages_above=None, packages_above_and_dependencies=None, packages_above_depth=None, packages_select_by_dep=None, packages_skip_by_dep=None, packages_skip_up_to=None, packages_select_build_failed=False, packages_skip_build_finished=False, packages_select_test_failures=False, packages_skip_test_passed=False, packages_select=['sound_play', 'audio_play'], packages_skip=None, packages_select_regex=None, packages_skip_regex=None, packages_start=None, packages_end=None, allow_overriding=[], cmake_args=None, cmake_target=None, cmake_target_skip_unavailable=False, cmake_clean_cache=False, cmake_clean_first=False, cmake_force_configure=False, ament_cmake_args=None, catkin_cmake_args=None, catkin_skip_building_tests=False, verb_parser=<colcon_defaults.argument_parser.defaults.DefaultArgumentsDecorator object at 0xffff7efc3250>, verb_extension=<colcon_core.verb.build.BuildVerb object at 0xffff7f2e7fa0>, main=<bound method BuildVerb.main of <colcon_core.verb.build.BuildVerb object at 0xffff7f2e7fa0>>)
[3.515s] Level 1:colcon.colcon_core.package_discovery:discover_packages(colcon_meta) check parameters
[3.515s] Level 1:colcon.colcon_core.package_discovery:discover_packages(recursive) check parameters
[3.515s] Level 1:colcon.colcon_core.package_discovery:discover_packages(ignore) check parameters
[3.515s] Level 1:colcon.colcon_core.package_discovery:discover_packages(path) check parameters
[3.516s] Level 1:colcon.colcon_core.package_discovery:discover_packages(colcon_meta) discover
[3.516s] Level 1:colcon.colcon_core.package_discovery:discover_packages(recursive) discover
[3.516s] INFO:colcon.colcon_core.package_discovery:Crawling recursively for packages in '/home/maddy/turtlebot3_ws'
[3.516s] Level 1:colcon.colcon_core.package_identification:_identify(.) by extensions ['ignore', 'ignore_ament_install']
[3.517s] Level 1:colcon.colcon_core.package_identification:_identify(.) by extension 'ignore'
[3.517s] Level 1:colcon.colcon_core.package_identification:_identify(.) by extension 'ignore_ament_install'
[3.517s] Level 1:colcon.colcon_core.package_identification:_identify(.) by extensions ['colcon_pkg']
[3.517s] Level 1:colcon.colcon_core.package_identification:_identify(.) by extension 'colcon_pkg'
[3.517s] Level 1:colcon.colcon_core.package_identification:_identify(.) by extensions ['colcon_meta']
[3.518s] Level 1:colcon.colcon_core.package_identification:_identify(.) by extension 'colcon_meta'
[3.518s] Level 1:colcon.colcon_core.package_identification:_identify(.) by extensions ['ros']
[3.518s] Level 1:colcon.colcon_core.package_identification:_identify(.) by extension 'ros'
[3.560s] Level 1:colcon.colcon_core.package_identification:_identify(.) by extensions ['cmake', 'python']
[3.561s] Level 1:colcon.colcon_core.package_identification:_identify(.) by extension 'cmake'
[3.561s] Level 1:colcon.colcon_core.package_identification:_identify(.) by extension 'python'
[3.561s] Level 1:colcon.colcon_core.package_identification:_identify(.) by extensions ['python_setup_py']
[3.561s] Level 1:colcon.colcon_core.package_identification:_identify(.) by extension 'python_setup_py'
[3.562s] Level 1:colcon.colcon_core.package_identification:_identify(build) by extensions ['ignore', 'ignore_ament_install']
[3.562s] Level 1:colcon.colcon_core.package_identification:_identify(build) by extension 'ignore'
[3.562s] Level 1:colcon.colcon_core.package_identification:_identify(build) ignored
[3.563s] Level 1:colcon.colcon_core.package_identification:_identify(install) by extensions ['ignore', 'ignore_ament_install']
[3.563s] Level 1:colcon.colcon_core.package_identification:_identify(install) by extension 'ignore'
[3.564s] Level 1:colcon.colcon_core.package_identification:_identify(install) ignored
[3.564s] Level 1:colcon.colcon_core.package_identification:_identify(log) by extensions ['ignore', 'ignore_ament_install']
[3.564s] Level 1:colcon.colcon_core.package_identification:_identify(log) by extension 'ignore'
[3.565s] Level 1:colcon.colcon_core.package_identification:_identify(log) ignored
[3.565s] Level 1:colcon.colcon_core.package_identification:_identify(src) by extensions ['ignore', 'ignore_ament_install']
[3.565s] Level 1:colcon.colcon_core.package_identification:_identify(src) by extension 'ignore'
[3.565s] Level 1:colcon.colcon_core.package_identification:_identify(src) by extension 'ignore_ament_install'
[3.566s] Level 1:colcon.colcon_core.package_identification:_identify(src) by extensions ['colcon_pkg']
[3.566s] Level 1:colcon.colcon_core.package_identification:_identify(src) by extension 'colcon_pkg'
[3.566s] Level 1:colcon.colcon_core.package_identification:_identify(src) by extensions ['colcon_meta']
[3.566s] Level 1:colcon.colcon_core.package_identification:_identify(src) by extension 'colcon_meta'
[3.566s] Level 1:colcon.colcon_core.package_identification:_identify(src) by extensions ['ros']
[3.566s] Level 1:colcon.colcon_core.package_identification:_identify(src) by extension 'ros'
[3.567s] Level 1:colcon.colcon_core.package_identification:_identify(src) by extensions ['cmake', 'python']
[3.567s] Level 1:colcon.colcon_core.package_identification:_identify(src) by extension 'cmake'
[3.567s] Level 1:colcon.colcon_core.package_identification:_identify(src) by extension 'python'
[3.567s] Level 1:colcon.colcon_core.package_identification:_identify(src) by extensions ['python_setup_py']
[3.567s] Level 1:colcon.colcon_core.package_identification:_identify(src) by extension 'python_setup_py'
[3.568s] Level 1:colcon.colcon_core.package_identification:_identify(src/audio_common) by extensions ['ignore', 'ignore_ament_install']
[3.568s] Level 1:colcon.colcon_core.package_identification:_identify(src/audio_common) by extension 'ignore'
[3.568s] Level 1:colcon.colcon_core.package_identification:_identify(src/audio_common) by extension 'ignore_ament_install'
[3.568s] Level 1:colcon.colcon_core.package_identification:_identify(src/audio_common) by extensions ['colcon_pkg']
[3.568s] Level 1:colcon.colcon_core.package_identification:_identify(src/audio_common) by extension 'colcon_pkg'
[3.569s] Level 1:colcon.colcon_core.package_identification:_identify(src/audio_common) by extensions ['colcon_meta']
[3.569s] Level 1:colcon.colcon_core.package_identification:_identify(src/audio_common) by extension 'colcon_meta'
[3.569s] Level 1:colcon.colcon_core.package_identification:_identify(src/audio_common) by extensions ['ros']
[3.569s] Level 1:colcon.colcon_core.package_identification:_identify(src/audio_common) by extension 'ros'
[3.569s] Level 1:colcon.colcon_core.package_identification:_identify(src/audio_common) by extensions ['cmake', 'python']
[3.569s] Level 1:colcon.colcon_core.package_identification:_identify(src/audio_common) by extension 'cmake'
[3.570s] Level 1:colcon.colcon_core.package_identification:_identify(src/audio_common) by extension 'python'
[3.570s] Level 1:colcon.colcon_core.package_identification:_identify(src/audio_common) by extensions ['python_setup_py']
[3.570s] Level 1:colcon.colcon_core.package_identification:_identify(src/audio_common) by extension 'python_setup_py'
[3.570s] Level 1:colcon.colcon_core.package_identification:_identify(src/audio_common/audio_capture) by extensions ['ignore', 'ignore_ament_install']
[3.571s] Level 1:colcon.colcon_core.package_identification:_identify(src/audio_common/audio_capture) by extension 'ignore'
[3.571s] Level 1:colcon.colcon_core.package_identification:_identify(src/audio_common/audio_capture) by extension 'ignore_ament_install'
[3.571s] Level 1:colcon.colcon_core.package_identification:_identify(src/audio_common/audio_capture) by extensions ['colcon_pkg']
[3.571s] Level 1:colcon.colcon_core.package_identification:_identify(src/audio_common/audio_capture) by extension 'colcon_pkg'
[3.571s] Level 1:colcon.colcon_core.package_identification:_identify(src/audio_common/audio_capture) by extensions ['colcon_meta']
[3.572s] Level 1:colcon.colcon_core.package_identification:_identify(src/audio_common/audio_capture) by extension 'colcon_meta'
[3.572s] Level 1:colcon.colcon_core.package_identification:_identify(src/audio_common/audio_capture) by extensions ['ros']
[3.572s] Level 1:colcon.colcon_core.package_identification:_identify(src/audio_common/audio_capture) by extension 'ros'
[3.581s] DEBUG:colcon.colcon_core.package_identification:Package 'src/audio_common/audio_capture' with type 'ros.ament_cmake' and name 'audio_capture'
[3.582s] Level 1:colcon.colcon_core.package_identification:_identify(src/audio_common/audio_common) by extensions ['ignore', 'ignore_ament_install']
[3.582s] Level 1:colcon.colcon_core.package_identification:_identify(src/audio_common/audio_common) by extension 'ignore'
[3.582s] Level 1:colcon.colcon_core.package_identification:_identify(src/audio_common/audio_common) by extension 'ignore_ament_install'
[3.582s] Level 1:colcon.colcon_core.package_identification:_identify(src/audio_common/audio_common) by extensions ['colcon_pkg']
[3.583s] Level 1:colcon.colcon_core.package_identification:_identify(src/audio_common/audio_common) by extension 'colcon_pkg'
[3.583s] Level 1:colcon.colcon_core.package_identification:_identify(src/audio_common/audio_common) by extensions ['colcon_meta']
[3.583s] Level 1:colcon.colcon_core.package_identification:_identify(src/audio_common/audio_common) by extension 'colcon_meta'
[3.583s] Level 1:colcon.colcon_core.package_identification:_identify(src/audio_common/audio_common) by extensions ['ros']
[3.583s] Level 1:colcon.colcon_core.package_identification:_identify(src/audio_common/audio_common) by extension 'ros'
[3.585s] DEBUG:colcon.colcon_core.package_identification:Package 'src/audio_common/audio_common' with type 'ros.ament_cmake' and name 'audio_common'
[3.586s] Level 1:colcon.colcon_core.package_identification:_identify(src/audio_common/audio_common_msgs) by extensions ['ignore', 'ignore_ament_install']
[3.586s] Level 1:colcon.colcon_core.package_identification:_identify(src/audio_common/audio_common_msgs) by extension 'ignore'
[3.587s] Level 1:colcon.colcon_core.package_identification:_identify(src/audio_common/audio_common_msgs) by extension 'ignore_ament_install'
[3.587s] Level 1:colcon.colcon_core.package_identification:_identify(src/audio_common/audio_common_msgs) by extensions ['colcon_pkg']
[3.587s] Level 1:colcon.colcon_core.package_identification:_identify(src/audio_common/audio_common_msgs) by extension 'colcon_pkg'
[3.587s] Level 1:colcon.colcon_core.package_identification:_identify(src/audio_common/audio_common_msgs) by extensions ['colcon_meta']
[3.587s] Level 1:colcon.colcon_core.package_identification:_identify(src/audio_common/audio_common_msgs) by extension 'colcon_meta'
[3.587s] Level 1:colcon.colcon_core.package_identification:_identify(src/audio_common/audio_common_msgs) by extensions ['ros']
[3.588s] Level 1:colcon.colcon_core.package_identification:_identify(src/audio_common/audio_common_msgs) by extension 'ros'
[3.590s] DEBUG:colcon.colcon_core.package_identification:Package 'src/audio_common/audio_common_msgs' with type 'ros.ament_cmake' and name 'audio_common_msgs'
[3.591s] Level 1:colcon.colcon_core.package_identification:_identify(src/audio_common/audio_play) by extensions ['ignore', 'ignore_ament_install']
[3.591s] Level 1:colcon.colcon_core.package_identification:_identify(src/audio_common/audio_play) by extension 'ignore'
[3.591s] Level 1:colcon.colcon_core.package_identification:_identify(src/audio_common/audio_play) by extension 'ignore_ament_install'
[3.591s] Level 1:colcon.colcon_core.package_identification:_identify(src/audio_common/audio_play) by extensions ['colcon_pkg']
[3.591s] Level 1:colcon.colcon_core.package_identification:_identify(src/audio_common/audio_play) by extension 'colcon_pkg'
[3.592s] Level 1:colcon.colcon_core.package_identification:_identify(src/audio_common/audio_play) by extensions ['colcon_meta']
[3.592s] Level 1:colcon.colcon_core.package_identification:_identify(src/audio_common/audio_play) by extension 'colcon_meta'
[3.592s] Level 1:colcon.colcon_core.package_identification:_identify(src/audio_common/audio_play) by extensions ['ros']
[3.592s] Level 1:colcon.colcon_core.package_identification:_identify(src/audio_common/audio_play) by extension 'ros'
[3.598s] DEBUG:colcon.colcon_core.package_identification:Package 'src/audio_common/audio_play' with type 'ros.ament_cmake' and name 'audio_play'
[3.599s] Level 1:colcon.colcon_core.package_identification:_identify(src/audio_common/sound_play) by extensions ['ignore', 'ignore_ament_install']
[3.599s] Level 1:colcon.colcon_core.package_identification:_identify(src/audio_common/sound_play) by extension 'ignore'
[3.599s] Level 1:colcon.colcon_core.package_identification:_identify(src/audio_common/sound_play) by extension 'ignore_ament_install'
[3.600s] Level 1:colcon.colcon_core.package_identification:_identify(src/audio_common/sound_play) by extensions ['colcon_pkg']
[3.600s] Level 1:colcon.colcon_core.package_identification:_identify(src/audio_common/sound_play) by extension 'colcon_pkg'
[3.600s] Level 1:colcon.colcon_core.package_identification:_identify(src/audio_common/sound_play) by extensions ['colcon_meta']
[3.600s] Level 1:colcon.colcon_core.package_identification:_identify(src/audio_common/sound_play) by extension 'colcon_meta'
[3.600s] Level 1:colcon.colcon_core.package_identification:_identify(src/audio_common/sound_play) by extensions ['ros']
[3.600s] Level 1:colcon.colcon_core.package_identification:_identify(src/audio_common/sound_play) by extension 'ros'
[3.604s] DEBUG:colcon.colcon_core.package_identification:Package 'src/audio_common/sound_play' with type 'ros.ament_cmake' and name 'sound_play'
[3.604s] Level 1:colcon.colcon_core.package_identification:_identify(src/cv_stuff) by extensions ['ignore', 'ignore_ament_install']
[3.604s] Level 1:colcon.colcon_core.package_identification:_identify(src/cv_stuff) by extension 'ignore'
[3.605s] Level 1:colcon.colcon_core.package_identification:_identify(src/cv_stuff) by extension 'ignore_ament_install'
[3.605s] Level 1:colcon.colcon_core.package_identification:_identify(src/cv_stuff) by extensions ['colcon_pkg']
[3.605s] Level 1:colcon.colcon_core.package_identification:_identify(src/cv_stuff) by extension 'colcon_pkg'
[3.605s] Level 1:colcon.colcon_core.package_identification:_identify(src/cv_stuff) by extensions ['colcon_meta']
[3.605s] Level 1:colcon.colcon_core.package_identification:_identify(src/cv_stuff) by extension 'colcon_meta'
[3.606s] Level 1:colcon.colcon_core.package_identification:_identify(src/cv_stuff) by extensions ['ros']
[3.606s] Level 1:colcon.colcon_core.package_identification:_identify(src/cv_stuff) by extension 'ros'
[3.609s] DEBUG:colcon.colcon_core.package_identification:Package 'src/cv_stuff' with type 'ros.ament_python' and name 'cv_stuff'
[3.610s] Level 1:colcon.colcon_core.package_identification:_identify(src/ld08_driver) by extensions ['ignore', 'ignore_ament_install']
[3.610s] Level 1:colcon.colcon_core.package_identification:_identify(src/ld08_driver) by extension 'ignore'
[3.610s] Level 1:colcon.colcon_core.package_identification:_identify(src/ld08_driver) by extension 'ignore_ament_install'
[3.610s] Level 1:colcon.colcon_core.package_identification:_identify(src/ld08_driver) by extensions ['colcon_pkg']
[3.611s] Level 1:colcon.colcon_core.package_identification:_identify(src/ld08_driver) by extension 'colcon_pkg'
[3.611s] Level 1:colcon.colcon_core.package_identification:_identify(src/ld08_driver) by extensions ['colcon_meta']
[3.611s] Level 1:colcon.colcon_core.package_identification:_identify(src/ld08_driver) by extension 'colcon_meta'
[3.611s] Level 1:colcon.colcon_core.package_identification:_identify(src/ld08_driver) by extensions ['ros']
[3.611s] Level 1:colcon.colcon_core.package_identification:_identify(src/ld08_driver) by extension 'ros'
[3.614s] DEBUG:colcon.colcon_core.package_identification:Package 'src/ld08_driver' with type 'ros.ament_cmake' and name 'ld08_driver'
[3.614s] Level 1:colcon.colcon_core.package_identification:_identify(src/turtlebot3) by extensions ['ignore', 'ignore_ament_install']
[3.615s] Level 1:colcon.colcon_core.package_identification:_identify(src/turtlebot3) by extension 'ignore'
[3.615s] Level 1:colcon.colcon_core.package_identification:_identify(src/turtlebot3) by extension 'ignore_ament_install'
[3.615s] Level 1:colcon.colcon_core.package_identification:_identify(src/turtlebot3) by extensions ['colcon_pkg']
[3.615s] Level 1:colcon.colcon_core.package_identification:_identify(src/turtlebot3) by extension 'colcon_pkg'
[3.615s] Level 1:colcon.colcon_core.package_identification:_identify(src/turtlebot3) by extensions ['colcon_meta']
[3.615s] Level 1:colcon.colcon_core.package_identification:_identify(src/turtlebot3) by extension 'colcon_meta'
[3.616s] Level 1:colcon.colcon_core.package_identification:_identify(src/turtlebot3) by extensions ['ros']
[3.616s] Level 1:colcon.colcon_core.package_identification:_identify(src/turtlebot3) by extension 'ros'
[3.616s] Level 1:colcon.colcon_core.package_identification:_identify(src/turtlebot3) by extensions ['cmake', 'python']
[3.616s] Level 1:colcon.colcon_core.package_identification:_identify(src/turtlebot3) by extension 'cmake'
[3.616s] Level 1:colcon.colcon_core.package_identification:_identify(src/turtlebot3) by extension 'python'
[3.616s] Level 1:colcon.colcon_core.package_identification:_identify(src/turtlebot3) by extensions ['python_setup_py']
[3.617s] Level 1:colcon.colcon_core.package_identification:_identify(src/turtlebot3) by extension 'python_setup_py'
[3.617s] Level 1:colcon.colcon_core.package_identification:_identify(src/turtlebot3/turtlebot3) by extensions ['ignore', 'ignore_ament_install']
[3.617s] Level 1:colcon.colcon_core.package_identification:_identify(src/turtlebot3/turtlebot3) by extension 'ignore'
[3.618s] Level 1:colcon.colcon_core.package_identification:_identify(src/turtlebot3/turtlebot3) by extension 'ignore_ament_install'
[3.618s] Level 1:colcon.colcon_core.package_identification:_identify(src/turtlebot3/turtlebot3) by extensions ['colcon_pkg']
[3.618s] Level 1:colcon.colcon_core.package_identification:_identify(src/turtlebot3/turtlebot3) by extension 'colcon_pkg'
[3.618s] Level 1:colcon.colcon_core.package_identification:_identify(src/turtlebot3/turtlebot3) by extensions ['colcon_meta']
[3.618s] Level 1:colcon.colcon_core.package_identification:_identify(src/turtlebot3/turtlebot3) by extension 'colcon_meta'
[3.618s] Level 1:colcon.colcon_core.package_identification:_identify(src/turtlebot3/turtlebot3) by extensions ['ros']
[3.619s] Level 1:colcon.colcon_core.package_identification:_identify(src/turtlebot3/turtlebot3) by extension 'ros'
[3.621s] DEBUG:colcon.colcon_core.package_identification:Package 'src/turtlebot3/turtlebot3' with type 'ros.ament_cmake' and name 'turtlebot3'
[3.622s] Level 1:colcon.colcon_core.package_identification:_identify(src/turtlebot3/turtlebot3_bringup) by extensions ['ignore', 'ignore_ament_install']
[3.622s] Level 1:colcon.colcon_core.package_identification:_identify(src/turtlebot3/turtlebot3_bringup) by extension 'ignore'
[3.622s] Level 1:colcon.colcon_core.package_identification:_identify(src/turtlebot3/turtlebot3_bringup) by extension 'ignore_ament_install'
[3.623s] Level 1:colcon.colcon_core.package_identification:_identify(src/turtlebot3/turtlebot3_bringup) by extensions ['colcon_pkg']
[3.623s] Level 1:colcon.colcon_core.package_identification:_identify(src/turtlebot3/turtlebot3_bringup) by extension 'colcon_pkg'
[3.623s] Level 1:colcon.colcon_core.package_identification:_identify(src/turtlebot3/turtlebot3_bringup) by extensions ['colcon_meta']
[3.623s] Level 1:colcon.colcon_core.package_identification:_identify(src/turtlebot3/turtlebot3_bringup) by extension 'colcon_meta'
[3.623s] Level 1:colcon.colcon_core.package_identification:_identify(src/turtlebot3/turtlebot3_bringup) by extensions ['ros']
[3.623s] Level 1:colcon.colcon_core.package_identification:_identify(src/turtlebot3/turtlebot3_bringup) by extension 'ros'
[3.626s] DEBUG:colcon.colcon_core.package_identification:Package 'src/turtlebot3/turtlebot3_bringup' with type 'ros.ament_cmake' and name 'turtlebot3_bringup'
[3.626s] Level 1:colcon.colcon_core.package_identification:_identify(src/turtlebot3/turtlebot3_description) by extensions ['ignore', 'ignore_ament_install']
[3.626s] Level 1:colcon.colcon_core.package_identification:_identify(src/turtlebot3/turtlebot3_description) by extension 'ignore'
[3.627s] Level 1:colcon.colcon_core.package_identification:_identify(src/turtlebot3/turtlebot3_description) by extension 'ignore_ament_install'
[3.627s] Level 1:colcon.colcon_core.package_identification:_identify(src/turtlebot3/turtlebot3_description) by extensions ['colcon_pkg']
[3.627s] Level 1:colcon.colcon_core.package_identification:_identify(src/turtlebot3/turtlebot3_description) by extension 'colcon_pkg'
[3.627s] Level 1:colcon.colcon_core.package_identification:_identify(src/turtlebot3/turtlebot3_description) by extensions ['colcon_meta']
[3.627s] Level 1:colcon.colcon_core.package_identification:_identify(src/turtlebot3/turtlebot3_description) by extension 'colcon_meta'
[3.628s] Level 1:colcon.colcon_core.package_identification:_identify(src/turtlebot3/turtlebot3_description) by extensions ['ros']
[3.628s] Level 1:colcon.colcon_core.package_identification:_identify(src/turtlebot3/turtlebot3_description) by extension 'ros'
[3.630s] DEBUG:colcon.colcon_core.package_identification:Package 'src/turtlebot3/turtlebot3_description' with type 'ros.ament_cmake' and name 'turtlebot3_description'
[3.630s] Level 1:colcon.colcon_core.package_identification:_identify(src/turtlebot3/turtlebot3_example) by extensions ['ignore', 'ignore_ament_install']
[3.631s] Level 1:colcon.colcon_core.package_identification:_identify(src/turtlebot3/turtlebot3_example) by extension 'ignore'
[3.631s] Level 1:colcon.colcon_core.package_identification:_identify(src/turtlebot3/turtlebot3_example) by extension 'ignore_ament_install'
[3.631s] Level 1:colcon.colcon_core.package_identification:_identify(src/turtlebot3/turtlebot3_example) by extensions ['colcon_pkg']
[3.631s] Level 1:colcon.colcon_core.package_identification:_identify(src/turtlebot3/turtlebot3_example) by extension 'colcon_pkg'
[3.632s] Level 1:colcon.colcon_core.package_identification:_identify(src/turtlebot3/turtlebot3_example) by extensions ['colcon_meta']
[3.632s] Level 1:colcon.colcon_core.package_identification:_identify(src/turtlebot3/turtlebot3_example) by extension 'colcon_meta'
[3.632s] Level 1:colcon.colcon_core.package_identification:_identify(src/turtlebot3/turtlebot3_example) by extensions ['ros']
[3.632s] Level 1:colcon.colcon_core.package_identification:_identify(src/turtlebot3/turtlebot3_example) by extension 'ros'
[3.635s] DEBUG:colcon.colcon_core.package_identification:Package 'src/turtlebot3/turtlebot3_example' with type 'ros.ament_python' and name 'turtlebot3_example'
[3.636s] Level 1:colcon.colcon_core.package_identification:_identify(src/turtlebot3/turtlebot3_node) by extensions ['ignore', 'ignore_ament_install']
[3.636s] Level 1:colcon.colcon_core.package_identification:_identify(src/turtlebot3/turtlebot3_node) by extension 'ignore'
[3.636s] Level 1:colcon.colcon_core.package_identification:_identify(src/turtlebot3/turtlebot3_node) by extension 'ignore_ament_install'
[3.637s] Level 1:colcon.colcon_core.package_identification:_identify(src/turtlebot3/turtlebot3_node) by extensions ['colcon_pkg']
[3.637s] Level 1:colcon.colcon_core.package_identification:_identify(src/turtlebot3/turtlebot3_node) by extension 'colcon_pkg'
[3.637s] Level 1:colcon.colcon_core.package_identification:_identify(src/turtlebot3/turtlebot3_node) by extensions ['colcon_meta']
[3.637s] Level 1:colcon.colcon_core.package_identification:_identify(src/turtlebot3/turtlebot3_node) by extension 'colcon_meta'
[3.637s] Level 1:colcon.colcon_core.package_identification:_identify(src/turtlebot3/turtlebot3_node) by extensions ['ros']
[3.637s] Level 1:colcon.colcon_core.package_identification:_identify(src/turtlebot3/turtlebot3_node) by extension 'ros'
[3.643s] DEBUG:colcon.colcon_core.package_identification:Package 'src/turtlebot3/turtlebot3_node' with type 'ros.ament_cmake' and name 'turtlebot3_node'
[3.644s] Level 1:colcon.colcon_core.package_identification:_identify(src/turtlebot3/turtlebot3_teleop) by extensions ['ignore', 'ignore_ament_install']
[3.644s] Level 1:colcon.colcon_core.package_identification:_identify(src/turtlebot3/turtlebot3_teleop) by extension 'ignore'
[3.644s] Level 1:colcon.colcon_core.package_identification:_identify(src/turtlebot3/turtlebot3_teleop) by extension 'ignore_ament_install'
[3.644s] Level 1:colcon.colcon_core.package_identification:_identify(src/turtlebot3/turtlebot3_teleop) by extensions ['colcon_pkg']
[3.644s] Level 1:colcon.colcon_core.package_identification:_identify(src/turtlebot3/turtlebot3_teleop) by extension 'colcon_pkg'
[3.645s] Level 1:colcon.colcon_core.package_identification:_identify(src/turtlebot3/turtlebot3_teleop) by extensions ['colcon_meta']
[3.645s] Level 1:colcon.colcon_core.package_identification:_identify(src/turtlebot3/turtlebot3_teleop) by extension 'colcon_meta'
[3.645s] Level 1:colcon.colcon_core.package_identification:_identify(src/turtlebot3/turtlebot3_teleop) by extensions ['ros']
[3.645s] Level 1:colcon.colcon_core.package_identification:_identify(src/turtlebot3/turtlebot3_teleop) by extension 'ros'
[3.647s] DEBUG:colcon.colcon_core.package_identification:Package 'src/turtlebot3/turtlebot3_teleop' with type 'ros.ament_python' and name 'turtlebot3_teleop'
[3.648s] Level 1:colcon.colcon_core.package_identification:_identify(src/vision_opencv) by extensions ['ignore', 'ignore_ament_install']
[3.648s] Level 1:colcon.colcon_core.package_identification:_identify(src/vision_opencv) by extension 'ignore'
[3.648s] Level 1:colcon.colcon_core.package_identification:_identify(src/vision_opencv) by extension 'ignore_ament_install'
[3.648s] Level 1:colcon.colcon_core.package_identification:_identify(src/vision_opencv) by extensions ['colcon_pkg']
[3.649s] Level 1:colcon.colcon_core.package_identification:_identify(src/vision_opencv) by extension 'colcon_pkg'
[3.649s] Level 1:colcon.colcon_core.package_identification:_identify(src/vision_opencv) by extensions ['colcon_meta']
[3.649s] Level 1:colcon.colcon_core.package_identification:_identify(src/vision_opencv) by extension 'colcon_meta'
[3.649s] Level 1:colcon.colcon_core.package_identification:_identify(src/vision_opencv) by extensions ['ros']
[3.649s] Level 1:colcon.colcon_core.package_identification:_identify(src/vision_opencv) by extension 'ros'
[3.650s] Level 1:colcon.colcon_core.package_identification:_identify(src/vision_opencv) by extensions ['cmake', 'python']
[3.650s] Level 1:colcon.colcon_core.package_identification:_identify(src/vision_opencv) by extension 'cmake'
[3.650s] Level 1:colcon.colcon_core.package_identification:_identify(src/vision_opencv) by extension 'python'
[3.650s] Level 1:colcon.colcon_core.package_identification:_identify(src/vision_opencv) by extensions ['python_setup_py']
[3.650s] Level 1:colcon.colcon_core.package_identification:_identify(src/vision_opencv) by extension 'python_setup_py'
[3.651s] Level 1:colcon.colcon_core.package_identification:_identify(src/vision_opencv/cv_bridge) by extensions ['ignore', 'ignore_ament_install']
[3.651s] Level 1:colcon.colcon_core.package_identification:_identify(src/vision_opencv/cv_bridge) by extension 'ignore'
[3.651s] Level 1:colcon.colcon_core.package_identification:_identify(src/vision_opencv/cv_bridge) by extension 'ignore_ament_install'
[3.651s] Level 1:colcon.colcon_core.package_identification:_identify(src/vision_opencv/cv_bridge) by extensions ['colcon_pkg']
[3.651s] Level 1:colcon.colcon_core.package_identification:_identify(src/vision_opencv/cv_bridge) by extension 'colcon_pkg'
[3.652s] Level 1:colcon.colcon_core.package_identification:_identify(src/vision_opencv/cv_bridge) by extensions ['colcon_meta']
[3.652s] Level 1:colcon.colcon_core.package_identification:_identify(src/vision_opencv/cv_bridge) by extension 'colcon_meta'
[3.652s] Level 1:colcon.colcon_core.package_identification:_identify(src/vision_opencv/cv_bridge) by extensions ['ros']
[3.652s] Level 1:colcon.colcon_core.package_identification:_identify(src/vision_opencv/cv_bridge) by extension 'ros'
[3.656s] DEBUG:colcon.colcon_core.package_identification:Package 'src/vision_opencv/cv_bridge' with type 'ros.ament_cmake' and name 'cv_bridge'
[3.657s] Level 1:colcon.colcon_core.package_identification:_identify(src/vision_opencv/image_geometry) by extensions ['ignore', 'ignore_ament_install']
[3.657s] Level 1:colcon.colcon_core.package_identification:_identify(src/vision_opencv/image_geometry) by extension 'ignore'
[3.657s] Level 1:colcon.colcon_core.package_identification:_identify(src/vision_opencv/image_geometry) by extension 'ignore_ament_install'
[3.657s] Level 1:colcon.colcon_core.package_identification:_identify(src/vision_opencv/image_geometry) by extensions ['colcon_pkg']
[3.658s] Level 1:colcon.colcon_core.package_identification:_identify(src/vision_opencv/image_geometry) by extension 'colcon_pkg'
[3.658s] Level 1:colcon.colcon_core.package_identification:_identify(src/vision_opencv/image_geometry) by extensions ['colcon_meta']
[3.658s] Level 1:colcon.colcon_core.package_identification:_identify(src/vision_opencv/image_geometry) by extension 'colcon_meta'
[3.658s] Level 1:colcon.colcon_core.package_identification:_identify(src/vision_opencv/image_geometry) by extensions ['ros']
[3.658s] Level 1:colcon.colcon_core.package_identification:_identify(src/vision_opencv/image_geometry) by extension 'ros'
[3.661s] DEBUG:colcon.colcon_core.package_identification:Package 'src/vision_opencv/image_geometry' with type 'ros.ament_cmake' and name 'image_geometry'
[3.661s] Level 1:colcon.colcon_core.package_identification:_identify(src/vision_opencv/opencv_tests) by extensions ['ignore', 'ignore_ament_install']
[3.662s] Level 1:colcon.colcon_core.package_identification:_identify(src/vision_opencv/opencv_tests) by extension 'ignore'
[3.662s] Level 1:colcon.colcon_core.package_identification:_identify(src/vision_opencv/opencv_tests) by extension 'ignore_ament_install'
[3.662s] Level 1:colcon.colcon_core.package_identification:_identify(src/vision_opencv/opencv_tests) by extensions ['colcon_pkg']
[3.662s] Level 1:colcon.colcon_core.package_identification:_identify(src/vision_opencv/opencv_tests) by extension 'colcon_pkg'
[3.662s] Level 1:colcon.colcon_core.package_identification:_identify(src/vision_opencv/opencv_tests) by extensions ['colcon_meta']
[3.662s] Level 1:colcon.colcon_core.package_identification:_identify(src/vision_opencv/opencv_tests) by extension 'colcon_meta'
[3.663s] Level 1:colcon.colcon_core.package_identification:_identify(src/vision_opencv/opencv_tests) by extensions ['ros']
[3.663s] Level 1:colcon.colcon_core.package_identification:_identify(src/vision_opencv/opencv_tests) by extension 'ros'
[3.665s] DEBUG:colcon.colcon_core.package_identification:Package 'src/vision_opencv/opencv_tests' with type 'ros.ament_python' and name 'opencv_tests'
[3.665s] Level 1:colcon.colcon_core.package_identification:_identify(src/vision_opencv/vision_opencv) by extensions ['ignore', 'ignore_ament_install']
[3.666s] Level 1:colcon.colcon_core.package_identification:_identify(src/vision_opencv/vision_opencv) by extension 'ignore'
[3.666s] Level 1:colcon.colcon_core.package_identification:_identify(src/vision_opencv/vision_opencv) by extension 'ignore_ament_install'
[3.666s] Level 1:colcon.colcon_core.package_identification:_identify(src/vision_opencv/vision_opencv) by extensions ['colcon_pkg']
[3.666s] Level 1:colcon.colcon_core.package_identification:_identify(src/vision_opencv/vision_opencv) by extension 'colcon_pkg'
[3.666s] Level 1:colcon.colcon_core.package_identification:_identify(src/vision_opencv/vision_opencv) by extensions ['colcon_meta']
[3.667s] Level 1:colcon.colcon_core.package_identification:_identify(src/vision_opencv/vision_opencv) by extension 'colcon_meta'
[3.667s] Level 1:colcon.colcon_core.package_identification:_identify(src/vision_opencv/vision_opencv) by extensions ['ros']
[3.667s] Level 1:colcon.colcon_core.package_identification:_identify(src/vision_opencv/vision_opencv) by extension 'ros'
[3.669s] DEBUG:colcon.colcon_core.package_identification:Package 'src/vision_opencv/vision_opencv' with type 'ros.ament_cmake' and name 'vision_opencv'
[3.670s] Level 1:colcon.colcon_core.package_discovery:discover_packages(recursive) using defaults
[3.670s] Level 1:colcon.colcon_core.package_discovery:discover_packages(ignore) discover
[3.670s] Level 1:colcon.colcon_core.package_discovery:discover_packages(ignore) using defaults
[3.670s] Level 1:colcon.colcon_core.package_discovery:discover_packages(path) discover
[3.670s] Level 1:colcon.colcon_core.package_discovery:discover_packages(path) using defaults
[3.896s] INFO:colcon.colcon_core.package_selection:Skipping not selected package 'audio_common_msgs' in 'src/audio_common/audio_common_msgs'
[3.896s] INFO:colcon.colcon_core.package_selection:Skipping not selected package 'cv_bridge' in 'src/vision_opencv/cv_bridge'
[3.896s] INFO:colcon.colcon_core.package_selection:Skipping not selected package 'image_geometry' in 'src/vision_opencv/image_geometry'
[3.896s] INFO:colcon.colcon_core.package_selection:Skipping not selected package 'ld08_driver' in 'src/ld08_driver'
[3.897s] INFO:colcon.colcon_core.package_selection:Skipping not selected package 'turtlebot3_description' in 'src/turtlebot3/turtlebot3_description'
[3.897s] INFO:colcon.colcon_core.package_selection:Skipping not selected package 'turtlebot3_example' in 'src/turtlebot3/turtlebot3_example'
[3.897s] INFO:colcon.colcon_core.package_selection:Skipping not selected package 'turtlebot3_node' in 'src/turtlebot3/turtlebot3_node'
[3.897s] INFO:colcon.colcon_core.package_selection:Skipping not selected package 'turtlebot3_teleop' in 'src/turtlebot3/turtlebot3_teleop'
[3.897s] INFO:colcon.colcon_core.package_selection:Skipping not selected package 'audio_capture' in 'src/audio_common/audio_capture'
[3.897s] INFO:colcon.colcon_core.package_selection:Skipping not selected package 'cv_stuff' in 'src/cv_stuff'
[3.897s] INFO:colcon.colcon_core.package_selection:Skipping not selected package 'opencv_tests' in 'src/vision_opencv/opencv_tests'
[3.898s] INFO:colcon.colcon_core.package_selection:Skipping not selected package 'turtlebot3_bringup' in 'src/turtlebot3/turtlebot3_bringup'
[3.898s] INFO:colcon.colcon_core.package_selection:Skipping not selected package 'vision_opencv' in 'src/vision_opencv/vision_opencv'
[3.898s] INFO:colcon.colcon_core.package_selection:Skipping not selected package 'audio_common' in 'src/audio_common/audio_common'
[3.898s] INFO:colcon.colcon_core.package_selection:Skipping not selected package 'turtlebot3' in 'src/turtlebot3/turtlebot3'
[3.988s] Level 1:colcon.colcon_core.package_discovery:discover_packages(prefix_path) check parameters
[3.989s] Level 1:colcon.colcon_core.package_discovery:discover_packages(prefix_path) discover
[4.090s] DEBUG:colcon.colcon_installed_package_information.package_discovery:Found 15 installed packages in /home/maddy/turtlebot3_ws/install
[4.141s] DEBUG:colcon.colcon_installed_package_information.package_discovery:Found 183 installed packages in /opt/ros/humble
[4.146s] Level 1:colcon.colcon_core.package_discovery:discover_packages(prefix_path) using defaults
[4.409s] Level 5:colcon.colcon_core.verb:set package 'audio_play' build argument 'cmake_args' from command line to 'None'
[4.409s] Level 5:colcon.colcon_core.verb:set package 'audio_play' build argument 'cmake_target' from command line to 'None'
[4.409s] Level 5:colcon.colcon_core.verb:set package 'audio_play' build argument 'cmake_target_skip_unavailable' from command line to 'False'
[4.409s] Level 5:colcon.colcon_core.verb:set package 'audio_play' build argument 'cmake_clean_cache' from command line to 'False'
[4.409s] Level 5:colcon.colcon_core.verb:set package 'audio_play' build argument 'cmake_clean_first' from command line to 'False'
[4.409s] Level 5:colcon.colcon_core.verb:set package 'audio_play' build argument 'cmake_force_configure' from command line to 'False'
[4.410s] Level 5:colcon.colcon_core.verb:set package 'audio_play' build argument 'ament_cmake_args' from command line to 'None'
[4.410s] Level 5:colcon.colcon_core.verb:set package 'audio_play' build argument 'catkin_cmake_args' from command line to 'None'
[4.410s] Level 5:colcon.colcon_core.verb:set package 'audio_play' build argument 'catkin_skip_building_tests' from command line to 'False'
[4.410s] DEBUG:colcon.colcon_core.verb:Building package 'audio_play' with the following arguments: {'ament_cmake_args': None, 'build_base': '/home/maddy/turtlebot3_ws/build/audio_play', 'catkin_cmake_args': None, 'catkin_skip_building_tests': False, 'cmake_args': None, 'cmake_clean_cache': False, 'cmake_clean_first': False, 'cmake_force_configure': False, 'cmake_target': None, 'cmake_target_skip_unavailable': False, 'install_base': '/home/maddy/turtlebot3_ws/install/audio_play', 'merge_install': False, 'path': '/home/maddy/turtlebot3_ws/src/audio_common/audio_play', 'symlink_install': False, 'test_result_base': None}
[4.456s] Level 5:colcon.colcon_core.verb:set package 'sound_play' build argument 'cmake_args' from command line to 'None'
[4.456s] Level 5:colcon.colcon_core.verb:set package 'sound_play' build argument 'cmake_target' from command line to 'None'
[4.456s] Level 5:colcon.colcon_core.verb:set package 'sound_play' build argument 'cmake_target_skip_unavailable' from command line to 'False'
[4.456s] Level 5:colcon.colcon_core.verb:set package 'sound_play' build argument 'cmake_clean_cache' from command line to 'False'
[4.457s] Level 5:colcon.colcon_core.verb:set package 'sound_play' build argument 'cmake_clean_first' from command line to 'False'
[4.457s] Level 5:colcon.colcon_core.verb:set package 'sound_play' build argument 'cmake_force_configure' from command line to 'False'
[4.457s] Level 5:colcon.colcon_core.verb:set package 'sound_play' build argument 'ament_cmake_args' from command line to 'None'
[4.457s] Level 5:colcon.colcon_core.verb:set package 'sound_play' build argument 'catkin_cmake_args' from command line to 'None'
[4.457s] Level 5:colcon.colcon_core.verb:set package 'sound_play' build argument 'catkin_skip_building_tests' from command line to 'False'
[4.457s] DEBUG:colcon.colcon_core.verb:Building package 'sound_play' with the following arguments: {'ament_cmake_args': None, 'build_base': '/home/maddy/turtlebot3_ws/build/sound_play', 'catkin_cmake_args': None, 'catkin_skip_building_tests': False, 'cmake_args': None, 'cmake_clean_cache': False, 'cmake_clean_first': False, 'cmake_force_configure': False, 'cmake_target': None, 'cmake_target_skip_unavailable': False, 'install_base': '/home/maddy/turtlebot3_ws/install/sound_play', 'merge_install': False, 'path': '/home/maddy/turtlebot3_ws/src/audio_common/sound_play', 'symlink_install': False, 'test_result_base': None}
[4.502s] INFO:colcon.colcon_core.executor:Executing jobs using 'parallel' executor
[4.550s] DEBUG:colcon.colcon_parallel_executor.executor.parallel:run_until_complete
[4.551s] INFO:colcon.colcon_ros.task.ament_cmake.build:Building ROS package in '/home/maddy/turtlebot3_ws/src/audio_common/audio_play' with build type 'ament_cmake'
[4.552s] INFO:colcon.colcon_cmake.task.cmake.build:Building CMake package in '/home/maddy/turtlebot3_ws/src/audio_common/audio_play'
[4.610s] INFO:colcon.colcon_core.plugin_system:Skipping extension 'colcon_core.shell.bat': Not used on non-Windows systems
[4.611s] INFO:colcon.colcon_core.shell:Skip shell extension 'powershell' for command environment: Not usable outside of PowerShell
[4.611s] DEBUG:colcon.colcon_core.shell:Skip shell extension 'dsv' for command environment
[4.768s] INFO:colcon.colcon_ros.task.ament_cmake.build:Building ROS package in '/home/maddy/turtlebot3_ws/src/audio_common/sound_play' with build type 'ament_cmake'
[4.769s] INFO:colcon.colcon_cmake.task.cmake.build:Building CMake package in '/home/maddy/turtlebot3_ws/src/audio_common/sound_play'
[4.819s] INFO:colcon.colcon_core.shell:Skip shell extension 'powershell' for command environment: Not usable outside of PowerShell
[4.820s] DEBUG:colcon.colcon_core.shell:Skip shell extension 'dsv' for command environment
[4.988s] DEBUG:colcon.colcon_core.event_handler.log_command:Invoking command in '/home/maddy/turtlebot3_ws/build/audio_play': AMENT_PREFIX_PATH=/home/maddy/turtlebot3_ws/install/audio_common_msgs:${AMENT_PREFIX_PATH} CMAKE_PREFIX_PATH=/home/maddy/turtlebot3_ws/install/audio_common_msgs:/home/maddy/turtlebot3_ws/install/vision_opencv:/home/maddy/turtlebot3_ws/install/turtlebot3:/home/maddy/turtlebot3_ws/install/turtlebot3_bringup:/home/maddy/turtlebot3_ws/install/turtlebot3_node:/home/maddy/turtlebot3_ws/install/turtlebot3_description:/home/maddy/turtlebot3_ws/install/ld08_driver:/home/maddy/turtlebot3_ws/install/image_geometry:/home/maddy/turtlebot3_ws/install/cv_bridge:/home/maddy/turtlebot3_ws/install/turtlebot3_teleop:/home/maddy/turtlebot3_ws/install/turtlebot3_example:/home/maddy/turtlebot3_ws/install/opencv_tests:/home/maddy/turtlebot3_ws/install/cv_stuff:/opt/ros/humble LD_LIBRARY_PATH=/home/maddy/turtlebot3_ws/install/audio_common_msgs/lib:${LD_LIBRARY_PATH} PYTHONPATH=/home/maddy/turtlebot3_ws/install/audio_common_msgs/local/lib/python3.10/dist-packages:${PYTHONPATH} /usr/bin/cmake /home/maddy/turtlebot3_ws/src/audio_common/audio_play -DCMAKE_INSTALL_PREFIX=/home/maddy/turtlebot3_ws/install/audio_play
[5.015s] DEBUG:colcon.colcon_core.event_handler.log_command:Invoking command in '/home/maddy/turtlebot3_ws/build/sound_play': AMENT_PREFIX_PATH=/home/maddy/turtlebot3_ws/install/audio_common_msgs:${AMENT_PREFIX_PATH} CMAKE_PREFIX_PATH=/home/maddy/turtlebot3_ws/install/audio_common_msgs:/home/maddy/turtlebot3_ws/install/vision_opencv:/home/maddy/turtlebot3_ws/install/turtlebot3:/home/maddy/turtlebot3_ws/install/turtlebot3_bringup:/home/maddy/turtlebot3_ws/install/turtlebot3_node:/home/maddy/turtlebot3_ws/install/turtlebot3_description:/home/maddy/turtlebot3_ws/install/ld08_driver:/home/maddy/turtlebot3_ws/install/image_geometry:/home/maddy/turtlebot3_ws/install/cv_bridge:/home/maddy/turtlebot3_ws/install/turtlebot3_teleop:/home/maddy/turtlebot3_ws/install/turtlebot3_example:/home/maddy/turtlebot3_ws/install/opencv_tests:/home/maddy/turtlebot3_ws/install/cv_stuff:/opt/ros/humble LD_LIBRARY_PATH=/home/maddy/turtlebot3_ws/install/audio_common_msgs/lib:${LD_LIBRARY_PATH} PYTHONPATH=/home/maddy/turtlebot3_ws/install/audio_common_msgs/local/lib/python3.10/dist-packages:${PYTHONPATH} /usr/bin/cmake /home/maddy/turtlebot3_ws/src/audio_common/sound_play -DCMAKE_INSTALL_PREFIX=/home/maddy/turtlebot3_ws/install/sound_play
[8.182s] DEBUG:colcon.colcon_core.event_handler.log_command:Invoked command in '/home/maddy/turtlebot3_ws/build/audio_play' returned '1': AMENT_PREFIX_PATH=/home/maddy/turtlebot3_ws/install/audio_common_msgs:${AMENT_PREFIX_PATH} CMAKE_PREFIX_PATH=/home/maddy/turtlebot3_ws/install/audio_common_msgs:/home/maddy/turtlebot3_ws/install/vision_opencv:/home/maddy/turtlebot3_ws/install/turtlebot3:/home/maddy/turtlebot3_ws/install/turtlebot3_bringup:/home/maddy/turtlebot3_ws/install/turtlebot3_node:/home/maddy/turtlebot3_ws/install/turtlebot3_description:/home/maddy/turtlebot3_ws/install/ld08_driver:/home/maddy/turtlebot3_ws/install/image_geometry:/home/maddy/turtlebot3_ws/install/cv_bridge:/home/maddy/turtlebot3_ws/install/turtlebot3_teleop:/home/maddy/turtlebot3_ws/install/turtlebot3_example:/home/maddy/turtlebot3_ws/install/opencv_tests:/home/maddy/turtlebot3_ws/install/cv_stuff:/opt/ros/humble LD_LIBRARY_PATH=/home/maddy/turtlebot3_ws/install/audio_common_msgs/lib:${LD_LIBRARY_PATH} PYTHONPATH=/home/maddy/turtlebot3_ws/install/audio_common_msgs/local/lib/python3.10/dist-packages:${PYTHONPATH} /usr/bin/cmake /home/maddy/turtlebot3_ws/src/audio_common/audio_play -DCMAKE_INSTALL_PREFIX=/home/maddy/turtlebot3_ws/install/audio_play
[8.225s] Level 1:colcon.colcon_core.environment:create_environment_scripts_only(audio_play)
[8.291s] Level 1:colcon.colcon_core.environment:checking '/home/maddy/turtlebot3_ws/install/audio_play' for CMake module files
[8.292s] Level 1:colcon.colcon_core.environment:checking '/home/maddy/turtlebot3_ws/install/audio_play' for CMake config files
[8.294s] Level 1:colcon.colcon_core.environment:checking '/home/maddy/turtlebot3_ws/install/audio_play/bin'
[8.294s] Level 1:colcon.colcon_core.environment:checking '/home/maddy/turtlebot3_ws/install/audio_play/lib/pkgconfig/audio_play.pc'
[8.295s] Level 1:colcon.colcon_core.environment:checking '/home/maddy/turtlebot3_ws/install/audio_play/lib/python3.10/site-packages'
[8.296s] Level 1:colcon.colcon_core.environment:checking '/home/maddy/turtlebot3_ws/install/audio_play/bin'
[8.353s] INFO:colcon.colcon_core.shell:Creating package script '/home/maddy/turtlebot3_ws/install/audio_play/share/audio_play/package.ps1'
[8.362s] INFO:colcon.colcon_core.shell:Creating package descriptor '/home/maddy/turtlebot3_ws/install/audio_play/share/audio_play/package.dsv'
[8.363s] INFO:colcon.colcon_core.shell:Creating package script '/home/maddy/turtlebot3_ws/install/audio_play/share/audio_play/package.sh'
[8.366s] INFO:colcon.colcon_core.shell:Creating package script '/home/maddy/turtlebot3_ws/install/audio_play/share/audio_play/package.bash'
[8.369s] INFO:colcon.colcon_core.shell:Creating package script '/home/maddy/turtlebot3_ws/install/audio_play/share/audio_play/package.zsh'
[8.372s] Level 1:colcon.colcon_core.environment:create_file_with_runtime_dependencies(/home/maddy/turtlebot3_ws/install/audio_play/share/colcon-core/packages/audio_play)
[11.058s] DEBUG:colcon.colcon_parallel_executor.executor.parallel:closing loop
[11.060s] DEBUG:colcon.colcon_parallel_executor.executor.parallel:loop closed
[11.060s] DEBUG:colcon.colcon_parallel_executor.executor.parallel:run_until_complete finished with '1'
[11.061s] DEBUG:colcon.colcon_core.event_reactor:joining thread
[11.132s] INFO:colcon.colcon_core.plugin_system:Skipping extension 'colcon_notification.desktop_notification.notify_send': Could not find 'notify-send'
[11.132s] INFO:colcon.colcon_core.plugin_system:Skipping extension 'colcon_notification.desktop_notification.terminal_notifier': Not used on non-Darwin systems
[11.133s] INFO:colcon.colcon_core.plugin_system:Skipping extension 'colcon_notification.desktop_notification.win32': Not used on non-Windows systems
[11.133s] INFO:colcon.colcon_notification.desktop_notification:Sending desktop notification using 'notify2'
[11.136s] DEBUG:colcon.colcon_notification.desktop_notification.notify2:Failed to initialize notify2: org.freedesktop.DBus.Error.ServiceUnknown: The name org.freedesktop.Notifications was not provided by any .service files
[11.136s] DEBUG:colcon.colcon_core.event_reactor:joined thread
[11.184s] INFO:colcon.colcon_core.shell:Creating prefix script '/home/maddy/turtlebot3_ws/install/local_setup.ps1'
[11.187s] INFO:colcon.colcon_core.shell:Creating prefix util module '/home/maddy/turtlebot3_ws/install/_local_setup_util_ps1.py'
[11.192s] INFO:colcon.colcon_core.shell:Creating prefix chain script '/home/maddy/turtlebot3_ws/install/setup.ps1'
[11.244s] INFO:colcon.colcon_core.shell:Creating prefix script '/home/maddy/turtlebot3_ws/install/local_setup.sh'
[11.246s] INFO:colcon.colcon_core.shell:Creating prefix util module '/home/maddy/turtlebot3_ws/install/_local_setup_util_sh.py'
[11.248s] INFO:colcon.colcon_core.shell:Creating prefix chain script '/home/maddy/turtlebot3_ws/install/setup.sh'
[11.300s] INFO:colcon.colcon_core.shell:Creating prefix script '/home/maddy/turtlebot3_ws/install/local_setup.bash'
[11.302s] INFO:colcon.colcon_core.shell:Creating prefix chain script '/home/maddy/turtlebot3_ws/install/setup.bash'
[11.354s] INFO:colcon.colcon_core.shell:Creating prefix script '/home/maddy/turtlebot3_ws/install/local_setup.zsh'
[11.356s] INFO:colcon.colcon_core.shell:Creating prefix chain script '/home/maddy/turtlebot3_ws/install/setup.zsh'
