[0.850s] Invoking command in '/home/ros2/turtlebot3_ws/build/turtlebot3_node': CMAKE_PREFIX_PATH=${CMAKE_PREFIX_PATH}:/home/ros2/turtlebot3_ws/install/turtlebot3_teleop:/home/ros2/turtlebot3_ws/install/turtlebot3_example:/opt/ros/humble /usr/bin/cmake --build /home/ros2/turtlebot3_ws/build/turtlebot3_node -- -j4 -l4
[2.271s] [35m[1mConsolidate compiler generated dependencies of target turtlebot3_node_lib[0m
[2.272s] [ 85%] Built target turtlebot3_node_lib
[2.273s] [35m[1mConsolidate compiler generated dependencies of target turtlebot3_ros[0m
[2.275s] [100%] Built target turtlebot3_ros
[2.284s] Invoked command in '/home/ros2/turtlebot3_ws/build/turtlebot3_node' returned '0': CMAKE_PREFIX_PATH=${CMAKE_PREFIX_PATH}:/home/ros2/turtlebot3_ws/install/turtlebot3_teleop:/home/ros2/turtlebot3_ws/install/turtlebot3_example:/opt/ros/humble /usr/bin/cmake --build /home/ros2/turtlebot3_ws/build/turtlebot3_node -- -j4 -l4
[3.691s] Invoking command in '/home/ros2/turtlebot3_ws/build/turtlebot3_node': CMAKE_PREFIX_PATH=${CMAKE_PREFIX_PATH}:/home/ros2/turtlebot3_ws/install/turtlebot3_teleop:/home/ros2/turtlebot3_ws/install/turtlebot3_example:/opt/ros/humble /usr/bin/cmake --install /home/ros2/turtlebot3_ws/build/turtlebot3_node
[3.743s] -- Install configuration: ""
[3.748s] -- Execute custom install script
[3.752s] -- Up-to-date symlink: /home/ros2/turtlebot3_ws/install/turtlebot3_node/share/turtlebot3_node/param/burger.yaml
[3.756s] -- Up-to-date symlink: /home/ros2/turtlebot3_ws/install/turtlebot3_node/share/turtlebot3_node/param/waffle.yaml
[3.758s] -- Up-to-date symlink: /home/ros2/turtlebot3_ws/install/turtlebot3_node/share/turtlebot3_node/param/waffle_pi.yaml
[3.767s] -- Up-to-date symlink: /home/ros2/turtlebot3_ws/install/turtlebot3_node/lib/turtlebot3_node/turtlebot3_ros
[3.768s] -- Up-to-date symlink: /home/ros2/turtlebot3_ws/install/turtlebot3_node/share/ament_index/resource_index/package_run_dependencies/turtlebot3_node
[3.774s] -- Up-to-date symlink: /home/ros2/turtlebot3_ws/install/turtlebot3_node/share/ament_index/resource_index/parent_prefix_path/turtlebot3_node
[3.778s] -- Up-to-date symlink: /home/ros2/turtlebot3_ws/install/turtlebot3_node/share/turtlebot3_node/environment/ament_prefix_path.sh
[3.781s] -- Up-to-date symlink: /home/ros2/turtlebot3_ws/install/turtlebot3_node/share/turtlebot3_node/environment/ament_prefix_path.dsv
[3.788s] -- Up-to-date symlink: /home/ros2/turtlebot3_ws/install/turtlebot3_node/share/turtlebot3_node/environment/path.sh
[3.790s] -- Up-to-date symlink: /home/ros2/turtlebot3_ws/install/turtlebot3_node/share/turtlebot3_node/environment/path.dsv
[3.794s] -- Up-to-date symlink: /home/ros2/turtlebot3_ws/install/turtlebot3_node/share/turtlebot3_node/local_setup.bash
[3.797s] -- Up-to-date symlink: /home/ros2/turtlebot3_ws/install/turtlebot3_node/share/turtlebot3_node/local_setup.sh
[3.799s] -- Up-to-date symlink: /home/ros2/turtlebot3_ws/install/turtlebot3_node/share/turtlebot3_node/local_setup.zsh
[3.801s] -- Up-to-date symlink: /home/ros2/turtlebot3_ws/install/turtlebot3_node/share/turtlebot3_node/local_setup.dsv
[3.803s] -- Symlinking: /home/ros2/turtlebot3_ws/install/turtlebot3_node/share/turtlebot3_node/package.dsv
[3.852s] -- Up-to-date symlink: /home/ros2/turtlebot3_ws/install/turtlebot3_node/share/ament_index/resource_index/packages/turtlebot3_node
[3.854s] -- Up-to-date symlink: /home/ros2/turtlebot3_ws/install/turtlebot3_node/share/turtlebot3_node/cmake/ament_cmake_export_include_directories-extras.cmake
[3.856s] -- Up-to-date symlink: /home/ros2/turtlebot3_ws/install/turtlebot3_node/share/turtlebot3_node/cmake/turtlebot3_nodeConfig.cmake
[3.858s] -- Up-to-date symlink: /home/ros2/turtlebot3_ws/install/turtlebot3_node/share/turtlebot3_node/cmake/turtlebot3_nodeConfig-version.cmake
[3.861s] -- Up-to-date symlink: /home/ros2/turtlebot3_ws/install/turtlebot3_node/share/turtlebot3_node/package.xml
[3.881s] Invoked command in '/home/ros2/turtlebot3_ws/build/turtlebot3_node' returned '0': CMAKE_PREFIX_PATH=${CMAKE_PREFIX_PATH}:/home/ros2/turtlebot3_ws/install/turtlebot3_teleop:/home/ros2/turtlebot3_ws/install/turtlebot3_example:/opt/ros/humble /usr/bin/cmake --install /home/ros2/turtlebot3_ws/build/turtlebot3_node
