[0.238s] Invoking command in '/home/maddy/turtlebot3_ws/build/audio_capture': AMENT_PREFIX_PATH=/home/maddy/turtlebot3_ws/install/audio_common_msgs:${AMENT_PREFIX_PATH} CMAKE_PREFIX_PATH=/home/maddy/turtlebot3_ws/install/audio_common_msgs:/home/maddy/turtlebot3_ws/install/vision_opencv:/home/maddy/turtlebot3_ws/install/turtlebot3:/home/maddy/turtlebot3_ws/install/turtlebot3_bringup:/home/maddy/turtlebot3_ws/install/turtlebot3_node:/home/maddy/turtlebot3_ws/install/turtlebot3_description:/home/maddy/turtlebot3_ws/install/ld08_driver:/home/maddy/turtlebot3_ws/install/image_geometry:/home/maddy/turtlebot3_ws/install/cv_bridge:/home/maddy/turtlebot3_ws/install/turtlebot3_teleop:/home/maddy/turtlebot3_ws/install/turtlebot3_example:/home/maddy/turtlebot3_ws/install/opencv_tests:/home/maddy/turtlebot3_ws/install/cv_stuff:/opt/ros/humble LD_LIBRARY_PATH=/home/maddy/turtlebot3_ws/install/audio_common_msgs/lib:${LD_LIBRARY_PATH} PYTHONPATH=/home/maddy/turtlebot3_ws/install/audio_common_msgs/local/lib/python3.10/dist-packages:${PYTHONPATH} /usr/bin/cmake /home/maddy/turtlebot3_ws/src/audio_common/audio_capture -DCMAKE_INSTALL_PREFIX=/home/maddy/turtlebot3_ws/install/audio_capture
[0.295s] -- Found ament_cmake: 1.3.5 (/opt/ros/humble/share/ament_cmake/cmake)
[0.993s] -- Found rclcpp: 16.0.6 (/opt/ros/humble/share/rclcpp/cmake)
[1.133s] -- Found rosidl_generator_c: 3.1.5 (/opt/ros/humble/share/rosidl_generator_c/cmake)
[1.143s] -- Found rosidl_adapter: 3.1.5 (/opt/ros/humble/share/rosidl_adapter/cmake)
[1.167s] -- Found rosidl_generator_cpp: 3.1.5 (/opt/ros/humble/share/rosidl_generator_cpp/cmake)
[1.212s] -- Using all available rosidl_typesupport_c: rosidl_typesupport_fastrtps_c;rosidl_typesupport_introspection_c
[1.274s] -- Using all available rosidl_typesupport_cpp: rosidl_typesupport_fastrtps_cpp;rosidl_typesupport_introspection_cpp
[1.493s] -- Found rmw_implementation_cmake: 6.1.1 (/opt/ros/humble/share/rmw_implementation_cmake/cmake)
[1.500s] -- Found rmw_fastrtps_cpp: 6.2.4 (/opt/ros/humble/share/rmw_fastrtps_cpp/cmake)
[2.200s] -- Using RMW implementation 'rmw_fastrtps_cpp' as default
[2.768s] -- Found rclcpp_components: 16.0.6 (/opt/ros/humble/share/rclcpp_components/cmake)
[2.975s] -- Found audio_common_msgs: 0.3.12 (/home/maddy/turtlebot3_ws/install/audio_common_msgs/share/audio_common_msgs/cmake)
[3.149s] -- Checking for module 'gstreamer-1.0'
[3.163s] --   No package 'gstreamer-1.0' found
[3.163s] [31mCMake Error at /usr/share/cmake-3.22/Modules/FindPkgConfig.cmake:603 (message):
[3.164s]   A required package was not found
[3.164s] Call Stack (most recent call first):
[3.165s]   /usr/share/cmake-3.22/Modules/FindPkgConfig.cmake:825 (_pkg_check_modules_internal)
[3.165s]   CMakeLists.txt:17 (pkg_check_modules)
[3.165s] 
[3.166s] [0m
[3.166s] -- Configuring incomplete, errors occurred!
[3.166s] See also "/home/maddy/turtlebot3_ws/build/audio_capture/CMakeFiles/CMakeOutput.log".
[3.194s] Invoked command in '/home/maddy/turtlebot3_ws/build/audio_capture' returned '1': AMENT_PREFIX_PATH=/home/maddy/turtlebot3_ws/install/audio_common_msgs:${AMENT_PREFIX_PATH} CMAKE_PREFIX_PATH=/home/maddy/turtlebot3_ws/install/audio_common_msgs:/home/maddy/turtlebot3_ws/install/vision_opencv:/home/maddy/turtlebot3_ws/install/turtlebot3:/home/maddy/turtlebot3_ws/install/turtlebot3_bringup:/home/maddy/turtlebot3_ws/install/turtlebot3_node:/home/maddy/turtlebot3_ws/install/turtlebot3_description:/home/maddy/turtlebot3_ws/install/ld08_driver:/home/maddy/turtlebot3_ws/install/image_geometry:/home/maddy/turtlebot3_ws/install/cv_bridge:/home/maddy/turtlebot3_ws/install/turtlebot3_teleop:/home/maddy/turtlebot3_ws/install/turtlebot3_example:/home/maddy/turtlebot3_ws/install/opencv_tests:/home/maddy/turtlebot3_ws/install/cv_stuff:/opt/ros/humble LD_LIBRARY_PATH=/home/maddy/turtlebot3_ws/install/audio_common_msgs/lib:${LD_LIBRARY_PATH} PYTHONPATH=/home/maddy/turtlebot3_ws/install/audio_common_msgs/local/lib/python3.10/dist-packages:${PYTHONPATH} /usr/bin/cmake /home/maddy/turtlebot3_ws/src/audio_common/audio_capture -DCMAKE_INSTALL_PREFIX=/home/maddy/turtlebot3_ws/install/audio_capture
