[3.529s] Invoking command in '/home/maddy/turtlebot3_ws/src/sound_player': PYTHONPATH=/home/maddy/turtlebot3_ws/build/sound_player/prefix_override:/home/maddy/turtlebot3_ws/install/sound_player/lib/python3.10/site-packages:${PYTHONPATH} /usr/bin/python3 setup.py egg_info --egg-base ../../build/sound_player build --build-base /home/maddy/turtlebot3_ws/build/sound_player/build install --record /home/maddy/turtlebot3_ws/build/sound_player/install.log --single-version-externally-managed
[4.646s] running egg_info
[4.649s] writing ../../build/sound_player/sound_player.egg-info/PKG-INFO
[4.650s] writing dependency_links to ../../build/sound_player/sound_player.egg-info/dependency_links.txt
[4.651s] writing entry points to ../../build/sound_player/sound_player.egg-info/entry_points.txt
[4.651s] writing requirements to ../../build/sound_player/sound_player.egg-info/requires.txt
[4.652s] writing top-level names to ../../build/sound_player/sound_player.egg-info/top_level.txt
[4.659s] reading manifest file '../../build/sound_player/sound_player.egg-info/SOURCES.txt'
[4.664s] writing manifest file '../../build/sound_player/sound_player.egg-info/SOURCES.txt'
[4.664s] running build
[4.664s] running build_py
[4.665s] copying sound_player/sound_publisher.py -> /home/maddy/turtlebot3_ws/build/sound_player/build/lib/sound_player
[4.667s] running install
[4.668s] /usr/lib/python3/dist-packages/setuptools/command/install.py:34: SetuptoolsDeprecationWarning: setup.py install is deprecated. Use build and pip and other standards-based tools.
[4.668s]   warnings.warn(
[4.669s] running install_lib
[4.672s] copying /home/maddy/turtlebot3_ws/build/sound_player/build/lib/sound_player/sound_publisher.py -> /home/maddy/turtlebot3_ws/install/sound_player/lib/python3.10/site-packages/sound_player
[4.676s] byte-compiling /home/maddy/turtlebot3_ws/install/sound_player/lib/python3.10/site-packages/sound_player/sound_publisher.py to sound_publisher.cpython-310.pyc
[4.678s] running install_data
[4.681s] running install_egg_info
[4.688s] removing '/home/maddy/turtlebot3_ws/install/sound_player/lib/python3.10/site-packages/sound_player-0.0.0-py3.10.egg-info' (and everything under it)
[4.689s] Copying ../../build/sound_player/sound_player.egg-info to /home/maddy/turtlebot3_ws/install/sound_player/lib/python3.10/site-packages/sound_player-0.0.0-py3.10.egg-info
[4.694s] running install_scripts
[4.779s] Installing sound_player script to /home/maddy/turtlebot3_ws/install/sound_player/lib/sound_player
[4.779s] Installing sound_publisher script to /home/maddy/turtlebot3_ws/install/sound_player/lib/sound_player
[4.781s] writing list of installed files to '/home/maddy/turtlebot3_ws/build/sound_player/install.log'
[4.897s] Invoked command in '/home/maddy/turtlebot3_ws/src/sound_player' returned '0': PYTHONPATH=/home/maddy/turtlebot3_ws/build/sound_player/prefix_override:/home/maddy/turtlebot3_ws/install/sound_player/lib/python3.10/site-packages:${PYTHONPATH} /usr/bin/python3 setup.py egg_info --egg-base ../../build/sound_player build --build-base /home/maddy/turtlebot3_ws/build/sound_player/build install --record /home/maddy/turtlebot3_ws/build/sound_player/install.log --single-version-externally-managed
