[7.276s] Invoking command in '/home/maddy/turtlebot3_ws/src/cv_stuff': CMAKE_PREFIX_PATH=/home/maddy/turtlebot3_ws/install/cv_bridge:/home/maddy/turtlebot3_ws/install/vision_opencv:/home/maddy/turtlebot3_ws/install/turtlebot3:/home/maddy/turtlebot3_ws/install/turtlebot3_bringup:/home/maddy/turtlebot3_ws/install/turtlebot3_node:/home/maddy/turtlebot3_ws/install/turtlebot3_description:/home/maddy/turtlebot3_ws/install/ld08_driver:/home/maddy/turtlebot3_ws/install/image_geometry:/home/maddy/turtlebot3_ws/install/audio_common_msgs LD_LIBRARY_PATH=/home/maddy/turtlebot3_ws/install/cv_bridge/lib:/home/maddy/turtlebot3_ws/install/image_geometry/lib:/home/maddy/turtlebot3_ws/install/audio_common_msgs/lib:/opt/ros/humble/lib/aarch64-linux-gnu:/opt/ros/humble/lib PYTHONPATH=/home/maddy/turtlebot3_ws/build/cv_stuff/prefix_override:/home/maddy/turtlebot3_ws/install/cv_stuff/lib/python3.10/site-packages:${PYTHONPATH} /usr/bin/python3 setup.py egg_info --egg-base ../../build/cv_stuff build --build-base /home/maddy/turtlebot3_ws/build/cv_stuff/build install --record /home/maddy/turtlebot3_ws/build/cv_stuff/install.log --single-version-externally-managed
[8.994s] running egg_info
[8.998s] writing ../../build/cv_stuff/cv_stuff.egg-info/PKG-INFO
[9.001s] writing dependency_links to ../../build/cv_stuff/cv_stuff.egg-info/dependency_links.txt
[9.003s] writing entry points to ../../build/cv_stuff/cv_stuff.egg-info/entry_points.txt
[9.006s] writing requirements to ../../build/cv_stuff/cv_stuff.egg-info/requires.txt
[9.008s] writing top-level names to ../../build/cv_stuff/cv_stuff.egg-info/top_level.txt
[9.020s] reading manifest file '../../build/cv_stuff/cv_stuff.egg-info/SOURCES.txt'
[9.026s] writing manifest file '../../build/cv_stuff/cv_stuff.egg-info/SOURCES.txt'
[9.027s] running build
[9.028s] running build_py
[9.033s] running install
[9.034s] /usr/lib/python3/dist-packages/setuptools/command/install.py:34: SetuptoolsDeprecationWarning: setup.py install is deprecated. Use build and pip and other standards-based tools.
[9.035s]   warnings.warn(
[9.036s] running install_lib
[9.045s] running install_data
[9.047s] running install_egg_info
[9.057s] removing '/home/maddy/turtlebot3_ws/install/cv_stuff/lib/python3.10/site-packages/cv_stuff-0.0.0-py3.10.egg-info' (and everything under it)
[9.059s] Copying ../../build/cv_stuff/cv_stuff.egg-info to /home/maddy/turtlebot3_ws/install/cv_stuff/lib/python3.10/site-packages/cv_stuff-0.0.0-py3.10.egg-info
[9.069s] running install_scripts
[9.173s] Installing img_publisher script to /home/maddy/turtlebot3_ws/install/cv_stuff/lib/cv_stuff
[9.175s] Installing img_subscriber script to /home/maddy/turtlebot3_ws/install/cv_stuff/lib/cv_stuff
[9.187s] writing list of installed files to '/home/maddy/turtlebot3_ws/build/cv_stuff/install.log'
[9.339s] Invoked command in '/home/maddy/turtlebot3_ws/src/cv_stuff' returned '0': CMAKE_PREFIX_PATH=/home/maddy/turtlebot3_ws/install/cv_bridge:/home/maddy/turtlebot3_ws/install/vision_opencv:/home/maddy/turtlebot3_ws/install/turtlebot3:/home/maddy/turtlebot3_ws/install/turtlebot3_bringup:/home/maddy/turtlebot3_ws/install/turtlebot3_node:/home/maddy/turtlebot3_ws/install/turtlebot3_description:/home/maddy/turtlebot3_ws/install/ld08_driver:/home/maddy/turtlebot3_ws/install/image_geometry:/home/maddy/turtlebot3_ws/install/audio_common_msgs LD_LIBRARY_PATH=/home/maddy/turtlebot3_ws/install/cv_bridge/lib:/home/maddy/turtlebot3_ws/install/image_geometry/lib:/home/maddy/turtlebot3_ws/install/audio_common_msgs/lib:/opt/ros/humble/lib/aarch64-linux-gnu:/opt/ros/humble/lib PYTHONPATH=/home/maddy/turtlebot3_ws/build/cv_stuff/prefix_override:/home/maddy/turtlebot3_ws/install/cv_stuff/lib/python3.10/site-packages:${PYTHONPATH} /usr/bin/python3 setup.py egg_info --egg-base ../../build/cv_stuff build --build-base /home/maddy/turtlebot3_ws/build/cv_stuff/build install --record /home/maddy/turtlebot3_ws/build/cv_stuff/install.log --single-version-externally-managed
