[3.008s] Invoking command in '/home/maddy/turtlebot3_ws/src/sound_player': PYTHONPATH=/home/maddy/turtlebot3_ws/build/sound_player/prefix_override:/home/maddy/turtlebot3_ws/install/sound_player/lib/python3.10/site-packages:${PYTHONPATH} /usr/bin/python3 setup.py egg_info --egg-base ../../build/sound_player build --build-base /home/maddy/turtlebot3_ws/build/sound_player/build install --record /home/maddy/turtlebot3_ws/build/sound_player/install.log --single-version-externally-managed
[3.972s] running egg_info
[3.980s] writing ../../build/sound_player/sound_player.egg-info/PKG-INFO
[3.981s] writing dependency_links to ../../build/sound_player/sound_player.egg-info/dependency_links.txt
[3.982s] writing entry points to ../../build/sound_player/sound_player.egg-info/entry_points.txt
[3.983s] writing requirements to ../../build/sound_player/sound_player.egg-info/requires.txt
[3.983s] writing top-level names to ../../build/sound_player/sound_player.egg-info/top_level.txt
[3.991s] reading manifest file '../../build/sound_player/sound_player.egg-info/SOURCES.txt'
[3.996s] writing manifest file '../../build/sound_player/sound_player.egg-info/SOURCES.txt'
[3.997s] running build
[3.997s] running build_py
[3.998s] copying sound_player/play_sounds.py -> /home/maddy/turtlebot3_ws/build/sound_player/build/lib/sound_player
[4.000s] running install
[4.000s] /usr/lib/python3/dist-packages/setuptools/command/install.py:34: SetuptoolsDeprecationWarning: setup.py install is deprecated. Use build and pip and other standards-based tools.
[4.001s]   warnings.warn(
[4.001s] running install_lib
[4.006s] copying /home/maddy/turtlebot3_ws/build/sound_player/build/lib/sound_player/play_sounds.py -> /home/maddy/turtlebot3_ws/install/sound_player/lib/python3.10/site-packages/sound_player
[4.009s] byte-compiling /home/maddy/turtlebot3_ws/install/sound_player/lib/python3.10/site-packages/sound_player/play_sounds.py to play_sounds.cpython-310.pyc
[4.011s] running install_data
[4.013s] running install_egg_info
[4.020s] removing '/home/maddy/turtlebot3_ws/install/sound_player/lib/python3.10/site-packages/sound_player-0.0.0-py3.10.egg-info' (and everything under it)
[4.022s] Copying ../../build/sound_player/sound_player.egg-info to /home/maddy/turtlebot3_ws/install/sound_player/lib/python3.10/site-packages/sound_player-0.0.0-py3.10.egg-info
[4.027s] running install_scripts
[4.109s] Installing sound_player script to /home/maddy/turtlebot3_ws/install/sound_player/lib/sound_player
[4.111s] writing list of installed files to '/home/maddy/turtlebot3_ws/build/sound_player/install.log'
[4.225s] Invoked command in '/home/maddy/turtlebot3_ws/src/sound_player' returned '0': PYTHONPATH=/home/maddy/turtlebot3_ws/build/sound_player/prefix_override:/home/maddy/turtlebot3_ws/install/sound_player/lib/python3.10/site-packages:${PYTHONPATH} /usr/bin/python3 setup.py egg_info --egg-base ../../build/sound_player build --build-base /home/maddy/turtlebot3_ws/build/sound_player/build install --record /home/maddy/turtlebot3_ws/build/sound_player/install.log --single-version-externally-managed
