running egg_info
writing ../../build/mic_startup/mic_startup.egg-info/PKG-INFO
writing dependency_links to ../../build/mic_startup/mic_startup.egg-info/dependency_links.txt
writing entry points to ../../build/mic_startup/mic_startup.egg-info/entry_points.txt
writing requirements to ../../build/mic_startup/mic_startup.egg-info/requires.txt
writing top-level names to ../../build/mic_startup/mic_startup.egg-info/top_level.txt
reading manifest file '../../build/mic_startup/mic_startup.egg-info/SOURCES.txt'
writing manifest file '../../build/mic_startup/mic_startup.egg-info/SOURCES.txt'
running build
running build_py
copying mic_startup/play_sound.py -> /home/maddy/turtlebot3_ws/build/mic_startup/build/lib/mic_startup
copying mic_startup/speech_exporter.py -> /home/maddy/turtlebot3_ws/build/mic_startup/build/lib/mic_startup
copying mic_startup/speech_input.py -> /home/maddy/turtlebot3_ws/build/mic_startup/build/lib/mic_startup
copying mic_startup/speech_converter.py -> /home/maddy/turtlebot3_ws/build/mic_startup/build/lib/mic_startup
copying mic_startup/__init__.py -> /home/maddy/turtlebot3_ws/build/mic_startup/build/lib/mic_startup
running install
running install_lib
copying /home/maddy/turtlebot3_ws/build/mic_startup/build/lib/mic_startup/speech_converter.py -> /home/maddy/turtlebot3_ws/install/mic_startup/lib/python3.10/site-packages/mic_startup
byte-compiling /home/maddy/turtlebot3_ws/install/mic_startup/lib/python3.10/site-packages/mic_startup/speech_converter.py to speech_converter.cpython-310.pyc
running install_data
running install_egg_info
removing '/home/maddy/turtlebot3_ws/install/mic_startup/lib/python3.10/site-packages/mic_startup-0.0.0-py3.10.egg-info' (and everything under it)
Copying ../../build/mic_startup/mic_startup.egg-info to /home/maddy/turtlebot3_ws/install/mic_startup/lib/python3.10/site-packages/mic_startup-0.0.0-py3.10.egg-info
running install_scripts
Installing mic_access script to /home/maddy/turtlebot3_ws/install/mic_startup/lib/mic_startup
writing list of installed files to '/home/maddy/turtlebot3_ws/build/mic_startup/install.log'
