[12.570s] DEBUG:colcon:Command line arguments: ['/usr/bin/colcon', 'build', '--packages-select', 'cv_stuff']
[12.571s] DEBUG:colcon:Parsed command line arguments: Namespace(log_base=None, log_level=None, verb_name='build', build_base='build', install_base='install', merge_install=False, symlink_install=False, test_result_base=None, continue_on_error=False, executor='parallel', parallel_workers=4, event_handlers=None, ignore_user_meta=False, metas=['./colcon.meta'], base_paths=['.'], packages_ignore=None, packages_ignore_regex=None, paths=None, packages_up_to=None, packages_up_to_regex=None, packages_above=None, packages_above_and_dependencies=None, packages_above_depth=None, packages_select_by_dep=None, packages_skip_by_dep=None, packages_skip_up_to=None, packages_select_build_failed=False, packages_skip_build_finished=False, packages_select_test_failures=False, packages_skip_test_passed=False, packages_select=['cv_stuff'], packages_skip=None, packages_select_regex=None, packages_skip_regex=None, packages_start=None, packages_end=None, allow_overriding=[], cmake_args=None, cmake_target=None, cmake_target_skip_unavailable=False, cmake_clean_cache=False, cmake_clean_first=False, cmake_force_configure=False, ament_cmake_args=None, catkin_cmake_args=None, catkin_skip_building_tests=False, verb_parser=<colcon_defaults.argument_parser.defaults.DefaultArgumentsDecorator object at 0xffffb3579810>, verb_extension=<colcon_core.verb.build.BuildVerb object at 0xffffb38d80d0>, main=<bound method BuildVerb.main of <colcon_core.verb.build.BuildVerb object at 0xffffb38d80d0>>)
[13.252s] Level 1:colcon.colcon_core.package_discovery:discover_packages(colcon_meta) check parameters
[13.253s] Level 1:colcon.colcon_core.package_discovery:discover_packages(recursive) check parameters
[13.254s] Level 1:colcon.colcon_core.package_discovery:discover_packages(ignore) check parameters
[13.254s] Level 1:colcon.colcon_core.package_discovery:discover_packages(path) check parameters
[13.255s] Level 1:colcon.colcon_core.package_discovery:discover_packages(colcon_meta) discover
[13.256s] Level 1:colcon.colcon_core.package_discovery:discover_packages(recursive) discover
[13.256s] INFO:colcon.colcon_core.package_discovery:Crawling recursively for packages in '/home/ros2/turtlebot3_ws'
[13.257s] Level 1:colcon.colcon_core.package_identification:_identify(.) by extensions ['ignore', 'ignore_ament_install']
[13.258s] Level 1:colcon.colcon_core.package_identification:_identify(.) by extension 'ignore'
[13.258s] Level 1:colcon.colcon_core.package_identification:_identify(.) by extension 'ignore_ament_install'
[13.258s] Level 1:colcon.colcon_core.package_identification:_identify(.) by extensions ['colcon_pkg']
[13.258s] Level 1:colcon.colcon_core.package_identification:_identify(.) by extension 'colcon_pkg'
[13.259s] Level 1:colcon.colcon_core.package_identification:_identify(.) by extensions ['colcon_meta']
[13.259s] Level 1:colcon.colcon_core.package_identification:_identify(.) by extension 'colcon_meta'
[13.259s] Level 1:colcon.colcon_core.package_identification:_identify(.) by extensions ['ros']
[13.259s] Level 1:colcon.colcon_core.package_identification:_identify(.) by extension 'ros'
[13.361s] Level 1:colcon.colcon_core.package_identification:_identify(.) by extensions ['cmake', 'python']
[13.361s] Level 1:colcon.colcon_core.package_identification:_identify(.) by extension 'cmake'
[13.362s] Level 1:colcon.colcon_core.package_identification:_identify(.) by extension 'python'
[13.362s] Level 1:colcon.colcon_core.package_identification:_identify(.) by extensions ['python_setup_py']
[13.362s] Level 1:colcon.colcon_core.package_identification:_identify(.) by extension 'python_setup_py'
[13.363s] Level 1:colcon.colcon_core.package_identification:_identify(build) by extensions ['ignore', 'ignore_ament_install']
[13.363s] Level 1:colcon.colcon_core.package_identification:_identify(build) by extension 'ignore'
[13.364s] Level 1:colcon.colcon_core.package_identification:_identify(build) ignored
[13.366s] Level 1:colcon.colcon_core.package_identification:_identify(install) by extensions ['ignore', 'ignore_ament_install']
[13.367s] Level 1:colcon.colcon_core.package_identification:_identify(install) by extension 'ignore'
[13.368s] Level 1:colcon.colcon_core.package_identification:_identify(install) ignored
[13.369s] Level 1:colcon.colcon_core.package_identification:_identify(log) by extensions ['ignore', 'ignore_ament_install']
[13.369s] Level 1:colcon.colcon_core.package_identification:_identify(log) by extension 'ignore'
[13.369s] Level 1:colcon.colcon_core.package_identification:_identify(log) ignored
[13.370s] Level 1:colcon.colcon_core.package_identification:_identify(src) by extensions ['ignore', 'ignore_ament_install']
[13.370s] Level 1:colcon.colcon_core.package_identification:_identify(src) by extension 'ignore'
[13.371s] Level 1:colcon.colcon_core.package_identification:_identify(src) by extension 'ignore_ament_install'
[13.371s] Level 1:colcon.colcon_core.package_identification:_identify(src) by extensions ['colcon_pkg']
[13.371s] Level 1:colcon.colcon_core.package_identification:_identify(src) by extension 'colcon_pkg'
[13.371s] Level 1:colcon.colcon_core.package_identification:_identify(src) by extensions ['colcon_meta']
[13.371s] Level 1:colcon.colcon_core.package_identification:_identify(src) by extension 'colcon_meta'
[13.372s] Level 1:colcon.colcon_core.package_identification:_identify(src) by extensions ['ros']
[13.372s] Level 1:colcon.colcon_core.package_identification:_identify(src) by extension 'ros'
[13.372s] Level 1:colcon.colcon_core.package_identification:_identify(src) by extensions ['cmake', 'python']
[13.372s] Level 1:colcon.colcon_core.package_identification:_identify(src) by extension 'cmake'
[13.372s] Level 1:colcon.colcon_core.package_identification:_identify(src) by extension 'python'
[13.372s] Level 1:colcon.colcon_core.package_identification:_identify(src) by extensions ['python_setup_py']
[13.373s] Level 1:colcon.colcon_core.package_identification:_identify(src) by extension 'python_setup_py'
[13.373s] Level 1:colcon.colcon_core.package_identification:_identify(src/cv_stuff) by extensions ['ignore', 'ignore_ament_install']
[13.374s] Level 1:colcon.colcon_core.package_identification:_identify(src/cv_stuff) by extension 'ignore'
[13.374s] Level 1:colcon.colcon_core.package_identification:_identify(src/cv_stuff) by extension 'ignore_ament_install'
[13.374s] Level 1:colcon.colcon_core.package_identification:_identify(src/cv_stuff) by extensions ['colcon_pkg']
[13.374s] Level 1:colcon.colcon_core.package_identification:_identify(src/cv_stuff) by extension 'colcon_pkg'
[13.374s] Level 1:colcon.colcon_core.package_identification:_identify(src/cv_stuff) by extensions ['colcon_meta']
[13.374s] Level 1:colcon.colcon_core.package_identification:_identify(src/cv_stuff) by extension 'colcon_meta'
[13.375s] Level 1:colcon.colcon_core.package_identification:_identify(src/cv_stuff) by extensions ['ros']
[13.375s] Level 1:colcon.colcon_core.package_identification:_identify(src/cv_stuff) by extension 'ros'
[13.392s] DEBUG:colcon.colcon_core.package_identification:Package 'src/cv_stuff' with type 'ros.ament_python' and name 'cv_stuff'
[13.393s] Level 1:colcon.colcon_core.package_identification:_identify(src/ld08_driver) by extensions ['ignore', 'ignore_ament_install']
[13.394s] Level 1:colcon.colcon_core.package_identification:_identify(src/ld08_driver) by extension 'ignore'
[13.394s] Level 1:colcon.colcon_core.package_identification:_identify(src/ld08_driver) by extension 'ignore_ament_install'
[13.394s] Level 1:colcon.colcon_core.package_identification:_identify(src/ld08_driver) by extensions ['colcon_pkg']
[13.394s] Level 1:colcon.colcon_core.package_identification:_identify(src/ld08_driver) by extension 'colcon_pkg'
[13.395s] Level 1:colcon.colcon_core.package_identification:_identify(src/ld08_driver) by extensions ['colcon_meta']
[13.395s] Level 1:colcon.colcon_core.package_identification:_identify(src/ld08_driver) by extension 'colcon_meta'
[13.395s] Level 1:colcon.colcon_core.package_identification:_identify(src/ld08_driver) by extensions ['ros']
[13.395s] Level 1:colcon.colcon_core.package_identification:_identify(src/ld08_driver) by extension 'ros'
[13.399s] DEBUG:colcon.colcon_core.package_identification:Package 'src/ld08_driver' with type 'ros.ament_cmake' and name 'ld08_driver'
[13.401s] Level 1:colcon.colcon_core.package_identification:_identify(src/turtlebot3) by extensions ['ignore', 'ignore_ament_install']
[13.402s] Level 1:colcon.colcon_core.package_identification:_identify(src/turtlebot3) by extension 'ignore'
[13.402s] Level 1:colcon.colcon_core.package_identification:_identify(src/turtlebot3) by extension 'ignore_ament_install'
[13.403s] Level 1:colcon.colcon_core.package_identification:_identify(src/turtlebot3) by extensions ['colcon_pkg']
[13.403s] Level 1:colcon.colcon_core.package_identification:_identify(src/turtlebot3) by extension 'colcon_pkg'
[13.403s] Level 1:colcon.colcon_core.package_identification:_identify(src/turtlebot3) by extensions ['colcon_meta']
[13.404s] Level 1:colcon.colcon_core.package_identification:_identify(src/turtlebot3) by extension 'colcon_meta'
[13.404s] Level 1:colcon.colcon_core.package_identification:_identify(src/turtlebot3) by extensions ['ros']
[13.404s] Level 1:colcon.colcon_core.package_identification:_identify(src/turtlebot3) by extension 'ros'
[13.405s] Level 1:colcon.colcon_core.package_identification:_identify(src/turtlebot3) by extensions ['cmake', 'python']
[13.405s] Level 1:colcon.colcon_core.package_identification:_identify(src/turtlebot3) by extension 'cmake'
[13.405s] Level 1:colcon.colcon_core.package_identification:_identify(src/turtlebot3) by extension 'python'
[13.405s] Level 1:colcon.colcon_core.package_identification:_identify(src/turtlebot3) by extensions ['python_setup_py']
[13.406s] Level 1:colcon.colcon_core.package_identification:_identify(src/turtlebot3) by extension 'python_setup_py'
[13.408s] Level 1:colcon.colcon_core.package_identification:_identify(src/turtlebot3/turtlebot3) by extensions ['ignore', 'ignore_ament_install']
[13.409s] Level 1:colcon.colcon_core.package_identification:_identify(src/turtlebot3/turtlebot3) by extension 'ignore'
[13.410s] Level 1:colcon.colcon_core.package_identification:_identify(src/turtlebot3/turtlebot3) by extension 'ignore_ament_install'
[13.412s] Level 1:colcon.colcon_core.package_identification:_identify(src/turtlebot3/turtlebot3) by extensions ['colcon_pkg']
[13.413s] Level 1:colcon.colcon_core.package_identification:_identify(src/turtlebot3/turtlebot3) by extension 'colcon_pkg'
[13.413s] Level 1:colcon.colcon_core.package_identification:_identify(src/turtlebot3/turtlebot3) by extensions ['colcon_meta']
[13.413s] Level 1:colcon.colcon_core.package_identification:_identify(src/turtlebot3/turtlebot3) by extension 'colcon_meta'
[13.414s] Level 1:colcon.colcon_core.package_identification:_identify(src/turtlebot3/turtlebot3) by extensions ['ros']
[13.414s] Level 1:colcon.colcon_core.package_identification:_identify(src/turtlebot3/turtlebot3) by extension 'ros'
[13.422s] DEBUG:colcon.colcon_core.package_identification:Package 'src/turtlebot3/turtlebot3' with type 'ros.ament_cmake' and name 'turtlebot3'
[13.425s] Level 1:colcon.colcon_core.package_identification:_identify(src/turtlebot3/turtlebot3_bringup) by extensions ['ignore', 'ignore_ament_install']
[13.427s] Level 1:colcon.colcon_core.package_identification:_identify(src/turtlebot3/turtlebot3_bringup) by extension 'ignore'
[13.428s] Level 1:colcon.colcon_core.package_identification:_identify(src/turtlebot3/turtlebot3_bringup) by extension 'ignore_ament_install'
[13.430s] Level 1:colcon.colcon_core.package_identification:_identify(src/turtlebot3/turtlebot3_bringup) by extensions ['colcon_pkg']
[13.431s] Level 1:colcon.colcon_core.package_identification:_identify(src/turtlebot3/turtlebot3_bringup) by extension 'colcon_pkg'
[13.433s] Level 1:colcon.colcon_core.package_identification:_identify(src/turtlebot3/turtlebot3_bringup) by extensions ['colcon_meta']
[13.434s] Level 1:colcon.colcon_core.package_identification:_identify(src/turtlebot3/turtlebot3_bringup) by extension 'colcon_meta'
[13.436s] Level 1:colcon.colcon_core.package_identification:_identify(src/turtlebot3/turtlebot3_bringup) by extensions ['ros']
[13.437s] Level 1:colcon.colcon_core.package_identification:_identify(src/turtlebot3/turtlebot3_bringup) by extension 'ros'
[13.444s] DEBUG:colcon.colcon_core.package_identification:Package 'src/turtlebot3/turtlebot3_bringup' with type 'ros.ament_cmake' and name 'turtlebot3_bringup'
[13.447s] Level 1:colcon.colcon_core.package_identification:_identify(src/turtlebot3/turtlebot3_description) by extensions ['ignore', 'ignore_ament_install']
[13.449s] Level 1:colcon.colcon_core.package_identification:_identify(src/turtlebot3/turtlebot3_description) by extension 'ignore'
[13.451s] Level 1:colcon.colcon_core.package_identification:_identify(src/turtlebot3/turtlebot3_description) by extension 'ignore_ament_install'
[13.453s] Level 1:colcon.colcon_core.package_identification:_identify(src/turtlebot3/turtlebot3_description) by extensions ['colcon_pkg']
[13.454s] Level 1:colcon.colcon_core.package_identification:_identify(src/turtlebot3/turtlebot3_description) by extension 'colcon_pkg'
[13.456s] Level 1:colcon.colcon_core.package_identification:_identify(src/turtlebot3/turtlebot3_description) by extensions ['colcon_meta']
[13.457s] Level 1:colcon.colcon_core.package_identification:_identify(src/turtlebot3/turtlebot3_description) by extension 'colcon_meta'
[13.459s] Level 1:colcon.colcon_core.package_identification:_identify(src/turtlebot3/turtlebot3_description) by extensions ['ros']
[13.460s] Level 1:colcon.colcon_core.package_identification:_identify(src/turtlebot3/turtlebot3_description) by extension 'ros'
[13.467s] DEBUG:colcon.colcon_core.package_identification:Package 'src/turtlebot3/turtlebot3_description' with type 'ros.ament_cmake' and name 'turtlebot3_description'
[13.469s] Level 1:colcon.colcon_core.package_identification:_identify(src/turtlebot3/turtlebot3_example) by extensions ['ignore', 'ignore_ament_install']
[13.470s] Level 1:colcon.colcon_core.package_identification:_identify(src/turtlebot3/turtlebot3_example) by extension 'ignore'
[13.470s] Level 1:colcon.colcon_core.package_identification:_identify(src/turtlebot3/turtlebot3_example) by extension 'ignore_ament_install'
[13.470s] Level 1:colcon.colcon_core.package_identification:_identify(src/turtlebot3/turtlebot3_example) by extensions ['colcon_pkg']
[13.471s] Level 1:colcon.colcon_core.package_identification:_identify(src/turtlebot3/turtlebot3_example) by extension 'colcon_pkg'
[13.471s] Level 1:colcon.colcon_core.package_identification:_identify(src/turtlebot3/turtlebot3_example) by extensions ['colcon_meta']
[13.471s] Level 1:colcon.colcon_core.package_identification:_identify(src/turtlebot3/turtlebot3_example) by extension 'colcon_meta'
[13.471s] Level 1:colcon.colcon_core.package_identification:_identify(src/turtlebot3/turtlebot3_example) by extensions ['ros']
[13.471s] Level 1:colcon.colcon_core.package_identification:_identify(src/turtlebot3/turtlebot3_example) by extension 'ros'
[13.475s] DEBUG:colcon.colcon_core.package_identification:Package 'src/turtlebot3/turtlebot3_example' with type 'ros.ament_python' and name 'turtlebot3_example'
[13.476s] Level 1:colcon.colcon_core.package_identification:_identify(src/turtlebot3/turtlebot3_node) by extensions ['ignore', 'ignore_ament_install']
[13.477s] Level 1:colcon.colcon_core.package_identification:_identify(src/turtlebot3/turtlebot3_node) by extension 'ignore'
[13.477s] Level 1:colcon.colcon_core.package_identification:_identify(src/turtlebot3/turtlebot3_node) by extension 'ignore_ament_install'
[13.477s] Level 1:colcon.colcon_core.package_identification:_identify(src/turtlebot3/turtlebot3_node) by extensions ['colcon_pkg']
[13.477s] Level 1:colcon.colcon_core.package_identification:_identify(src/turtlebot3/turtlebot3_node) by extension 'colcon_pkg'
[13.477s] Level 1:colcon.colcon_core.package_identification:_identify(src/turtlebot3/turtlebot3_node) by extensions ['colcon_meta']
[13.478s] Level 1:colcon.colcon_core.package_identification:_identify(src/turtlebot3/turtlebot3_node) by extension 'colcon_meta'
[13.478s] Level 1:colcon.colcon_core.package_identification:_identify(src/turtlebot3/turtlebot3_node) by extensions ['ros']
[13.478s] Level 1:colcon.colcon_core.package_identification:_identify(src/turtlebot3/turtlebot3_node) by extension 'ros'
[13.488s] DEBUG:colcon.colcon_core.package_identification:Package 'src/turtlebot3/turtlebot3_node' with type 'ros.ament_cmake' and name 'turtlebot3_node'
[13.491s] Level 1:colcon.colcon_core.package_identification:_identify(src/turtlebot3/turtlebot3_teleop) by extensions ['ignore', 'ignore_ament_install']
[13.492s] Level 1:colcon.colcon_core.package_identification:_identify(src/turtlebot3/turtlebot3_teleop) by extension 'ignore'
[13.494s] Level 1:colcon.colcon_core.package_identification:_identify(src/turtlebot3/turtlebot3_teleop) by extension 'ignore_ament_install'
[13.495s] Level 1:colcon.colcon_core.package_identification:_identify(src/turtlebot3/turtlebot3_teleop) by extensions ['colcon_pkg']
[13.496s] Level 1:colcon.colcon_core.package_identification:_identify(src/turtlebot3/turtlebot3_teleop) by extension 'colcon_pkg'
[13.496s] Level 1:colcon.colcon_core.package_identification:_identify(src/turtlebot3/turtlebot3_teleop) by extensions ['colcon_meta']
[13.497s] Level 1:colcon.colcon_core.package_identification:_identify(src/turtlebot3/turtlebot3_teleop) by extension 'colcon_meta'
[13.498s] Level 1:colcon.colcon_core.package_identification:_identify(src/turtlebot3/turtlebot3_teleop) by extensions ['ros']
[13.499s] Level 1:colcon.colcon_core.package_identification:_identify(src/turtlebot3/turtlebot3_teleop) by extension 'ros'
[13.517s] DEBUG:colcon.colcon_core.package_identification:Package 'src/turtlebot3/turtlebot3_teleop' with type 'ros.ament_python' and name 'turtlebot3_teleop'
[13.520s] Level 1:colcon.colcon_core.package_identification:_identify(src/vision_opencv) by extensions ['ignore', 'ignore_ament_install']
[13.522s] Level 1:colcon.colcon_core.package_identification:_identify(src/vision_opencv) by extension 'ignore'
[13.524s] Level 1:colcon.colcon_core.package_identification:_identify(src/vision_opencv) by extension 'ignore_ament_install'
[13.525s] Level 1:colcon.colcon_core.package_identification:_identify(src/vision_opencv) by extensions ['colcon_pkg']
[13.527s] Level 1:colcon.colcon_core.package_identification:_identify(src/vision_opencv) by extension 'colcon_pkg'
[13.528s] Level 1:colcon.colcon_core.package_identification:_identify(src/vision_opencv) by extensions ['colcon_meta']
[13.529s] Level 1:colcon.colcon_core.package_identification:_identify(src/vision_opencv) by extension 'colcon_meta'
[13.530s] Level 1:colcon.colcon_core.package_identification:_identify(src/vision_opencv) by extensions ['ros']
[13.530s] Level 1:colcon.colcon_core.package_identification:_identify(src/vision_opencv) by extension 'ros'
[13.532s] Level 1:colcon.colcon_core.package_identification:_identify(src/vision_opencv) by extensions ['cmake', 'python']
[13.533s] Level 1:colcon.colcon_core.package_identification:_identify(src/vision_opencv) by extension 'cmake'
[13.535s] Level 1:colcon.colcon_core.package_identification:_identify(src/vision_opencv) by extension 'python'
[13.538s] Level 1:colcon.colcon_core.package_identification:_identify(src/vision_opencv) by extensions ['python_setup_py']
[13.539s] Level 1:colcon.colcon_core.package_identification:_identify(src/vision_opencv) by extension 'python_setup_py'
[13.540s] Level 1:colcon.colcon_core.package_identification:_identify(src/vision_opencv/cv_bridge) by extensions ['ignore', 'ignore_ament_install']
[13.541s] Level 1:colcon.colcon_core.package_identification:_identify(src/vision_opencv/cv_bridge) by extension 'ignore'
[13.542s] Level 1:colcon.colcon_core.package_identification:_identify(src/vision_opencv/cv_bridge) by extension 'ignore_ament_install'
[13.543s] Level 1:colcon.colcon_core.package_identification:_identify(src/vision_opencv/cv_bridge) by extensions ['colcon_pkg']
[13.543s] Level 1:colcon.colcon_core.package_identification:_identify(src/vision_opencv/cv_bridge) by extension 'colcon_pkg'
[13.543s] Level 1:colcon.colcon_core.package_identification:_identify(src/vision_opencv/cv_bridge) by extensions ['colcon_meta']
[13.543s] Level 1:colcon.colcon_core.package_identification:_identify(src/vision_opencv/cv_bridge) by extension 'colcon_meta'
[13.544s] Level 1:colcon.colcon_core.package_identification:_identify(src/vision_opencv/cv_bridge) by extensions ['ros']
[13.545s] Level 1:colcon.colcon_core.package_identification:_identify(src/vision_opencv/cv_bridge) by extension 'ros'
[13.554s] DEBUG:colcon.colcon_core.package_identification:Package 'src/vision_opencv/cv_bridge' with type 'ros.ament_cmake' and name 'cv_bridge'
[13.558s] Level 1:colcon.colcon_core.package_identification:_identify(src/vision_opencv/image_geometry) by extensions ['ignore', 'ignore_ament_install']
[13.560s] Level 1:colcon.colcon_core.package_identification:_identify(src/vision_opencv/image_geometry) by extension 'ignore'
[13.562s] Level 1:colcon.colcon_core.package_identification:_identify(src/vision_opencv/image_geometry) by extension 'ignore_ament_install'
[13.565s] Level 1:colcon.colcon_core.package_identification:_identify(src/vision_opencv/image_geometry) by extensions ['colcon_pkg']
[13.566s] Level 1:colcon.colcon_core.package_identification:_identify(src/vision_opencv/image_geometry) by extension 'colcon_pkg'
[13.567s] Level 1:colcon.colcon_core.package_identification:_identify(src/vision_opencv/image_geometry) by extensions ['colcon_meta']
[13.568s] Level 1:colcon.colcon_core.package_identification:_identify(src/vision_opencv/image_geometry) by extension 'colcon_meta'
[13.570s] Level 1:colcon.colcon_core.package_identification:_identify(src/vision_opencv/image_geometry) by extensions ['ros']
[13.572s] Level 1:colcon.colcon_core.package_identification:_identify(src/vision_opencv/image_geometry) by extension 'ros'
[13.582s] DEBUG:colcon.colcon_core.package_identification:Package 'src/vision_opencv/image_geometry' with type 'ros.ament_cmake' and name 'image_geometry'
[13.584s] Level 1:colcon.colcon_core.package_identification:_identify(src/vision_opencv/opencv_tests) by extensions ['ignore', 'ignore_ament_install']
[13.587s] Level 1:colcon.colcon_core.package_identification:_identify(src/vision_opencv/opencv_tests) by extension 'ignore'
[13.589s] Level 1:colcon.colcon_core.package_identification:_identify(src/vision_opencv/opencv_tests) by extension 'ignore_ament_install'
[13.592s] Level 1:colcon.colcon_core.package_identification:_identify(src/vision_opencv/opencv_tests) by extensions ['colcon_pkg']
[13.593s] Level 1:colcon.colcon_core.package_identification:_identify(src/vision_opencv/opencv_tests) by extension 'colcon_pkg'
[13.595s] Level 1:colcon.colcon_core.package_identification:_identify(src/vision_opencv/opencv_tests) by extensions ['colcon_meta']
[13.597s] Level 1:colcon.colcon_core.package_identification:_identify(src/vision_opencv/opencv_tests) by extension 'colcon_meta'
[13.598s] Level 1:colcon.colcon_core.package_identification:_identify(src/vision_opencv/opencv_tests) by extensions ['ros']
[13.599s] Level 1:colcon.colcon_core.package_identification:_identify(src/vision_opencv/opencv_tests) by extension 'ros'
[13.606s] DEBUG:colcon.colcon_core.package_identification:Package 'src/vision_opencv/opencv_tests' with type 'ros.ament_python' and name 'opencv_tests'
[13.608s] Level 1:colcon.colcon_core.package_identification:_identify(src/vision_opencv/vision_opencv) by extensions ['ignore', 'ignore_ament_install']
[13.610s] Level 1:colcon.colcon_core.package_identification:_identify(src/vision_opencv/vision_opencv) by extension 'ignore'
[13.611s] Level 1:colcon.colcon_core.package_identification:_identify(src/vision_opencv/vision_opencv) by extension 'ignore_ament_install'
[13.613s] Level 1:colcon.colcon_core.package_identification:_identify(src/vision_opencv/vision_opencv) by extensions ['colcon_pkg']
[13.615s] Level 1:colcon.colcon_core.package_identification:_identify(src/vision_opencv/vision_opencv) by extension 'colcon_pkg'
[13.617s] Level 1:colcon.colcon_core.package_identification:_identify(src/vision_opencv/vision_opencv) by extensions ['colcon_meta']
[13.618s] Level 1:colcon.colcon_core.package_identification:_identify(src/vision_opencv/vision_opencv) by extension 'colcon_meta'
[13.620s] Level 1:colcon.colcon_core.package_identification:_identify(src/vision_opencv/vision_opencv) by extensions ['ros']
[13.622s] Level 1:colcon.colcon_core.package_identification:_identify(src/vision_opencv/vision_opencv) by extension 'ros'
[13.626s] DEBUG:colcon.colcon_core.package_identification:Package 'src/vision_opencv/vision_opencv' with type 'ros.ament_cmake' and name 'vision_opencv'
[13.627s] Level 1:colcon.colcon_core.package_discovery:discover_packages(recursive) using defaults
[13.627s] Level 1:colcon.colcon_core.package_discovery:discover_packages(ignore) discover
[13.628s] Level 1:colcon.colcon_core.package_discovery:discover_packages(ignore) using defaults
[13.628s] Level 1:colcon.colcon_core.package_discovery:discover_packages(path) discover
[13.628s] Level 1:colcon.colcon_core.package_discovery:discover_packages(path) using defaults
[14.306s] INFO:colcon.colcon_core.package_selection:Skipping not selected package 'cv_bridge' in 'src/vision_opencv/cv_bridge'
[14.307s] INFO:colcon.colcon_core.package_selection:Skipping not selected package 'image_geometry' in 'src/vision_opencv/image_geometry'
[14.307s] INFO:colcon.colcon_core.package_selection:Skipping not selected package 'ld08_driver' in 'src/ld08_driver'
[14.307s] INFO:colcon.colcon_core.package_selection:Skipping not selected package 'turtlebot3_description' in 'src/turtlebot3/turtlebot3_description'
[14.307s] INFO:colcon.colcon_core.package_selection:Skipping not selected package 'turtlebot3_example' in 'src/turtlebot3/turtlebot3_example'
[14.307s] INFO:colcon.colcon_core.package_selection:Skipping not selected package 'turtlebot3_node' in 'src/turtlebot3/turtlebot3_node'
[14.307s] INFO:colcon.colcon_core.package_selection:Skipping not selected package 'turtlebot3_teleop' in 'src/turtlebot3/turtlebot3_teleop'
[14.308s] INFO:colcon.colcon_core.package_selection:Skipping not selected package 'opencv_tests' in 'src/vision_opencv/opencv_tests'
[14.308s] INFO:colcon.colcon_core.package_selection:Skipping not selected package 'turtlebot3_bringup' in 'src/turtlebot3/turtlebot3_bringup'
[14.308s] INFO:colcon.colcon_core.package_selection:Skipping not selected package 'vision_opencv' in 'src/vision_opencv/vision_opencv'
[14.308s] INFO:colcon.colcon_core.package_selection:Skipping not selected package 'turtlebot3' in 'src/turtlebot3/turtlebot3'
[14.720s] Level 1:colcon.colcon_core.package_discovery:discover_packages(prefix_path) check parameters
[14.720s] Level 1:colcon.colcon_core.package_discovery:discover_packages(prefix_path) discover
[15.239s] DEBUG:colcon.colcon_installed_package_information.package_discovery:Found 12 installed packages in /home/ros2/turtlebot3_ws/install
[15.452s] DEBUG:colcon.colcon_installed_package_information.package_discovery:Found 183 installed packages in /opt/ros/humble
[15.459s] Level 1:colcon.colcon_core.package_discovery:discover_packages(prefix_path) using defaults
[16.359s] Level 5:colcon.colcon_core.verb:set package 'cv_stuff' build argument 'cmake_args' from command line to 'None'
[16.360s] Level 5:colcon.colcon_core.verb:set package 'cv_stuff' build argument 'cmake_target' from command line to 'None'
[16.362s] Level 5:colcon.colcon_core.verb:set package 'cv_stuff' build argument 'cmake_target_skip_unavailable' from command line to 'False'
[16.363s] Level 5:colcon.colcon_core.verb:set package 'cv_stuff' build argument 'cmake_clean_cache' from command line to 'False'
[16.364s] Level 5:colcon.colcon_core.verb:set package 'cv_stuff' build argument 'cmake_clean_first' from command line to 'False'
[16.366s] Level 5:colcon.colcon_core.verb:set package 'cv_stuff' build argument 'cmake_force_configure' from command line to 'False'
[16.366s] Level 5:colcon.colcon_core.verb:set package 'cv_stuff' build argument 'ament_cmake_args' from command line to 'None'
[16.367s] Level 5:colcon.colcon_core.verb:set package 'cv_stuff' build argument 'catkin_cmake_args' from command line to 'None'
[16.368s] Level 5:colcon.colcon_core.verb:set package 'cv_stuff' build argument 'catkin_skip_building_tests' from command line to 'False'
[16.368s] DEBUG:colcon.colcon_core.verb:Building package 'cv_stuff' with the following arguments: {'ament_cmake_args': None, 'build_base': '/home/ros2/turtlebot3_ws/build/cv_stuff', 'catkin_cmake_args': None, 'catkin_skip_building_tests': False, 'cmake_args': None, 'cmake_clean_cache': False, 'cmake_clean_first': False, 'cmake_force_configure': False, 'cmake_target': None, 'cmake_target_skip_unavailable': False, 'install_base': '/home/ros2/turtlebot3_ws/install/cv_stuff', 'merge_install': False, 'path': '/home/ros2/turtlebot3_ws/src/cv_stuff', 'symlink_install': False, 'test_result_base': None}
[16.594s] INFO:colcon.colcon_core.executor:Executing jobs using 'parallel' executor
[16.833s] DEBUG:colcon.colcon_parallel_executor.executor.parallel:run_until_complete
[16.834s] INFO:colcon.colcon_ros.task.ament_python.build:Building ROS package in '/home/ros2/turtlebot3_ws/src/cv_stuff' with build type 'ament_python'
[16.835s] Level 1:colcon.colcon_core.shell:create_environment_hook('cv_stuff', 'ament_prefix_path')
[17.022s] INFO:colcon.colcon_core.plugin_system:Skipping extension 'colcon_core.shell.bat': Not used on non-Windows systems
[17.026s] INFO:colcon.colcon_core.shell:Creating environment hook '/home/ros2/turtlebot3_ws/install/cv_stuff/share/cv_stuff/hook/ament_prefix_path.ps1'
[17.035s] INFO:colcon.colcon_core.shell:Creating environment descriptor '/home/ros2/turtlebot3_ws/install/cv_stuff/share/cv_stuff/hook/ament_prefix_path.dsv'
[17.041s] INFO:colcon.colcon_core.shell:Creating environment hook '/home/ros2/turtlebot3_ws/install/cv_stuff/share/cv_stuff/hook/ament_prefix_path.sh'
[17.351s] INFO:colcon.colcon_core.shell:Skip shell extension 'powershell' for command environment: Not usable outside of PowerShell
[17.352s] DEBUG:colcon.colcon_core.shell:Skip shell extension 'dsv' for command environment
[21.342s] INFO:colcon.colcon_core.task.python.build:Building Python package in '/home/ros2/turtlebot3_ws/src/cv_stuff'
[21.658s] INFO:colcon.colcon_core.shell:Skip shell extension 'powershell' for command environment: Not usable outside of PowerShell
[21.659s] DEBUG:colcon.colcon_core.shell:Skip shell extension 'dsv' for command environment
[26.379s] DEBUG:colcon.colcon_core.event_handler.log_command:Invoking command in '/home/ros2/turtlebot3_ws/src/cv_stuff': CMAKE_PREFIX_PATH=/home/ros2/turtlebot3_ws/install/cv_bridge:/home/ros2/turtlebot3_ws/install/vision_opencv:/home/ros2/turtlebot3_ws/install/turtlebot3:/home/ros2/turtlebot3_ws/install/turtlebot3_bringup:/home/ros2/turtlebot3_ws/install/turtlebot3_node:/home/ros2/turtlebot3_ws/install/turtlebot3_description:/home/ros2/turtlebot3_ws/install/ld08_driver:/home/ros2/turtlebot3_ws/install/image_geometry PYTHONPATH=/home/ros2/turtlebot3_ws/build/cv_stuff/prefix_override:/home/ros2/turtlebot3_ws/install/cv_stuff/lib/python3.10/site-packages:${PYTHONPATH} /usr/bin/python3 setup.py egg_info --egg-base ../../build/cv_stuff build --build-base /home/ros2/turtlebot3_ws/build/cv_stuff/build install --record /home/ros2/turtlebot3_ws/build/cv_stuff/install.log --single-version-externally-managed
[30.443s] DEBUG:colcon.colcon_core.event_handler.log_command:Invoked command in '/home/ros2/turtlebot3_ws/src/cv_stuff' returned '0': CMAKE_PREFIX_PATH=/home/ros2/turtlebot3_ws/install/cv_bridge:/home/ros2/turtlebot3_ws/install/vision_opencv:/home/ros2/turtlebot3_ws/install/turtlebot3:/home/ros2/turtlebot3_ws/install/turtlebot3_bringup:/home/ros2/turtlebot3_ws/install/turtlebot3_node:/home/ros2/turtlebot3_ws/install/turtlebot3_description:/home/ros2/turtlebot3_ws/install/ld08_driver:/home/ros2/turtlebot3_ws/install/image_geometry PYTHONPATH=/home/ros2/turtlebot3_ws/build/cv_stuff/prefix_override:/home/ros2/turtlebot3_ws/install/cv_stuff/lib/python3.10/site-packages:${PYTHONPATH} /usr/bin/python3 setup.py egg_info --egg-base ../../build/cv_stuff build --build-base /home/ros2/turtlebot3_ws/build/cv_stuff/build install --record /home/ros2/turtlebot3_ws/build/cv_stuff/install.log --single-version-externally-managed
[30.640s] Level 1:colcon.colcon_core.environment:checking '/home/ros2/turtlebot3_ws/install/cv_stuff' for CMake module files
[30.648s] Level 1:colcon.colcon_core.environment:checking '/home/ros2/turtlebot3_ws/install/cv_stuff' for CMake config files
[30.657s] Level 1:colcon.colcon_core.environment:checking '/home/ros2/turtlebot3_ws/install/cv_stuff/lib'
[30.659s] Level 1:colcon.colcon_core.environment:checking '/home/ros2/turtlebot3_ws/install/cv_stuff/bin'
[30.660s] Level 1:colcon.colcon_core.environment:checking '/home/ros2/turtlebot3_ws/install/cv_stuff/lib/pkgconfig/cv_stuff.pc'
[30.662s] Level 1:colcon.colcon_core.environment:checking '/home/ros2/turtlebot3_ws/install/cv_stuff/lib/python3.10/site-packages'
[30.662s] Level 1:colcon.colcon_core.shell:create_environment_hook('cv_stuff', 'pythonpath')
[30.882s] INFO:colcon.colcon_core.shell:Creating environment hook '/home/ros2/turtlebot3_ws/install/cv_stuff/share/cv_stuff/hook/pythonpath.ps1'
[30.893s] INFO:colcon.colcon_core.shell:Creating environment descriptor '/home/ros2/turtlebot3_ws/install/cv_stuff/share/cv_stuff/hook/pythonpath.dsv'
[30.902s] INFO:colcon.colcon_core.shell:Creating environment hook '/home/ros2/turtlebot3_ws/install/cv_stuff/share/cv_stuff/hook/pythonpath.sh'
[30.913s] Level 1:colcon.colcon_core.environment:checking '/home/ros2/turtlebot3_ws/install/cv_stuff/bin'
[30.915s] Level 1:colcon.colcon_core.environment:create_environment_scripts_only(cv_stuff)
[31.072s] INFO:colcon.colcon_core.shell:Creating package script '/home/ros2/turtlebot3_ws/install/cv_stuff/share/cv_stuff/package.ps1'
[31.084s] INFO:colcon.colcon_core.shell:Creating package descriptor '/home/ros2/turtlebot3_ws/install/cv_stuff/share/cv_stuff/package.dsv'
[31.091s] INFO:colcon.colcon_core.shell:Creating package script '/home/ros2/turtlebot3_ws/install/cv_stuff/share/cv_stuff/package.sh'
[31.102s] INFO:colcon.colcon_core.shell:Creating package script '/home/ros2/turtlebot3_ws/install/cv_stuff/share/cv_stuff/package.bash'
[31.110s] INFO:colcon.colcon_core.shell:Creating package script '/home/ros2/turtlebot3_ws/install/cv_stuff/share/cv_stuff/package.zsh'
[31.119s] Level 1:colcon.colcon_core.environment:create_file_with_runtime_dependencies(/home/ros2/turtlebot3_ws/install/cv_stuff/share/colcon-core/packages/cv_stuff)
[31.126s] DEBUG:colcon.colcon_parallel_executor.executor.parallel:closing loop
[31.133s] DEBUG:colcon.colcon_parallel_executor.executor.parallel:loop closed
[31.136s] DEBUG:colcon.colcon_parallel_executor.executor.parallel:run_until_complete finished with '0'
[31.137s] DEBUG:colcon.colcon_core.event_reactor:joining thread
[31.476s] INFO:colcon.colcon_core.plugin_system:Skipping extension 'colcon_notification.desktop_notification.terminal_notifier': Not used on non-Darwin systems
[31.477s] INFO:colcon.colcon_core.plugin_system:Skipping extension 'colcon_notification.desktop_notification.win32': Not used on non-Windows systems
[31.478s] INFO:colcon.colcon_notification.desktop_notification:Sending desktop notification using 'notify2'
[31.647s] DEBUG:colcon.colcon_core.event_reactor:joined thread
[31.798s] INFO:colcon.colcon_core.shell:Creating prefix script '/home/ros2/turtlebot3_ws/install/local_setup.ps1'
[31.806s] INFO:colcon.colcon_core.shell:Creating prefix util module '/home/ros2/turtlebot3_ws/install/_local_setup_util_ps1.py'
[31.816s] INFO:colcon.colcon_core.shell:Creating prefix chain script '/home/ros2/turtlebot3_ws/install/setup.ps1'
[31.942s] INFO:colcon.colcon_core.shell:Creating prefix script '/home/ros2/turtlebot3_ws/install/local_setup.sh'
[31.949s] INFO:colcon.colcon_core.shell:Creating prefix util module '/home/ros2/turtlebot3_ws/install/_local_setup_util_sh.py'
[31.957s] INFO:colcon.colcon_core.shell:Creating prefix chain script '/home/ros2/turtlebot3_ws/install/setup.sh'
[32.139s] INFO:colcon.colcon_core.shell:Creating prefix script '/home/ros2/turtlebot3_ws/install/local_setup.bash'
[32.145s] INFO:colcon.colcon_core.shell:Creating prefix chain script '/home/ros2/turtlebot3_ws/install/setup.bash'
[32.330s] INFO:colcon.colcon_core.shell:Creating prefix script '/home/ros2/turtlebot3_ws/install/local_setup.zsh'
[32.342s] INFO:colcon.colcon_core.shell:Creating prefix chain script '/home/ros2/turtlebot3_ws/install/setup.zsh'
