[0.000000] (-) TimerEvent: {}
[0.001432] (-) JobUnselected: {'identifier': 'cv_bridge'}
[0.002058] (-) JobUnselected: {'identifier': 'cv_stuff'}
[0.002332] (-) JobUnselected: {'identifier': 'image_geometry'}
[0.002493] (-) JobUnselected: {'identifier': 'ld08_driver'}
[0.002803] (-) JobUnselected: {'identifier': 'opencv_tests'}
[0.002899] (-) JobUnselected: {'identifier': 'ros2_camera_publish'}
[0.002988] (-) JobUnselected: {'identifier': 'turtlebot3'}
[0.003151] (-) JobUnselected: {'identifier': 'turtlebot3_bringup'}
[0.003240] (-) JobUnselected: {'identifier': 'turtlebot3_description'}
[0.003364] (-) JobUnselected: {'identifier': 'turtlebot3_example'}
[0.003591] (-) JobUnselected: {'identifier': 'turtlebot3_node'}
[0.003822] (-) JobUnselected: {'identifier': 'turtlebot3_teleop'}
[0.004067] (-) JobUnselected: {'identifier': 'vision_opencv'}
[0.004162] (sound_player) JobQueued: {'identifier': 'sound_player', 'dependencies': OrderedDict()}
[0.004259] (sound_player) JobStarted: {'identifier': 'sound_player'}
[0.099532] (-) TimerEvent: {}
[0.200447] (-) TimerEvent: {}
[0.301474] (-) TimerEvent: {}
[0.402267] (-) TimerEvent: {}
[0.502879] (-) TimerEvent: {}
[0.603488] (-) TimerEvent: {}
[0.704083] (-) TimerEvent: {}
[0.804667] (-) TimerEvent: {}
[0.905280] (-) TimerEvent: {}
[1.005885] (-) TimerEvent: {}
[1.106500] (-) TimerEvent: {}
[1.207126] (-) TimerEvent: {}
[1.307858] (-) TimerEvent: {}
[1.408866] (-) TimerEvent: {}
[1.412622] (sound_player) StderrLine: {'line': b'Traceback (most recent call last):\n  File "/usr/lib/python3/dist-packages/colcon_core/executor/__init__.py", line 91, in __call__\n    rc = await self.task(*args, **kwargs)\n  File "/usr/lib/python3/dist-packages/colcon_core/task/__init__.py", line 93, in __call__\n    return await task_method(*args, **kwargs)\n  File "/usr/lib/python3/dist-packages/colcon_ros/task/ament_python/build.py", line 51, in build\n    setup_py_data = get_setup_data(self.context.pkg, env)\n  File "/usr/lib/python3/dist-packages/colcon_core/task/python/__init__.py", line 20, in get_setup_data\n    return dict(pkg.metadata[key](env))\n  File "/usr/lib/python3/dist-packages/colcon_ros/package_augmentation/ros_ament_python.py", line 57, in getter\n    return get_setup_information(\n  File "/usr/lib/python3/dist-packages/colcon_python_setup_py/package_identification/python_setup_py.py", line 241, in get_setup_information\n    _setup_information_cache[hashable_env] = _get_setup_information(\n  File "/usr/lib/python3/dist-packages/colcon_python_setup_py/package_identification/python_setup_py.py", line 288, in _get_setup_information\n    result = subprocess.run(\n  File "/usr/lib/python3.10/subprocess.py", line 526, in run\n    raise CalledProcessError(retcode, process.args,\nsubprocess.CalledProcessError: Command \'[\'/usr/bin/python3\', \'-c\', \'import sys;from contextlib import suppress;exec("with suppress(ImportError):    from setuptools.extern.packaging.specifiers    import SpecifierSet");exec("with suppress(ImportError):    from packaging.specifiers import SpecifierSet");from distutils.core import run_setup;dist = run_setup(    \\\'setup.py\\\', script_args=(\\\'--dry-run\\\',), stop_after=\\\'config\\\');skip_keys = (\\\'cmdclass\\\', \\\'distclass\\\', \\\'ext_modules\\\', \\\'metadata\\\');data = {    key: value for key, value in dist.__dict__.items()     if (        not key.startswith(\\\'_\\\') and         not callable(value) and         key not in skip_keys and         key not in dist.display_option_names    )};data[\\\'metadata\\\'] = {    k: v for k, v in dist.metadata.__dict__.items()     if k not in (\\\'license_files\\\', \\\'provides_extras\\\')};sys.stdout.buffer.write(repr(data).encode(\\\'utf-8\\\'))\']\' returned non-zero exit status 1.\n'}
[1.414267] (sound_player) JobEnded: {'identifier': 'sound_player', 'rc': 1}
[1.424052] (-) EventReactorShutdown: {}
