running develop
/usr/lib/python3/dist-packages/setuptools/command/easy_install.py:158: EasyInstallDeprecationWarning: easy_install command is deprecated. Use build and pip and other standards-based tools.
  warnings.warn(
/usr/lib/python3/dist-packages/setuptools/command/install.py:34: SetuptoolsDeprecationWarning: setup.py install is deprecated. Use build and pip and other standards-based tools.
  warnings.warn(
Removing /home/ros2/turtlebot3_ws/install/cv_stuff/lib/python3.10/site-packages/cv-stuff.egg-link (link to .)
running egg_info
writing ../../build/cv_stuff/cv_stuff.egg-info/PKG-INFO
writing dependency_links to ../../build/cv_stuff/cv_stuff.egg-info/dependency_links.txt
writing entry points to ../../build/cv_stuff/cv_stuff.egg-info/entry_points.txt
writing requirements to ../../build/cv_stuff/cv_stuff.egg-info/requires.txt
writing top-level names to ../../build/cv_stuff/cv_stuff.egg-info/top_level.txt
reading manifest file '../../build/cv_stuff/cv_stuff.egg-info/SOURCES.txt'
writing manifest file '../../build/cv_stuff/cv_stuff.egg-info/SOURCES.txt'
running build
running build_py
creating /home/ros2/turtlebot3_ws/build/cv_stuff/build
creating /home/ros2/turtlebot3_ws/build/cv_stuff/build/lib
creating /home/ros2/turtlebot3_ws/build/cv_stuff/build/lib/cv_stuff
copying cv_stuff/webcam_publisher.py -> /home/ros2/turtlebot3_ws/build/cv_stuff/build/lib/cv_stuff
copying cv_stuff/__init__.py -> /home/ros2/turtlebot3_ws/build/cv_stuff/build/lib/cv_stuff
running install
/usr/lib/python3/dist-packages/setuptools/command/install.py:34: SetuptoolsDeprecationWarning: setup.py install is deprecated. Use build and pip and other standards-based tools.
  warnings.warn(
running install_lib
creating /home/ros2/turtlebot3_ws/install/cv_stuff/lib/python3.10/site-packages/cv_stuff
copying /home/ros2/turtlebot3_ws/build/cv_stuff/build/lib/cv_stuff/webcam_publisher.py -> /home/ros2/turtlebot3_ws/install/cv_stuff/lib/python3.10/site-packages/cv_stuff
copying /home/ros2/turtlebot3_ws/build/cv_stuff/build/lib/cv_stuff/__init__.py -> /home/ros2/turtlebot3_ws/install/cv_stuff/lib/python3.10/site-packages/cv_stuff
byte-compiling /home/ros2/turtlebot3_ws/install/cv_stuff/lib/python3.10/site-packages/cv_stuff/webcam_publisher.py to webcam_publisher.cpython-310.pyc
byte-compiling /home/ros2/turtlebot3_ws/install/cv_stuff/lib/python3.10/site-packages/cv_stuff/__init__.py to __init__.cpython-310.pyc
running install_data
running install_egg_info
Copying ../../build/cv_stuff/cv_stuff.egg-info to /home/ros2/turtlebot3_ws/install/cv_stuff/lib/python3.10/site-packages/cv_stuff-0.0.0-py3.10.egg-info
running install_scripts
Installing img_publisher script to /home/ros2/turtlebot3_ws/install/cv_stuff/lib/cv_stuff
writing list of installed files to '/home/ros2/turtlebot3_ws/build/cv_stuff/install.log'
