[3.388s] Invoking command in '/home/ros2/turtlebot3_ws/build/cv_stuff': PYTHONPATH=/home/ros2/turtlebot3_ws/build/cv_stuff/prefix_override:/home/ros2/turtlebot3_ws/install/cv_stuff/lib/python3.10/site-packages:${PYTHONPATH} /usr/bin/python3 setup.py develop --uninstall --editable --build-directory /home/ros2/turtlebot3_ws/build/cv_stuff/build
[4.435s] running develop
[4.436s] /usr/lib/python3/dist-packages/setuptools/command/easy_install.py:158: EasyInstallDeprecationWarning: easy_install command is deprecated. Use build and pip and other standards-based tools.
[4.437s]   warnings.warn(
[4.441s] /usr/lib/python3/dist-packages/setuptools/command/install.py:34: SetuptoolsDeprecationWarning: setup.py install is deprecated. Use build and pip and other standards-based tools.
[4.442s]   warnings.warn(
[5.049s] Removing /home/ros2/turtlebot3_ws/install/cv_stuff/lib/python3.10/site-packages/cv-stuff.egg-link (link to .)
[5.191s] Invoked command in '/home/ros2/turtlebot3_ws/build/cv_stuff' returned '0': PYTHONPATH=/home/ros2/turtlebot3_ws/build/cv_stuff/prefix_override:/home/ros2/turtlebot3_ws/install/cv_stuff/lib/python3.10/site-packages:${PYTHONPATH} /usr/bin/python3 setup.py develop --uninstall --editable --build-directory /home/ros2/turtlebot3_ws/build/cv_stuff/build
[5.200s] Invoking command in '/home/ros2/turtlebot3_ws/src/cv_stuff': PYTHONPATH=/home/ros2/turtlebot3_ws/build/cv_stuff/prefix_override:/home/ros2/turtlebot3_ws/install/cv_stuff/lib/python3.10/site-packages:${PYTHONPATH} /usr/bin/python3 setup.py egg_info --egg-base ../../build/cv_stuff build --build-base /home/ros2/turtlebot3_ws/build/cv_stuff/build install --record /home/ros2/turtlebot3_ws/build/cv_stuff/install.log --single-version-externally-managed
[6.194s] running egg_info
[6.198s] writing ../../build/cv_stuff/cv_stuff.egg-info/PKG-INFO
[6.199s] writing dependency_links to ../../build/cv_stuff/cv_stuff.egg-info/dependency_links.txt
[6.215s] writing entry points to ../../build/cv_stuff/cv_stuff.egg-info/entry_points.txt
[6.217s] writing requirements to ../../build/cv_stuff/cv_stuff.egg-info/requires.txt
[6.219s] writing top-level names to ../../build/cv_stuff/cv_stuff.egg-info/top_level.txt
[6.230s] reading manifest file '../../build/cv_stuff/cv_stuff.egg-info/SOURCES.txt'
[6.244s] writing manifest file '../../build/cv_stuff/cv_stuff.egg-info/SOURCES.txt'
[6.244s] running build
[6.245s] running build_py
[6.246s] creating /home/ros2/turtlebot3_ws/build/cv_stuff/build
[6.247s] creating /home/ros2/turtlebot3_ws/build/cv_stuff/build/lib
[6.248s] creating /home/ros2/turtlebot3_ws/build/cv_stuff/build/lib/cv_stuff
[6.249s] copying cv_stuff/webcam_publisher.py -> /home/ros2/turtlebot3_ws/build/cv_stuff/build/lib/cv_stuff
[6.249s] copying cv_stuff/__init__.py -> /home/ros2/turtlebot3_ws/build/cv_stuff/build/lib/cv_stuff
[6.252s] running install
[6.252s] /usr/lib/python3/dist-packages/setuptools/command/install.py:34: SetuptoolsDeprecationWarning: setup.py install is deprecated. Use build and pip and other standards-based tools.
[6.264s]   warnings.warn(
[6.265s] running install_lib
[6.266s] creating /home/ros2/turtlebot3_ws/install/cv_stuff/lib/python3.10/site-packages/cv_stuff
[6.267s] copying /home/ros2/turtlebot3_ws/build/cv_stuff/build/lib/cv_stuff/webcam_publisher.py -> /home/ros2/turtlebot3_ws/install/cv_stuff/lib/python3.10/site-packages/cv_stuff
[6.268s] copying /home/ros2/turtlebot3_ws/build/cv_stuff/build/lib/cv_stuff/__init__.py -> /home/ros2/turtlebot3_ws/install/cv_stuff/lib/python3.10/site-packages/cv_stuff
[6.271s] byte-compiling /home/ros2/turtlebot3_ws/install/cv_stuff/lib/python3.10/site-packages/cv_stuff/webcam_publisher.py to webcam_publisher.cpython-310.pyc
[6.275s] byte-compiling /home/ros2/turtlebot3_ws/install/cv_stuff/lib/python3.10/site-packages/cv_stuff/__init__.py to __init__.cpython-310.pyc
[6.277s] running install_data
[6.279s] running install_egg_info
[6.286s] Copying ../../build/cv_stuff/cv_stuff.egg-info to /home/ros2/turtlebot3_ws/install/cv_stuff/lib/python3.10/site-packages/cv_stuff-0.0.0-py3.10.egg-info
[6.291s] running install_scripts
[6.376s] Installing img_publisher script to /home/ros2/turtlebot3_ws/install/cv_stuff/lib/cv_stuff
[6.378s] writing list of installed files to '/home/ros2/turtlebot3_ws/build/cv_stuff/install.log'
[6.510s] Invoked command in '/home/ros2/turtlebot3_ws/src/cv_stuff' returned '0': PYTHONPATH=/home/ros2/turtlebot3_ws/build/cv_stuff/prefix_override:/home/ros2/turtlebot3_ws/install/cv_stuff/lib/python3.10/site-packages:${PYTHONPATH} /usr/bin/python3 setup.py egg_info --egg-base ../../build/cv_stuff build --build-base /home/ros2/turtlebot3_ws/build/cv_stuff/build install --record /home/ros2/turtlebot3_ws/build/cv_stuff/install.log --single-version-externally-managed
