[3.015s] Invoking command in '/home/maddy/turtlebot3_ws/src/image_pub': PYTHONPATH=/home/maddy/turtlebot3_ws/build/image_pub/prefix_override:/home/maddy/turtlebot3_ws/install/image_pub/lib/python3.10/site-packages:${PYTHONPATH} /usr/bin/python3 setup.py egg_info --egg-base ../../build/image_pub build --build-base /home/maddy/turtlebot3_ws/build/image_pub/build install --record /home/maddy/turtlebot3_ws/build/image_pub/install.log --single-version-externally-managed
[3.985s] running egg_info
[3.987s] writing ../../build/image_pub/image_pub.egg-info/PKG-INFO
[3.990s] writing dependency_links to ../../build/image_pub/image_pub.egg-info/dependency_links.txt
[3.990s] writing entry points to ../../build/image_pub/image_pub.egg-info/entry_points.txt
[3.991s] writing requirements to ../../build/image_pub/image_pub.egg-info/requires.txt
[3.992s] writing top-level names to ../../build/image_pub/image_pub.egg-info/top_level.txt
[4.000s] reading manifest file '../../build/image_pub/image_pub.egg-info/SOURCES.txt'
[4.005s] writing manifest file '../../build/image_pub/image_pub.egg-info/SOURCES.txt'
[4.005s] running build
[4.006s] running build_py
[4.009s] copying image_pub/pub.py -> /home/maddy/turtlebot3_ws/build/image_pub/build/lib/image_pub
[4.011s] running install
[4.012s] /usr/lib/python3/dist-packages/setuptools/command/install.py:34: SetuptoolsDeprecationWarning: setup.py install is deprecated. Use build and pip and other standards-based tools.
[4.012s]   warnings.warn(
[4.013s] running install_lib
[4.017s] copying /home/maddy/turtlebot3_ws/build/image_pub/build/lib/image_pub/pub.py -> /home/maddy/turtlebot3_ws/install/image_pub/lib/python3.10/site-packages/image_pub
[4.021s] byte-compiling /home/maddy/turtlebot3_ws/install/image_pub/lib/python3.10/site-packages/image_pub/pub.py to pub.cpython-310.pyc
[4.024s] running install_data
[4.027s] running install_egg_info
[4.033s] removing '/home/maddy/turtlebot3_ws/install/image_pub/lib/python3.10/site-packages/image_pub-0.0.0-py3.10.egg-info' (and everything under it)
[4.035s] Copying ../../build/image_pub/image_pub.egg-info to /home/maddy/turtlebot3_ws/install/image_pub/lib/python3.10/site-packages/image_pub-0.0.0-py3.10.egg-info
[4.042s] running install_scripts
[4.125s] Installing pub_vid script to /home/maddy/turtlebot3_ws/install/image_pub/lib/image_pub
[4.127s] writing list of installed files to '/home/maddy/turtlebot3_ws/build/image_pub/install.log'
[4.241s] Invoked command in '/home/maddy/turtlebot3_ws/src/image_pub' returned '0': PYTHONPATH=/home/maddy/turtlebot3_ws/build/image_pub/prefix_override:/home/maddy/turtlebot3_ws/install/image_pub/lib/python3.10/site-packages:${PYTHONPATH} /usr/bin/python3 setup.py egg_info --egg-base ../../build/image_pub build --build-base /home/maddy/turtlebot3_ws/build/image_pub/build install --record /home/maddy/turtlebot3_ws/build/image_pub/install.log --single-version-externally-managed
