[3.459s] Invoking command in '/home/maddy/turtlebot3_ws/build/cv_stuff': CMAKE_PREFIX_PATH=/home/maddy/turtlebot3_ws/install/cv_bridge:/home/maddy/turtlebot3_ws/install/vision_opencv:/home/maddy/turtlebot3_ws/install/turtlebot3:/home/maddy/turtlebot3_ws/install/turtlebot3_bringup:/home/maddy/turtlebot3_ws/install/turtlebot3_node:/home/maddy/turtlebot3_ws/install/turtlebot3_description:/home/maddy/turtlebot3_ws/install/ld08_driver:/home/maddy/turtlebot3_ws/install/image_geometry LD_LIBRARY_PATH=/home/maddy/turtlebot3_ws/install/cv_bridge/lib:/home/maddy/turtlebot3_ws/install/image_geometry/lib:/opt/ros/humble/lib/aarch64-linux-gnu:/opt/ros/humble/lib PYTHONPATH=/home/maddy/turtlebot3_ws/build/cv_stuff/prefix_override:/home/maddy/turtlebot3_ws/install/cv_stuff/lib/python3.10/site-packages:${PYTHONPATH} /usr/bin/python3 setup.py develop --uninstall --editable --build-directory /home/maddy/turtlebot3_ws/build/cv_stuff/build
[4.456s] running develop
[4.462s] /usr/lib/python3/dist-packages/setuptools/command/easy_install.py:158: EasyInstallDeprecationWarning: easy_install command is deprecated. Use build and pip and other standards-based tools.
[4.462s]   warnings.warn(
[4.467s] /usr/lib/python3/dist-packages/setuptools/command/install.py:34: SetuptoolsDeprecationWarning: setup.py install is deprecated. Use build and pip and other standards-based tools.
[4.468s]   warnings.warn(
[5.018s] Removing /home/maddy/turtlebot3_ws/install/cv_stuff/lib/python3.10/site-packages/cv-stuff.egg-link (link to .)
[5.140s] Invoked command in '/home/maddy/turtlebot3_ws/build/cv_stuff' returned '0': CMAKE_PREFIX_PATH=/home/maddy/turtlebot3_ws/install/cv_bridge:/home/maddy/turtlebot3_ws/install/vision_opencv:/home/maddy/turtlebot3_ws/install/turtlebot3:/home/maddy/turtlebot3_ws/install/turtlebot3_bringup:/home/maddy/turtlebot3_ws/install/turtlebot3_node:/home/maddy/turtlebot3_ws/install/turtlebot3_description:/home/maddy/turtlebot3_ws/install/ld08_driver:/home/maddy/turtlebot3_ws/install/image_geometry LD_LIBRARY_PATH=/home/maddy/turtlebot3_ws/install/cv_bridge/lib:/home/maddy/turtlebot3_ws/install/image_geometry/lib:/opt/ros/humble/lib/aarch64-linux-gnu:/opt/ros/humble/lib PYTHONPATH=/home/maddy/turtlebot3_ws/build/cv_stuff/prefix_override:/home/maddy/turtlebot3_ws/install/cv_stuff/lib/python3.10/site-packages:${PYTHONPATH} /usr/bin/python3 setup.py develop --uninstall --editable --build-directory /home/maddy/turtlebot3_ws/build/cv_stuff/build
[5.148s] Invoking command in '/home/maddy/turtlebot3_ws/src/cv_stuff': CMAKE_PREFIX_PATH=/home/maddy/turtlebot3_ws/install/cv_bridge:/home/maddy/turtlebot3_ws/install/vision_opencv:/home/maddy/turtlebot3_ws/install/turtlebot3:/home/maddy/turtlebot3_ws/install/turtlebot3_bringup:/home/maddy/turtlebot3_ws/install/turtlebot3_node:/home/maddy/turtlebot3_ws/install/turtlebot3_description:/home/maddy/turtlebot3_ws/install/ld08_driver:/home/maddy/turtlebot3_ws/install/image_geometry LD_LIBRARY_PATH=/home/maddy/turtlebot3_ws/install/cv_bridge/lib:/home/maddy/turtlebot3_ws/install/image_geometry/lib:/opt/ros/humble/lib/aarch64-linux-gnu:/opt/ros/humble/lib PYTHONPATH=/home/maddy/turtlebot3_ws/build/cv_stuff/prefix_override:/home/maddy/turtlebot3_ws/install/cv_stuff/lib/python3.10/site-packages:${PYTHONPATH} /usr/bin/python3 setup.py egg_info --egg-base ../../build/cv_stuff build --build-base /home/maddy/turtlebot3_ws/build/cv_stuff/build install --record /home/maddy/turtlebot3_ws/build/cv_stuff/install.log --single-version-externally-managed
[6.057s] running egg_info
[6.060s] writing ../../build/cv_stuff/cv_stuff.egg-info/PKG-INFO
[6.061s] writing dependency_links to ../../build/cv_stuff/cv_stuff.egg-info/dependency_links.txt
[6.062s] writing entry points to ../../build/cv_stuff/cv_stuff.egg-info/entry_points.txt
[6.063s] writing requirements to ../../build/cv_stuff/cv_stuff.egg-info/requires.txt
[6.063s] writing top-level names to ../../build/cv_stuff/cv_stuff.egg-info/top_level.txt
[6.071s] reading manifest file '../../build/cv_stuff/cv_stuff.egg-info/SOURCES.txt'
[6.076s] writing manifest file '../../build/cv_stuff/cv_stuff.egg-info/SOURCES.txt'
[6.076s] running build
[6.077s] running build_py
[6.077s] creating /home/maddy/turtlebot3_ws/build/cv_stuff/build
[6.078s] creating /home/maddy/turtlebot3_ws/build/cv_stuff/build/lib
[6.078s] creating /home/maddy/turtlebot3_ws/build/cv_stuff/build/lib/cv_stuff
[6.079s] copying cv_stuff/webcam_pub.py -> /home/maddy/turtlebot3_ws/build/cv_stuff/build/lib/cv_stuff
[6.079s] copying cv_stuff/webcam_sub.py -> /home/maddy/turtlebot3_ws/build/cv_stuff/build/lib/cv_stuff
[6.081s] copying cv_stuff/__init__.py -> /home/maddy/turtlebot3_ws/build/cv_stuff/build/lib/cv_stuff
[6.082s] running install
[6.082s] /usr/lib/python3/dist-packages/setuptools/command/install.py:34: SetuptoolsDeprecationWarning: setup.py install is deprecated. Use build and pip and other standards-based tools.
[6.083s]   warnings.warn(
[6.084s] running install_lib
[6.087s] creating /home/maddy/turtlebot3_ws/install/cv_stuff/lib/python3.10/site-packages/cv_stuff
[6.088s] copying /home/maddy/turtlebot3_ws/build/cv_stuff/build/lib/cv_stuff/webcam_pub.py -> /home/maddy/turtlebot3_ws/install/cv_stuff/lib/python3.10/site-packages/cv_stuff
[6.089s] copying /home/maddy/turtlebot3_ws/build/cv_stuff/build/lib/cv_stuff/webcam_sub.py -> /home/maddy/turtlebot3_ws/install/cv_stuff/lib/python3.10/site-packages/cv_stuff
[6.089s] copying /home/maddy/turtlebot3_ws/build/cv_stuff/build/lib/cv_stuff/__init__.py -> /home/maddy/turtlebot3_ws/install/cv_stuff/lib/python3.10/site-packages/cv_stuff
[6.093s] byte-compiling /home/maddy/turtlebot3_ws/install/cv_stuff/lib/python3.10/site-packages/cv_stuff/webcam_pub.py to webcam_pub.cpython-310.pyc
[6.095s] byte-compiling /home/maddy/turtlebot3_ws/install/cv_stuff/lib/python3.10/site-packages/cv_stuff/webcam_sub.py to webcam_sub.cpython-310.pyc
[6.097s] byte-compiling /home/maddy/turtlebot3_ws/install/cv_stuff/lib/python3.10/site-packages/cv_stuff/__init__.py to __init__.cpython-310.pyc
[6.098s] running install_data
[6.100s] running install_egg_info
[6.107s] Copying ../../build/cv_stuff/cv_stuff.egg-info to /home/maddy/turtlebot3_ws/install/cv_stuff/lib/python3.10/site-packages/cv_stuff-0.0.0-py3.10.egg-info
[6.113s] running install_scripts
[6.194s] Installing img_publisher script to /home/maddy/turtlebot3_ws/install/cv_stuff/lib/cv_stuff
[6.194s] Installing img_subscriber script to /home/maddy/turtlebot3_ws/install/cv_stuff/lib/cv_stuff
[6.196s] writing list of installed files to '/home/maddy/turtlebot3_ws/build/cv_stuff/install.log'
[6.307s] Invoked command in '/home/maddy/turtlebot3_ws/src/cv_stuff' returned '0': CMAKE_PREFIX_PATH=/home/maddy/turtlebot3_ws/install/cv_bridge:/home/maddy/turtlebot3_ws/install/vision_opencv:/home/maddy/turtlebot3_ws/install/turtlebot3:/home/maddy/turtlebot3_ws/install/turtlebot3_bringup:/home/maddy/turtlebot3_ws/install/turtlebot3_node:/home/maddy/turtlebot3_ws/install/turtlebot3_description:/home/maddy/turtlebot3_ws/install/ld08_driver:/home/maddy/turtlebot3_ws/install/image_geometry LD_LIBRARY_PATH=/home/maddy/turtlebot3_ws/install/cv_bridge/lib:/home/maddy/turtlebot3_ws/install/image_geometry/lib:/opt/ros/humble/lib/aarch64-linux-gnu:/opt/ros/humble/lib PYTHONPATH=/home/maddy/turtlebot3_ws/build/cv_stuff/prefix_override:/home/maddy/turtlebot3_ws/install/cv_stuff/lib/python3.10/site-packages:${PYTHONPATH} /usr/bin/python3 setup.py egg_info --egg-base ../../build/cv_stuff build --build-base /home/maddy/turtlebot3_ws/build/cv_stuff/build install --record /home/maddy/turtlebot3_ws/build/cv_stuff/install.log --single-version-externally-managed
