[3.319s] DEBUG:colcon:Command line arguments: ['/usr/bin/colcon', 'build', '--packages-select', 'audio_common']
[3.319s] DEBUG:colcon:Parsed command line arguments: Namespace(log_base=None, log_level=None, verb_name='build', build_base='build', install_base='install', merge_install=False, symlink_install=False, test_result_base=None, continue_on_error=False, executor='parallel', parallel_workers=4, event_handlers=None, ignore_user_meta=False, metas=['./colcon.meta'], base_paths=['.'], packages_ignore=None, packages_ignore_regex=None, paths=None, packages_up_to=None, packages_up_to_regex=None, packages_above=None, packages_above_and_dependencies=None, packages_above_depth=None, packages_select_by_dep=None, packages_skip_by_dep=None, packages_skip_up_to=None, packages_select_build_failed=False, packages_skip_build_finished=False, packages_select_test_failures=False, packages_skip_test_passed=False, packages_select=['audio_common'], packages_skip=None, packages_select_regex=None, packages_skip_regex=None, packages_start=None, packages_end=None, allow_overriding=[], cmake_args=None, cmake_target=None, cmake_target_skip_unavailable=False, cmake_clean_cache=False, cmake_clean_first=False, cmake_force_configure=False, ament_cmake_args=None, catkin_cmake_args=None, catkin_skip_building_tests=False, verb_parser=<colcon_defaults.argument_parser.defaults.DefaultArgumentsDecorator object at 0xffffaf6535b0>, verb_extension=<colcon_core.verb.build.BuildVerb object at 0xffffaf973f40>, main=<bound method BuildVerb.main of <colcon_core.verb.build.BuildVerb object at 0xffffaf973f40>>)
[3.490s] Level 1:colcon.colcon_core.package_discovery:discover_packages(colcon_meta) check parameters
[3.491s] Level 1:colcon.colcon_core.package_discovery:discover_packages(recursive) check parameters
[3.491s] Level 1:colcon.colcon_core.package_discovery:discover_packages(ignore) check parameters
[3.491s] Level 1:colcon.colcon_core.package_discovery:discover_packages(path) check parameters
[3.491s] Level 1:colcon.colcon_core.package_discovery:discover_packages(colcon_meta) discover
[3.492s] Level 1:colcon.colcon_core.package_discovery:discover_packages(recursive) discover
[3.492s] INFO:colcon.colcon_core.package_discovery:Crawling recursively for packages in '/home/maddy/turtlebot3_ws'
[3.492s] Level 1:colcon.colcon_core.package_identification:_identify(.) by extensions ['ignore', 'ignore_ament_install']
[3.492s] Level 1:colcon.colcon_core.package_identification:_identify(.) by extension 'ignore'
[3.493s] Level 1:colcon.colcon_core.package_identification:_identify(.) by extension 'ignore_ament_install'
[3.493s] Level 1:colcon.colcon_core.package_identification:_identify(.) by extensions ['colcon_pkg']
[3.493s] Level 1:colcon.colcon_core.package_identification:_identify(.) by extension 'colcon_pkg'
[3.493s] Level 1:colcon.colcon_core.package_identification:_identify(.) by extensions ['colcon_meta']
[3.493s] Level 1:colcon.colcon_core.package_identification:_identify(.) by extension 'colcon_meta'
[3.493s] Level 1:colcon.colcon_core.package_identification:_identify(.) by extensions ['ros']
[3.494s] Level 1:colcon.colcon_core.package_identification:_identify(.) by extension 'ros'
[3.536s] Level 1:colcon.colcon_core.package_identification:_identify(.) by extensions ['cmake', 'python']
[3.537s] Level 1:colcon.colcon_core.package_identification:_identify(.) by extension 'cmake'
[3.537s] Level 1:colcon.colcon_core.package_identification:_identify(.) by extension 'python'
[3.537s] Level 1:colcon.colcon_core.package_identification:_identify(.) by extensions ['python_setup_py']
[3.537s] Level 1:colcon.colcon_core.package_identification:_identify(.) by extension 'python_setup_py'
[3.538s] Level 1:colcon.colcon_core.package_identification:_identify(build) by extensions ['ignore', 'ignore_ament_install']
[3.538s] Level 1:colcon.colcon_core.package_identification:_identify(build) by extension 'ignore'
[3.538s] Level 1:colcon.colcon_core.package_identification:_identify(build) ignored
[3.539s] Level 1:colcon.colcon_core.package_identification:_identify(install) by extensions ['ignore', 'ignore_ament_install']
[3.539s] Level 1:colcon.colcon_core.package_identification:_identify(install) by extension 'ignore'
[3.540s] Level 1:colcon.colcon_core.package_identification:_identify(install) ignored
[3.540s] Level 1:colcon.colcon_core.package_identification:_identify(log) by extensions ['ignore', 'ignore_ament_install']
[3.540s] Level 1:colcon.colcon_core.package_identification:_identify(log) by extension 'ignore'
[3.540s] Level 1:colcon.colcon_core.package_identification:_identify(log) ignored
[3.541s] Level 1:colcon.colcon_core.package_identification:_identify(src) by extensions ['ignore', 'ignore_ament_install']
[3.541s] Level 1:colcon.colcon_core.package_identification:_identify(src) by extension 'ignore'
[3.541s] Level 1:colcon.colcon_core.package_identification:_identify(src) by extension 'ignore_ament_install'
[3.541s] Level 1:colcon.colcon_core.package_identification:_identify(src) by extensions ['colcon_pkg']
[3.542s] Level 1:colcon.colcon_core.package_identification:_identify(src) by extension 'colcon_pkg'
[3.542s] Level 1:colcon.colcon_core.package_identification:_identify(src) by extensions ['colcon_meta']
[3.542s] Level 1:colcon.colcon_core.package_identification:_identify(src) by extension 'colcon_meta'
[3.542s] Level 1:colcon.colcon_core.package_identification:_identify(src) by extensions ['ros']
[3.542s] Level 1:colcon.colcon_core.package_identification:_identify(src) by extension 'ros'
[3.542s] Level 1:colcon.colcon_core.package_identification:_identify(src) by extensions ['cmake', 'python']
[3.542s] Level 1:colcon.colcon_core.package_identification:_identify(src) by extension 'cmake'
[3.543s] Level 1:colcon.colcon_core.package_identification:_identify(src) by extension 'python'
[3.543s] Level 1:colcon.colcon_core.package_identification:_identify(src) by extensions ['python_setup_py']
[3.543s] Level 1:colcon.colcon_core.package_identification:_identify(src) by extension 'python_setup_py'
[3.543s] Level 1:colcon.colcon_core.package_identification:_identify(src/audio_common) by extensions ['ignore', 'ignore_ament_install']
[3.544s] Level 1:colcon.colcon_core.package_identification:_identify(src/audio_common) by extension 'ignore'
[3.544s] Level 1:colcon.colcon_core.package_identification:_identify(src/audio_common) by extension 'ignore_ament_install'
[3.544s] Level 1:colcon.colcon_core.package_identification:_identify(src/audio_common) by extensions ['colcon_pkg']
[3.544s] Level 1:colcon.colcon_core.package_identification:_identify(src/audio_common) by extension 'colcon_pkg'
[3.544s] Level 1:colcon.colcon_core.package_identification:_identify(src/audio_common) by extensions ['colcon_meta']
[3.545s] Level 1:colcon.colcon_core.package_identification:_identify(src/audio_common) by extension 'colcon_meta'
[3.545s] Level 1:colcon.colcon_core.package_identification:_identify(src/audio_common) by extensions ['ros']
[3.545s] Level 1:colcon.colcon_core.package_identification:_identify(src/audio_common) by extension 'ros'
[3.545s] Level 1:colcon.colcon_core.package_identification:_identify(src/audio_common) by extensions ['cmake', 'python']
[3.545s] Level 1:colcon.colcon_core.package_identification:_identify(src/audio_common) by extension 'cmake'
[3.545s] Level 1:colcon.colcon_core.package_identification:_identify(src/audio_common) by extension 'python'
[3.546s] Level 1:colcon.colcon_core.package_identification:_identify(src/audio_common) by extensions ['python_setup_py']
[3.546s] Level 1:colcon.colcon_core.package_identification:_identify(src/audio_common) by extension 'python_setup_py'
[3.546s] Level 1:colcon.colcon_core.package_identification:_identify(src/audio_common/audio_capture) by extensions ['ignore', 'ignore_ament_install']
[3.547s] Level 1:colcon.colcon_core.package_identification:_identify(src/audio_common/audio_capture) by extension 'ignore'
[3.547s] Level 1:colcon.colcon_core.package_identification:_identify(src/audio_common/audio_capture) by extension 'ignore_ament_install'
[3.547s] Level 1:colcon.colcon_core.package_identification:_identify(src/audio_common/audio_capture) by extensions ['colcon_pkg']
[3.547s] Level 1:colcon.colcon_core.package_identification:_identify(src/audio_common/audio_capture) by extension 'colcon_pkg'
[3.547s] Level 1:colcon.colcon_core.package_identification:_identify(src/audio_common/audio_capture) by extensions ['colcon_meta']
[3.547s] Level 1:colcon.colcon_core.package_identification:_identify(src/audio_common/audio_capture) by extension 'colcon_meta'
[3.548s] Level 1:colcon.colcon_core.package_identification:_identify(src/audio_common/audio_capture) by extensions ['ros']
[3.548s] Level 1:colcon.colcon_core.package_identification:_identify(src/audio_common/audio_capture) by extension 'ros'
[3.557s] DEBUG:colcon.colcon_core.package_identification:Package 'src/audio_common/audio_capture' with type 'ros.catkin' and name 'audio_capture'
[3.558s] Level 1:colcon.colcon_core.package_identification:_identify(src/audio_common/audio_common) by extensions ['ignore', 'ignore_ament_install']
[3.558s] Level 1:colcon.colcon_core.package_identification:_identify(src/audio_common/audio_common) by extension 'ignore'
[3.559s] Level 1:colcon.colcon_core.package_identification:_identify(src/audio_common/audio_common) by extension 'ignore_ament_install'
[3.559s] Level 1:colcon.colcon_core.package_identification:_identify(src/audio_common/audio_common) by extensions ['colcon_pkg']
[3.559s] Level 1:colcon.colcon_core.package_identification:_identify(src/audio_common/audio_common) by extension 'colcon_pkg'
[3.559s] Level 1:colcon.colcon_core.package_identification:_identify(src/audio_common/audio_common) by extensions ['colcon_meta']
[3.560s] Level 1:colcon.colcon_core.package_identification:_identify(src/audio_common/audio_common) by extension 'colcon_meta'
[3.560s] Level 1:colcon.colcon_core.package_identification:_identify(src/audio_common/audio_common) by extensions ['ros']
[3.560s] Level 1:colcon.colcon_core.package_identification:_identify(src/audio_common/audio_common) by extension 'ros'
[3.562s] DEBUG:colcon.colcon_core.package_identification:Package 'src/audio_common/audio_common' with type 'ros.catkin' and name 'audio_common'
[3.563s] Level 1:colcon.colcon_core.package_identification:_identify(src/audio_common/audio_common_msgs) by extensions ['ignore', 'ignore_ament_install']
[3.563s] Level 1:colcon.colcon_core.package_identification:_identify(src/audio_common/audio_common_msgs) by extension 'ignore'
[3.564s] Level 1:colcon.colcon_core.package_identification:_identify(src/audio_common/audio_common_msgs) by extension 'ignore_ament_install'
[3.564s] Level 1:colcon.colcon_core.package_identification:_identify(src/audio_common/audio_common_msgs) by extensions ['colcon_pkg']
[3.564s] Level 1:colcon.colcon_core.package_identification:_identify(src/audio_common/audio_common_msgs) by extension 'colcon_pkg'
[3.564s] Level 1:colcon.colcon_core.package_identification:_identify(src/audio_common/audio_common_msgs) by extensions ['colcon_meta']
[3.564s] Level 1:colcon.colcon_core.package_identification:_identify(src/audio_common/audio_common_msgs) by extension 'colcon_meta'
[3.565s] Level 1:colcon.colcon_core.package_identification:_identify(src/audio_common/audio_common_msgs) by extensions ['ros']
[3.565s] Level 1:colcon.colcon_core.package_identification:_identify(src/audio_common/audio_common_msgs) by extension 'ros'
[3.567s] DEBUG:colcon.colcon_core.package_identification:Package 'src/audio_common/audio_common_msgs' with type 'ros.catkin' and name 'audio_common_msgs'
[3.568s] Level 1:colcon.colcon_core.package_identification:_identify(src/audio_common/audio_play) by extensions ['ignore', 'ignore_ament_install']
[3.568s] Level 1:colcon.colcon_core.package_identification:_identify(src/audio_common/audio_play) by extension 'ignore'
[3.568s] Level 1:colcon.colcon_core.package_identification:_identify(src/audio_common/audio_play) by extension 'ignore_ament_install'
[3.568s] Level 1:colcon.colcon_core.package_identification:_identify(src/audio_common/audio_play) by extensions ['colcon_pkg']
[3.568s] Level 1:colcon.colcon_core.package_identification:_identify(src/audio_common/audio_play) by extension 'colcon_pkg'
[3.569s] Level 1:colcon.colcon_core.package_identification:_identify(src/audio_common/audio_play) by extensions ['colcon_meta']
[3.569s] Level 1:colcon.colcon_core.package_identification:_identify(src/audio_common/audio_play) by extension 'colcon_meta'
[3.569s] Level 1:colcon.colcon_core.package_identification:_identify(src/audio_common/audio_play) by extensions ['ros']
[3.569s] Level 1:colcon.colcon_core.package_identification:_identify(src/audio_common/audio_play) by extension 'ros'
[3.576s] DEBUG:colcon.colcon_core.package_identification:Package 'src/audio_common/audio_play' with type 'ros.catkin' and name 'audio_play'
[3.577s] Level 1:colcon.colcon_core.package_identification:_identify(src/audio_common/sound_play) by extensions ['ignore', 'ignore_ament_install']
[3.577s] Level 1:colcon.colcon_core.package_identification:_identify(src/audio_common/sound_play) by extension 'ignore'
[3.577s] Level 1:colcon.colcon_core.package_identification:_identify(src/audio_common/sound_play) by extension 'ignore_ament_install'
[3.578s] Level 1:colcon.colcon_core.package_identification:_identify(src/audio_common/sound_play) by extensions ['colcon_pkg']
[3.578s] Level 1:colcon.colcon_core.package_identification:_identify(src/audio_common/sound_play) by extension 'colcon_pkg'
[3.578s] Level 1:colcon.colcon_core.package_identification:_identify(src/audio_common/sound_play) by extensions ['colcon_meta']
[3.578s] Level 1:colcon.colcon_core.package_identification:_identify(src/audio_common/sound_play) by extension 'colcon_meta'
[3.578s] Level 1:colcon.colcon_core.package_identification:_identify(src/audio_common/sound_play) by extensions ['ros']
[3.578s] Level 1:colcon.colcon_core.package_identification:_identify(src/audio_common/sound_play) by extension 'ros'
[3.590s] DEBUG:colcon.colcon_core.package_identification:Package 'src/audio_common/sound_play' with type 'ros.catkin' and name 'sound_play'
[3.591s] Level 1:colcon.colcon_core.package_identification:_identify(src/cv_stuff) by extensions ['ignore', 'ignore_ament_install']
[3.591s] Level 1:colcon.colcon_core.package_identification:_identify(src/cv_stuff) by extension 'ignore'
[3.592s] Level 1:colcon.colcon_core.package_identification:_identify(src/cv_stuff) by extension 'ignore_ament_install'
[3.592s] Level 1:colcon.colcon_core.package_identification:_identify(src/cv_stuff) by extensions ['colcon_pkg']
[3.592s] Level 1:colcon.colcon_core.package_identification:_identify(src/cv_stuff) by extension 'colcon_pkg'
[3.592s] Level 1:colcon.colcon_core.package_identification:_identify(src/cv_stuff) by extensions ['colcon_meta']
[3.592s] Level 1:colcon.colcon_core.package_identification:_identify(src/cv_stuff) by extension 'colcon_meta'
[3.592s] Level 1:colcon.colcon_core.package_identification:_identify(src/cv_stuff) by extensions ['ros']
[3.592s] Level 1:colcon.colcon_core.package_identification:_identify(src/cv_stuff) by extension 'ros'
[3.596s] DEBUG:colcon.colcon_core.package_identification:Package 'src/cv_stuff' with type 'ros.ament_python' and name 'cv_stuff'
[3.596s] Level 1:colcon.colcon_core.package_identification:_identify(src/ld08_driver) by extensions ['ignore', 'ignore_ament_install']
[3.597s] Level 1:colcon.colcon_core.package_identification:_identify(src/ld08_driver) by extension 'ignore'
[3.597s] Level 1:colcon.colcon_core.package_identification:_identify(src/ld08_driver) by extension 'ignore_ament_install'
[3.597s] Level 1:colcon.colcon_core.package_identification:_identify(src/ld08_driver) by extensions ['colcon_pkg']
[3.597s] Level 1:colcon.colcon_core.package_identification:_identify(src/ld08_driver) by extension 'colcon_pkg'
[3.597s] Level 1:colcon.colcon_core.package_identification:_identify(src/ld08_driver) by extensions ['colcon_meta']
[3.598s] Level 1:colcon.colcon_core.package_identification:_identify(src/ld08_driver) by extension 'colcon_meta'
[3.598s] Level 1:colcon.colcon_core.package_identification:_identify(src/ld08_driver) by extensions ['ros']
[3.598s] Level 1:colcon.colcon_core.package_identification:_identify(src/ld08_driver) by extension 'ros'
[3.600s] DEBUG:colcon.colcon_core.package_identification:Package 'src/ld08_driver' with type 'ros.ament_cmake' and name 'ld08_driver'
[3.601s] Level 1:colcon.colcon_core.package_identification:_identify(src/turtlebot3) by extensions ['ignore', 'ignore_ament_install']
[3.601s] Level 1:colcon.colcon_core.package_identification:_identify(src/turtlebot3) by extension 'ignore'
[3.602s] Level 1:colcon.colcon_core.package_identification:_identify(src/turtlebot3) by extension 'ignore_ament_install'
[3.602s] Level 1:colcon.colcon_core.package_identification:_identify(src/turtlebot3) by extensions ['colcon_pkg']
[3.602s] Level 1:colcon.colcon_core.package_identification:_identify(src/turtlebot3) by extension 'colcon_pkg'
[3.602s] Level 1:colcon.colcon_core.package_identification:_identify(src/turtlebot3) by extensions ['colcon_meta']
[3.602s] Level 1:colcon.colcon_core.package_identification:_identify(src/turtlebot3) by extension 'colcon_meta'
[3.602s] Level 1:colcon.colcon_core.package_identification:_identify(src/turtlebot3) by extensions ['ros']
[3.602s] Level 1:colcon.colcon_core.package_identification:_identify(src/turtlebot3) by extension 'ros'
[3.603s] Level 1:colcon.colcon_core.package_identification:_identify(src/turtlebot3) by extensions ['cmake', 'python']
[3.603s] Level 1:colcon.colcon_core.package_identification:_identify(src/turtlebot3) by extension 'cmake'
[3.603s] Level 1:colcon.colcon_core.package_identification:_identify(src/turtlebot3) by extension 'python'
[3.603s] Level 1:colcon.colcon_core.package_identification:_identify(src/turtlebot3) by extensions ['python_setup_py']
[3.603s] Level 1:colcon.colcon_core.package_identification:_identify(src/turtlebot3) by extension 'python_setup_py'
[3.604s] Level 1:colcon.colcon_core.package_identification:_identify(src/turtlebot3/turtlebot3) by extensions ['ignore', 'ignore_ament_install']
[3.604s] Level 1:colcon.colcon_core.package_identification:_identify(src/turtlebot3/turtlebot3) by extension 'ignore'
[3.604s] Level 1:colcon.colcon_core.package_identification:_identify(src/turtlebot3/turtlebot3) by extension 'ignore_ament_install'
[3.605s] Level 1:colcon.colcon_core.package_identification:_identify(src/turtlebot3/turtlebot3) by extensions ['colcon_pkg']
[3.605s] Level 1:colcon.colcon_core.package_identification:_identify(src/turtlebot3/turtlebot3) by extension 'colcon_pkg'
[3.605s] Level 1:colcon.colcon_core.package_identification:_identify(src/turtlebot3/turtlebot3) by extensions ['colcon_meta']
[3.605s] Level 1:colcon.colcon_core.package_identification:_identify(src/turtlebot3/turtlebot3) by extension 'colcon_meta'
[3.605s] Level 1:colcon.colcon_core.package_identification:_identify(src/turtlebot3/turtlebot3) by extensions ['ros']
[3.605s] Level 1:colcon.colcon_core.package_identification:_identify(src/turtlebot3/turtlebot3) by extension 'ros'
[3.608s] DEBUG:colcon.colcon_core.package_identification:Package 'src/turtlebot3/turtlebot3' with type 'ros.ament_cmake' and name 'turtlebot3'
[3.608s] Level 1:colcon.colcon_core.package_identification:_identify(src/turtlebot3/turtlebot3_bringup) by extensions ['ignore', 'ignore_ament_install']
[3.609s] Level 1:colcon.colcon_core.package_identification:_identify(src/turtlebot3/turtlebot3_bringup) by extension 'ignore'
[3.609s] Level 1:colcon.colcon_core.package_identification:_identify(src/turtlebot3/turtlebot3_bringup) by extension 'ignore_ament_install'
[3.609s] Level 1:colcon.colcon_core.package_identification:_identify(src/turtlebot3/turtlebot3_bringup) by extensions ['colcon_pkg']
[3.609s] Level 1:colcon.colcon_core.package_identification:_identify(src/turtlebot3/turtlebot3_bringup) by extension 'colcon_pkg'
[3.609s] Level 1:colcon.colcon_core.package_identification:_identify(src/turtlebot3/turtlebot3_bringup) by extensions ['colcon_meta']
[3.609s] Level 1:colcon.colcon_core.package_identification:_identify(src/turtlebot3/turtlebot3_bringup) by extension 'colcon_meta'
[3.610s] Level 1:colcon.colcon_core.package_identification:_identify(src/turtlebot3/turtlebot3_bringup) by extensions ['ros']
[3.610s] Level 1:colcon.colcon_core.package_identification:_identify(src/turtlebot3/turtlebot3_bringup) by extension 'ros'
[3.612s] DEBUG:colcon.colcon_core.package_identification:Package 'src/turtlebot3/turtlebot3_bringup' with type 'ros.ament_cmake' and name 'turtlebot3_bringup'
[3.613s] Level 1:colcon.colcon_core.package_identification:_identify(src/turtlebot3/turtlebot3_description) by extensions ['ignore', 'ignore_ament_install']
[3.613s] Level 1:colcon.colcon_core.package_identification:_identify(src/turtlebot3/turtlebot3_description) by extension 'ignore'
[3.613s] Level 1:colcon.colcon_core.package_identification:_identify(src/turtlebot3/turtlebot3_description) by extension 'ignore_ament_install'
[3.613s] Level 1:colcon.colcon_core.package_identification:_identify(src/turtlebot3/turtlebot3_description) by extensions ['colcon_pkg']
[3.613s] Level 1:colcon.colcon_core.package_identification:_identify(src/turtlebot3/turtlebot3_description) by extension 'colcon_pkg'
[3.614s] Level 1:colcon.colcon_core.package_identification:_identify(src/turtlebot3/turtlebot3_description) by extensions ['colcon_meta']
[3.614s] Level 1:colcon.colcon_core.package_identification:_identify(src/turtlebot3/turtlebot3_description) by extension 'colcon_meta'
[3.614s] Level 1:colcon.colcon_core.package_identification:_identify(src/turtlebot3/turtlebot3_description) by extensions ['ros']
[3.614s] Level 1:colcon.colcon_core.package_identification:_identify(src/turtlebot3/turtlebot3_description) by extension 'ros'
[3.617s] DEBUG:colcon.colcon_core.package_identification:Package 'src/turtlebot3/turtlebot3_description' with type 'ros.ament_cmake' and name 'turtlebot3_description'
[3.617s] Level 1:colcon.colcon_core.package_identification:_identify(src/turtlebot3/turtlebot3_example) by extensions ['ignore', 'ignore_ament_install']
[3.618s] Level 1:colcon.colcon_core.package_identification:_identify(src/turtlebot3/turtlebot3_example) by extension 'ignore'
[3.618s] Level 1:colcon.colcon_core.package_identification:_identify(src/turtlebot3/turtlebot3_example) by extension 'ignore_ament_install'
[3.618s] Level 1:colcon.colcon_core.package_identification:_identify(src/turtlebot3/turtlebot3_example) by extensions ['colcon_pkg']
[3.618s] Level 1:colcon.colcon_core.package_identification:_identify(src/turtlebot3/turtlebot3_example) by extension 'colcon_pkg'
[3.618s] Level 1:colcon.colcon_core.package_identification:_identify(src/turtlebot3/turtlebot3_example) by extensions ['colcon_meta']
[3.618s] Level 1:colcon.colcon_core.package_identification:_identify(src/turtlebot3/turtlebot3_example) by extension 'colcon_meta'
[3.619s] Level 1:colcon.colcon_core.package_identification:_identify(src/turtlebot3/turtlebot3_example) by extensions ['ros']
[3.619s] Level 1:colcon.colcon_core.package_identification:_identify(src/turtlebot3/turtlebot3_example) by extension 'ros'
[3.622s] DEBUG:colcon.colcon_core.package_identification:Package 'src/turtlebot3/turtlebot3_example' with type 'ros.ament_python' and name 'turtlebot3_example'
[3.623s] Level 1:colcon.colcon_core.package_identification:_identify(src/turtlebot3/turtlebot3_node) by extensions ['ignore', 'ignore_ament_install']
[3.623s] Level 1:colcon.colcon_core.package_identification:_identify(src/turtlebot3/turtlebot3_node) by extension 'ignore'
[3.623s] Level 1:colcon.colcon_core.package_identification:_identify(src/turtlebot3/turtlebot3_node) by extension 'ignore_ament_install'
[3.623s] Level 1:colcon.colcon_core.package_identification:_identify(src/turtlebot3/turtlebot3_node) by extensions ['colcon_pkg']
[3.623s] Level 1:colcon.colcon_core.package_identification:_identify(src/turtlebot3/turtlebot3_node) by extension 'colcon_pkg'
[3.624s] Level 1:colcon.colcon_core.package_identification:_identify(src/turtlebot3/turtlebot3_node) by extensions ['colcon_meta']
[3.624s] Level 1:colcon.colcon_core.package_identification:_identify(src/turtlebot3/turtlebot3_node) by extension 'colcon_meta'
[3.624s] Level 1:colcon.colcon_core.package_identification:_identify(src/turtlebot3/turtlebot3_node) by extensions ['ros']
[3.624s] Level 1:colcon.colcon_core.package_identification:_identify(src/turtlebot3/turtlebot3_node) by extension 'ros'
[3.629s] DEBUG:colcon.colcon_core.package_identification:Package 'src/turtlebot3/turtlebot3_node' with type 'ros.ament_cmake' and name 'turtlebot3_node'
[3.630s] Level 1:colcon.colcon_core.package_identification:_identify(src/turtlebot3/turtlebot3_teleop) by extensions ['ignore', 'ignore_ament_install']
[3.630s] Level 1:colcon.colcon_core.package_identification:_identify(src/turtlebot3/turtlebot3_teleop) by extension 'ignore'
[3.630s] Level 1:colcon.colcon_core.package_identification:_identify(src/turtlebot3/turtlebot3_teleop) by extension 'ignore_ament_install'
[3.630s] Level 1:colcon.colcon_core.package_identification:_identify(src/turtlebot3/turtlebot3_teleop) by extensions ['colcon_pkg']
[3.631s] Level 1:colcon.colcon_core.package_identification:_identify(src/turtlebot3/turtlebot3_teleop) by extension 'colcon_pkg'
[3.631s] Level 1:colcon.colcon_core.package_identification:_identify(src/turtlebot3/turtlebot3_teleop) by extensions ['colcon_meta']
[3.631s] Level 1:colcon.colcon_core.package_identification:_identify(src/turtlebot3/turtlebot3_teleop) by extension 'colcon_meta'
[3.631s] Level 1:colcon.colcon_core.package_identification:_identify(src/turtlebot3/turtlebot3_teleop) by extensions ['ros']
[3.631s] Level 1:colcon.colcon_core.package_identification:_identify(src/turtlebot3/turtlebot3_teleop) by extension 'ros'
[3.633s] DEBUG:colcon.colcon_core.package_identification:Package 'src/turtlebot3/turtlebot3_teleop' with type 'ros.ament_python' and name 'turtlebot3_teleop'
[3.634s] Level 1:colcon.colcon_core.package_identification:_identify(src/vision_opencv) by extensions ['ignore', 'ignore_ament_install']
[3.634s] Level 1:colcon.colcon_core.package_identification:_identify(src/vision_opencv) by extension 'ignore'
[3.634s] Level 1:colcon.colcon_core.package_identification:_identify(src/vision_opencv) by extension 'ignore_ament_install'
[3.635s] Level 1:colcon.colcon_core.package_identification:_identify(src/vision_opencv) by extensions ['colcon_pkg']
[3.635s] Level 1:colcon.colcon_core.package_identification:_identify(src/vision_opencv) by extension 'colcon_pkg'
[3.635s] Level 1:colcon.colcon_core.package_identification:_identify(src/vision_opencv) by extensions ['colcon_meta']
[3.635s] Level 1:colcon.colcon_core.package_identification:_identify(src/vision_opencv) by extension 'colcon_meta'
[3.635s] Level 1:colcon.colcon_core.package_identification:_identify(src/vision_opencv) by extensions ['ros']
[3.635s] Level 1:colcon.colcon_core.package_identification:_identify(src/vision_opencv) by extension 'ros'
[3.636s] Level 1:colcon.colcon_core.package_identification:_identify(src/vision_opencv) by extensions ['cmake', 'python']
[3.636s] Level 1:colcon.colcon_core.package_identification:_identify(src/vision_opencv) by extension 'cmake'
[3.636s] Level 1:colcon.colcon_core.package_identification:_identify(src/vision_opencv) by extension 'python'
[3.636s] Level 1:colcon.colcon_core.package_identification:_identify(src/vision_opencv) by extensions ['python_setup_py']
[3.636s] Level 1:colcon.colcon_core.package_identification:_identify(src/vision_opencv) by extension 'python_setup_py'
[3.637s] Level 1:colcon.colcon_core.package_identification:_identify(src/vision_opencv/cv_bridge) by extensions ['ignore', 'ignore_ament_install']
[3.637s] Level 1:colcon.colcon_core.package_identification:_identify(src/vision_opencv/cv_bridge) by extension 'ignore'
[3.637s] Level 1:colcon.colcon_core.package_identification:_identify(src/vision_opencv/cv_bridge) by extension 'ignore_ament_install'
[3.637s] Level 1:colcon.colcon_core.package_identification:_identify(src/vision_opencv/cv_bridge) by extensions ['colcon_pkg']
[3.638s] Level 1:colcon.colcon_core.package_identification:_identify(src/vision_opencv/cv_bridge) by extension 'colcon_pkg'
[3.638s] Level 1:colcon.colcon_core.package_identification:_identify(src/vision_opencv/cv_bridge) by extensions ['colcon_meta']
[3.638s] Level 1:colcon.colcon_core.package_identification:_identify(src/vision_opencv/cv_bridge) by extension 'colcon_meta'
[3.638s] Level 1:colcon.colcon_core.package_identification:_identify(src/vision_opencv/cv_bridge) by extensions ['ros']
[3.638s] Level 1:colcon.colcon_core.package_identification:_identify(src/vision_opencv/cv_bridge) by extension 'ros'
[3.642s] DEBUG:colcon.colcon_core.package_identification:Package 'src/vision_opencv/cv_bridge' with type 'ros.ament_cmake' and name 'cv_bridge'
[3.643s] Level 1:colcon.colcon_core.package_identification:_identify(src/vision_opencv/image_geometry) by extensions ['ignore', 'ignore_ament_install']
[3.644s] Level 1:colcon.colcon_core.package_identification:_identify(src/vision_opencv/image_geometry) by extension 'ignore'
[3.644s] Level 1:colcon.colcon_core.package_identification:_identify(src/vision_opencv/image_geometry) by extension 'ignore_ament_install'
[3.644s] Level 1:colcon.colcon_core.package_identification:_identify(src/vision_opencv/image_geometry) by extensions ['colcon_pkg']
[3.644s] Level 1:colcon.colcon_core.package_identification:_identify(src/vision_opencv/image_geometry) by extension 'colcon_pkg'
[3.644s] Level 1:colcon.colcon_core.package_identification:_identify(src/vision_opencv/image_geometry) by extensions ['colcon_meta']
[3.644s] Level 1:colcon.colcon_core.package_identification:_identify(src/vision_opencv/image_geometry) by extension 'colcon_meta'
[3.645s] Level 1:colcon.colcon_core.package_identification:_identify(src/vision_opencv/image_geometry) by extensions ['ros']
[3.645s] Level 1:colcon.colcon_core.package_identification:_identify(src/vision_opencv/image_geometry) by extension 'ros'
[3.647s] DEBUG:colcon.colcon_core.package_identification:Package 'src/vision_opencv/image_geometry' with type 'ros.ament_cmake' and name 'image_geometry'
[3.648s] Level 1:colcon.colcon_core.package_identification:_identify(src/vision_opencv/opencv_tests) by extensions ['ignore', 'ignore_ament_install']
[3.648s] Level 1:colcon.colcon_core.package_identification:_identify(src/vision_opencv/opencv_tests) by extension 'ignore'
[3.648s] Level 1:colcon.colcon_core.package_identification:_identify(src/vision_opencv/opencv_tests) by extension 'ignore_ament_install'
[3.649s] Level 1:colcon.colcon_core.package_identification:_identify(src/vision_opencv/opencv_tests) by extensions ['colcon_pkg']
[3.649s] Level 1:colcon.colcon_core.package_identification:_identify(src/vision_opencv/opencv_tests) by extension 'colcon_pkg'
[3.649s] Level 1:colcon.colcon_core.package_identification:_identify(src/vision_opencv/opencv_tests) by extensions ['colcon_meta']
[3.649s] Level 1:colcon.colcon_core.package_identification:_identify(src/vision_opencv/opencv_tests) by extension 'colcon_meta'
[3.649s] Level 1:colcon.colcon_core.package_identification:_identify(src/vision_opencv/opencv_tests) by extensions ['ros']
[3.649s] Level 1:colcon.colcon_core.package_identification:_identify(src/vision_opencv/opencv_tests) by extension 'ros'
[3.651s] DEBUG:colcon.colcon_core.package_identification:Package 'src/vision_opencv/opencv_tests' with type 'ros.ament_python' and name 'opencv_tests'
[3.652s] Level 1:colcon.colcon_core.package_identification:_identify(src/vision_opencv/vision_opencv) by extensions ['ignore', 'ignore_ament_install']
[3.652s] Level 1:colcon.colcon_core.package_identification:_identify(src/vision_opencv/vision_opencv) by extension 'ignore'
[3.652s] Level 1:colcon.colcon_core.package_identification:_identify(src/vision_opencv/vision_opencv) by extension 'ignore_ament_install'
[3.652s] Level 1:colcon.colcon_core.package_identification:_identify(src/vision_opencv/vision_opencv) by extensions ['colcon_pkg']
[3.653s] Level 1:colcon.colcon_core.package_identification:_identify(src/vision_opencv/vision_opencv) by extension 'colcon_pkg'
[3.653s] Level 1:colcon.colcon_core.package_identification:_identify(src/vision_opencv/vision_opencv) by extensions ['colcon_meta']
[3.653s] Level 1:colcon.colcon_core.package_identification:_identify(src/vision_opencv/vision_opencv) by extension 'colcon_meta'
[3.653s] Level 1:colcon.colcon_core.package_identification:_identify(src/vision_opencv/vision_opencv) by extensions ['ros']
[3.653s] Level 1:colcon.colcon_core.package_identification:_identify(src/vision_opencv/vision_opencv) by extension 'ros'
[3.655s] DEBUG:colcon.colcon_core.package_identification:Package 'src/vision_opencv/vision_opencv' with type 'ros.ament_cmake' and name 'vision_opencv'
[3.656s] Level 1:colcon.colcon_core.package_discovery:discover_packages(recursive) using defaults
[3.656s] Level 1:colcon.colcon_core.package_discovery:discover_packages(ignore) discover
[3.656s] Level 1:colcon.colcon_core.package_discovery:discover_packages(ignore) using defaults
[3.656s] Level 1:colcon.colcon_core.package_discovery:discover_packages(path) discover
[3.656s] Level 1:colcon.colcon_core.package_discovery:discover_packages(path) using defaults
[3.881s] INFO:colcon.colcon_core.package_selection:Skipping not selected package 'audio_common_msgs' in 'src/audio_common/audio_common_msgs'
[3.882s] INFO:colcon.colcon_core.package_selection:Skipping not selected package 'cv_bridge' in 'src/vision_opencv/cv_bridge'
[3.882s] INFO:colcon.colcon_core.package_selection:Skipping not selected package 'image_geometry' in 'src/vision_opencv/image_geometry'
[3.882s] INFO:colcon.colcon_core.package_selection:Skipping not selected package 'ld08_driver' in 'src/ld08_driver'
[3.882s] INFO:colcon.colcon_core.package_selection:Skipping not selected package 'turtlebot3_description' in 'src/turtlebot3/turtlebot3_description'
[3.882s] INFO:colcon.colcon_core.package_selection:Skipping not selected package 'turtlebot3_example' in 'src/turtlebot3/turtlebot3_example'
[3.882s] INFO:colcon.colcon_core.package_selection:Skipping not selected package 'turtlebot3_node' in 'src/turtlebot3/turtlebot3_node'
[3.882s] INFO:colcon.colcon_core.package_selection:Skipping not selected package 'turtlebot3_teleop' in 'src/turtlebot3/turtlebot3_teleop'
[3.882s] INFO:colcon.colcon_core.package_selection:Skipping not selected package 'audio_capture' in 'src/audio_common/audio_capture'
[3.882s] INFO:colcon.colcon_core.package_selection:Skipping not selected package 'audio_play' in 'src/audio_common/audio_play'
[3.883s] INFO:colcon.colcon_core.package_selection:Skipping not selected package 'cv_stuff' in 'src/cv_stuff'
[3.883s] INFO:colcon.colcon_core.package_selection:Skipping not selected package 'opencv_tests' in 'src/vision_opencv/opencv_tests'
[3.883s] INFO:colcon.colcon_core.package_selection:Skipping not selected package 'sound_play' in 'src/audio_common/sound_play'
[3.883s] INFO:colcon.colcon_core.package_selection:Skipping not selected package 'turtlebot3_bringup' in 'src/turtlebot3/turtlebot3_bringup'
[3.883s] INFO:colcon.colcon_core.package_selection:Skipping not selected package 'vision_opencv' in 'src/vision_opencv/vision_opencv'
[3.883s] INFO:colcon.colcon_core.package_selection:Skipping not selected package 'turtlebot3' in 'src/turtlebot3/turtlebot3'
[3.972s] Level 1:colcon.colcon_core.package_discovery:discover_packages(prefix_path) check parameters
[3.973s] Level 1:colcon.colcon_core.package_discovery:discover_packages(prefix_path) discover
[4.072s] DEBUG:colcon.colcon_installed_package_information.package_discovery:Found 12 installed packages in /home/maddy/turtlebot3_ws/install
[4.123s] DEBUG:colcon.colcon_installed_package_information.package_discovery:Found 183 installed packages in /opt/ros/humble
[4.126s] Level 1:colcon.colcon_core.package_discovery:discover_packages(prefix_path) using defaults
[4.388s] Level 5:colcon.colcon_core.verb:set package 'audio_common' build argument 'cmake_args' from command line to 'None'
[4.388s] Level 5:colcon.colcon_core.verb:set package 'audio_common' build argument 'cmake_target' from command line to 'None'
[4.388s] Level 5:colcon.colcon_core.verb:set package 'audio_common' build argument 'cmake_target_skip_unavailable' from command line to 'False'
[4.388s] Level 5:colcon.colcon_core.verb:set package 'audio_common' build argument 'cmake_clean_cache' from command line to 'False'
[4.388s] Level 5:colcon.colcon_core.verb:set package 'audio_common' build argument 'cmake_clean_first' from command line to 'False'
[4.389s] Level 5:colcon.colcon_core.verb:set package 'audio_common' build argument 'cmake_force_configure' from command line to 'False'
[4.389s] Level 5:colcon.colcon_core.verb:set package 'audio_common' build argument 'ament_cmake_args' from command line to 'None'
[4.389s] Level 5:colcon.colcon_core.verb:set package 'audio_common' build argument 'catkin_cmake_args' from command line to 'None'
[4.389s] Level 5:colcon.colcon_core.verb:set package 'audio_common' build argument 'catkin_skip_building_tests' from command line to 'False'
[4.389s] DEBUG:colcon.colcon_core.verb:Building package 'audio_common' with the following arguments: {'ament_cmake_args': None, 'build_base': '/home/maddy/turtlebot3_ws/build/audio_common', 'catkin_cmake_args': None, 'catkin_skip_building_tests': False, 'cmake_args': None, 'cmake_clean_cache': False, 'cmake_clean_first': False, 'cmake_force_configure': False, 'cmake_target': None, 'cmake_target_skip_unavailable': False, 'install_base': '/home/maddy/turtlebot3_ws/install/audio_common', 'merge_install': False, 'path': '/home/maddy/turtlebot3_ws/src/audio_common/audio_common', 'symlink_install': False, 'test_result_base': None}
[4.433s] INFO:colcon.colcon_core.executor:Executing jobs using 'parallel' executor
[4.480s] DEBUG:colcon.colcon_parallel_executor.executor.parallel:run_until_complete
[4.481s] INFO:colcon.colcon_ros.task.catkin.build:Building ROS package in '/home/maddy/turtlebot3_ws/src/audio_common/audio_common' with build type 'catkin'
[4.482s] INFO:colcon.colcon_cmake.task.cmake.build:Building CMake package in '/home/maddy/turtlebot3_ws/src/audio_common/audio_common'
[4.538s] INFO:colcon.colcon_core.plugin_system:Skipping extension 'colcon_core.shell.bat': Not used on non-Windows systems
[4.539s] INFO:colcon.colcon_core.shell:Skip shell extension 'powershell' for command environment: Not usable outside of PowerShell
[4.539s] DEBUG:colcon.colcon_core.shell:Skip shell extension 'dsv' for command environment
[4.688s] ERROR:colcon.colcon_cmake.task.cmake.build:Failed to find the following files:
- /home/maddy/turtlebot3_ws/install/audio_common_msgs/share/audio_common_msgs/package.sh
- /home/maddy/turtlebot3_ws/install/audio_capture/share/audio_capture/package.sh
- /home/maddy/turtlebot3_ws/install/audio_play/share/audio_play/package.sh
- /home/maddy/turtlebot3_ws/install/sound_play/share/sound_play/package.sh
Check that the following packages have been built:
- audio_common_msgs
- audio_capture
- audio_play
- sound_play
[4.689s] Level 1:colcon.colcon_core.environment:create_environment_scripts_only(audio_common)
[4.744s] Level 1:colcon.colcon_core.environment:checking '/home/maddy/turtlebot3_ws/install/audio_common' for CMake module files
[4.745s] Level 1:colcon.colcon_core.environment:checking '/home/maddy/turtlebot3_ws/install/audio_common' for CMake config files
[4.746s] Level 1:colcon.colcon_core.environment:checking '/home/maddy/turtlebot3_ws/install/audio_common/bin'
[4.746s] Level 1:colcon.colcon_core.environment:checking '/home/maddy/turtlebot3_ws/install/audio_common/lib/pkgconfig/audio_common.pc'
[4.747s] Level 1:colcon.colcon_core.environment:checking '/home/maddy/turtlebot3_ws/install/audio_common/lib/python3.10/site-packages'
[4.748s] Level 1:colcon.colcon_core.environment:checking '/home/maddy/turtlebot3_ws/install/audio_common/bin'
[4.795s] INFO:colcon.colcon_core.shell:Creating package script '/home/maddy/turtlebot3_ws/install/audio_common/share/audio_common/package.ps1'
[4.798s] INFO:colcon.colcon_core.shell:Creating package descriptor '/home/maddy/turtlebot3_ws/install/audio_common/share/audio_common/package.dsv'
[4.800s] INFO:colcon.colcon_core.shell:Creating package script '/home/maddy/turtlebot3_ws/install/audio_common/share/audio_common/package.sh'
[4.803s] INFO:colcon.colcon_core.shell:Creating package script '/home/maddy/turtlebot3_ws/install/audio_common/share/audio_common/package.bash'
[4.805s] INFO:colcon.colcon_core.shell:Creating package script '/home/maddy/turtlebot3_ws/install/audio_common/share/audio_common/package.zsh'
[4.808s] Level 1:colcon.colcon_core.environment:create_file_with_runtime_dependencies(/home/maddy/turtlebot3_ws/install/audio_common/share/colcon-core/packages/audio_common)
[4.819s] DEBUG:colcon.colcon_parallel_executor.executor.parallel:closing loop
[4.820s] DEBUG:colcon.colcon_parallel_executor.executor.parallel:loop closed
[4.820s] DEBUG:colcon.colcon_parallel_executor.executor.parallel:run_until_complete finished with '1'
[4.820s] DEBUG:colcon.colcon_core.event_reactor:joining thread
[4.891s] INFO:colcon.colcon_core.plugin_system:Skipping extension 'colcon_notification.desktop_notification.notify_send': Could not find 'notify-send'
[4.892s] INFO:colcon.colcon_core.plugin_system:Skipping extension 'colcon_notification.desktop_notification.terminal_notifier': Not used on non-Darwin systems
[4.892s] INFO:colcon.colcon_core.plugin_system:Skipping extension 'colcon_notification.desktop_notification.win32': Not used on non-Windows systems
[4.892s] INFO:colcon.colcon_notification.desktop_notification:Sending desktop notification using 'notify2'
[4.895s] DEBUG:colcon.colcon_notification.desktop_notification.notify2:Failed to initialize notify2: org.freedesktop.DBus.Error.ServiceUnknown: The name org.freedesktop.Notifications was not provided by any .service files
[4.895s] DEBUG:colcon.colcon_core.event_reactor:joined thread
[4.943s] INFO:colcon.colcon_core.shell:Creating prefix script '/home/maddy/turtlebot3_ws/install/local_setup.ps1'
[4.946s] INFO:colcon.colcon_core.shell:Creating prefix util module '/home/maddy/turtlebot3_ws/install/_local_setup_util_ps1.py'
[4.952s] INFO:colcon.colcon_core.shell:Creating prefix chain script '/home/maddy/turtlebot3_ws/install/setup.ps1'
[5.003s] INFO:colcon.colcon_core.shell:Creating prefix script '/home/maddy/turtlebot3_ws/install/local_setup.sh'
[5.006s] INFO:colcon.colcon_core.shell:Creating prefix util module '/home/maddy/turtlebot3_ws/install/_local_setup_util_sh.py'
[5.008s] INFO:colcon.colcon_core.shell:Creating prefix chain script '/home/maddy/turtlebot3_ws/install/setup.sh'
[5.060s] INFO:colcon.colcon_core.shell:Creating prefix script '/home/maddy/turtlebot3_ws/install/local_setup.bash'
[5.062s] INFO:colcon.colcon_core.shell:Creating prefix chain script '/home/maddy/turtlebot3_ws/install/setup.bash'
[5.114s] INFO:colcon.colcon_core.shell:Creating prefix script '/home/maddy/turtlebot3_ws/install/local_setup.zsh'
[5.116s] INFO:colcon.colcon_core.shell:Creating prefix chain script '/home/maddy/turtlebot3_ws/install/setup.zsh'
