[8.948s] Invoking command in '/home/ros2/turtlebot3_ws/src/cv_stuff': CMAKE_PREFIX_PATH=/home/ros2/turtlebot3_ws/install/cv_bridge:/home/ros2/turtlebot3_ws/install/vision_opencv:/home/ros2/turtlebot3_ws/install/turtlebot3:/home/ros2/turtlebot3_ws/install/turtlebot3_bringup:/home/ros2/turtlebot3_ws/install/turtlebot3_node:/home/ros2/turtlebot3_ws/install/turtlebot3_description:/home/ros2/turtlebot3_ws/install/ld08_driver:/home/ros2/turtlebot3_ws/install/image_geometry PYTHONPATH=/home/ros2/turtlebot3_ws/build/cv_stuff/prefix_override:/home/ros2/turtlebot3_ws/install/cv_stuff/lib/python3.10/site-packages:${PYTHONPATH} /usr/bin/python3 setup.py egg_info --egg-base ../../build/cv_stuff build --build-base /home/ros2/turtlebot3_ws/build/cv_stuff/build install --record /home/ros2/turtlebot3_ws/build/cv_stuff/install.log --single-version-externally-managed
[11.786s] running egg_info
[11.793s] writing ../../build/cv_stuff/cv_stuff.egg-info/PKG-INFO
[11.797s] writing dependency_links to ../../build/cv_stuff/cv_stuff.egg-info/dependency_links.txt
[11.800s] writing entry points to ../../build/cv_stuff/cv_stuff.egg-info/entry_points.txt
[11.803s] writing requirements to ../../build/cv_stuff/cv_stuff.egg-info/requires.txt
[11.804s] writing top-level names to ../../build/cv_stuff/cv_stuff.egg-info/top_level.txt
[11.825s] reading manifest file '../../build/cv_stuff/cv_stuff.egg-info/SOURCES.txt'
[11.837s] writing manifest file '../../build/cv_stuff/cv_stuff.egg-info/SOURCES.txt'
[11.842s] running build
[11.845s] running build_py
[11.855s] copying cv_stuff/webcam_pub.py -> /home/ros2/turtlebot3_ws/build/cv_stuff/build/lib/cv_stuff
[11.855s] running install
[11.856s] running install_lib
[11.858s] /usr/lib/python3/dist-packages/setuptools/command/install.py:34: SetuptoolsDeprecationWarning: setup.py install is deprecated. Use build and pip and other standards-based tools.
[11.859s]   warnings.warn(
[11.860s] copying /home/ros2/turtlebot3_ws/build/cv_stuff/build/lib/cv_stuff/webcam_pub.py -> /home/ros2/turtlebot3_ws/install/cv_stuff/lib/python3.10/site-packages/cv_stuff
[11.864s] byte-compiling /home/ros2/turtlebot3_ws/install/cv_stuff/lib/python3.10/site-packages/cv_stuff/webcam_pub.py to webcam_pub.cpython-310.pyc
[11.875s] Sorry: IndentationError: unindent does not match any outer indentation level (webcam_pub.py, line 57)
[11.876s] running install_data
[11.878s] running install_egg_info
[11.896s] removing '/home/ros2/turtlebot3_ws/install/cv_stuff/lib/python3.10/site-packages/cv_stuff-0.0.0-py3.10.egg-info' (and everything under it)
[11.902s] Copying ../../build/cv_stuff/cv_stuff.egg-info to /home/ros2/turtlebot3_ws/install/cv_stuff/lib/python3.10/site-packages/cv_stuff-0.0.0-py3.10.egg-info
[11.914s] running install_scripts
[12.149s] Installing img_publisher script to /home/ros2/turtlebot3_ws/install/cv_stuff/lib/cv_stuff
[12.151s] Installing img_subscriber script to /home/ros2/turtlebot3_ws/install/cv_stuff/lib/cv_stuff
[12.155s] writing list of installed files to '/home/ros2/turtlebot3_ws/build/cv_stuff/install.log'
[12.498s] Invoked command in '/home/ros2/turtlebot3_ws/src/cv_stuff' returned '0': CMAKE_PREFIX_PATH=/home/ros2/turtlebot3_ws/install/cv_bridge:/home/ros2/turtlebot3_ws/install/vision_opencv:/home/ros2/turtlebot3_ws/install/turtlebot3:/home/ros2/turtlebot3_ws/install/turtlebot3_bringup:/home/ros2/turtlebot3_ws/install/turtlebot3_node:/home/ros2/turtlebot3_ws/install/turtlebot3_description:/home/ros2/turtlebot3_ws/install/ld08_driver:/home/ros2/turtlebot3_ws/install/image_geometry PYTHONPATH=/home/ros2/turtlebot3_ws/build/cv_stuff/prefix_override:/home/ros2/turtlebot3_ws/install/cv_stuff/lib/python3.10/site-packages:${PYTHONPATH} /usr/bin/python3 setup.py egg_info --egg-base ../../build/cv_stuff build --build-base /home/ros2/turtlebot3_ws/build/cv_stuff/build install --record /home/ros2/turtlebot3_ws/build/cv_stuff/install.log --single-version-externally-managed
